running egg_info
writing ../../build/topic_python/topic_python.egg-info/PKG-INFO
writing dependency_links to ../../build/topic_python/topic_python.egg-info/dependency_links.txt
writing entry points to ../../build/topic_python/topic_python.egg-info/entry_points.txt
writing requirements to ../../build/topic_python/topic_python.egg-info/requires.txt
writing top-level names to ../../build/topic_python/topic_python.egg-info/top_level.txt
reading manifest file '../../build/topic_python/topic_python.egg-info/SOURCES.txt'
adding license file 'LICENSE'
writing manifest file '../../build/topic_python/topic_python.egg-info/SOURCES.txt'
running build
running build_py
copying topic_python/novel_sub_node.py -> /home/wyp/test/robot_learning/week2/topic_ws/build/topic_python/build/lib/topic_python
running install
running install_lib
copying /home/wyp/test/robot_learning/week2/topic_ws/build/topic_python/build/lib/topic_python/novel_sub_node.py -> /home/wyp/test/robot_learning/week2/topic_ws/install/topic_python/lib/python3.10/site-packages/topic_python
byte-compiling /home/wyp/test/robot_learning/week2/topic_ws/install/topic_python/lib/python3.10/site-packages/topic_python/novel_sub_node.py to novel_sub_node.cpython-310.pyc
running install_data
running install_egg_info
removing '/home/wyp/test/robot_learning/week2/topic_ws/install/topic_python/lib/python3.10/site-packages/topic_python-0.0.0-py3.10.egg-info' (and everything under it)
Copying ../../build/topic_python/topic_python.egg-info to /home/wyp/test/robot_learning/week2/topic_ws/install/topic_python/lib/python3.10/site-packages/topic_python-0.0.0-py3.10.egg-info
running install_scripts
Installing novel_publisher script to /home/wyp/test/robot_learning/week2/topic_ws/install/topic_python/lib/topic_python
Installing novel_subscriber script to /home/wyp/test/robot_learning/week2/topic_ws/install/topic_python/lib/topic_python
writing list of installed files to '/home/wyp/test/robot_learning/week2/topic_ws/build/topic_python/install.log'
