[0.446s] Invoking command in '/home/wyp/test/robot_learning/week2/topic_ws/src/topic_python': CONDA_PROMPT_MODIFIER=(robopy) PYTHONPATH=/home/wyp/test/robot_learning/week2/topic_ws/build/topic_python/prefix_override:/usr/lib/python3/dist-packages/colcon_core/task/python/colcon_distutils_commands:/home/wyp/test/robot_learning/week2/topic_ws/install/topic_python/lib/python3.10/site-packages:${PYTHONPATH} /usr/bin/python3 -W ignore:setup.py install is deprecated -W ignore:easy_install command is deprecated setup.py egg_info --egg-base ../../build/topic_python build --build-base /home/wyp/test/robot_learning/week2/topic_ws/build/topic_python/build install --record /home/wyp/test/robot_learning/week2/topic_ws/build/topic_python/install.log --install-scripts $base/lib/topic_python --single-version-externally-managed install_data
[0.624s] running egg_info
[0.625s] writing ../../build/topic_python/topic_python.egg-info/PKG-INFO
[0.625s] writing dependency_links to ../../build/topic_python/topic_python.egg-info/dependency_links.txt
[0.625s] writing entry points to ../../build/topic_python/topic_python.egg-info/entry_points.txt
[0.625s] writing requirements to ../../build/topic_python/topic_python.egg-info/requires.txt
[0.625s] writing top-level names to ../../build/topic_python/topic_python.egg-info/top_level.txt
[0.626s] reading manifest file '../../build/topic_python/topic_python.egg-info/SOURCES.txt'
[0.627s] adding license file 'LICENSE'
[0.627s] writing manifest file '../../build/topic_python/topic_python.egg-info/SOURCES.txt'
[0.627s] running build
[0.627s] running build_py
[0.627s] copying topic_python/novel_sub_node.py -> /home/wyp/test/robot_learning/week2/topic_ws/build/topic_python/build/lib/topic_python
[0.628s] running install
[0.628s] running install_lib
[0.628s] copying /home/wyp/test/robot_learning/week2/topic_ws/build/topic_python/build/lib/topic_python/novel_sub_node.py -> /home/wyp/test/robot_learning/week2/topic_ws/install/topic_python/lib/python3.10/site-packages/topic_python
[0.629s] byte-compiling /home/wyp/test/robot_learning/week2/topic_ws/install/topic_python/lib/python3.10/site-packages/topic_python/novel_sub_node.py to novel_sub_node.cpython-310.pyc
[0.630s] running install_data
[0.630s] running install_egg_info
[0.631s] removing '/home/wyp/test/robot_learning/week2/topic_ws/install/topic_python/lib/python3.10/site-packages/topic_python-0.0.0-py3.10.egg-info' (and everything under it)
[0.631s] Copying ../../build/topic_python/topic_python.egg-info to /home/wyp/test/robot_learning/week2/topic_ws/install/topic_python/lib/python3.10/site-packages/topic_python-0.0.0-py3.10.egg-info
[0.632s] running install_scripts
[0.647s] Installing novel_publisher script to /home/wyp/test/robot_learning/week2/topic_ws/install/topic_python/lib/topic_python
[0.648s] Installing novel_subscriber script to /home/wyp/test/robot_learning/week2/topic_ws/install/topic_python/lib/topic_python
[0.648s] writing list of installed files to '/home/wyp/test/robot_learning/week2/topic_ws/build/topic_python/install.log'
[0.666s] Invoked command in '/home/wyp/test/robot_learning/week2/topic_ws/src/topic_python' returned '0': CONDA_PROMPT_MODIFIER=(robopy) PYTHONPATH=/home/wyp/test/robot_learning/week2/topic_ws/build/topic_python/prefix_override:/usr/lib/python3/dist-packages/colcon_core/task/python/colcon_distutils_commands:/home/wyp/test/robot_learning/week2/topic_ws/install/topic_python/lib/python3.10/site-packages:${PYTHONPATH} /usr/bin/python3 -W ignore:setup.py install is deprecated -W ignore:easy_install command is deprecated setup.py egg_info --egg-base ../../build/topic_python build --build-base /home/wyp/test/robot_learning/week2/topic_ws/build/topic_python/build install --record /home/wyp/test/robot_learning/week2/topic_ws/build/topic_python/install.log --install-scripts $base/lib/topic_python --single-version-externally-managed install_data
