running egg_info
creating ../../build/mujoco_pub/mujoco_pub.egg-info
writing ../../build/mujoco_pub/mujoco_pub.egg-info/PKG-INFO
writing dependency_links to ../../build/mujoco_pub/mujoco_pub.egg-info/dependency_links.txt
writing entry points to ../../build/mujoco_pub/mujoco_pub.egg-info/entry_points.txt
writing requirements to ../../build/mujoco_pub/mujoco_pub.egg-info/requires.txt
writing top-level names to ../../build/mujoco_pub/mujoco_pub.egg-info/top_level.txt
writing manifest file '../../build/mujoco_pub/mujoco_pub.egg-info/SOURCES.txt'
reading manifest file '../../build/mujoco_pub/mujoco_pub.egg-info/SOURCES.txt'
adding license file 'LICENSE'
writing manifest file '../../build/mujoco_pub/mujoco_pub.egg-info/SOURCES.txt'
running build
running build_py
creating /home/wyp/test/robot_learning/week2/robot_ws/build/mujoco_pub/build/lib/mujoco_pub
copying mujoco_pub/pub_node.py -> /home/wyp/test/robot_learning/week2/robot_ws/build/mujoco_pub/build/lib/mujoco_pub
copying mujoco_pub/__init__.py -> /home/wyp/test/robot_learning/week2/robot_ws/build/mujoco_pub/build/lib/mujoco_pub
running install
running install_lib
creating /home/wyp/test/robot_learning/week2/robot_ws/install/mujoco_pub/lib/python3.10/site-packages/mujoco_pub
copying /home/wyp/test/robot_learning/week2/robot_ws/build/mujoco_pub/build/lib/mujoco_pub/pub_node.py -> /home/wyp/test/robot_learning/week2/robot_ws/install/mujoco_pub/lib/python3.10/site-packages/mujoco_pub
copying /home/wyp/test/robot_learning/week2/robot_ws/build/mujoco_pub/build/lib/mujoco_pub/__init__.py -> /home/wyp/test/robot_learning/week2/robot_ws/install/mujoco_pub/lib/python3.10/site-packages/mujoco_pub
byte-compiling /home/wyp/test/robot_learning/week2/robot_ws/install/mujoco_pub/lib/python3.10/site-packages/mujoco_pub/pub_node.py to pub_node.cpython-310.pyc
byte-compiling /home/wyp/test/robot_learning/week2/robot_ws/install/mujoco_pub/lib/python3.10/site-packages/mujoco_pub/__init__.py to __init__.cpython-310.pyc
running install_data
creating /home/wyp/test/robot_learning/week2/robot_ws/install/mujoco_pub/share/ament_index/resource_index/packages
copying resource/mujoco_pub -> /home/wyp/test/robot_learning/week2/robot_ws/install/mujoco_pub/share/ament_index/resource_index/packages
copying package.xml -> /home/wyp/test/robot_learning/week2/robot_ws/install/mujoco_pub/share/mujoco_pub
running install_egg_info
Copying ../../build/mujoco_pub/mujoco_pub.egg-info to /home/wyp/test/robot_learning/week2/robot_ws/install/mujoco_pub/lib/python3.10/site-packages/mujoco_pub-0.0.0-py3.10.egg-info
running install_scripts
Installing robot_ip script to /home/wyp/test/robot_learning/week2/robot_ws/install/mujoco_pub/lib/mujoco_pub
writing list of installed files to '/home/wyp/test/robot_learning/week2/robot_ws/build/mujoco_pub/install.log'
