[0.094s] DEBUG:colcon:Command line arguments: ['/usr/bin/colcon', 'build']
[0.094s] DEBUG:colcon:Parsed command line arguments: Namespace(log_base=None, log_level=None, verb_name='build', build_base='build', install_base='install', merge_install=False, symlink_install=False, test_result_base=None, continue_on_error=False, executor='parallel', parallel_workers=12, event_handlers=None, ignore_user_meta=False, metas=['./colcon.meta'], base_paths=['.'], packages_ignore=None, packages_ignore_regex=None, paths=None, packages_up_to=None, packages_up_to_regex=None, packages_above=None, packages_above_and_dependencies=None, packages_above_depth=None, packages_select_by_dep=None, packages_skip_by_dep=None, packages_skip_up_to=None, packages_select_build_failed=False, packages_skip_build_finished=False, packages_select_test_failures=False, packages_skip_test_passed=False, packages_select=None, packages_skip=None, packages_select_regex=None, packages_skip_regex=None, packages_start=None, packages_end=None, allow_overriding=[], cmake_args=None, cmake_target=None, cmake_target_skip_unavailable=False, cmake_clean_cache=False, cmake_clean_first=False, cmake_force_configure=False, ament_cmake_args=None, catkin_cmake_args=None, catkin_skip_building_tests=False, verb_parser=<colcon_defaults.argument_parser.defaults.DefaultArgumentsDecorator object at 0x72d00e6601c0>, verb_extension=<colcon_core.verb.build.BuildVerb object at 0x72d00e760dc0>, main=<bound method BuildVerb.main of <colcon_core.verb.build.BuildVerb object at 0x72d00e760dc0>>)
[0.248s] Level 1:colcon.colcon_core.package_discovery:discover_packages(colcon_meta) check parameters
[0.248s] Level 1:colcon.colcon_core.package_discovery:discover_packages(recursive) check parameters
[0.248s] Level 1:colcon.colcon_core.package_discovery:discover_packages(ignore) check parameters
[0.248s] Level 1:colcon.colcon_core.package_discovery:discover_packages(path) check parameters
[0.248s] Level 1:colcon.colcon_core.package_discovery:discover_packages(colcon_meta) discover
[0.248s] Level 1:colcon.colcon_core.package_discovery:discover_packages(recursive) discover
[0.248s] INFO:colcon.colcon_core.package_discovery:Crawling recursively for packages in '/home/wyp/test/robot_learning/week2/topic_ws'
[0.248s] Level 1:colcon.colcon_core.package_identification:_identify(.) by extensions ['ignore', 'ignore_ament_install']
[0.248s] Level 1:colcon.colcon_core.package_identification:_identify(.) by extension 'ignore'
[0.248s] Level 1:colcon.colcon_core.package_identification:_identify(.) by extension 'ignore_ament_install'
[0.248s] Level 1:colcon.colcon_core.package_identification:_identify(.) by extensions ['colcon_pkg']
[0.248s] Level 1:colcon.colcon_core.package_identification:_identify(.) by extension 'colcon_pkg'
[0.248s] Level 1:colcon.colcon_core.package_identification:_identify(.) by extensions ['colcon_meta']
[0.248s] Level 1:colcon.colcon_core.package_identification:_identify(.) by extension 'colcon_meta'
[0.249s] Level 1:colcon.colcon_core.package_identification:_identify(.) by extensions ['ros']
[0.249s] Level 1:colcon.colcon_core.package_identification:_identify(.) by extension 'ros'
[0.259s] Level 1:colcon.colcon_core.package_identification:_identify(.) by extensions ['cmake', 'python']
[0.259s] Level 1:colcon.colcon_core.package_identification:_identify(.) by extension 'cmake'
[0.259s] Level 1:colcon.colcon_core.package_identification:_identify(.) by extension 'python'
[0.259s] Level 1:colcon.colcon_core.package_identification:_identify(.) by extensions ['python_setup_py']
[0.259s] Level 1:colcon.colcon_core.package_identification:_identify(.) by extension 'python_setup_py'
[0.259s] Level 1:colcon.colcon_core.package_identification:_identify(build) by extensions ['ignore', 'ignore_ament_install']
[0.259s] Level 1:colcon.colcon_core.package_identification:_identify(build) by extension 'ignore'
[0.260s] Level 1:colcon.colcon_core.package_identification:_identify(build) ignored
[0.260s] Level 1:colcon.colcon_core.package_identification:_identify(install) by extensions ['ignore', 'ignore_ament_install']
[0.260s] Level 1:colcon.colcon_core.package_identification:_identify(install) by extension 'ignore'
[0.260s] Level 1:colcon.colcon_core.package_identification:_identify(install) ignored
[0.260s] Level 1:colcon.colcon_core.package_identification:_identify(log) by extensions ['ignore', 'ignore_ament_install']
[0.260s] Level 1:colcon.colcon_core.package_identification:_identify(log) by extension 'ignore'
[0.260s] Level 1:colcon.colcon_core.package_identification:_identify(log) ignored
[0.260s] Level 1:colcon.colcon_core.package_identification:_identify(src) by extensions ['ignore', 'ignore_ament_install']
[0.260s] Level 1:colcon.colcon_core.package_identification:_identify(src) by extension 'ignore'
[0.260s] Level 1:colcon.colcon_core.package_identification:_identify(src) by extension 'ignore_ament_install'
[0.260s] Level 1:colcon.colcon_core.package_identification:_identify(src) by extensions ['colcon_pkg']
[0.260s] Level 1:colcon.colcon_core.package_identification:_identify(src) by extension 'colcon_pkg'
[0.260s] Level 1:colcon.colcon_core.package_identification:_identify(src) by extensions ['colcon_meta']
[0.260s] Level 1:colcon.colcon_core.package_identification:_identify(src) by extension 'colcon_meta'
[0.260s] Level 1:colcon.colcon_core.package_identification:_identify(src) by extensions ['ros']
[0.260s] Level 1:colcon.colcon_core.package_identification:_identify(src) by extension 'ros'
[0.260s] Level 1:colcon.colcon_core.package_identification:_identify(src) by extensions ['cmake', 'python']
[0.260s] Level 1:colcon.colcon_core.package_identification:_identify(src) by extension 'cmake'
[0.260s] Level 1:colcon.colcon_core.package_identification:_identify(src) by extension 'python'
[0.260s] Level 1:colcon.colcon_core.package_identification:_identify(src) by extensions ['python_setup_py']
[0.260s] Level 1:colcon.colcon_core.package_identification:_identify(src) by extension 'python_setup_py'
[0.260s] Level 1:colcon.colcon_core.package_identification:_identify(src/topic_python) by extensions ['ignore', 'ignore_ament_install']
[0.260s] Level 1:colcon.colcon_core.package_identification:_identify(src/topic_python) by extension 'ignore'
[0.260s] Level 1:colcon.colcon_core.package_identification:_identify(src/topic_python) by extension 'ignore_ament_install'
[0.261s] Level 1:colcon.colcon_core.package_identification:_identify(src/topic_python) by extensions ['colcon_pkg']
[0.261s] Level 1:colcon.colcon_core.package_identification:_identify(src/topic_python) by extension 'colcon_pkg'
[0.261s] Level 1:colcon.colcon_core.package_identification:_identify(src/topic_python) by extensions ['colcon_meta']
[0.261s] Level 1:colcon.colcon_core.package_identification:_identify(src/topic_python) by extension 'colcon_meta'
[0.261s] Level 1:colcon.colcon_core.package_identification:_identify(src/topic_python) by extensions ['ros']
[0.261s] Level 1:colcon.colcon_core.package_identification:_identify(src/topic_python) by extension 'ros'
[0.263s] DEBUG:colcon.colcon_core.package_identification:Package 'src/topic_python' with type 'ros.ament_python' and name 'topic_python'
[0.263s] Level 1:colcon.colcon_core.package_discovery:discover_packages(recursive) using defaults
[0.263s] Level 1:colcon.colcon_core.package_discovery:discover_packages(ignore) discover
[0.263s] Level 1:colcon.colcon_core.package_discovery:discover_packages(ignore) using defaults
[0.263s] Level 1:colcon.colcon_core.package_discovery:discover_packages(path) discover
[0.263s] Level 1:colcon.colcon_core.package_discovery:discover_packages(path) using defaults
[0.278s] Level 1:colcon.colcon_core.package_discovery:discover_packages(prefix_path) check parameters
[0.278s] Level 1:colcon.colcon_core.package_discovery:discover_packages(prefix_path) discover
[0.278s] WARNING:colcon.colcon_ros.prefix_path.ament:The path '/home/wyp/test/robot_learning/week2/topic_ws/install/topic_python' in the environment variable AMENT_PREFIX_PATH doesn't exist
[0.279s] DEBUG:colcon.colcon_installed_package_information.package_discovery:Found 0 installed packages in /home/wyp/test/robot_learning/week2/topic_ws/install
[0.279s] DEBUG:colcon.colcon_installed_package_information.package_discovery:Found 1 installed packages in /home/wyp/test/robot_learning/week2/week2_ws/install
[0.281s] DEBUG:colcon.colcon_installed_package_information.package_discovery:Found 273 installed packages in /opt/ros/humble
[0.298s] Level 1:colcon.colcon_core.package_discovery:discover_packages(prefix_path) using defaults
[0.330s] Level 5:colcon.colcon_core.verb:set package 'topic_python' build argument 'cmake_args' from command line to 'None'
[0.330s] Level 5:colcon.colcon_core.verb:set package 'topic_python' build argument 'cmake_target' from command line to 'None'
[0.330s] Level 5:colcon.colcon_core.verb:set package 'topic_python' build argument 'cmake_target_skip_unavailable' from command line to 'False'
[0.330s] Level 5:colcon.colcon_core.verb:set package 'topic_python' build argument 'cmake_clean_cache' from command line to 'False'
[0.330s] Level 5:colcon.colcon_core.verb:set package 'topic_python' build argument 'cmake_clean_first' from command line to 'False'
[0.330s] Level 5:colcon.colcon_core.verb:set package 'topic_python' build argument 'cmake_force_configure' from command line to 'False'
[0.330s] Level 5:colcon.colcon_core.verb:set package 'topic_python' build argument 'ament_cmake_args' from command line to 'None'
[0.330s] Level 5:colcon.colcon_core.verb:set package 'topic_python' build argument 'catkin_cmake_args' from command line to 'None'
[0.330s] Level 5:colcon.colcon_core.verb:set package 'topic_python' build argument 'catkin_skip_building_tests' from command line to 'False'
[0.330s] DEBUG:colcon.colcon_core.verb:Building package 'topic_python' with the following arguments: {'ament_cmake_args': None, 'build_base': '/home/wyp/test/robot_learning/week2/topic_ws/build/topic_python', 'catkin_cmake_args': None, 'catkin_skip_building_tests': False, 'cmake_args': None, 'cmake_clean_cache': False, 'cmake_clean_first': False, 'cmake_force_configure': False, 'cmake_target': None, 'cmake_target_skip_unavailable': False, 'install_base': '/home/wyp/test/robot_learning/week2/topic_ws/install/topic_python', 'merge_install': False, 'path': '/home/wyp/test/robot_learning/week2/topic_ws/src/topic_python', 'symlink_install': False, 'test_result_base': None}
[0.330s] INFO:colcon.colcon_core.executor:Executing jobs using 'parallel' executor
[0.331s] DEBUG:colcon.colcon_parallel_executor.executor.parallel:run_until_complete
[0.331s] INFO:colcon.colcon_ros.task.ament_python.build:Building ROS package in '/home/wyp/test/robot_learning/week2/topic_ws/src/topic_python' with build type 'ament_python'
[0.332s] Level 1:colcon.colcon_core.shell:create_environment_hook('topic_python', 'ament_prefix_path')
[0.333s] INFO:colcon.colcon_core.plugin_system:Skipping extension 'colcon_core.shell.bat': Not used on non-Windows systems
[0.333s] INFO:colcon.colcon_core.shell:Creating environment hook '/home/wyp/test/robot_learning/week2/topic_ws/install/topic_python/share/topic_python/hook/ament_prefix_path.ps1'
[0.334s] INFO:colcon.colcon_core.shell:Creating environment descriptor '/home/wyp/test/robot_learning/week2/topic_ws/install/topic_python/share/topic_python/hook/ament_prefix_path.dsv'
[0.334s] INFO:colcon.colcon_core.shell:Creating environment hook '/home/wyp/test/robot_learning/week2/topic_ws/install/topic_python/share/topic_python/hook/ament_prefix_path.sh'
[0.335s] INFO:colcon.colcon_core.shell:Skip shell extension 'powershell' for command environment: Not usable outside of PowerShell
[0.335s] DEBUG:colcon.colcon_core.shell:Skip shell extension 'dsv' for command environment
[0.523s] INFO:colcon.colcon_core.task.python.build:Building Python package in '/home/wyp/test/robot_learning/week2/topic_ws/src/topic_python'
[0.523s] INFO:colcon.colcon_core.shell:Skip shell extension 'powershell' for command environment: Not usable outside of PowerShell
[0.524s] DEBUG:colcon.colcon_core.shell:Skip shell extension 'dsv' for command environment
[0.767s] DEBUG:colcon.colcon_core.task.python.build:Available setuptools commands: bdist, develop, easy_install, test, symlink_data, build_clib, upload, build_py, dist_info, install_egg_info, check, rotate, sdist, upload_docs, setopt, egg_info, build_ext, install_lib, bdist_wheel, bdist_egg, install_headers, install, saveopts, clean, build_scripts, build, bdist_rpm, install_scripts, install_data, bdist_dumb, register, alias
[0.770s] DEBUG:colcon.colcon_core.event_handler.log_command:Invoking command in '/home/wyp/test/robot_learning/week2/topic_ws/src/topic_python': CONDA_PROMPT_MODIFIER=(robopy) PYTHONPATH=/home/wyp/test/robot_learning/week2/topic_ws/build/topic_python/prefix_override:/usr/lib/python3/dist-packages/colcon_core/task/python/colcon_distutils_commands:/home/wyp/test/robot_learning/week2/topic_ws/install/topic_python/lib/python3.10/site-packages:${PYTHONPATH} /usr/bin/python3 -W ignore:setup.py install is deprecated -W ignore:easy_install command is deprecated setup.py egg_info --egg-base ../../build/topic_python build --build-base /home/wyp/test/robot_learning/week2/topic_ws/build/topic_python/build install --record /home/wyp/test/robot_learning/week2/topic_ws/build/topic_python/install.log --install-scripts $base/lib/topic_python --single-version-externally-managed install_data
[0.999s] DEBUG:colcon.colcon_core.event_handler.log_command:Invoked command in '/home/wyp/test/robot_learning/week2/topic_ws/src/topic_python' returned '0': CONDA_PROMPT_MODIFIER=(robopy) PYTHONPATH=/home/wyp/test/robot_learning/week2/topic_ws/build/topic_python/prefix_override:/usr/lib/python3/dist-packages/colcon_core/task/python/colcon_distutils_commands:/home/wyp/test/robot_learning/week2/topic_ws/install/topic_python/lib/python3.10/site-packages:${PYTHONPATH} /usr/bin/python3 -W ignore:setup.py install is deprecated -W ignore:easy_install command is deprecated setup.py egg_info --egg-base ../../build/topic_python build --build-base /home/wyp/test/robot_learning/week2/topic_ws/build/topic_python/build install --record /home/wyp/test/robot_learning/week2/topic_ws/build/topic_python/install.log --install-scripts $base/lib/topic_python --single-version-externally-managed install_data
[1.000s] Level 1:colcon.colcon_core.environment:checking '/home/wyp/test/robot_learning/week2/topic_ws/install/topic_python' for CMake module files
[1.001s] Level 1:colcon.colcon_core.environment:checking '/home/wyp/test/robot_learning/week2/topic_ws/install/topic_python' for CMake config files
[1.001s] Level 1:colcon.colcon_core.environment:checking '/home/wyp/test/robot_learning/week2/topic_ws/install/topic_python/lib'
[1.001s] Level 1:colcon.colcon_core.environment:checking '/home/wyp/test/robot_learning/week2/topic_ws/install/topic_python/bin'
[1.001s] Level 1:colcon.colcon_core.environment:checking '/home/wyp/test/robot_learning/week2/topic_ws/install/topic_python/lib/pkgconfig/topic_python.pc'
[1.002s] Level 1:colcon.colcon_core.environment:checking '/home/wyp/test/robot_learning/week2/topic_ws/install/topic_python/lib/python3.10/site-packages'
[1.002s] Level 1:colcon.colcon_core.shell:create_environment_hook('topic_python', 'pythonpath')
[1.002s] INFO:colcon.colcon_core.shell:Creating environment hook '/home/wyp/test/robot_learning/week2/topic_ws/install/topic_python/share/topic_python/hook/pythonpath.ps1'
[1.002s] INFO:colcon.colcon_core.shell:Creating environment descriptor '/home/wyp/test/robot_learning/week2/topic_ws/install/topic_python/share/topic_python/hook/pythonpath.dsv'
[1.002s] INFO:colcon.colcon_core.shell:Creating environment hook '/home/wyp/test/robot_learning/week2/topic_ws/install/topic_python/share/topic_python/hook/pythonpath.sh'
[1.003s] Level 1:colcon.colcon_core.environment:checking '/home/wyp/test/robot_learning/week2/topic_ws/install/topic_python/bin'
[1.003s] Level 1:colcon.colcon_core.environment:create_environment_scripts_only(topic_python)
[1.003s] INFO:colcon.colcon_core.shell:Creating package script '/home/wyp/test/robot_learning/week2/topic_ws/install/topic_python/share/topic_python/package.ps1'
[1.004s] INFO:colcon.colcon_core.shell:Creating package descriptor '/home/wyp/test/robot_learning/week2/topic_ws/install/topic_python/share/topic_python/package.dsv'
[1.004s] INFO:colcon.colcon_core.shell:Creating package script '/home/wyp/test/robot_learning/week2/topic_ws/install/topic_python/share/topic_python/package.sh'
[1.005s] INFO:colcon.colcon_core.shell:Creating package script '/home/wyp/test/robot_learning/week2/topic_ws/install/topic_python/share/topic_python/package.bash'
[1.005s] INFO:colcon.colcon_core.shell:Creating package script '/home/wyp/test/robot_learning/week2/topic_ws/install/topic_python/share/topic_python/package.zsh'
[1.006s] Level 1:colcon.colcon_core.environment:create_file_with_runtime_dependencies(/home/wyp/test/robot_learning/week2/topic_ws/install/topic_python/share/colcon-core/packages/topic_python)
[1.006s] DEBUG:colcon.colcon_parallel_executor.executor.parallel:closing loop
[1.006s] DEBUG:colcon.colcon_parallel_executor.executor.parallel:loop closed
[1.006s] DEBUG:colcon.colcon_parallel_executor.executor.parallel:run_until_complete finished with '0'
[1.006s] DEBUG:colcon.colcon_core.event_reactor:joining thread
[1.011s] INFO:colcon.colcon_core.plugin_system:Skipping extension 'colcon_notification.desktop_notification.terminal_notifier': Not used on non-Darwin systems
[1.011s] INFO:colcon.colcon_core.plugin_system:Skipping extension 'colcon_notification.desktop_notification.win32': Not used on non-Windows systems
[1.011s] INFO:colcon.colcon_notification.desktop_notification:Sending desktop notification using 'notify2'
[1.025s] DEBUG:colcon.colcon_core.event_reactor:joined thread
[1.026s] INFO:colcon.colcon_core.shell:Creating prefix script '/home/wyp/test/robot_learning/week2/topic_ws/install/local_setup.ps1'
[1.026s] INFO:colcon.colcon_core.shell:Creating prefix util module '/home/wyp/test/robot_learning/week2/topic_ws/install/_local_setup_util_ps1.py'
[1.027s] INFO:colcon.colcon_core.shell:Creating prefix chain script '/home/wyp/test/robot_learning/week2/topic_ws/install/setup.ps1'
[1.028s] INFO:colcon.colcon_core.shell:Creating prefix script '/home/wyp/test/robot_learning/week2/topic_ws/install/local_setup.sh'
[1.029s] INFO:colcon.colcon_core.shell:Creating prefix util module '/home/wyp/test/robot_learning/week2/topic_ws/install/_local_setup_util_sh.py'
[1.029s] INFO:colcon.colcon_core.shell:Creating prefix chain script '/home/wyp/test/robot_learning/week2/topic_ws/install/setup.sh'
[1.030s] INFO:colcon.colcon_core.shell:Creating prefix script '/home/wyp/test/robot_learning/week2/topic_ws/install/local_setup.bash'
[1.030s] INFO:colcon.colcon_core.shell:Creating prefix chain script '/home/wyp/test/robot_learning/week2/topic_ws/install/setup.bash'
[1.031s] INFO:colcon.colcon_core.shell:Creating prefix script '/home/wyp/test/robot_learning/week2/topic_ws/install/local_setup.zsh'
[1.031s] INFO:colcon.colcon_core.shell:Creating prefix chain script '/home/wyp/test/robot_learning/week2/topic_ws/install/setup.zsh'
