running egg_info
creating ../../build/demo_python_pkg/demo_python_pkg.egg-info
writing ../../build/demo_python_pkg/demo_python_pkg.egg-info/PKG-INFO
writing dependency_links to ../../build/demo_python_pkg/demo_python_pkg.egg-info/dependency_links.txt
writing entry points to ../../build/demo_python_pkg/demo_python_pkg.egg-info/entry_points.txt
writing requirements to ../../build/demo_python_pkg/demo_python_pkg.egg-info/requires.txt
writing top-level names to ../../build/demo_python_pkg/demo_python_pkg.egg-info/top_level.txt
writing manifest file '../../build/demo_python_pkg/demo_python_pkg.egg-info/SOURCES.txt'
reading manifest file '../../build/demo_python_pkg/demo_python_pkg.egg-info/SOURCES.txt'
adding license file 'LICENSE'
writing manifest file '../../build/demo_python_pkg/demo_python_pkg.egg-info/SOURCES.txt'
running build
running build_py
creating /home/wyp/test/robot_learning/week2/week2_ws/build/demo_python_pkg/build
creating /home/wyp/test/robot_learning/week2/week2_ws/build/demo_python_pkg/build/lib
creating /home/wyp/test/robot_learning/week2/week2_ws/build/demo_python_pkg/build/lib/demo_python_pkg
copying demo_python_pkg/book_thread.py -> /home/wyp/test/robot_learning/week2/week2_ws/build/demo_python_pkg/build/lib/demo_python_pkg
copying demo_python_pkg/person.py -> /home/wyp/test/robot_learning/week2/week2_ws/build/demo_python_pkg/build/lib/demo_python_pkg
copying demo_python_pkg/writer.py -> /home/wyp/test/robot_learning/week2/week2_ws/build/demo_python_pkg/build/lib/demo_python_pkg
copying demo_python_pkg/node_py.py -> /home/wyp/test/robot_learning/week2/week2_ws/build/demo_python_pkg/build/lib/demo_python_pkg
copying demo_python_pkg/__init__.py -> /home/wyp/test/robot_learning/week2/week2_ws/build/demo_python_pkg/build/lib/demo_python_pkg
running install
running install_lib
creating /home/wyp/test/robot_learning/week2/week2_ws/install/demo_python_pkg/lib/python3.10/site-packages/demo_python_pkg
copying /home/wyp/test/robot_learning/week2/week2_ws/build/demo_python_pkg/build/lib/demo_python_pkg/book_thread.py -> /home/wyp/test/robot_learning/week2/week2_ws/install/demo_python_pkg/lib/python3.10/site-packages/demo_python_pkg
copying /home/wyp/test/robot_learning/week2/week2_ws/build/demo_python_pkg/build/lib/demo_python_pkg/person.py -> /home/wyp/test/robot_learning/week2/week2_ws/install/demo_python_pkg/lib/python3.10/site-packages/demo_python_pkg
copying /home/wyp/test/robot_learning/week2/week2_ws/build/demo_python_pkg/build/lib/demo_python_pkg/writer.py -> /home/wyp/test/robot_learning/week2/week2_ws/install/demo_python_pkg/lib/python3.10/site-packages/demo_python_pkg
copying /home/wyp/test/robot_learning/week2/week2_ws/build/demo_python_pkg/build/lib/demo_python_pkg/node_py.py -> /home/wyp/test/robot_learning/week2/week2_ws/install/demo_python_pkg/lib/python3.10/site-packages/demo_python_pkg
copying /home/wyp/test/robot_learning/week2/week2_ws/build/demo_python_pkg/build/lib/demo_python_pkg/__init__.py -> /home/wyp/test/robot_learning/week2/week2_ws/install/demo_python_pkg/lib/python3.10/site-packages/demo_python_pkg
byte-compiling /home/wyp/test/robot_learning/week2/week2_ws/install/demo_python_pkg/lib/python3.10/site-packages/demo_python_pkg/book_thread.py to book_thread.cpython-310.pyc
byte-compiling /home/wyp/test/robot_learning/week2/week2_ws/install/demo_python_pkg/lib/python3.10/site-packages/demo_python_pkg/person.py to person.cpython-310.pyc
byte-compiling /home/wyp/test/robot_learning/week2/week2_ws/install/demo_python_pkg/lib/python3.10/site-packages/demo_python_pkg/writer.py to writer.cpython-310.pyc
byte-compiling /home/wyp/test/robot_learning/week2/week2_ws/install/demo_python_pkg/lib/python3.10/site-packages/demo_python_pkg/node_py.py to node_py.cpython-310.pyc
byte-compiling /home/wyp/test/robot_learning/week2/week2_ws/install/demo_python_pkg/lib/python3.10/site-packages/demo_python_pkg/__init__.py to __init__.cpython-310.pyc
running install_data
creating /home/wyp/test/robot_learning/week2/week2_ws/install/demo_python_pkg/share/ament_index
creating /home/wyp/test/robot_learning/week2/week2_ws/install/demo_python_pkg/share/ament_index/resource_index
creating /home/wyp/test/robot_learning/week2/week2_ws/install/demo_python_pkg/share/ament_index/resource_index/packages
copying resource/demo_python_pkg -> /home/wyp/test/robot_learning/week2/week2_ws/install/demo_python_pkg/share/ament_index/resource_index/packages
copying package.xml -> /home/wyp/test/robot_learning/week2/week2_ws/install/demo_python_pkg/share/demo_python_pkg
running install_egg_info
Copying ../../build/demo_python_pkg/demo_python_pkg.egg-info to /home/wyp/test/robot_learning/week2/week2_ws/install/demo_python_pkg/lib/python3.10/site-packages/demo_python_pkg-0.0.0-py3.10.egg-info
running install_scripts
Installing book_thread script to /home/wyp/test/robot_learning/week2/week2_ws/install/demo_python_pkg/lib/demo_python_pkg
Installing hero_node script to /home/wyp/test/robot_learning/week2/week2_ws/install/demo_python_pkg/lib/demo_python_pkg
Installing node_py script to /home/wyp/test/robot_learning/week2/week2_ws/install/demo_python_pkg/lib/demo_python_pkg
Installing writer_node script to /home/wyp/test/robot_learning/week2/week2_ws/install/demo_python_pkg/lib/demo_python_pkg
writing list of installed files to '/home/wyp/test/robot_learning/week2/week2_ws/build/demo_python_pkg/install.log'
