[0.009s] Invoking command in '/home/wyp/test/robot_learning/week2/robot_ws/build/robot_interfaces': CMAKE_PREFIX_PATH=${CMAKE_PREFIX_PATH}:/home/wyp/test/robot_learning/week2/practice_ws/install/status_pub:/home/wyp/test/robot_learning/week2/topic_ws/install/topic_python:/home/wyp/test/robot_learning/week2/week2_ws/install/demo_python_pkg:/opt/ros/humble CONDA_PROMPT_MODIFIER=(robopy) /usr/bin/cmake /home/wyp/test/robot_learning/week2/robot_ws/src/robot_interfaces -DCMAKE_INSTALL_PREFIX=/home/wyp/test/robot_learning/week2/robot_ws/install/robot_interfaces
[0.056s] -- The C compiler identification is GNU 11.4.0
[0.099s] -- The CXX compiler identification is GNU 11.4.0
[0.105s] -- Detecting C compiler ABI info
[0.165s] -- Detecting C compiler ABI info - done
[0.170s] -- Check for working C compiler: /usr/bin/cc - skipped
[0.170s] -- Detecting C compile features
[0.170s] -- Detecting C compile features - done
[0.173s] -- Detecting CXX compiler ABI info
[0.252s] -- Detecting CXX compiler ABI info - done
[0.258s] -- Check for working CXX compiler: /usr/bin/c++ - skipped
[0.258s] -- Detecting CXX compile features
[0.259s] -- Detecting CXX compile features - done
[0.261s] -- Found ament_cmake: 1.3.14 (/opt/ros/humble/share/ament_cmake/cmake)
[0.543s] -- Found Python3: /home/wyp/miniconda3/envs/robopy/bin/python3 (found version "3.10.20") found components: Interpreter 
[0.619s] -- Found rosidl_default_generators: 1.2.1 (/opt/ros/humble/share/rosidl_default_generators/cmake)
[0.622s] -- Using all available rosidl_typesupport_c: rosidl_typesupport_fastrtps_c;rosidl_typesupport_introspection_c
[0.628s] -- Found rosidl_adapter: 3.1.8 (/opt/ros/humble/share/rosidl_adapter/cmake)
[0.661s] -- Using all available rosidl_typesupport_cpp: rosidl_typesupport_fastrtps_cpp;rosidl_typesupport_introspection_cpp
[0.692s] -- Found std_msgs: 4.9.1 (/opt/ros/humble/share/std_msgs/cmake)
[0.713s] -- Found geometry_msgs: 4.9.1 (/opt/ros/humble/share/geometry_msgs/cmake)
[0.959s] -- Found ament_cmake_ros: 0.10.0 (/opt/ros/humble/share/ament_cmake_ros/cmake)
[1.149s] -- Using all available rosidl_typesupport_c: rosidl_typesupport_fastrtps_c;rosidl_typesupport_introspection_c
[1.395s] -- Using all available rosidl_typesupport_cpp: rosidl_typesupport_fastrtps_cpp;rosidl_typesupport_introspection_cpp
[1.410s] -- Found PythonInterp: /home/wyp/miniconda3/envs/robopy/bin/python3 (found suitable version "3.10.20", minimum required is "3.6") 
[1.411s] -- Found python_cmake_module: 0.10.0 (/opt/ros/humble/share/python_cmake_module/cmake)
[1.427s] -- Found PythonLibs: /home/wyp/miniconda3/envs/robopy/lib/libpython3.10.so (found suitable version "3.10.20", minimum required is "3.5") 
[1.427s] -- Using PYTHON_EXECUTABLE: /home/wyp/miniconda3/envs/robopy/bin/python3
[1.427s] -- Using PYTHON_INCLUDE_DIRS: /home/wyp/miniconda3/envs/robopy/include/python3.10
[1.427s] -- Using PYTHON_LIBRARIES: /home/wyp/miniconda3/envs/robopy/lib/libpython3.10.so
[1.441s] -- Found PythonExtra: .so  
[1.552s] -- Using numpy include directory: /home/wyp/miniconda3/envs/robopy/lib/python3.10/site-packages/numpy/_core/include
[1.624s] -- Found ament_lint_auto: 0.12.15 (/opt/ros/humble/share/ament_lint_auto/cmake)
[1.642s] -- Added test 'lint_cmake' to check CMake code style
[1.644s] -- Added test 'xmllint' to check XML markup files
[1.646s] -- Configuring done
[1.667s] [33mCMake Warning at /opt/ros/humble/share/rosidl_generator_py/cmake/rosidl_generator_py_generate_interfaces.cmake:166 (add_library):
[1.667s]   Cannot generate a safe runtime search path for target
[1.667s]   robot_interfaces__rosidl_generator_py because files in some directories may
[1.667s]   conflict with libraries in implicit directories:
[1.667s] 
[1.667s]     runtime library [libpython3.10.so.1.0] in /usr/lib/x86_64-linux-gnu may be hidden by files in:
[1.667s]       /home/wyp/miniconda3/envs/robopy/lib
[1.667s] 
[1.667s]   Some of these libraries may not be found correctly.
[1.667s] Call Stack (most recent call first):
[1.667s]   /opt/ros/humble/share/ament_cmake_core/cmake/core/ament_execute_extensions.cmake:48 (include)
[1.667s]   /opt/ros/humble/share/rosidl_cmake/cmake/rosidl_generate_interfaces.cmake:286 (ament_execute_extensions)
[1.667s]   CMakeLists.txt:13 (rosidl_generate_interfaces)
[1.667s] 
[1.667s] [0m
[1.669s] [33mCMake Warning at /opt/ros/humble/share/rosidl_generator_py/cmake/rosidl_generator_py_generate_interfaces.cmake:226 (add_library):
[1.669s]   Cannot generate a safe runtime search path for target
[1.669s]   robot_interfaces__rosidl_typesupport_fastrtps_c__pyext because files in
[1.669s]   some directories may conflict with libraries in implicit directories:
[1.669s] 
[1.669s]     runtime library [libpython3.10.so.1.0] in /usr/lib/x86_64-linux-gnu may be hidden by files in:
[1.669s]       /home/wyp/miniconda3/envs/robopy/lib
[1.669s] 
[1.670s]   Some of these libraries may not be found correctly.
[1.670s] Call Stack (most recent call first):
[1.670s]   /opt/ros/humble/share/ament_cmake_core/cmake/core/ament_execute_extensions.cmake:48 (include)
[1.670s]   /opt/ros/humble/share/rosidl_cmake/cmake/rosidl_generate_interfaces.cmake:286 (ament_execute_extensions)
[1.670s]   CMakeLists.txt:13 (rosidl_generate_interfaces)
[1.670s] 
[1.670s] [0m
[1.671s] [33mCMake Warning at /opt/ros/humble/share/rosidl_generator_py/cmake/rosidl_generator_py_generate_interfaces.cmake:226 (add_library):
[1.671s]   Cannot generate a safe runtime search path for target
[1.672s]   robot_interfaces__rosidl_typesupport_introspection_c__pyext because files
[1.672s]   in some directories may conflict with libraries in implicit directories:
[1.672s] 
[1.672s]     runtime library [libpython3.10.so.1.0] in /usr/lib/x86_64-linux-gnu may be hidden by files in:
[1.672s]       /home/wyp/miniconda3/envs/robopy/lib
[1.672s] 
[1.672s]   Some of these libraries may not be found correctly.
[1.672s] Call Stack (most recent call first):
[1.672s]   /opt/ros/humble/share/ament_cmake_core/cmake/core/ament_execute_extensions.cmake:48 (include)
[1.672s]   /opt/ros/humble/share/rosidl_cmake/cmake/rosidl_generate_interfaces.cmake:286 (ament_execute_extensions)
[1.672s]   CMakeLists.txt:13 (rosidl_generate_interfaces)
[1.672s] 
[1.672s] [0m
[1.674s] [33mCMake Warning at /opt/ros/humble/share/rosidl_generator_py/cmake/rosidl_generator_py_generate_interfaces.cmake:226 (add_library):
[1.674s]   Cannot generate a safe runtime search path for target
[1.674s]   robot_interfaces__rosidl_typesupport_c__pyext because files in some
[1.674s]   directories may conflict with libraries in implicit directories:
[1.674s] 
[1.674s]     runtime library [libpython3.10.so.1.0] in /usr/lib/x86_64-linux-gnu may be hidden by files in:
[1.674s]       /home/wyp/miniconda3/envs/robopy/lib
[1.674s] 
[1.674s]   Some of these libraries may not be found correctly.
[1.674s] Call Stack (most recent call first):
[1.674s]   /opt/ros/humble/share/ament_cmake_core/cmake/core/ament_execute_extensions.cmake:48 (include)
[1.674s]   /opt/ros/humble/share/rosidl_cmake/cmake/rosidl_generate_interfaces.cmake:286 (ament_execute_extensions)
[1.674s]   CMakeLists.txt:13 (rosidl_generate_interfaces)
[1.674s] 
[1.674s] [0m
[1.679s] -- Generating done
[1.689s] -- Build files have been written to: /home/wyp/test/robot_learning/week2/robot_ws/build/robot_interfaces
[1.699s] Invoked command in '/home/wyp/test/robot_learning/week2/robot_ws/build/robot_interfaces' returned '0': CMAKE_PREFIX_PATH=${CMAKE_PREFIX_PATH}:/home/wyp/test/robot_learning/week2/practice_ws/install/status_pub:/home/wyp/test/robot_learning/week2/topic_ws/install/topic_python:/home/wyp/test/robot_learning/week2/week2_ws/install/demo_python_pkg:/opt/ros/humble CONDA_PROMPT_MODIFIER=(robopy) /usr/bin/cmake /home/wyp/test/robot_learning/week2/robot_ws/src/robot_interfaces -DCMAKE_INSTALL_PREFIX=/home/wyp/test/robot_learning/week2/robot_ws/install/robot_interfaces
[1.701s] Invoking command in '/home/wyp/test/robot_learning/week2/robot_ws/build/robot_interfaces': CMAKE_PREFIX_PATH=${CMAKE_PREFIX_PATH}:/home/wyp/test/robot_learning/week2/practice_ws/install/status_pub:/home/wyp/test/robot_learning/week2/topic_ws/install/topic_python:/home/wyp/test/robot_learning/week2/week2_ws/install/demo_python_pkg:/opt/ros/humble CONDA_PROMPT_MODIFIER=(robopy) /usr/bin/cmake --build /home/wyp/test/robot_learning/week2/robot_ws/build/robot_interfaces -- -j12 -l12
[1.739s] [  3%] [34m[1mGenerating C code for ROS interfaces[0m
[1.749s] [  6%] [34m[1mGenerating C++ code for ROS interfaces[0m
[1.749s] [  9%] [34m[1mGenerating Rust code for ROS interfaces[0m
[1.757s] [  9%] Built target ament_cmake_python_copy_robot_interfaces
[1.922s] running egg_info
[1.932s] creating robot_interfaces.egg-info
[1.933s] writing robot_interfaces.egg-info/PKG-INFO
[1.933s] writing dependency_links to robot_interfaces.egg-info/dependency_links.txt
[1.933s] writing top-level names to robot_interfaces.egg-info/top_level.txt
[1.933s] writing manifest file 'robot_interfaces.egg-info/SOURCES.txt'
[1.965s] reading manifest file 'robot_interfaces.egg-info/SOURCES.txt'
[1.966s] writing manifest file 'robot_interfaces.egg-info/SOURCES.txt'
[1.988s] [  9%] Built target robot_interfaces__rs
[2.003s] [  9%] Built target ament_cmake_python_build_robot_interfaces_egg
[2.010s] [ 12%] [32mBuilding C object CMakeFiles/robot_interfaces__rosidl_generator_c.dir/rosidl_generator_c/robot_interfaces/msg/detail/robot_status__functions.c.o[0m
[2.010s] [ 12%] Built target robot_interfaces__cpp
[2.020s] [ 21%] [34m[1mGenerating C++ type support dispatch for ROS interfaces[0m
[2.021s] [ 21%] [34m[1mGenerating C++ type support for eProsima Fast-RTPS[0m
[2.021s] [ 21%] [34m[1mGenerating C++ introspection for ROS interfaces[0m
[2.058s] [ 25%] [32m[1mLinking C shared library librobot_interfaces__rosidl_generator_c.so[0m
[2.094s] [ 25%] Built target robot_interfaces__rosidl_generator_c
[2.104s] [ 34%] [34m[1mGenerating C type support dispatch for ROS interfaces[0m
[2.105s] [ 34%] [34m[1mGenerating C introspection for ROS interfaces[0m
[2.105s] [ 34%] [34m[1mGenerating C type support for eProsima Fast-RTPS[0m
[2.267s] [ 37%] [32mBuilding CXX object CMakeFiles/robot_interfaces__rosidl_typesupport_cpp.dir/rosidl_typesupport_cpp/robot_interfaces/msg/robot_status__type_support.cpp.o[0m
[2.279s] [ 40%] [32mBuilding CXX object CMakeFiles/robot_interfaces__rosidl_typesupport_fastrtps_cpp.dir/rosidl_typesupport_fastrtps_cpp/robot_interfaces/msg/detail/dds_fastrtps/robot_status__type_support.cpp.o[0m
[2.283s] [ 43%] [32mBuilding CXX object CMakeFiles/robot_interfaces__rosidl_typesupport_introspection_cpp.dir/rosidl_typesupport_introspection_cpp/robot_interfaces/msg/detail/robot_status__type_support.cpp.o[0m
[2.362s] [ 46%] [32mBuilding C object CMakeFiles/robot_interfaces__rosidl_typesupport_introspection_c.dir/rosidl_typesupport_introspection_c/robot_interfaces/msg/detail/robot_status__type_support.c.o[0m
[2.372s] [ 50%] [32mBuilding CXX object CMakeFiles/robot_interfaces__rosidl_typesupport_fastrtps_c.dir/rosidl_typesupport_fastrtps_c/robot_interfaces/msg/detail/robot_status__type_support_c.cpp.o[0m
[2.387s] [ 53%] [32mBuilding CXX object CMakeFiles/robot_interfaces__rosidl_typesupport_c.dir/rosidl_typesupport_c/robot_interfaces/msg/robot_status__type_support.cpp.o[0m
[2.399s] [ 56%] [32m[1mLinking C shared library librobot_interfaces__rosidl_typesupport_introspection_c.so[0m
[2.417s] [ 59%] [32m[1mLinking CXX shared library librobot_interfaces__rosidl_typesupport_c.so[0m
[2.432s] [ 59%] Built target robot_interfaces__rosidl_typesupport_introspection_c
[2.461s] [ 59%] Built target robot_interfaces__rosidl_typesupport_c
[2.492s] [ 62%] [32m[1mLinking CXX shared library librobot_interfaces__rosidl_typesupport_cpp.so[0m
[2.533s] [ 62%] Built target robot_interfaces__rosidl_typesupport_cpp
[2.584s] [ 65%] [32m[1mLinking CXX shared library librobot_interfaces__rosidl_typesupport_introspection_cpp.so[0m
[2.587s] [ 68%] [32m[1mLinking CXX shared library librobot_interfaces__rosidl_typesupport_fastrtps_cpp.so[0m
[2.640s] [ 71%] [32m[1mLinking CXX shared library librobot_interfaces__rosidl_typesupport_fastrtps_c.so[0m
[2.650s] [ 71%] Built target robot_interfaces__rosidl_typesupport_introspection_cpp
[2.656s] [ 71%] Built target robot_interfaces__rosidl_typesupport_fastrtps_cpp
[2.700s] [ 71%] Built target robot_interfaces__rosidl_typesupport_fastrtps_c
[2.718s] [ 71%] Built target robot_interfaces
[2.738s] [ 75%] [34m[1mGenerating Python code for ROS interfaces[0m
[3.059s] [ 75%] Built target robot_interfaces__py
[3.077s] [ 78%] [32mBuilding C object CMakeFiles/robot_interfaces__rosidl_generator_py.dir/rosidl_generator_py/robot_interfaces/msg/_robot_status_s.c.o[0m
[3.160s] [ 81%] [32m[1mLinking C shared library rosidl_generator_py/robot_interfaces/librobot_interfaces__rosidl_generator_py.so[0m
[3.195s] [ 81%] Built target robot_interfaces__rosidl_generator_py
[3.215s] [ 87%] [32mBuilding C object CMakeFiles/robot_interfaces__rosidl_typesupport_introspection_c__pyext.dir/rosidl_generator_py/robot_interfaces/_robot_interfaces_s.ep.rosidl_typesupport_introspection_c.c.o[0m
[3.215s] [ 87%] [32mBuilding C object CMakeFiles/robot_interfaces__rosidl_typesupport_c__pyext.dir/rosidl_generator_py/robot_interfaces/_robot_interfaces_s.ep.rosidl_typesupport_c.c.o[0m
[3.215s] [ 90%] [32mBuilding C object CMakeFiles/robot_interfaces__rosidl_typesupport_fastrtps_c__pyext.dir/rosidl_generator_py/robot_interfaces/_robot_interfaces_s.ep.rosidl_typesupport_fastrtps_c.c.o[0m
[3.297s] [ 96%] [32m[1mLinking C shared library rosidl_generator_py/robot_interfaces/robot_interfaces_s__rosidl_typesupport_introspection_c.cpython-310-x86_64-linux-gnu.so[0m
[3.297s] [ 96%] [32m[1mLinking C shared library rosidl_generator_py/robot_interfaces/robot_interfaces_s__rosidl_typesupport_fastrtps_c.cpython-310-x86_64-linux-gnu.so[0m
[3.297s] [100%] [32m[1mLinking C shared library rosidl_generator_py/robot_interfaces/robot_interfaces_s__rosidl_typesupport_c.cpython-310-x86_64-linux-gnu.so[0m
[3.333s] [100%] Built target robot_interfaces__rosidl_typesupport_c__pyext
[3.333s] [100%] Built target robot_interfaces__rosidl_typesupport_introspection_c__pyext
[3.333s] [100%] Built target robot_interfaces__rosidl_typesupport_fastrtps_c__pyext
[3.344s] Invoked command in '/home/wyp/test/robot_learning/week2/robot_ws/build/robot_interfaces' returned '0': CMAKE_PREFIX_PATH=${CMAKE_PREFIX_PATH}:/home/wyp/test/robot_learning/week2/practice_ws/install/status_pub:/home/wyp/test/robot_learning/week2/topic_ws/install/topic_python:/home/wyp/test/robot_learning/week2/week2_ws/install/demo_python_pkg:/opt/ros/humble CONDA_PROMPT_MODIFIER=(robopy) /usr/bin/cmake --build /home/wyp/test/robot_learning/week2/robot_ws/build/robot_interfaces -- -j12 -l12
[3.354s] Invoking command in '/home/wyp/test/robot_learning/week2/robot_ws/build/robot_interfaces': CMAKE_PREFIX_PATH=${CMAKE_PREFIX_PATH}:/home/wyp/test/robot_learning/week2/practice_ws/install/status_pub:/home/wyp/test/robot_learning/week2/topic_ws/install/topic_python:/home/wyp/test/robot_learning/week2/week2_ws/install/demo_python_pkg:/opt/ros/humble CONDA_PROMPT_MODIFIER=(robopy) /usr/bin/cmake --install /home/wyp/test/robot_learning/week2/robot_ws/build/robot_interfaces
[3.360s] -- Install configuration: ""
[3.360s] -- Installing: /home/wyp/test/robot_learning/week2/robot_ws/install/robot_interfaces/share/ament_index/resource_index/rosidl_interfaces/robot_interfaces
[3.361s] -- Installing: /home/wyp/test/robot_learning/week2/robot_ws/install/robot_interfaces/include/robot_interfaces/robot_interfaces
[3.361s] -- Installing: /home/wyp/test/robot_learning/week2/robot_ws/install/robot_interfaces/include/robot_interfaces/robot_interfaces/msg
[3.361s] -- Installing: /home/wyp/test/robot_learning/week2/robot_ws/install/robot_interfaces/include/robot_interfaces/robot_interfaces/msg/rosidl_generator_c__visibility_control.h
[3.361s] -- Installing: /home/wyp/test/robot_learning/week2/robot_ws/install/robot_interfaces/include/robot_interfaces/robot_interfaces/msg/robot_status.h
[3.361s] -- Installing: /home/wyp/test/robot_learning/week2/robot_ws/install/robot_interfaces/include/robot_interfaces/robot_interfaces/msg/detail
[3.361s] -- Installing: /home/wyp/test/robot_learning/week2/robot_ws/install/robot_interfaces/include/robot_interfaces/robot_interfaces/msg/detail/robot_status__struct.h
[3.362s] -- Installing: /home/wyp/test/robot_learning/week2/robot_ws/install/robot_interfaces/include/robot_interfaces/robot_interfaces/msg/detail/robot_status__functions.c
[3.362s] -- Installing: /home/wyp/test/robot_learning/week2/robot_ws/install/robot_interfaces/include/robot_interfaces/robot_interfaces/msg/detail/robot_status__functions.h
[3.362s] -- Installing: /home/wyp/test/robot_learning/week2/robot_ws/install/robot_interfaces/include/robot_interfaces/robot_interfaces/msg/detail/robot_status__type_support.h
[3.362s] -- Installing: /home/wyp/test/robot_learning/week2/robot_ws/install/robot_interfaces/share/robot_interfaces/environment/library_path.sh
[3.362s] -- Installing: /home/wyp/test/robot_learning/week2/robot_ws/install/robot_interfaces/share/robot_interfaces/environment/library_path.dsv
[3.362s] -- Installing: /home/wyp/test/robot_learning/week2/robot_ws/install/robot_interfaces/lib/librobot_interfaces__rosidl_generator_c.so
[3.363s] -- Set runtime path of "/home/wyp/test/robot_learning/week2/robot_ws/install/robot_interfaces/lib/librobot_interfaces__rosidl_generator_c.so" to ""
[3.363s] -- Up-to-date: /home/wyp/test/robot_learning/week2/robot_ws/install/robot_interfaces/include/robot_interfaces/robot_interfaces
[3.363s] -- Up-to-date: /home/wyp/test/robot_learning/week2/robot_ws/install/robot_interfaces/include/robot_interfaces/robot_interfaces/msg
[3.363s] -- Up-to-date: /home/wyp/test/robot_learning/week2/robot_ws/install/robot_interfaces/include/robot_interfaces/robot_interfaces/msg/detail
[3.363s] -- Installing: /home/wyp/test/robot_learning/week2/robot_ws/install/robot_interfaces/include/robot_interfaces/robot_interfaces/msg/detail/robot_status__rosidl_typesupport_fastrtps_c.h
[3.363s] -- Installing: /home/wyp/test/robot_learning/week2/robot_ws/install/robot_interfaces/include/robot_interfaces/robot_interfaces/msg/rosidl_typesupport_fastrtps_c__visibility_control.h
[3.363s] -- Installing: /home/wyp/test/robot_learning/week2/robot_ws/install/robot_interfaces/lib/librobot_interfaces__rosidl_typesupport_fastrtps_c.so
[3.364s] -- Set runtime path of "/home/wyp/test/robot_learning/week2/robot_ws/install/robot_interfaces/lib/librobot_interfaces__rosidl_typesupport_fastrtps_c.so" to ""
[3.364s] -- Up-to-date: /home/wyp/test/robot_learning/week2/robot_ws/install/robot_interfaces/include/robot_interfaces/robot_interfaces
[3.364s] -- Up-to-date: /home/wyp/test/robot_learning/week2/robot_ws/install/robot_interfaces/include/robot_interfaces/robot_interfaces/msg
[3.364s] -- Up-to-date: /home/wyp/test/robot_learning/week2/robot_ws/install/robot_interfaces/include/robot_interfaces/robot_interfaces/msg/detail
[3.364s] -- Installing: /home/wyp/test/robot_learning/week2/robot_ws/install/robot_interfaces/include/robot_interfaces/robot_interfaces/msg/detail/robot_status__type_support.c
[3.364s] -- Installing: /home/wyp/test/robot_learning/week2/robot_ws/install/robot_interfaces/include/robot_interfaces/robot_interfaces/msg/detail/robot_status__rosidl_typesupport_introspection_c.h
[3.364s] -- Installing: /home/wyp/test/robot_learning/week2/robot_ws/install/robot_interfaces/include/robot_interfaces/robot_interfaces/msg/rosidl_typesupport_introspection_c__visibility_control.h
[3.365s] -- Installing: /home/wyp/test/robot_learning/week2/robot_ws/install/robot_interfaces/lib/librobot_interfaces__rosidl_typesupport_introspection_c.so
[3.365s] -- Set runtime path of "/home/wyp/test/robot_learning/week2/robot_ws/install/robot_interfaces/lib/librobot_interfaces__rosidl_typesupport_introspection_c.so" to ""
[3.365s] -- Installing: /home/wyp/test/robot_learning/week2/robot_ws/install/robot_interfaces/lib/librobot_interfaces__rosidl_typesupport_c.so
[3.365s] -- Set runtime path of "/home/wyp/test/robot_learning/week2/robot_ws/install/robot_interfaces/lib/librobot_interfaces__rosidl_typesupport_c.so" to ""
[3.365s] -- Up-to-date: /home/wyp/test/robot_learning/week2/robot_ws/install/robot_interfaces/include/robot_interfaces/robot_interfaces
[3.365s] -- Up-to-date: /home/wyp/test/robot_learning/week2/robot_ws/install/robot_interfaces/include/robot_interfaces/robot_interfaces/msg
[3.365s] -- Installing: /home/wyp/test/robot_learning/week2/robot_ws/install/robot_interfaces/include/robot_interfaces/robot_interfaces/msg/robot_status.hpp
[3.366s] -- Up-to-date: /home/wyp/test/robot_learning/week2/robot_ws/install/robot_interfaces/include/robot_interfaces/robot_interfaces/msg/detail
[3.366s] -- Installing: /home/wyp/test/robot_learning/week2/robot_ws/install/robot_interfaces/include/robot_interfaces/robot_interfaces/msg/detail/robot_status__builder.hpp
[3.366s] -- Installing: /home/wyp/test/robot_learning/week2/robot_ws/install/robot_interfaces/include/robot_interfaces/robot_interfaces/msg/detail/robot_status__traits.hpp
[3.366s] -- Installing: /home/wyp/test/robot_learning/week2/robot_ws/install/robot_interfaces/include/robot_interfaces/robot_interfaces/msg/detail/robot_status__struct.hpp
[3.366s] -- Installing: /home/wyp/test/robot_learning/week2/robot_ws/install/robot_interfaces/include/robot_interfaces/robot_interfaces/msg/detail/robot_status__type_support.hpp
[3.366s] -- Installing: /home/wyp/test/robot_learning/week2/robot_ws/install/robot_interfaces/include/robot_interfaces/robot_interfaces/msg/rosidl_generator_cpp__visibility_control.hpp
[3.366s] -- Up-to-date: /home/wyp/test/robot_learning/week2/robot_ws/install/robot_interfaces/include/robot_interfaces/robot_interfaces
[3.366s] -- Up-to-date: /home/wyp/test/robot_learning/week2/robot_ws/install/robot_interfaces/include/robot_interfaces/robot_interfaces/msg
[3.366s] -- Installing: /home/wyp/test/robot_learning/week2/robot_ws/install/robot_interfaces/include/robot_interfaces/robot_interfaces/msg/rosidl_typesupport_fastrtps_cpp__visibility_control.h
[3.367s] -- Up-to-date: /home/wyp/test/robot_learning/week2/robot_ws/install/robot_interfaces/include/robot_interfaces/robot_interfaces/msg/detail
[3.367s] -- Installing: /home/wyp/test/robot_learning/week2/robot_ws/install/robot_interfaces/include/robot_interfaces/robot_interfaces/msg/detail/robot_status__rosidl_typesupport_fastrtps_cpp.hpp
[3.367s] -- Installing: /home/wyp/test/robot_learning/week2/robot_ws/install/robot_interfaces/include/robot_interfaces/robot_interfaces/msg/detail/dds_fastrtps
[3.367s] -- Installing: /home/wyp/test/robot_learning/week2/robot_ws/install/robot_interfaces/lib/librobot_interfaces__rosidl_typesupport_fastrtps_cpp.so
[3.367s] -- Set runtime path of "/home/wyp/test/robot_learning/week2/robot_ws/install/robot_interfaces/lib/librobot_interfaces__rosidl_typesupport_fastrtps_cpp.so" to ""
[3.367s] -- Up-to-date: /home/wyp/test/robot_learning/week2/robot_ws/install/robot_interfaces/include/robot_interfaces/robot_interfaces
[3.367s] -- Up-to-date: /home/wyp/test/robot_learning/week2/robot_ws/install/robot_interfaces/include/robot_interfaces/robot_interfaces/msg
[3.367s] -- Up-to-date: /home/wyp/test/robot_learning/week2/robot_ws/install/robot_interfaces/include/robot_interfaces/robot_interfaces/msg/detail
[3.368s] -- Installing: /home/wyp/test/robot_learning/week2/robot_ws/install/robot_interfaces/include/robot_interfaces/robot_interfaces/msg/detail/robot_status__rosidl_typesupport_introspection_cpp.hpp
[3.368s] -- Installing: /home/wyp/test/robot_learning/week2/robot_ws/install/robot_interfaces/include/robot_interfaces/robot_interfaces/msg/detail/robot_status__type_support.cpp
[3.368s] -- Installing: /home/wyp/test/robot_learning/week2/robot_ws/install/robot_interfaces/lib/librobot_interfaces__rosidl_typesupport_introspection_cpp.so
[3.368s] -- Set runtime path of "/home/wyp/test/robot_learning/week2/robot_ws/install/robot_interfaces/lib/librobot_interfaces__rosidl_typesupport_introspection_cpp.so" to ""
[3.368s] -- Installing: /home/wyp/test/robot_learning/week2/robot_ws/install/robot_interfaces/lib/librobot_interfaces__rosidl_typesupport_cpp.so
[3.369s] -- Set runtime path of "/home/wyp/test/robot_learning/week2/robot_ws/install/robot_interfaces/lib/librobot_interfaces__rosidl_typesupport_cpp.so" to ""
[3.369s] -- Installing: /home/wyp/test/robot_learning/week2/robot_ws/install/robot_interfaces/share/robot_interfaces/environment/pythonpath.sh
[3.369s] -- Installing: /home/wyp/test/robot_learning/week2/robot_ws/install/robot_interfaces/share/robot_interfaces/environment/pythonpath.dsv
[3.369s] -- Installing: /home/wyp/test/robot_learning/week2/robot_ws/install/robot_interfaces/lib/python3.10/site-packages/robot_interfaces-0.0.0-py3.10.egg-info
[3.369s] -- Installing: /home/wyp/test/robot_learning/week2/robot_ws/install/robot_interfaces/lib/python3.10/site-packages/robot_interfaces-0.0.0-py3.10.egg-info/top_level.txt
[3.369s] -- Installing: /home/wyp/test/robot_learning/week2/robot_ws/install/robot_interfaces/lib/python3.10/site-packages/robot_interfaces-0.0.0-py3.10.egg-info/PKG-INFO
[3.370s] -- Installing: /home/wyp/test/robot_learning/week2/robot_ws/install/robot_interfaces/lib/python3.10/site-packages/robot_interfaces-0.0.0-py3.10.egg-info/dependency_links.txt
[3.370s] -- Installing: /home/wyp/test/robot_learning/week2/robot_ws/install/robot_interfaces/lib/python3.10/site-packages/robot_interfaces-0.0.0-py3.10.egg-info/SOURCES.txt
[3.370s] -- Installing: /home/wyp/test/robot_learning/week2/robot_ws/install/robot_interfaces/lib/python3.10/site-packages/robot_interfaces
[3.370s] -- Installing: /home/wyp/test/robot_learning/week2/robot_ws/install/robot_interfaces/lib/python3.10/site-packages/robot_interfaces/librobot_interfaces__rosidl_generator_py.so
[3.370s] -- Installing: /home/wyp/test/robot_learning/week2/robot_ws/install/robot_interfaces/lib/python3.10/site-packages/robot_interfaces/_robot_interfaces_s.ep.rosidl_typesupport_fastrtps_c.c
[3.370s] -- Installing: /home/wyp/test/robot_learning/week2/robot_ws/install/robot_interfaces/lib/python3.10/site-packages/robot_interfaces/robot_interfaces_s__rosidl_typesupport_introspection_c.cpython-310-x86_64-linux-gnu.so
[3.370s] -- Installing: /home/wyp/test/robot_learning/week2/robot_ws/install/robot_interfaces/lib/python3.10/site-packages/robot_interfaces/robot_interfaces_s__rosidl_typesupport_fastrtps_c.cpython-310-x86_64-linux-gnu.so
[3.371s] -- Installing: /home/wyp/test/robot_learning/week2/robot_ws/install/robot_interfaces/lib/python3.10/site-packages/robot_interfaces/_robot_interfaces_s.ep.rosidl_typesupport_c.c
[3.371s] -- Installing: /home/wyp/test/robot_learning/week2/robot_ws/install/robot_interfaces/lib/python3.10/site-packages/robot_interfaces/_robot_interfaces_s.ep.rosidl_typesupport_introspection_c.c
[3.371s] -- Installing: /home/wyp/test/robot_learning/week2/robot_ws/install/robot_interfaces/lib/python3.10/site-packages/robot_interfaces/robot_interfaces_s__rosidl_typesupport_c.cpython-310-x86_64-linux-gnu.so
[3.371s] -- Installing: /home/wyp/test/robot_learning/week2/robot_ws/install/robot_interfaces/lib/python3.10/site-packages/robot_interfaces/msg
[3.371s] -- Installing: /home/wyp/test/robot_learning/week2/robot_ws/install/robot_interfaces/lib/python3.10/site-packages/robot_interfaces/msg/_robot_status_s.c
[3.371s] -- Installing: /home/wyp/test/robot_learning/week2/robot_ws/install/robot_interfaces/lib/python3.10/site-packages/robot_interfaces/msg/_robot_status.py
[3.371s] -- Installing: /home/wyp/test/robot_learning/week2/robot_ws/install/robot_interfaces/lib/python3.10/site-packages/robot_interfaces/msg/__init__.py
[3.372s] -- Installing: /home/wyp/test/robot_learning/week2/robot_ws/install/robot_interfaces/lib/python3.10/site-packages/robot_interfaces/__init__.py
[3.400s] Listing '/home/wyp/test/robot_learning/week2/robot_ws/install/robot_interfaces/lib/python3.10/site-packages/robot_interfaces'...
[3.400s] Compiling '/home/wyp/test/robot_learning/week2/robot_ws/install/robot_interfaces/lib/python3.10/site-packages/robot_interfaces/__init__.py'...
[3.400s] Listing '/home/wyp/test/robot_learning/week2/robot_ws/install/robot_interfaces/lib/python3.10/site-packages/robot_interfaces/msg'...
[3.400s] Compiling '/home/wyp/test/robot_learning/week2/robot_ws/install/robot_interfaces/lib/python3.10/site-packages/robot_interfaces/msg/__init__.py'...
[3.400s] Compiling '/home/wyp/test/robot_learning/week2/robot_ws/install/robot_interfaces/lib/python3.10/site-packages/robot_interfaces/msg/_robot_status.py'...
[3.404s] -- Installing: /home/wyp/test/robot_learning/week2/robot_ws/install/robot_interfaces/lib/python3.10/site-packages/robot_interfaces/robot_interfaces_s__rosidl_typesupport_fastrtps_c.cpython-310-x86_64-linux-gnu.so
[3.404s] -- Set runtime path of "/home/wyp/test/robot_learning/week2/robot_ws/install/robot_interfaces/lib/python3.10/site-packages/robot_interfaces/robot_interfaces_s__rosidl_typesupport_fastrtps_c.cpython-310-x86_64-linux-gnu.so" to ""
[3.404s] -- Installing: /home/wyp/test/robot_learning/week2/robot_ws/install/robot_interfaces/lib/python3.10/site-packages/robot_interfaces/robot_interfaces_s__rosidl_typesupport_introspection_c.cpython-310-x86_64-linux-gnu.so
[3.405s] -- Set runtime path of "/home/wyp/test/robot_learning/week2/robot_ws/install/robot_interfaces/lib/python3.10/site-packages/robot_interfaces/robot_interfaces_s__rosidl_typesupport_introspection_c.cpython-310-x86_64-linux-gnu.so" to ""
[3.405s] -- Installing: /home/wyp/test/robot_learning/week2/robot_ws/install/robot_interfaces/lib/python3.10/site-packages/robot_interfaces/robot_interfaces_s__rosidl_typesupport_c.cpython-310-x86_64-linux-gnu.so
[3.405s] -- Set runtime path of "/home/wyp/test/robot_learning/week2/robot_ws/install/robot_interfaces/lib/python3.10/site-packages/robot_interfaces/robot_interfaces_s__rosidl_typesupport_c.cpython-310-x86_64-linux-gnu.so" to ""
[3.405s] -- Installing: /home/wyp/test/robot_learning/week2/robot_ws/install/robot_interfaces/lib/librobot_interfaces__rosidl_generator_py.so
[3.406s] -- Set runtime path of "/home/wyp/test/robot_learning/week2/robot_ws/install/robot_interfaces/lib/librobot_interfaces__rosidl_generator_py.so" to ""
[3.406s] -- Installing: /home/wyp/test/robot_learning/week2/robot_ws/install/robot_interfaces/share/ament_index/resource_index/rust_packages/robot_interfaces
[3.406s] -- Installing: /home/wyp/test/robot_learning/week2/robot_ws/install/robot_interfaces/share/robot_interfaces/rust
[3.406s] -- Installing: /home/wyp/test/robot_learning/week2/robot_ws/install/robot_interfaces/share/robot_interfaces/rust/Cargo.toml
[3.406s] -- Installing: /home/wyp/test/robot_learning/week2/robot_ws/install/robot_interfaces/share/robot_interfaces/rust/src
[3.406s] -- Installing: /home/wyp/test/robot_learning/week2/robot_ws/install/robot_interfaces/share/robot_interfaces/rust/src/msg.rs
[3.406s] -- Installing: /home/wyp/test/robot_learning/week2/robot_ws/install/robot_interfaces/share/robot_interfaces/rust/src/lib.rs
[3.407s] -- Installing: /home/wyp/test/robot_learning/week2/robot_ws/install/robot_interfaces/share/robot_interfaces/rust/src/msg
[3.407s] -- Installing: /home/wyp/test/robot_learning/week2/robot_ws/install/robot_interfaces/share/robot_interfaces/rust/src/msg/rmw.rs
[3.407s] -- Installing: /home/wyp/test/robot_learning/week2/robot_ws/install/robot_interfaces/share/robot_interfaces/rust/build.rs
[3.407s] -- Installing: /home/wyp/test/robot_learning/week2/robot_ws/install/robot_interfaces/share/robot_interfaces/msg/RobotStatus.idl
[3.407s] -- Installing: /home/wyp/test/robot_learning/week2/robot_ws/install/robot_interfaces/share/robot_interfaces/msg/RobotStatus.msg
[3.407s] -- Installing: /home/wyp/test/robot_learning/week2/robot_ws/install/robot_interfaces/share/ament_index/resource_index/package_run_dependencies/robot_interfaces
[3.407s] -- Installing: /home/wyp/test/robot_learning/week2/robot_ws/install/robot_interfaces/share/ament_index/resource_index/parent_prefix_path/robot_interfaces
[3.408s] -- Installing: /home/wyp/test/robot_learning/week2/robot_ws/install/robot_interfaces/share/robot_interfaces/environment/ament_prefix_path.sh
[3.408s] -- Installing: /home/wyp/test/robot_learning/week2/robot_ws/install/robot_interfaces/share/robot_interfaces/environment/ament_prefix_path.dsv
[3.408s] -- Installing: /home/wyp/test/robot_learning/week2/robot_ws/install/robot_interfaces/share/robot_interfaces/environment/path.sh
[3.408s] -- Installing: /home/wyp/test/robot_learning/week2/robot_ws/install/robot_interfaces/share/robot_interfaces/environment/path.dsv
[3.408s] -- Installing: /home/wyp/test/robot_learning/week2/robot_ws/install/robot_interfaces/share/robot_interfaces/local_setup.bash
[3.408s] -- Installing: /home/wyp/test/robot_learning/week2/robot_ws/install/robot_interfaces/share/robot_interfaces/local_setup.sh
[3.409s] -- Installing: /home/wyp/test/robot_learning/week2/robot_ws/install/robot_interfaces/share/robot_interfaces/local_setup.zsh
[3.409s] -- Installing: /home/wyp/test/robot_learning/week2/robot_ws/install/robot_interfaces/share/robot_interfaces/local_setup.dsv
[3.409s] -- Installing: /home/wyp/test/robot_learning/week2/robot_ws/install/robot_interfaces/share/robot_interfaces/package.dsv
[3.409s] -- Installing: /home/wyp/test/robot_learning/week2/robot_ws/install/robot_interfaces/share/ament_index/resource_index/packages/robot_interfaces
[3.409s] -- Installing: /home/wyp/test/robot_learning/week2/robot_ws/install/robot_interfaces/share/robot_interfaces/cmake/export_robot_interfaces__rosidl_generator_cExport.cmake
[3.409s] -- Installing: /home/wyp/test/robot_learning/week2/robot_ws/install/robot_interfaces/share/robot_interfaces/cmake/export_robot_interfaces__rosidl_generator_cExport-noconfig.cmake
[3.410s] -- Installing: /home/wyp/test/robot_learning/week2/robot_ws/install/robot_interfaces/share/robot_interfaces/cmake/export_robot_interfaces__rosidl_typesupport_fastrtps_cExport.cmake
[3.410s] -- Installing: /home/wyp/test/robot_learning/week2/robot_ws/install/robot_interfaces/share/robot_interfaces/cmake/export_robot_interfaces__rosidl_typesupport_fastrtps_cExport-noconfig.cmake
[3.410s] -- Installing: /home/wyp/test/robot_learning/week2/robot_ws/install/robot_interfaces/share/robot_interfaces/cmake/robot_interfaces__rosidl_typesupport_introspection_cExport.cmake
[3.410s] -- Installing: /home/wyp/test/robot_learning/week2/robot_ws/install/robot_interfaces/share/robot_interfaces/cmake/robot_interfaces__rosidl_typesupport_introspection_cExport-noconfig.cmake
[3.410s] -- Installing: /home/wyp/test/robot_learning/week2/robot_ws/install/robot_interfaces/share/robot_interfaces/cmake/robot_interfaces__rosidl_typesupport_cExport.cmake
[3.411s] -- Installing: /home/wyp/test/robot_learning/week2/robot_ws/install/robot_interfaces/share/robot_interfaces/cmake/robot_interfaces__rosidl_typesupport_cExport-noconfig.cmake
[3.411s] -- Installing: /home/wyp/test/robot_learning/week2/robot_ws/install/robot_interfaces/share/robot_interfaces/cmake/export_robot_interfaces__rosidl_generator_cppExport.cmake
[3.411s] -- Installing: /home/wyp/test/robot_learning/week2/robot_ws/install/robot_interfaces/share/robot_interfaces/cmake/export_robot_interfaces__rosidl_typesupport_fastrtps_cppExport.cmake
[3.411s] -- Installing: /home/wyp/test/robot_learning/week2/robot_ws/install/robot_interfaces/share/robot_interfaces/cmake/export_robot_interfaces__rosidl_typesupport_fastrtps_cppExport-noconfig.cmake
[3.411s] -- Installing: /home/wyp/test/robot_learning/week2/robot_ws/install/robot_interfaces/share/robot_interfaces/cmake/robot_interfaces__rosidl_typesupport_introspection_cppExport.cmake
[3.411s] -- Installing: /home/wyp/test/robot_learning/week2/robot_ws/install/robot_interfaces/share/robot_interfaces/cmake/robot_interfaces__rosidl_typesupport_introspection_cppExport-noconfig.cmake
[3.412s] -- Installing: /home/wyp/test/robot_learning/week2/robot_ws/install/robot_interfaces/share/robot_interfaces/cmake/robot_interfaces__rosidl_typesupport_cppExport.cmake
[3.412s] -- Installing: /home/wyp/test/robot_learning/week2/robot_ws/install/robot_interfaces/share/robot_interfaces/cmake/robot_interfaces__rosidl_typesupport_cppExport-noconfig.cmake
[3.412s] -- Installing: /home/wyp/test/robot_learning/week2/robot_ws/install/robot_interfaces/share/robot_interfaces/cmake/export_robot_interfaces__rosidl_generator_pyExport.cmake
[3.412s] -- Installing: /home/wyp/test/robot_learning/week2/robot_ws/install/robot_interfaces/share/robot_interfaces/cmake/export_robot_interfaces__rosidl_generator_pyExport-noconfig.cmake
[3.412s] -- Installing: /home/wyp/test/robot_learning/week2/robot_ws/install/robot_interfaces/share/robot_interfaces/cmake/rosidl_cmake-extras.cmake
[3.412s] -- Installing: /home/wyp/test/robot_learning/week2/robot_ws/install/robot_interfaces/share/robot_interfaces/cmake/ament_cmake_export_dependencies-extras.cmake
[3.413s] -- Installing: /home/wyp/test/robot_learning/week2/robot_ws/install/robot_interfaces/share/robot_interfaces/cmake/ament_cmake_export_include_directories-extras.cmake
[3.413s] -- Installing: /home/wyp/test/robot_learning/week2/robot_ws/install/robot_interfaces/share/robot_interfaces/cmake/ament_cmake_export_libraries-extras.cmake
[3.413s] -- Installing: /home/wyp/test/robot_learning/week2/robot_ws/install/robot_interfaces/share/robot_interfaces/cmake/ament_cmake_export_targets-extras.cmake
[3.413s] -- Installing: /home/wyp/test/robot_learning/week2/robot_ws/install/robot_interfaces/share/robot_interfaces/cmake/rosidl_cmake_export_typesupport_targets-extras.cmake
[3.413s] -- Installing: /home/wyp/test/robot_learning/week2/robot_ws/install/robot_interfaces/share/robot_interfaces/cmake/rosidl_cmake_export_typesupport_libraries-extras.cmake
[3.413s] -- Installing: /home/wyp/test/robot_learning/week2/robot_ws/install/robot_interfaces/share/robot_interfaces/cmake/robot_interfacesConfig.cmake
[3.414s] -- Installing: /home/wyp/test/robot_learning/week2/robot_ws/install/robot_interfaces/share/robot_interfaces/cmake/robot_interfacesConfig-version.cmake
[3.414s] -- Installing: /home/wyp/test/robot_learning/week2/robot_ws/install/robot_interfaces/share/robot_interfaces/package.xml
[3.417s] Invoked command in '/home/wyp/test/robot_learning/week2/robot_ws/build/robot_interfaces' returned '0': CMAKE_PREFIX_PATH=${CMAKE_PREFIX_PATH}:/home/wyp/test/robot_learning/week2/practice_ws/install/status_pub:/home/wyp/test/robot_learning/week2/topic_ws/install/topic_python:/home/wyp/test/robot_learning/week2/week2_ws/install/demo_python_pkg:/opt/ros/humble CONDA_PROMPT_MODIFIER=(robopy) /usr/bin/cmake --install /home/wyp/test/robot_learning/week2/robot_ws/build/robot_interfaces
