[0.447s] Invoking command in '/home/wyp/test/robot_learning/week2/week2_ws/src/demo_python_pkg': CONDA_PROMPT_MODIFIER=(robopy) PYTHONPATH=/home/wyp/test/robot_learning/week2/week2_ws/build/demo_python_pkg/prefix_override:/usr/lib/python3/dist-packages/colcon_core/task/python/colcon_distutils_commands:/home/wyp/test/robot_learning/week2/week2_ws/install/demo_python_pkg/lib/python3.10/site-packages:${PYTHONPATH} /usr/bin/python3 -W ignore:setup.py install is deprecated -W ignore:easy_install command is deprecated setup.py egg_info --egg-base ../../build/demo_python_pkg build --build-base /home/wyp/test/robot_learning/week2/week2_ws/build/demo_python_pkg/build install --record /home/wyp/test/robot_learning/week2/week2_ws/build/demo_python_pkg/install.log --install-scripts $base/lib/demo_python_pkg --single-version-externally-managed install_data
[0.621s] running egg_info
[0.621s] writing ../../build/demo_python_pkg/demo_python_pkg.egg-info/PKG-INFO
[0.621s] writing dependency_links to ../../build/demo_python_pkg/demo_python_pkg.egg-info/dependency_links.txt
[0.622s] writing entry points to ../../build/demo_python_pkg/demo_python_pkg.egg-info/entry_points.txt
[0.622s] writing requirements to ../../build/demo_python_pkg/demo_python_pkg.egg-info/requires.txt
[0.622s] writing top-level names to ../../build/demo_python_pkg/demo_python_pkg.egg-info/top_level.txt
[0.623s] reading manifest file '../../build/demo_python_pkg/demo_python_pkg.egg-info/SOURCES.txt'
[0.623s] adding license file 'LICENSE'
[0.624s] writing manifest file '../../build/demo_python_pkg/demo_python_pkg.egg-info/SOURCES.txt'
[0.624s] running build
[0.624s] running build_py
[0.624s] copying demo_python_pkg/book_thread.py -> /home/wyp/test/robot_learning/week2/week2_ws/build/demo_python_pkg/build/lib/demo_python_pkg
[0.624s] running install
[0.625s] running install_lib
[0.625s] copying /home/wyp/test/robot_learning/week2/week2_ws/build/demo_python_pkg/build/lib/demo_python_pkg/book_thread.py -> /home/wyp/test/robot_learning/week2/week2_ws/install/demo_python_pkg/lib/python3.10/site-packages/demo_python_pkg
[0.626s] byte-compiling /home/wyp/test/robot_learning/week2/week2_ws/install/demo_python_pkg/lib/python3.10/site-packages/demo_python_pkg/book_thread.py to book_thread.cpython-310.pyc
[0.626s] running install_data
[0.626s] running install_egg_info
[0.627s] removing '/home/wyp/test/robot_learning/week2/week2_ws/install/demo_python_pkg/lib/python3.10/site-packages/demo_python_pkg-0.0.0-py3.10.egg-info' (and everything under it)
[0.628s] Copying ../../build/demo_python_pkg/demo_python_pkg.egg-info to /home/wyp/test/robot_learning/week2/week2_ws/install/demo_python_pkg/lib/python3.10/site-packages/demo_python_pkg-0.0.0-py3.10.egg-info
[0.629s] running install_scripts
[0.644s] Installing book_thread script to /home/wyp/test/robot_learning/week2/week2_ws/install/demo_python_pkg/lib/demo_python_pkg
[0.644s] Installing hero_node script to /home/wyp/test/robot_learning/week2/week2_ws/install/demo_python_pkg/lib/demo_python_pkg
[0.644s] Installing node_py script to /home/wyp/test/robot_learning/week2/week2_ws/install/demo_python_pkg/lib/demo_python_pkg
[0.644s] Installing writer_node script to /home/wyp/test/robot_learning/week2/week2_ws/install/demo_python_pkg/lib/demo_python_pkg
[0.644s] writing list of installed files to '/home/wyp/test/robot_learning/week2/week2_ws/build/demo_python_pkg/install.log'
[0.664s] Invoked command in '/home/wyp/test/robot_learning/week2/week2_ws/src/demo_python_pkg' returned '0': CONDA_PROMPT_MODIFIER=(robopy) PYTHONPATH=/home/wyp/test/robot_learning/week2/week2_ws/build/demo_python_pkg/prefix_override:/usr/lib/python3/dist-packages/colcon_core/task/python/colcon_distutils_commands:/home/wyp/test/robot_learning/week2/week2_ws/install/demo_python_pkg/lib/python3.10/site-packages:${PYTHONPATH} /usr/bin/python3 -W ignore:setup.py install is deprecated -W ignore:easy_install command is deprecated setup.py egg_info --egg-base ../../build/demo_python_pkg build --build-base /home/wyp/test/robot_learning/week2/week2_ws/build/demo_python_pkg/build install --record /home/wyp/test/robot_learning/week2/week2_ws/build/demo_python_pkg/install.log --install-scripts $base/lib/demo_python_pkg --single-version-externally-managed install_data
