running egg_info
creating ../../build/topic_python/topic_python.egg-info
writing ../../build/topic_python/topic_python.egg-info/PKG-INFO
writing dependency_links to ../../build/topic_python/topic_python.egg-info/dependency_links.txt
writing entry points to ../../build/topic_python/topic_python.egg-info/entry_points.txt
writing requirements to ../../build/topic_python/topic_python.egg-info/requires.txt
writing top-level names to ../../build/topic_python/topic_python.egg-info/top_level.txt
writing manifest file '../../build/topic_python/topic_python.egg-info/SOURCES.txt'
reading manifest file '../../build/topic_python/topic_python.egg-info/SOURCES.txt'
adding license file 'LICENSE'
writing manifest file '../../build/topic_python/topic_python.egg-info/SOURCES.txt'
running build
running build_py
creating /home/wyp/test/robot_learning/week2/topic_ws/build/topic_python/build
creating /home/wyp/test/robot_learning/week2/topic_ws/build/topic_python/build/lib
creating /home/wyp/test/robot_learning/week2/topic_ws/build/topic_python/build/lib/topic_python
copying topic_python/novel_sub_node.py -> /home/wyp/test/robot_learning/week2/topic_ws/build/topic_python/build/lib/topic_python
copying topic_python/novel_pub_node.py -> /home/wyp/test/robot_learning/week2/topic_ws/build/topic_python/build/lib/topic_python
copying topic_python/__init__.py -> /home/wyp/test/robot_learning/week2/topic_ws/build/topic_python/build/lib/topic_python
running install
running install_lib
creating /home/wyp/test/robot_learning/week2/topic_ws/install/topic_python/lib/python3.10/site-packages/topic_python
copying /home/wyp/test/robot_learning/week2/topic_ws/build/topic_python/build/lib/topic_python/novel_sub_node.py -> /home/wyp/test/robot_learning/week2/topic_ws/install/topic_python/lib/python3.10/site-packages/topic_python
copying /home/wyp/test/robot_learning/week2/topic_ws/build/topic_python/build/lib/topic_python/novel_pub_node.py -> /home/wyp/test/robot_learning/week2/topic_ws/install/topic_python/lib/python3.10/site-packages/topic_python
copying /home/wyp/test/robot_learning/week2/topic_ws/build/topic_python/build/lib/topic_python/__init__.py -> /home/wyp/test/robot_learning/week2/topic_ws/install/topic_python/lib/python3.10/site-packages/topic_python
byte-compiling /home/wyp/test/robot_learning/week2/topic_ws/install/topic_python/lib/python3.10/site-packages/topic_python/novel_sub_node.py to novel_sub_node.cpython-310.pyc
byte-compiling /home/wyp/test/robot_learning/week2/topic_ws/install/topic_python/lib/python3.10/site-packages/topic_python/novel_pub_node.py to novel_pub_node.cpython-310.pyc
byte-compiling /home/wyp/test/robot_learning/week2/topic_ws/install/topic_python/lib/python3.10/site-packages/topic_python/__init__.py to __init__.cpython-310.pyc
running install_data
creating /home/wyp/test/robot_learning/week2/topic_ws/install/topic_python/share/ament_index
creating /home/wyp/test/robot_learning/week2/topic_ws/install/topic_python/share/ament_index/resource_index
creating /home/wyp/test/robot_learning/week2/topic_ws/install/topic_python/share/ament_index/resource_index/packages
copying resource/topic_python -> /home/wyp/test/robot_learning/week2/topic_ws/install/topic_python/share/ament_index/resource_index/packages
copying package.xml -> /home/wyp/test/robot_learning/week2/topic_ws/install/topic_python/share/topic_python
running install_egg_info
Copying ../../build/topic_python/topic_python.egg-info to /home/wyp/test/robot_learning/week2/topic_ws/install/topic_python/lib/python3.10/site-packages/topic_python-0.0.0-py3.10.egg-info
running install_scripts
Installing novel_publisher script to /home/wyp/test/robot_learning/week2/topic_ws/install/topic_python/lib/topic_python
Installing novel_subscriber script to /home/wyp/test/robot_learning/week2/topic_ws/install/topic_python/lib/topic_python
writing list of installed files to '/home/wyp/test/robot_learning/week2/topic_ws/build/topic_python/install.log'
