-- The C compiler identification is GNU 11.4.0
-- The CXX compiler identification is GNU 11.4.0
-- Detecting C compiler ABI info
-- Detecting C compiler ABI info - done
-- Check for working C compiler: /usr/bin/cc - skipped
-- Detecting C compile features
-- Detecting C compile features - done
-- Detecting CXX compiler ABI info
-- Detecting CXX compiler ABI info - done
-- Check for working CXX compiler: /usr/bin/c++ - skipped
-- Detecting CXX compile features
-- Detecting CXX compile features - done
-- Found ament_cmake: 1.3.14 (/opt/ros/humble/share/ament_cmake/cmake)
-- Found Python3: /home/wyp/miniconda3/envs/robopy/bin/python3 (found version "3.10.20") found components: Interpreter 
-- Found rosidl_default_generators: 1.2.1 (/opt/ros/humble/share/rosidl_default_generators/cmake)
-- Using all available rosidl_typesupport_c: rosidl_typesupport_fastrtps_c;rosidl_typesupport_introspection_c
-- Found rosidl_adapter: 3.1.8 (/opt/ros/humble/share/rosidl_adapter/cmake)
-- Using all available rosidl_typesupport_cpp: rosidl_typesupport_fastrtps_cpp;rosidl_typesupport_introspection_cpp
-- Found builtin_interfaces: 1.2.2 (/opt/ros/humble/share/builtin_interfaces/cmake)
-- Found ament_cmake_ros: 0.10.0 (/opt/ros/humble/share/ament_cmake_ros/cmake)
-- Using all available rosidl_typesupport_c: rosidl_typesupport_fastrtps_c;rosidl_typesupport_introspection_c
-- Using all available rosidl_typesupport_cpp: rosidl_typesupport_fastrtps_cpp;rosidl_typesupport_introspection_cpp
-- Found PythonInterp: /home/wyp/miniconda3/envs/robopy/bin/python3 (found suitable version "3.10.20", minimum required is "3.6") 
-- Found python_cmake_module: 0.10.0 (/opt/ros/humble/share/python_cmake_module/cmake)
-- Found PythonLibs: /home/wyp/miniconda3/envs/robopy/lib/libpython3.10.so (found suitable version "3.10.20", minimum required is "3.5") 
-- Using PYTHON_EXECUTABLE: /home/wyp/miniconda3/envs/robopy/bin/python3
-- Using PYTHON_INCLUDE_DIRS: /home/wyp/miniconda3/envs/robopy/include/python3.10
-- Using PYTHON_LIBRARIES: /home/wyp/miniconda3/envs/robopy/lib/libpython3.10.so
-- Found PythonExtra: .so  
-- Using numpy include directory: /home/wyp/miniconda3/envs/robopy/lib/python3.10/site-packages/numpy/_core/include
-- Found ament_lint_auto: 0.12.15 (/opt/ros/humble/share/ament_lint_auto/cmake)
-- Added test 'lint_cmake' to check CMake code style
-- Added test 'xmllint' to check XML markup files
-- Configuring done
[33mCMake Warning at /opt/ros/humble/share/rosidl_generator_py/cmake/rosidl_generator_py_generate_interfaces.cmake:166 (add_library):
  Cannot generate a safe runtime search path for target
  status_interfaces__rosidl_generator_py because files in some directories
  may conflict with libraries in implicit directories:

    runtime library [libpython3.10.so.1.0] in /usr/lib/x86_64-linux-gnu may be hidden by files in:
      /home/wyp/miniconda3/envs/robopy/lib

  Some of these libraries may not be found correctly.
Call Stack (most recent call first):
  /opt/ros/humble/share/ament_cmake_core/cmake/core/ament_execute_extensions.cmake:48 (include)
  /opt/ros/humble/share/rosidl_cmake/cmake/rosidl_generate_interfaces.cmake:286 (ament_execute_extensions)
  CMakeLists.txt:13 (rosidl_generate_interfaces)

[0m
[33mCMake Warning at /opt/ros/humble/share/rosidl_generator_py/cmake/rosidl_generator_py_generate_interfaces.cmake:226 (add_library):
  Cannot generate a safe runtime search path for target
  status_interfaces__rosidl_typesupport_fastrtps_c__pyext because files in
  some directories may conflict with libraries in implicit directories:

    runtime library [libpython3.10.so.1.0] in /usr/lib/x86_64-linux-gnu may be hidden by files in:
      /home/wyp/miniconda3/envs/robopy/lib

  Some of these libraries may not be found correctly.
Call Stack (most recent call first):
  /opt/ros/humble/share/ament_cmake_core/cmake/core/ament_execute_extensions.cmake:48 (include)
  /opt/ros/humble/share/rosidl_cmake/cmake/rosidl_generate_interfaces.cmake:286 (ament_execute_extensions)
  CMakeLists.txt:13 (rosidl_generate_interfaces)

[0m
[33mCMake Warning at /opt/ros/humble/share/rosidl_generator_py/cmake/rosidl_generator_py_generate_interfaces.cmake:226 (add_library):
  Cannot generate a safe runtime search path for target
  status_interfaces__rosidl_typesupport_introspection_c__pyext because files
  in some directories may conflict with libraries in implicit directories:

    runtime library [libpython3.10.so.1.0] in /usr/lib/x86_64-linux-gnu may be hidden by files in:
      /home/wyp/miniconda3/envs/robopy/lib

  Some of these libraries may not be found correctly.
Call Stack (most recent call first):
  /opt/ros/humble/share/ament_cmake_core/cmake/core/ament_execute_extensions.cmake:48 (include)
  /opt/ros/humble/share/rosidl_cmake/cmake/rosidl_generate_interfaces.cmake:286 (ament_execute_extensions)
  CMakeLists.txt:13 (rosidl_generate_interfaces)

[0m
[33mCMake Warning at /opt/ros/humble/share/rosidl_generator_py/cmake/rosidl_generator_py_generate_interfaces.cmake:226 (add_library):
  Cannot generate a safe runtime search path for target
  status_interfaces__rosidl_typesupport_c__pyext because files in some
  directories may conflict with libraries in implicit directories:

    runtime library [libpython3.10.so.1.0] in /usr/lib/x86_64-linux-gnu may be hidden by files in:
      /home/wyp/miniconda3/envs/robopy/lib

  Some of these libraries may not be found correctly.
Call Stack (most recent call first):
  /opt/ros/humble/share/ament_cmake_core/cmake/core/ament_execute_extensions.cmake:48 (include)
  /opt/ros/humble/share/rosidl_cmake/cmake/rosidl_generate_interfaces.cmake:286 (ament_execute_extensions)
  CMakeLists.txt:13 (rosidl_generate_interfaces)

[0m
-- Generating done
-- Build files have been written to: /home/wyp/test/robot_learning/week2/practice_ws/build/status_interfaces
[  3%] [34m[1mGenerating C code for ROS interfaces[0m
[  9%] [34m[1mGenerating Rust code for ROS interfaces[0m
[  9%] [34m[1mGenerating C++ code for ROS interfaces[0m
[  9%] Built target ament_cmake_python_copy_status_interfaces
running egg_info
creating status_interfaces.egg-info
writing status_interfaces.egg-info/PKG-INFO
writing dependency_links to status_interfaces.egg-info/dependency_links.txt
writing top-level names to status_interfaces.egg-info/top_level.txt
writing manifest file 'status_interfaces.egg-info/SOURCES.txt'
reading manifest file 'status_interfaces.egg-info/SOURCES.txt'
writing manifest file 'status_interfaces.egg-info/SOURCES.txt'
[  9%] Built target ament_cmake_python_build_status_interfaces_egg
[  9%] Built target status_interfaces__rs
[  9%] Built target status_interfaces__cpp
[ 18%] [34m[1mGenerating C++ introspection for ROS interfaces[0m
[ 18%] [34m[1mGenerating C++ type support for eProsima Fast-RTPS[0m
[ 18%] [34m[1mGenerating C++ type support dispatch for ROS interfaces[0m
[ 21%] [32mBuilding C object CMakeFiles/status_interfaces__rosidl_generator_c.dir/rosidl_generator_c/status_interfaces/msg/detail/systemstatus__functions.c.o[0m
[ 25%] [32m[1mLinking C shared library libstatus_interfaces__rosidl_generator_c.so[0m
[ 25%] Built target status_interfaces__rosidl_generator_c
[ 34%] [34m[1mGenerating C type support for eProsima Fast-RTPS[0m
[ 34%] [34m[1mGenerating C introspection for ROS interfaces[0m
[ 34%] [34m[1mGenerating C type support dispatch for ROS interfaces[0m
[ 37%] [32mBuilding CXX object CMakeFiles/status_interfaces__rosidl_typesupport_cpp.dir/rosidl_typesupport_cpp/status_interfaces/msg/systemstatus__type_support.cpp.o[0m
[ 40%] [32mBuilding CXX object CMakeFiles/status_interfaces__rosidl_typesupport_introspection_cpp.dir/rosidl_typesupport_introspection_cpp/status_interfaces/msg/detail/systemstatus__type_support.cpp.o[0m
[ 43%] [32mBuilding CXX object CMakeFiles/status_interfaces__rosidl_typesupport_fastrtps_cpp.dir/rosidl_typesupport_fastrtps_cpp/status_interfaces/msg/detail/dds_fastrtps/systemstatus__type_support.cpp.o[0m
[ 46%] [32mBuilding C object CMakeFiles/status_interfaces__rosidl_typesupport_introspection_c.dir/rosidl_typesupport_introspection_c/status_interfaces/msg/detail/systemstatus__type_support.c.o[0m
[ 50%] [32mBuilding CXX object CMakeFiles/status_interfaces__rosidl_typesupport_fastrtps_c.dir/rosidl_typesupport_fastrtps_c/status_interfaces/msg/detail/systemstatus__type_support_c.cpp.o[0m
[ 53%] [32m[1mLinking C shared library libstatus_interfaces__rosidl_typesupport_introspection_c.so[0m
[ 53%] Built target status_interfaces__rosidl_typesupport_introspection_c
[ 56%] [32mBuilding CXX object CMakeFiles/status_interfaces__rosidl_typesupport_c.dir/rosidl_typesupport_c/status_interfaces/msg/systemstatus__type_support.cpp.o[0m
[ 59%] [32m[1mLinking CXX shared library libstatus_interfaces__rosidl_typesupport_cpp.so[0m
[ 62%] [32m[1mLinking CXX shared library libstatus_interfaces__rosidl_typesupport_c.so[0m
[ 62%] Built target status_interfaces__rosidl_typesupport_cpp
[ 62%] Built target status_interfaces__rosidl_typesupport_c
[ 65%] [32m[1mLinking CXX shared library libstatus_interfaces__rosidl_typesupport_fastrtps_cpp.so[0m
[ 68%] [32m[1mLinking CXX shared library libstatus_interfaces__rosidl_typesupport_introspection_cpp.so[0m
[ 68%] Built target status_interfaces__rosidl_typesupport_introspection_cpp
[ 71%] [32m[1mLinking CXX shared library libstatus_interfaces__rosidl_typesupport_fastrtps_c.so[0m
[ 71%] Built target status_interfaces__rosidl_typesupport_fastrtps_cpp
[ 71%] Built target status_interfaces__rosidl_typesupport_fastrtps_c
[ 71%] Built target status_interfaces
[ 75%] [34m[1mGenerating Python code for ROS interfaces[0m
[ 75%] Built target status_interfaces__py
[ 78%] [32mBuilding C object CMakeFiles/status_interfaces__rosidl_generator_py.dir/rosidl_generator_py/status_interfaces/msg/_systemstatus_s.c.o[0m
[ 81%] [32m[1mLinking C shared library rosidl_generator_py/status_interfaces/libstatus_interfaces__rosidl_generator_py.so[0m
[ 81%] Built target status_interfaces__rosidl_generator_py
[ 90%] [32mBuilding C object CMakeFiles/status_interfaces__rosidl_typesupport_introspection_c__pyext.dir/rosidl_generator_py/status_interfaces/_status_interfaces_s.ep.rosidl_typesupport_introspection_c.c.o[0m
[ 90%] [32mBuilding C object CMakeFiles/status_interfaces__rosidl_typesupport_fastrtps_c__pyext.dir/rosidl_generator_py/status_interfaces/_status_interfaces_s.ep.rosidl_typesupport_fastrtps_c.c.o[0m
[ 90%] [32mBuilding C object CMakeFiles/status_interfaces__rosidl_typesupport_c__pyext.dir/rosidl_generator_py/status_interfaces/_status_interfaces_s.ep.rosidl_typesupport_c.c.o[0m
[100%] [32m[1mLinking C shared library rosidl_generator_py/status_interfaces/status_interfaces_s__rosidl_typesupport_c.cpython-310-x86_64-linux-gnu.so[0m
[100%] [32m[1mLinking C shared library rosidl_generator_py/status_interfaces/status_interfaces_s__rosidl_typesupport_introspection_c.cpython-310-x86_64-linux-gnu.so[0m
[100%] [32m[1mLinking C shared library rosidl_generator_py/status_interfaces/status_interfaces_s__rosidl_typesupport_fastrtps_c.cpython-310-x86_64-linux-gnu.so[0m
[100%] Built target status_interfaces__rosidl_typesupport_c__pyext
[100%] Built target status_interfaces__rosidl_typesupport_introspection_c__pyext
[100%] Built target status_interfaces__rosidl_typesupport_fastrtps_c__pyext
-- Install configuration: ""
-- Installing: /home/wyp/test/robot_learning/week2/practice_ws/install/status_interfaces/share/ament_index/resource_index/rosidl_interfaces/status_interfaces
-- Installing: /home/wyp/test/robot_learning/week2/practice_ws/install/status_interfaces/include/status_interfaces/status_interfaces
-- Installing: /home/wyp/test/robot_learning/week2/practice_ws/install/status_interfaces/include/status_interfaces/status_interfaces/msg
-- Installing: /home/wyp/test/robot_learning/week2/practice_ws/install/status_interfaces/include/status_interfaces/status_interfaces/msg/systemstatus.h
-- Installing: /home/wyp/test/robot_learning/week2/practice_ws/install/status_interfaces/include/status_interfaces/status_interfaces/msg/rosidl_generator_c__visibility_control.h
-- Installing: /home/wyp/test/robot_learning/week2/practice_ws/install/status_interfaces/include/status_interfaces/status_interfaces/msg/detail
-- Installing: /home/wyp/test/robot_learning/week2/practice_ws/install/status_interfaces/include/status_interfaces/status_interfaces/msg/detail/systemstatus__functions.h
-- Installing: /home/wyp/test/robot_learning/week2/practice_ws/install/status_interfaces/include/status_interfaces/status_interfaces/msg/detail/systemstatus__struct.h
-- Installing: /home/wyp/test/robot_learning/week2/practice_ws/install/status_interfaces/include/status_interfaces/status_interfaces/msg/detail/systemstatus__functions.c
-- Installing: /home/wyp/test/robot_learning/week2/practice_ws/install/status_interfaces/include/status_interfaces/status_interfaces/msg/detail/systemstatus__type_support.h
-- Installing: /home/wyp/test/robot_learning/week2/practice_ws/install/status_interfaces/share/status_interfaces/environment/library_path.sh
-- Installing: /home/wyp/test/robot_learning/week2/practice_ws/install/status_interfaces/share/status_interfaces/environment/library_path.dsv
-- Installing: /home/wyp/test/robot_learning/week2/practice_ws/install/status_interfaces/lib/libstatus_interfaces__rosidl_generator_c.so
-- Set runtime path of "/home/wyp/test/robot_learning/week2/practice_ws/install/status_interfaces/lib/libstatus_interfaces__rosidl_generator_c.so" to ""
-- Up-to-date: /home/wyp/test/robot_learning/week2/practice_ws/install/status_interfaces/include/status_interfaces/status_interfaces
-- Up-to-date: /home/wyp/test/robot_learning/week2/practice_ws/install/status_interfaces/include/status_interfaces/status_interfaces/msg
-- Up-to-date: /home/wyp/test/robot_learning/week2/practice_ws/install/status_interfaces/include/status_interfaces/status_interfaces/msg/detail
-- Installing: /home/wyp/test/robot_learning/week2/practice_ws/install/status_interfaces/include/status_interfaces/status_interfaces/msg/detail/systemstatus__rosidl_typesupport_fastrtps_c.h
-- Installing: /home/wyp/test/robot_learning/week2/practice_ws/install/status_interfaces/include/status_interfaces/status_interfaces/msg/rosidl_typesupport_fastrtps_c__visibility_control.h
-- Installing: /home/wyp/test/robot_learning/week2/practice_ws/install/status_interfaces/lib/libstatus_interfaces__rosidl_typesupport_fastrtps_c.so
-- Set runtime path of "/home/wyp/test/robot_learning/week2/practice_ws/install/status_interfaces/lib/libstatus_interfaces__rosidl_typesupport_fastrtps_c.so" to ""
-- Up-to-date: /home/wyp/test/robot_learning/week2/practice_ws/install/status_interfaces/include/status_interfaces/status_interfaces
-- Up-to-date: /home/wyp/test/robot_learning/week2/practice_ws/install/status_interfaces/include/status_interfaces/status_interfaces/msg
-- Up-to-date: /home/wyp/test/robot_learning/week2/practice_ws/install/status_interfaces/include/status_interfaces/status_interfaces/msg/detail
-- Installing: /home/wyp/test/robot_learning/week2/practice_ws/install/status_interfaces/include/status_interfaces/status_interfaces/msg/detail/systemstatus__type_support.c
-- Installing: /home/wyp/test/robot_learning/week2/practice_ws/install/status_interfaces/include/status_interfaces/status_interfaces/msg/detail/systemstatus__rosidl_typesupport_introspection_c.h
-- Installing: /home/wyp/test/robot_learning/week2/practice_ws/install/status_interfaces/include/status_interfaces/status_interfaces/msg/rosidl_typesupport_introspection_c__visibility_control.h
-- Installing: /home/wyp/test/robot_learning/week2/practice_ws/install/status_interfaces/lib/libstatus_interfaces__rosidl_typesupport_introspection_c.so
-- Set runtime path of "/home/wyp/test/robot_learning/week2/practice_ws/install/status_interfaces/lib/libstatus_interfaces__rosidl_typesupport_introspection_c.so" to ""
-- Installing: /home/wyp/test/robot_learning/week2/practice_ws/install/status_interfaces/lib/libstatus_interfaces__rosidl_typesupport_c.so
-- Set runtime path of "/home/wyp/test/robot_learning/week2/practice_ws/install/status_interfaces/lib/libstatus_interfaces__rosidl_typesupport_c.so" to ""
-- Up-to-date: /home/wyp/test/robot_learning/week2/practice_ws/install/status_interfaces/include/status_interfaces/status_interfaces
-- Up-to-date: /home/wyp/test/robot_learning/week2/practice_ws/install/status_interfaces/include/status_interfaces/status_interfaces/msg
-- Installing: /home/wyp/test/robot_learning/week2/practice_ws/install/status_interfaces/include/status_interfaces/status_interfaces/msg/systemstatus.hpp
-- Up-to-date: /home/wyp/test/robot_learning/week2/practice_ws/install/status_interfaces/include/status_interfaces/status_interfaces/msg/detail
-- Installing: /home/wyp/test/robot_learning/week2/practice_ws/install/status_interfaces/include/status_interfaces/status_interfaces/msg/detail/systemstatus__builder.hpp
-- Installing: /home/wyp/test/robot_learning/week2/practice_ws/install/status_interfaces/include/status_interfaces/status_interfaces/msg/detail/systemstatus__traits.hpp
-- Installing: /home/wyp/test/robot_learning/week2/practice_ws/install/status_interfaces/include/status_interfaces/status_interfaces/msg/detail/systemstatus__type_support.hpp
-- Installing: /home/wyp/test/robot_learning/week2/practice_ws/install/status_interfaces/include/status_interfaces/status_interfaces/msg/detail/systemstatus__struct.hpp
-- Installing: /home/wyp/test/robot_learning/week2/practice_ws/install/status_interfaces/include/status_interfaces/status_interfaces/msg/rosidl_generator_cpp__visibility_control.hpp
-- Up-to-date: /home/wyp/test/robot_learning/week2/practice_ws/install/status_interfaces/include/status_interfaces/status_interfaces
-- Up-to-date: /home/wyp/test/robot_learning/week2/practice_ws/install/status_interfaces/include/status_interfaces/status_interfaces/msg
-- Installing: /home/wyp/test/robot_learning/week2/practice_ws/install/status_interfaces/include/status_interfaces/status_interfaces/msg/rosidl_typesupport_fastrtps_cpp__visibility_control.h
-- Up-to-date: /home/wyp/test/robot_learning/week2/practice_ws/install/status_interfaces/include/status_interfaces/status_interfaces/msg/detail
-- Installing: /home/wyp/test/robot_learning/week2/practice_ws/install/status_interfaces/include/status_interfaces/status_interfaces/msg/detail/systemstatus__rosidl_typesupport_fastrtps_cpp.hpp
-- Installing: /home/wyp/test/robot_learning/week2/practice_ws/install/status_interfaces/include/status_interfaces/status_interfaces/msg/detail/dds_fastrtps
-- Installing: /home/wyp/test/robot_learning/week2/practice_ws/install/status_interfaces/lib/libstatus_interfaces__rosidl_typesupport_fastrtps_cpp.so
-- Set runtime path of "/home/wyp/test/robot_learning/week2/practice_ws/install/status_interfaces/lib/libstatus_interfaces__rosidl_typesupport_fastrtps_cpp.so" to ""
-- Up-to-date: /home/wyp/test/robot_learning/week2/practice_ws/install/status_interfaces/include/status_interfaces/status_interfaces
-- Up-to-date: /home/wyp/test/robot_learning/week2/practice_ws/install/status_interfaces/include/status_interfaces/status_interfaces/msg
-- Up-to-date: /home/wyp/test/robot_learning/week2/practice_ws/install/status_interfaces/include/status_interfaces/status_interfaces/msg/detail
-- Installing: /home/wyp/test/robot_learning/week2/practice_ws/install/status_interfaces/include/status_interfaces/status_interfaces/msg/detail/systemstatus__type_support.cpp
-- Installing: /home/wyp/test/robot_learning/week2/practice_ws/install/status_interfaces/include/status_interfaces/status_interfaces/msg/detail/systemstatus__rosidl_typesupport_introspection_cpp.hpp
-- Installing: /home/wyp/test/robot_learning/week2/practice_ws/install/status_interfaces/lib/libstatus_interfaces__rosidl_typesupport_introspection_cpp.so
-- Set runtime path of "/home/wyp/test/robot_learning/week2/practice_ws/install/status_interfaces/lib/libstatus_interfaces__rosidl_typesupport_introspection_cpp.so" to ""
-- Installing: /home/wyp/test/robot_learning/week2/practice_ws/install/status_interfaces/lib/libstatus_interfaces__rosidl_typesupport_cpp.so
-- Set runtime path of "/home/wyp/test/robot_learning/week2/practice_ws/install/status_interfaces/lib/libstatus_interfaces__rosidl_typesupport_cpp.so" to ""
-- Installing: /home/wyp/test/robot_learning/week2/practice_ws/install/status_interfaces/share/status_interfaces/environment/pythonpath.sh
-- Installing: /home/wyp/test/robot_learning/week2/practice_ws/install/status_interfaces/share/status_interfaces/environment/pythonpath.dsv
-- Installing: /home/wyp/test/robot_learning/week2/practice_ws/install/status_interfaces/lib/python3.10/site-packages/status_interfaces-0.0.0-py3.10.egg-info
-- Installing: /home/wyp/test/robot_learning/week2/practice_ws/install/status_interfaces/lib/python3.10/site-packages/status_interfaces-0.0.0-py3.10.egg-info/top_level.txt
-- Installing: /home/wyp/test/robot_learning/week2/practice_ws/install/status_interfaces/lib/python3.10/site-packages/status_interfaces-0.0.0-py3.10.egg-info/PKG-INFO
-- Installing: /home/wyp/test/robot_learning/week2/practice_ws/install/status_interfaces/lib/python3.10/site-packages/status_interfaces-0.0.0-py3.10.egg-info/dependency_links.txt
-- Installing: /home/wyp/test/robot_learning/week2/practice_ws/install/status_interfaces/lib/python3.10/site-packages/status_interfaces-0.0.0-py3.10.egg-info/SOURCES.txt
-- Installing: /home/wyp/test/robot_learning/week2/practice_ws/install/status_interfaces/lib/python3.10/site-packages/status_interfaces
-- Installing: /home/wyp/test/robot_learning/week2/practice_ws/install/status_interfaces/lib/python3.10/site-packages/status_interfaces/libstatus_interfaces__rosidl_generator_py.so
-- Installing: /home/wyp/test/robot_learning/week2/practice_ws/install/status_interfaces/lib/python3.10/site-packages/status_interfaces/_status_interfaces_s.ep.rosidl_typesupport_c.c
-- Installing: /home/wyp/test/robot_learning/week2/practice_ws/install/status_interfaces/lib/python3.10/site-packages/status_interfaces/status_interfaces_s__rosidl_typesupport_introspection_c.cpython-310-x86_64-linux-gnu.so
-- Installing: /home/wyp/test/robot_learning/week2/practice_ws/install/status_interfaces/lib/python3.10/site-packages/status_interfaces/_status_interfaces_s.ep.rosidl_typesupport_fastrtps_c.c
-- Installing: /home/wyp/test/robot_learning/week2/practice_ws/install/status_interfaces/lib/python3.10/site-packages/status_interfaces/status_interfaces_s__rosidl_typesupport_c.cpython-310-x86_64-linux-gnu.so
-- Installing: /home/wyp/test/robot_learning/week2/practice_ws/install/status_interfaces/lib/python3.10/site-packages/status_interfaces/_status_interfaces_s.ep.rosidl_typesupport_introspection_c.c
-- Installing: /home/wyp/test/robot_learning/week2/practice_ws/install/status_interfaces/lib/python3.10/site-packages/status_interfaces/msg
-- Installing: /home/wyp/test/robot_learning/week2/practice_ws/install/status_interfaces/lib/python3.10/site-packages/status_interfaces/msg/_systemstatus_s.c
-- Installing: /home/wyp/test/robot_learning/week2/practice_ws/install/status_interfaces/lib/python3.10/site-packages/status_interfaces/msg/_systemstatus.py
-- Installing: /home/wyp/test/robot_learning/week2/practice_ws/install/status_interfaces/lib/python3.10/site-packages/status_interfaces/msg/__init__.py
-- Installing: /home/wyp/test/robot_learning/week2/practice_ws/install/status_interfaces/lib/python3.10/site-packages/status_interfaces/status_interfaces_s__rosidl_typesupport_fastrtps_c.cpython-310-x86_64-linux-gnu.so
-- Installing: /home/wyp/test/robot_learning/week2/practice_ws/install/status_interfaces/lib/python3.10/site-packages/status_interfaces/__init__.py
Listing '/home/wyp/test/robot_learning/week2/practice_ws/install/status_interfaces/lib/python3.10/site-packages/status_interfaces'...
Compiling '/home/wyp/test/robot_learning/week2/practice_ws/install/status_interfaces/lib/python3.10/site-packages/status_interfaces/__init__.py'...
Listing '/home/wyp/test/robot_learning/week2/practice_ws/install/status_interfaces/lib/python3.10/site-packages/status_interfaces/msg'...
Compiling '/home/wyp/test/robot_learning/week2/practice_ws/install/status_interfaces/lib/python3.10/site-packages/status_interfaces/msg/__init__.py'...
Compiling '/home/wyp/test/robot_learning/week2/practice_ws/install/status_interfaces/lib/python3.10/site-packages/status_interfaces/msg/_systemstatus.py'...
-- Installing: /home/wyp/test/robot_learning/week2/practice_ws/install/status_interfaces/lib/python3.10/site-packages/status_interfaces/status_interfaces_s__rosidl_typesupport_fastrtps_c.cpython-310-x86_64-linux-gnu.so
-- Set runtime path of "/home/wyp/test/robot_learning/week2/practice_ws/install/status_interfaces/lib/python3.10/site-packages/status_interfaces/status_interfaces_s__rosidl_typesupport_fastrtps_c.cpython-310-x86_64-linux-gnu.so" to ""
-- Installing: /home/wyp/test/robot_learning/week2/practice_ws/install/status_interfaces/lib/python3.10/site-packages/status_interfaces/status_interfaces_s__rosidl_typesupport_introspection_c.cpython-310-x86_64-linux-gnu.so
-- Set runtime path of "/home/wyp/test/robot_learning/week2/practice_ws/install/status_interfaces/lib/python3.10/site-packages/status_interfaces/status_interfaces_s__rosidl_typesupport_introspection_c.cpython-310-x86_64-linux-gnu.so" to ""
-- Installing: /home/wyp/test/robot_learning/week2/practice_ws/install/status_interfaces/lib/python3.10/site-packages/status_interfaces/status_interfaces_s__rosidl_typesupport_c.cpython-310-x86_64-linux-gnu.so
-- Set runtime path of "/home/wyp/test/robot_learning/week2/practice_ws/install/status_interfaces/lib/python3.10/site-packages/status_interfaces/status_interfaces_s__rosidl_typesupport_c.cpython-310-x86_64-linux-gnu.so" to ""
-- Installing: /home/wyp/test/robot_learning/week2/practice_ws/install/status_interfaces/lib/libstatus_interfaces__rosidl_generator_py.so
-- Set runtime path of "/home/wyp/test/robot_learning/week2/practice_ws/install/status_interfaces/lib/libstatus_interfaces__rosidl_generator_py.so" to ""
-- Installing: /home/wyp/test/robot_learning/week2/practice_ws/install/status_interfaces/share/ament_index/resource_index/rust_packages/status_interfaces
-- Installing: /home/wyp/test/robot_learning/week2/practice_ws/install/status_interfaces/share/status_interfaces/rust
-- Installing: /home/wyp/test/robot_learning/week2/practice_ws/install/status_interfaces/share/status_interfaces/rust/Cargo.toml
-- Installing: /home/wyp/test/robot_learning/week2/practice_ws/install/status_interfaces/share/status_interfaces/rust/src
-- Installing: /home/wyp/test/robot_learning/week2/practice_ws/install/status_interfaces/share/status_interfaces/rust/src/msg.rs
-- Installing: /home/wyp/test/robot_learning/week2/practice_ws/install/status_interfaces/share/status_interfaces/rust/src/lib.rs
-- Installing: /home/wyp/test/robot_learning/week2/practice_ws/install/status_interfaces/share/status_interfaces/rust/src/msg
-- Installing: /home/wyp/test/robot_learning/week2/practice_ws/install/status_interfaces/share/status_interfaces/rust/src/msg/rmw.rs
-- Installing: /home/wyp/test/robot_learning/week2/practice_ws/install/status_interfaces/share/status_interfaces/rust/build.rs
-- Installing: /home/wyp/test/robot_learning/week2/practice_ws/install/status_interfaces/share/status_interfaces/msg/Systemstatus.idl
-- Installing: /home/wyp/test/robot_learning/week2/practice_ws/install/status_interfaces/share/status_interfaces/msg/Systemstatus.msg
-- Installing: /home/wyp/test/robot_learning/week2/practice_ws/install/status_interfaces/share/ament_index/resource_index/package_run_dependencies/status_interfaces
-- Installing: /home/wyp/test/robot_learning/week2/practice_ws/install/status_interfaces/share/ament_index/resource_index/parent_prefix_path/status_interfaces
-- Installing: /home/wyp/test/robot_learning/week2/practice_ws/install/status_interfaces/share/status_interfaces/environment/ament_prefix_path.sh
-- Installing: /home/wyp/test/robot_learning/week2/practice_ws/install/status_interfaces/share/status_interfaces/environment/ament_prefix_path.dsv
-- Installing: /home/wyp/test/robot_learning/week2/practice_ws/install/status_interfaces/share/status_interfaces/environment/path.sh
-- Installing: /home/wyp/test/robot_learning/week2/practice_ws/install/status_interfaces/share/status_interfaces/environment/path.dsv
-- Installing: /home/wyp/test/robot_learning/week2/practice_ws/install/status_interfaces/share/status_interfaces/local_setup.bash
-- Installing: /home/wyp/test/robot_learning/week2/practice_ws/install/status_interfaces/share/status_interfaces/local_setup.sh
-- Installing: /home/wyp/test/robot_learning/week2/practice_ws/install/status_interfaces/share/status_interfaces/local_setup.zsh
-- Installing: /home/wyp/test/robot_learning/week2/practice_ws/install/status_interfaces/share/status_interfaces/local_setup.dsv
-- Installing: /home/wyp/test/robot_learning/week2/practice_ws/install/status_interfaces/share/status_interfaces/package.dsv
-- Installing: /home/wyp/test/robot_learning/week2/practice_ws/install/status_interfaces/share/ament_index/resource_index/packages/status_interfaces
-- Installing: /home/wyp/test/robot_learning/week2/practice_ws/install/status_interfaces/share/status_interfaces/cmake/export_status_interfaces__rosidl_generator_cExport.cmake
-- Installing: /home/wyp/test/robot_learning/week2/practice_ws/install/status_interfaces/share/status_interfaces/cmake/export_status_interfaces__rosidl_generator_cExport-noconfig.cmake
-- Installing: /home/wyp/test/robot_learning/week2/practice_ws/install/status_interfaces/share/status_interfaces/cmake/export_status_interfaces__rosidl_typesupport_fastrtps_cExport.cmake
-- Installing: /home/wyp/test/robot_learning/week2/practice_ws/install/status_interfaces/share/status_interfaces/cmake/export_status_interfaces__rosidl_typesupport_fastrtps_cExport-noconfig.cmake
-- Installing: /home/wyp/test/robot_learning/week2/practice_ws/install/status_interfaces/share/status_interfaces/cmake/status_interfaces__rosidl_typesupport_introspection_cExport.cmake
-- Installing: /home/wyp/test/robot_learning/week2/practice_ws/install/status_interfaces/share/status_interfaces/cmake/status_interfaces__rosidl_typesupport_introspection_cExport-noconfig.cmake
-- Installing: /home/wyp/test/robot_learning/week2/practice_ws/install/status_interfaces/share/status_interfaces/cmake/status_interfaces__rosidl_typesupport_cExport.cmake
-- Installing: /home/wyp/test/robot_learning/week2/practice_ws/install/status_interfaces/share/status_interfaces/cmake/status_interfaces__rosidl_typesupport_cExport-noconfig.cmake
-- Installing: /home/wyp/test/robot_learning/week2/practice_ws/install/status_interfaces/share/status_interfaces/cmake/export_status_interfaces__rosidl_generator_cppExport.cmake
-- Installing: /home/wyp/test/robot_learning/week2/practice_ws/install/status_interfaces/share/status_interfaces/cmake/export_status_interfaces__rosidl_typesupport_fastrtps_cppExport.cmake
-- Installing: /home/wyp/test/robot_learning/week2/practice_ws/install/status_interfaces/share/status_interfaces/cmake/export_status_interfaces__rosidl_typesupport_fastrtps_cppExport-noconfig.cmake
-- Installing: /home/wyp/test/robot_learning/week2/practice_ws/install/status_interfaces/share/status_interfaces/cmake/status_interfaces__rosidl_typesupport_introspection_cppExport.cmake
-- Installing: /home/wyp/test/robot_learning/week2/practice_ws/install/status_interfaces/share/status_interfaces/cmake/status_interfaces__rosidl_typesupport_introspection_cppExport-noconfig.cmake
-- Installing: /home/wyp/test/robot_learning/week2/practice_ws/install/status_interfaces/share/status_interfaces/cmake/status_interfaces__rosidl_typesupport_cppExport.cmake
-- Installing: /home/wyp/test/robot_learning/week2/practice_ws/install/status_interfaces/share/status_interfaces/cmake/status_interfaces__rosidl_typesupport_cppExport-noconfig.cmake
-- Installing: /home/wyp/test/robot_learning/week2/practice_ws/install/status_interfaces/share/status_interfaces/cmake/export_status_interfaces__rosidl_generator_pyExport.cmake
-- Installing: /home/wyp/test/robot_learning/week2/practice_ws/install/status_interfaces/share/status_interfaces/cmake/export_status_interfaces__rosidl_generator_pyExport-noconfig.cmake
-- Installing: /home/wyp/test/robot_learning/week2/practice_ws/install/status_interfaces/share/status_interfaces/cmake/rosidl_cmake-extras.cmake
-- Installing: /home/wyp/test/robot_learning/week2/practice_ws/install/status_interfaces/share/status_interfaces/cmake/ament_cmake_export_dependencies-extras.cmake
-- Installing: /home/wyp/test/robot_learning/week2/practice_ws/install/status_interfaces/share/status_interfaces/cmake/ament_cmake_export_include_directories-extras.cmake
-- Installing: /home/wyp/test/robot_learning/week2/practice_ws/install/status_interfaces/share/status_interfaces/cmake/ament_cmake_export_libraries-extras.cmake
-- Installing: /home/wyp/test/robot_learning/week2/practice_ws/install/status_interfaces/share/status_interfaces/cmake/ament_cmake_export_targets-extras.cmake
-- Installing: /home/wyp/test/robot_learning/week2/practice_ws/install/status_interfaces/share/status_interfaces/cmake/rosidl_cmake_export_typesupport_targets-extras.cmake
-- Installing: /home/wyp/test/robot_learning/week2/practice_ws/install/status_interfaces/share/status_interfaces/cmake/rosidl_cmake_export_typesupport_libraries-extras.cmake
-- Installing: /home/wyp/test/robot_learning/week2/practice_ws/install/status_interfaces/share/status_interfaces/cmake/status_interfacesConfig.cmake
-- Installing: /home/wyp/test/robot_learning/week2/practice_ws/install/status_interfaces/share/status_interfaces/cmake/status_interfacesConfig-version.cmake
-- Installing: /home/wyp/test/robot_learning/week2/practice_ws/install/status_interfaces/share/status_interfaces/package.xml
