[0.009s] Invoking command in '/home/wyp/test/robot_learning/week2/sev_ws/build/detect_interfaces': CMAKE_PREFIX_PATH=${CMAKE_PREFIX_PATH}:/home/wyp/test/robot_learning/week2/sev_ws/install/py_service:/opt/ros/humble CONDA_PROMPT_MODIFIER=(robopy) /usr/bin/cmake /home/wyp/test/robot_learning/week2/sev_ws/src/detect_interfaces -DCMAKE_INSTALL_PREFIX=/home/wyp/test/robot_learning/week2/sev_ws/install/detect_interfaces
[0.059s] -- The C compiler identification is GNU 11.4.0
[0.107s] -- The CXX compiler identification is GNU 11.4.0
[0.113s] -- Detecting C compiler ABI info
[0.171s] -- Detecting C compiler ABI info - done
[0.176s] -- Check for working C compiler: /usr/bin/cc - skipped
[0.177s] -- Detecting C compile features
[0.177s] -- Detecting C compile features - done
[0.179s] -- Detecting CXX compiler ABI info
[0.246s] -- Detecting CXX compiler ABI info - done
[0.251s] -- Check for working CXX compiler: /usr/bin/c++ - skipped
[0.252s] -- Detecting CXX compile features
[0.252s] -- Detecting CXX compile features - done
[0.254s] -- Found ament_cmake: 1.3.14 (/opt/ros/humble/share/ament_cmake/cmake)
[0.526s] -- Found Python3: /home/wyp/miniconda3/envs/robopy/bin/python3 (found version "3.10.20") found components: Interpreter 
[0.593s] -- Found rosidl_default_generators: 1.2.1 (/opt/ros/humble/share/rosidl_default_generators/cmake)
[0.595s] -- Using all available rosidl_typesupport_c: rosidl_typesupport_fastrtps_c;rosidl_typesupport_introspection_c
[0.599s] -- Found rosidl_adapter: 3.1.8 (/opt/ros/humble/share/rosidl_adapter/cmake)
[0.628s] -- Using all available rosidl_typesupport_cpp: rosidl_typesupport_fastrtps_cpp;rosidl_typesupport_introspection_cpp
[0.654s] -- Found sensor_msgs: 4.9.1 (/opt/ros/humble/share/sensor_msgs/cmake)
[0.928s] -- Found ament_cmake_ros: 0.10.0 (/opt/ros/humble/share/ament_cmake_ros/cmake)
[1.133s] -- Using all available rosidl_typesupport_c: rosidl_typesupport_fastrtps_c;rosidl_typesupport_introspection_c
[1.399s] -- Using all available rosidl_typesupport_cpp: rosidl_typesupport_fastrtps_cpp;rosidl_typesupport_introspection_cpp
[1.413s] -- Found PythonInterp: /home/wyp/miniconda3/envs/robopy/bin/python3 (found suitable version "3.10.20", minimum required is "3.6") 
[1.414s] -- Found python_cmake_module: 0.10.0 (/opt/ros/humble/share/python_cmake_module/cmake)
[1.429s] -- Found PythonLibs: /home/wyp/miniconda3/envs/robopy/lib/libpython3.10.so (found suitable version "3.10.20", minimum required is "3.5") 
[1.429s] -- Using PYTHON_EXECUTABLE: /home/wyp/miniconda3/envs/robopy/bin/python3
[1.429s] -- Using PYTHON_INCLUDE_DIRS: /home/wyp/miniconda3/envs/robopy/include/python3.10
[1.429s] -- Using PYTHON_LIBRARIES: /home/wyp/miniconda3/envs/robopy/lib/libpython3.10.so
[1.442s] -- Found PythonExtra: .so  
[1.587s] -- Using numpy include directory: /home/wyp/miniconda3/envs/robopy/lib/python3.10/site-packages/numpy/core/include
[1.664s] -- Found ament_lint_auto: 0.12.15 (/opt/ros/humble/share/ament_lint_auto/cmake)
[1.678s] -- Added test 'lint_cmake' to check CMake code style
[1.679s] -- Added test 'xmllint' to check XML markup files
[1.682s] -- Configuring done
[1.702s] [33mCMake Warning at /opt/ros/humble/share/rosidl_generator_py/cmake/rosidl_generator_py_generate_interfaces.cmake:166 (add_library):
[1.702s]   Cannot generate a safe runtime search path for target
[1.702s]   detect_interfaces__rosidl_generator_py because files in some directories
[1.703s]   may conflict with libraries in implicit directories:
[1.703s] 
[1.703s]     runtime library [libpython3.10.so.1.0] in /usr/lib/x86_64-linux-gnu may be hidden by files in:
[1.703s]       /home/wyp/miniconda3/envs/robopy/lib
[1.703s] 
[1.703s]   Some of these libraries may not be found correctly.
[1.703s] Call Stack (most recent call first):
[1.703s]   /opt/ros/humble/share/ament_cmake_core/cmake/core/ament_execute_extensions.cmake:48 (include)
[1.703s]   /opt/ros/humble/share/rosidl_cmake/cmake/rosidl_generate_interfaces.cmake:286 (ament_execute_extensions)
[1.703s]   CMakeLists.txt:13 (rosidl_generate_interfaces)
[1.703s] 
[1.703s] [0m
[1.705s] [33mCMake Warning at /opt/ros/humble/share/rosidl_generator_py/cmake/rosidl_generator_py_generate_interfaces.cmake:226 (add_library):
[1.705s]   Cannot generate a safe runtime search path for target
[1.705s]   detect_interfaces__rosidl_typesupport_fastrtps_c__pyext because files in
[1.705s]   some directories may conflict with libraries in implicit directories:
[1.705s] 
[1.705s]     runtime library [libpython3.10.so.1.0] in /usr/lib/x86_64-linux-gnu may be hidden by files in:
[1.705s]       /home/wyp/miniconda3/envs/robopy/lib
[1.705s] 
[1.705s]   Some of these libraries may not be found correctly.
[1.705s] Call Stack (most recent call first):
[1.705s]   /opt/ros/humble/share/ament_cmake_core/cmake/core/ament_execute_extensions.cmake:48 (include)
[1.705s]   /opt/ros/humble/share/rosidl_cmake/cmake/rosidl_generate_interfaces.cmake:286 (ament_execute_extensions)
[1.705s]   CMakeLists.txt:13 (rosidl_generate_interfaces)
[1.705s] 
[1.706s] [0m
[1.707s] [33mCMake Warning at /opt/ros/humble/share/rosidl_generator_py/cmake/rosidl_generator_py_generate_interfaces.cmake:226 (add_library):
[1.707s]   Cannot generate a safe runtime search path for target
[1.707s]   detect_interfaces__rosidl_typesupport_introspection_c__pyext because files
[1.707s]   in some directories may conflict with libraries in implicit directories:
[1.707s] 
[1.708s]     runtime library [libpython3.10.so.1.0] in /usr/lib/x86_64-linux-gnu may be hidden by files in:
[1.708s]       /home/wyp/miniconda3/envs/robopy/lib
[1.708s] 
[1.708s]   Some of these libraries may not be found correctly.
[1.708s] Call Stack (most recent call first):
[1.708s]   /opt/ros/humble/share/ament_cmake_core/cmake/core/ament_execute_extensions.cmake:48 (include)
[1.708s]   /opt/ros/humble/share/rosidl_cmake/cmake/rosidl_generate_interfaces.cmake:286 (ament_execute_extensions)
[1.708s]   CMakeLists.txt:13 (rosidl_generate_interfaces)
[1.708s] 
[1.708s] [0m
[1.710s] [33mCMake Warning at /opt/ros/humble/share/rosidl_generator_py/cmake/rosidl_generator_py_generate_interfaces.cmake:226 (add_library):
[1.710s]   Cannot generate a safe runtime search path for target
[1.710s]   detect_interfaces__rosidl_typesupport_c__pyext because files in some
[1.710s]   directories may conflict with libraries in implicit directories:
[1.710s] 
[1.710s]     runtime library [libpython3.10.so.1.0] in /usr/lib/x86_64-linux-gnu may be hidden by files in:
[1.710s]       /home/wyp/miniconda3/envs/robopy/lib
[1.710s] 
[1.710s]   Some of these libraries may not be found correctly.
[1.710s] Call Stack (most recent call first):
[1.711s]   /opt/ros/humble/share/ament_cmake_core/cmake/core/ament_execute_extensions.cmake:48 (include)
[1.711s]   /opt/ros/humble/share/rosidl_cmake/cmake/rosidl_generate_interfaces.cmake:286 (ament_execute_extensions)
[1.711s]   CMakeLists.txt:13 (rosidl_generate_interfaces)
[1.711s] 
[1.711s] [0m
[1.716s] -- Generating done
[1.727s] -- Build files have been written to: /home/wyp/test/robot_learning/week2/sev_ws/build/detect_interfaces
[1.737s] Invoked command in '/home/wyp/test/robot_learning/week2/sev_ws/build/detect_interfaces' returned '0': CMAKE_PREFIX_PATH=${CMAKE_PREFIX_PATH}:/home/wyp/test/robot_learning/week2/sev_ws/install/py_service:/opt/ros/humble CONDA_PROMPT_MODIFIER=(robopy) /usr/bin/cmake /home/wyp/test/robot_learning/week2/sev_ws/src/detect_interfaces -DCMAKE_INSTALL_PREFIX=/home/wyp/test/robot_learning/week2/sev_ws/install/detect_interfaces
[1.738s] Invoking command in '/home/wyp/test/robot_learning/week2/sev_ws/build/detect_interfaces': CMAKE_PREFIX_PATH=${CMAKE_PREFIX_PATH}:/home/wyp/test/robot_learning/week2/sev_ws/install/py_service:/opt/ros/humble CONDA_PROMPT_MODIFIER=(robopy) /usr/bin/cmake --build /home/wyp/test/robot_learning/week2/sev_ws/build/detect_interfaces -- -j12 -l12
[1.775s] [  3%] [34m[1mGenerating C code for ROS interfaces[0m
[1.784s] [  9%] [34m[1mGenerating C++ code for ROS interfaces[0m
[1.784s] [  9%] [34m[1mGenerating Rust code for ROS interfaces[0m
[1.792s] [  9%] Built target ament_cmake_python_copy_detect_interfaces
[1.976s] running egg_info
[1.994s] creating detect_interfaces.egg-info
[1.994s] writing detect_interfaces.egg-info/PKG-INFO
[1.994s] writing dependency_links to detect_interfaces.egg-info/dependency_links.txt
[1.995s] writing top-level names to detect_interfaces.egg-info/top_level.txt
[1.995s] writing manifest file 'detect_interfaces.egg-info/SOURCES.txt'
[2.038s] [  9%] Built target detect_interfaces__rs
[2.045s] reading manifest file 'detect_interfaces.egg-info/SOURCES.txt'
[2.046s] writing manifest file 'detect_interfaces.egg-info/SOURCES.txt'
[2.075s] [  9%] Built target detect_interfaces__cpp
[2.082s] [ 12%] [32mBuilding C object CMakeFiles/detect_interfaces__rosidl_generator_c.dir/rosidl_generator_c/detect_interfaces/srv/detail/face_detector__functions.c.o[0m
[2.086s] [ 15%] [34m[1mGenerating C++ type support dispatch for ROS interfaces[0m
[2.086s] [ 18%] [34m[1mGenerating C++ introspection for ROS interfaces[0m
[2.089s] [ 21%] [34m[1mGenerating C++ type support for eProsima Fast-RTPS[0m
[2.094s] [ 21%] Built target ament_cmake_python_build_detect_interfaces_egg
[2.137s] [ 25%] [32m[1mLinking C shared library libdetect_interfaces__rosidl_generator_c.so[0m
[2.173s] [ 25%] Built target detect_interfaces__rosidl_generator_c
[2.184s] [ 31%] [34m[1mGenerating C introspection for ROS interfaces[0m
[2.184s] [ 31%] [34m[1mGenerating C type support for eProsima Fast-RTPS[0m
[2.185s] [ 34%] [34m[1mGenerating C type support dispatch for ROS interfaces[0m
[2.321s] [ 37%] [32mBuilding CXX object CMakeFiles/detect_interfaces__rosidl_typesupport_cpp.dir/rosidl_typesupport_cpp/detect_interfaces/srv/face_detector__type_support.cpp.o[0m
[2.363s] [ 40%] [32mBuilding CXX object CMakeFiles/detect_interfaces__rosidl_typesupport_introspection_cpp.dir/rosidl_typesupport_introspection_cpp/detect_interfaces/srv/detail/face_detector__type_support.cpp.o[0m
[2.396s] [ 43%] [32mBuilding CXX object CMakeFiles/detect_interfaces__rosidl_typesupport_fastrtps_cpp.dir/rosidl_typesupport_fastrtps_cpp/detect_interfaces/srv/detail/dds_fastrtps/face_detector__type_support.cpp.o[0m
[2.503s] [ 46%] [32mBuilding CXX object CMakeFiles/detect_interfaces__rosidl_typesupport_c.dir/rosidl_typesupport_c/detect_interfaces/srv/face_detector__type_support.cpp.o[0m
[2.513s] [ 53%] [32mBuilding C object CMakeFiles/detect_interfaces__rosidl_typesupport_introspection_c.dir/rosidl_typesupport_introspection_c/detect_interfaces/srv/detail/face_detector__type_support.c.o[0m
[2.513s] [ 53%] [32mBuilding CXX object CMakeFiles/detect_interfaces__rosidl_typesupport_fastrtps_c.dir/rosidl_typesupport_fastrtps_c/detect_interfaces/srv/detail/face_detector__type_support_c.cpp.o[0m
[2.537s] [ 56%] [32m[1mLinking CXX shared library libdetect_interfaces__rosidl_typesupport_c.so[0m
[2.558s] [ 59%] [32m[1mLinking C shared library libdetect_interfaces__rosidl_typesupport_introspection_c.so[0m
[2.579s] [ 62%] [32m[1mLinking CXX shared library libdetect_interfaces__rosidl_typesupport_cpp.so[0m
[2.580s] [ 62%] Built target detect_interfaces__rosidl_typesupport_c
[2.591s] [ 62%] Built target detect_interfaces__rosidl_typesupport_introspection_c
[2.620s] [ 62%] Built target detect_interfaces__rosidl_typesupport_cpp
[2.745s] [ 65%] [32m[1mLinking CXX shared library libdetect_interfaces__rosidl_typesupport_introspection_cpp.so[0m
[2.786s] [ 68%] [32m[1mLinking CXX shared library libdetect_interfaces__rosidl_typesupport_fastrtps_cpp.so[0m
[2.798s] [ 71%] [32m[1mLinking CXX shared library libdetect_interfaces__rosidl_typesupport_fastrtps_c.so[0m
[2.812s] [ 71%] Built target detect_interfaces__rosidl_typesupport_introspection_cpp
[2.862s] [ 71%] Built target detect_interfaces__rosidl_typesupport_fastrtps_cpp
[2.867s] [ 71%] Built target detect_interfaces__rosidl_typesupport_fastrtps_c
[2.884s] [ 71%] Built target detect_interfaces
[2.902s] [ 75%] [34m[1mGenerating Python code for ROS interfaces[0m
[3.233s] [ 75%] Built target detect_interfaces__py
[3.250s] [ 78%] [32mBuilding C object CMakeFiles/detect_interfaces__rosidl_generator_py.dir/rosidl_generator_py/detect_interfaces/srv/_face_detector_s.c.o[0m
[3.349s] [ 81%] [32m[1mLinking C shared library rosidl_generator_py/detect_interfaces/libdetect_interfaces__rosidl_generator_py.so[0m
[3.386s] [ 81%] Built target detect_interfaces__rosidl_generator_py
[3.404s] [ 90%] [32mBuilding C object CMakeFiles/detect_interfaces__rosidl_typesupport_introspection_c__pyext.dir/rosidl_generator_py/detect_interfaces/_detect_interfaces_s.ep.rosidl_typesupport_introspection_c.c.o[0m
[3.404s] [ 90%] [32mBuilding C object CMakeFiles/detect_interfaces__rosidl_typesupport_fastrtps_c__pyext.dir/rosidl_generator_py/detect_interfaces/_detect_interfaces_s.ep.rosidl_typesupport_fastrtps_c.c.o[0m
[3.404s] [ 90%] [32mBuilding C object CMakeFiles/detect_interfaces__rosidl_typesupport_c__pyext.dir/rosidl_generator_py/detect_interfaces/_detect_interfaces_s.ep.rosidl_typesupport_c.c.o[0m
[3.486s] [ 96%] [32m[1mLinking C shared library rosidl_generator_py/detect_interfaces/detect_interfaces_s__rosidl_typesupport_c.cpython-310-x86_64-linux-gnu.so[0m
[3.486s] [ 96%] [32m[1mLinking C shared library rosidl_generator_py/detect_interfaces/detect_interfaces_s__rosidl_typesupport_fastrtps_c.cpython-310-x86_64-linux-gnu.so[0m
[3.487s] [100%] [32m[1mLinking C shared library rosidl_generator_py/detect_interfaces/detect_interfaces_s__rosidl_typesupport_introspection_c.cpython-310-x86_64-linux-gnu.so[0m
[3.525s] [100%] Built target detect_interfaces__rosidl_typesupport_c__pyext
[3.526s] [100%] Built target detect_interfaces__rosidl_typesupport_fastrtps_c__pyext
[3.526s] [100%] Built target detect_interfaces__rosidl_typesupport_introspection_c__pyext
[3.538s] Invoked command in '/home/wyp/test/robot_learning/week2/sev_ws/build/detect_interfaces' returned '0': CMAKE_PREFIX_PATH=${CMAKE_PREFIX_PATH}:/home/wyp/test/robot_learning/week2/sev_ws/install/py_service:/opt/ros/humble CONDA_PROMPT_MODIFIER=(robopy) /usr/bin/cmake --build /home/wyp/test/robot_learning/week2/sev_ws/build/detect_interfaces -- -j12 -l12
[3.547s] Invoking command in '/home/wyp/test/robot_learning/week2/sev_ws/build/detect_interfaces': CMAKE_PREFIX_PATH=${CMAKE_PREFIX_PATH}:/home/wyp/test/robot_learning/week2/sev_ws/install/py_service:/opt/ros/humble CONDA_PROMPT_MODIFIER=(robopy) /usr/bin/cmake --install /home/wyp/test/robot_learning/week2/sev_ws/build/detect_interfaces
[3.553s] -- Install configuration: ""
[3.554s] -- Installing: /home/wyp/test/robot_learning/week2/sev_ws/install/detect_interfaces/share/ament_index/resource_index/rosidl_interfaces/detect_interfaces
[3.554s] -- Installing: /home/wyp/test/robot_learning/week2/sev_ws/install/detect_interfaces/include/detect_interfaces/detect_interfaces
[3.554s] -- Installing: /home/wyp/test/robot_learning/week2/sev_ws/install/detect_interfaces/include/detect_interfaces/detect_interfaces/srv
[3.554s] -- Installing: /home/wyp/test/robot_learning/week2/sev_ws/install/detect_interfaces/include/detect_interfaces/detect_interfaces/srv/detail
[3.554s] -- Installing: /home/wyp/test/robot_learning/week2/sev_ws/install/detect_interfaces/include/detect_interfaces/detect_interfaces/srv/detail/face_detector__functions.h
[3.555s] -- Installing: /home/wyp/test/robot_learning/week2/sev_ws/install/detect_interfaces/include/detect_interfaces/detect_interfaces/srv/detail/face_detector__type_support.h
[3.555s] -- Installing: /home/wyp/test/robot_learning/week2/sev_ws/install/detect_interfaces/include/detect_interfaces/detect_interfaces/srv/detail/face_detector__struct.h
[3.555s] -- Installing: /home/wyp/test/robot_learning/week2/sev_ws/install/detect_interfaces/include/detect_interfaces/detect_interfaces/srv/detail/face_detector__functions.c
[3.555s] -- Installing: /home/wyp/test/robot_learning/week2/sev_ws/install/detect_interfaces/include/detect_interfaces/detect_interfaces/srv/face_detector.h
[3.555s] -- Installing: /home/wyp/test/robot_learning/week2/sev_ws/install/detect_interfaces/include/detect_interfaces/detect_interfaces/msg
[3.555s] -- Installing: /home/wyp/test/robot_learning/week2/sev_ws/install/detect_interfaces/include/detect_interfaces/detect_interfaces/msg/rosidl_generator_c__visibility_control.h
[3.556s] -- Installing: /home/wyp/test/robot_learning/week2/sev_ws/install/detect_interfaces/share/detect_interfaces/environment/library_path.sh
[3.556s] -- Installing: /home/wyp/test/robot_learning/week2/sev_ws/install/detect_interfaces/share/detect_interfaces/environment/library_path.dsv
[3.556s] -- Installing: /home/wyp/test/robot_learning/week2/sev_ws/install/detect_interfaces/lib/libdetect_interfaces__rosidl_generator_c.so
[3.557s] -- Set runtime path of "/home/wyp/test/robot_learning/week2/sev_ws/install/detect_interfaces/lib/libdetect_interfaces__rosidl_generator_c.so" to ""
[3.557s] -- Up-to-date: /home/wyp/test/robot_learning/week2/sev_ws/install/detect_interfaces/include/detect_interfaces/detect_interfaces
[3.557s] -- Up-to-date: /home/wyp/test/robot_learning/week2/sev_ws/install/detect_interfaces/include/detect_interfaces/detect_interfaces/srv
[3.557s] -- Up-to-date: /home/wyp/test/robot_learning/week2/sev_ws/install/detect_interfaces/include/detect_interfaces/detect_interfaces/srv/detail
[3.557s] -- Installing: /home/wyp/test/robot_learning/week2/sev_ws/install/detect_interfaces/include/detect_interfaces/detect_interfaces/srv/detail/face_detector__rosidl_typesupport_fastrtps_c.h
[3.557s] -- Up-to-date: /home/wyp/test/robot_learning/week2/sev_ws/install/detect_interfaces/include/detect_interfaces/detect_interfaces/msg
[3.557s] -- Installing: /home/wyp/test/robot_learning/week2/sev_ws/install/detect_interfaces/include/detect_interfaces/detect_interfaces/msg/rosidl_typesupport_fastrtps_c__visibility_control.h
[3.558s] -- Installing: /home/wyp/test/robot_learning/week2/sev_ws/install/detect_interfaces/lib/libdetect_interfaces__rosidl_typesupport_fastrtps_c.so
[3.558s] -- Set runtime path of "/home/wyp/test/robot_learning/week2/sev_ws/install/detect_interfaces/lib/libdetect_interfaces__rosidl_typesupport_fastrtps_c.so" to ""
[3.558s] -- Up-to-date: /home/wyp/test/robot_learning/week2/sev_ws/install/detect_interfaces/include/detect_interfaces/detect_interfaces
[3.558s] -- Up-to-date: /home/wyp/test/robot_learning/week2/sev_ws/install/detect_interfaces/include/detect_interfaces/detect_interfaces/srv
[3.558s] -- Up-to-date: /home/wyp/test/robot_learning/week2/sev_ws/install/detect_interfaces/include/detect_interfaces/detect_interfaces/srv/detail
[3.558s] -- Installing: /home/wyp/test/robot_learning/week2/sev_ws/install/detect_interfaces/include/detect_interfaces/detect_interfaces/srv/detail/face_detector__rosidl_typesupport_introspection_c.h
[3.558s] -- Installing: /home/wyp/test/robot_learning/week2/sev_ws/install/detect_interfaces/include/detect_interfaces/detect_interfaces/srv/detail/face_detector__type_support.c
[3.558s] -- Up-to-date: /home/wyp/test/robot_learning/week2/sev_ws/install/detect_interfaces/include/detect_interfaces/detect_interfaces/msg
[3.558s] -- Installing: /home/wyp/test/robot_learning/week2/sev_ws/install/detect_interfaces/include/detect_interfaces/detect_interfaces/msg/rosidl_typesupport_introspection_c__visibility_control.h
[3.559s] -- Installing: /home/wyp/test/robot_learning/week2/sev_ws/install/detect_interfaces/lib/libdetect_interfaces__rosidl_typesupport_introspection_c.so
[3.559s] -- Set runtime path of "/home/wyp/test/robot_learning/week2/sev_ws/install/detect_interfaces/lib/libdetect_interfaces__rosidl_typesupport_introspection_c.so" to ""
[3.559s] -- Installing: /home/wyp/test/robot_learning/week2/sev_ws/install/detect_interfaces/lib/libdetect_interfaces__rosidl_typesupport_c.so
[3.559s] -- Set runtime path of "/home/wyp/test/robot_learning/week2/sev_ws/install/detect_interfaces/lib/libdetect_interfaces__rosidl_typesupport_c.so" to ""
[3.559s] -- Up-to-date: /home/wyp/test/robot_learning/week2/sev_ws/install/detect_interfaces/include/detect_interfaces/detect_interfaces
[3.560s] -- Up-to-date: /home/wyp/test/robot_learning/week2/sev_ws/install/detect_interfaces/include/detect_interfaces/detect_interfaces/srv
[3.560s] -- Installing: /home/wyp/test/robot_learning/week2/sev_ws/install/detect_interfaces/include/detect_interfaces/detect_interfaces/srv/face_detector.hpp
[3.560s] -- Up-to-date: /home/wyp/test/robot_learning/week2/sev_ws/install/detect_interfaces/include/detect_interfaces/detect_interfaces/srv/detail
[3.560s] -- Installing: /home/wyp/test/robot_learning/week2/sev_ws/install/detect_interfaces/include/detect_interfaces/detect_interfaces/srv/detail/face_detector__builder.hpp
[3.560s] -- Installing: /home/wyp/test/robot_learning/week2/sev_ws/install/detect_interfaces/include/detect_interfaces/detect_interfaces/srv/detail/face_detector__traits.hpp
[3.560s] -- Installing: /home/wyp/test/robot_learning/week2/sev_ws/install/detect_interfaces/include/detect_interfaces/detect_interfaces/srv/detail/face_detector__struct.hpp
[3.560s] -- Installing: /home/wyp/test/robot_learning/week2/sev_ws/install/detect_interfaces/include/detect_interfaces/detect_interfaces/srv/detail/face_detector__type_support.hpp
[3.560s] -- Up-to-date: /home/wyp/test/robot_learning/week2/sev_ws/install/detect_interfaces/include/detect_interfaces/detect_interfaces/msg
[3.560s] -- Installing: /home/wyp/test/robot_learning/week2/sev_ws/install/detect_interfaces/include/detect_interfaces/detect_interfaces/msg/rosidl_generator_cpp__visibility_control.hpp
[3.561s] -- Up-to-date: /home/wyp/test/robot_learning/week2/sev_ws/install/detect_interfaces/include/detect_interfaces/detect_interfaces
[3.561s] -- Up-to-date: /home/wyp/test/robot_learning/week2/sev_ws/install/detect_interfaces/include/detect_interfaces/detect_interfaces/srv
[3.561s] -- Up-to-date: /home/wyp/test/robot_learning/week2/sev_ws/install/detect_interfaces/include/detect_interfaces/detect_interfaces/srv/detail
[3.561s] -- Installing: /home/wyp/test/robot_learning/week2/sev_ws/install/detect_interfaces/include/detect_interfaces/detect_interfaces/srv/detail/face_detector__rosidl_typesupport_fastrtps_cpp.hpp
[3.561s] -- Installing: /home/wyp/test/robot_learning/week2/sev_ws/install/detect_interfaces/include/detect_interfaces/detect_interfaces/srv/detail/dds_fastrtps
[3.561s] -- Up-to-date: /home/wyp/test/robot_learning/week2/sev_ws/install/detect_interfaces/include/detect_interfaces/detect_interfaces/msg
[3.561s] -- Installing: /home/wyp/test/robot_learning/week2/sev_ws/install/detect_interfaces/include/detect_interfaces/detect_interfaces/msg/rosidl_typesupport_fastrtps_cpp__visibility_control.h
[3.561s] -- Installing: /home/wyp/test/robot_learning/week2/sev_ws/install/detect_interfaces/lib/libdetect_interfaces__rosidl_typesupport_fastrtps_cpp.so
[3.562s] -- Set runtime path of "/home/wyp/test/robot_learning/week2/sev_ws/install/detect_interfaces/lib/libdetect_interfaces__rosidl_typesupport_fastrtps_cpp.so" to ""
[3.562s] -- Up-to-date: /home/wyp/test/robot_learning/week2/sev_ws/install/detect_interfaces/include/detect_interfaces/detect_interfaces
[3.562s] -- Up-to-date: /home/wyp/test/robot_learning/week2/sev_ws/install/detect_interfaces/include/detect_interfaces/detect_interfaces/srv
[3.562s] -- Up-to-date: /home/wyp/test/robot_learning/week2/sev_ws/install/detect_interfaces/include/detect_interfaces/detect_interfaces/srv/detail
[3.562s] -- Installing: /home/wyp/test/robot_learning/week2/sev_ws/install/detect_interfaces/include/detect_interfaces/detect_interfaces/srv/detail/face_detector__rosidl_typesupport_introspection_cpp.hpp
[3.562s] -- Installing: /home/wyp/test/robot_learning/week2/sev_ws/install/detect_interfaces/include/detect_interfaces/detect_interfaces/srv/detail/face_detector__type_support.cpp
[3.562s] -- Installing: /home/wyp/test/robot_learning/week2/sev_ws/install/detect_interfaces/lib/libdetect_interfaces__rosidl_typesupport_introspection_cpp.so
[3.563s] -- Set runtime path of "/home/wyp/test/robot_learning/week2/sev_ws/install/detect_interfaces/lib/libdetect_interfaces__rosidl_typesupport_introspection_cpp.so" to ""
[3.563s] -- Installing: /home/wyp/test/robot_learning/week2/sev_ws/install/detect_interfaces/lib/libdetect_interfaces__rosidl_typesupport_cpp.so
[3.563s] -- Set runtime path of "/home/wyp/test/robot_learning/week2/sev_ws/install/detect_interfaces/lib/libdetect_interfaces__rosidl_typesupport_cpp.so" to ""
[3.563s] -- Installing: /home/wyp/test/robot_learning/week2/sev_ws/install/detect_interfaces/share/detect_interfaces/environment/pythonpath.sh
[3.563s] -- Installing: /home/wyp/test/robot_learning/week2/sev_ws/install/detect_interfaces/share/detect_interfaces/environment/pythonpath.dsv
[3.563s] -- Installing: /home/wyp/test/robot_learning/week2/sev_ws/install/detect_interfaces/lib/python3.10/site-packages/detect_interfaces-0.0.0-py3.10.egg-info
[3.563s] -- Installing: /home/wyp/test/robot_learning/week2/sev_ws/install/detect_interfaces/lib/python3.10/site-packages/detect_interfaces-0.0.0-py3.10.egg-info/top_level.txt
[3.564s] -- Installing: /home/wyp/test/robot_learning/week2/sev_ws/install/detect_interfaces/lib/python3.10/site-packages/detect_interfaces-0.0.0-py3.10.egg-info/PKG-INFO
[3.564s] -- Installing: /home/wyp/test/robot_learning/week2/sev_ws/install/detect_interfaces/lib/python3.10/site-packages/detect_interfaces-0.0.0-py3.10.egg-info/dependency_links.txt
[3.564s] -- Installing: /home/wyp/test/robot_learning/week2/sev_ws/install/detect_interfaces/lib/python3.10/site-packages/detect_interfaces-0.0.0-py3.10.egg-info/SOURCES.txt
[3.564s] -- Installing: /home/wyp/test/robot_learning/week2/sev_ws/install/detect_interfaces/lib/python3.10/site-packages/detect_interfaces
[3.564s] -- Installing: /home/wyp/test/robot_learning/week2/sev_ws/install/detect_interfaces/lib/python3.10/site-packages/detect_interfaces/detect_interfaces_s__rosidl_typesupport_fastrtps_c.cpython-310-x86_64-linux-gnu.so
[3.564s] -- Installing: /home/wyp/test/robot_learning/week2/sev_ws/install/detect_interfaces/lib/python3.10/site-packages/detect_interfaces/srv
[3.564s] -- Installing: /home/wyp/test/robot_learning/week2/sev_ws/install/detect_interfaces/lib/python3.10/site-packages/detect_interfaces/srv/_face_detector.py
[3.564s] -- Installing: /home/wyp/test/robot_learning/week2/sev_ws/install/detect_interfaces/lib/python3.10/site-packages/detect_interfaces/srv/_face_detector_s.c
[3.565s] -- Installing: /home/wyp/test/robot_learning/week2/sev_ws/install/detect_interfaces/lib/python3.10/site-packages/detect_interfaces/srv/__init__.py
[3.565s] -- Installing: /home/wyp/test/robot_learning/week2/sev_ws/install/detect_interfaces/lib/python3.10/site-packages/detect_interfaces/libdetect_interfaces__rosidl_generator_py.so
[3.565s] -- Installing: /home/wyp/test/robot_learning/week2/sev_ws/install/detect_interfaces/lib/python3.10/site-packages/detect_interfaces/detect_interfaces_s__rosidl_typesupport_introspection_c.cpython-310-x86_64-linux-gnu.so
[3.565s] -- Installing: /home/wyp/test/robot_learning/week2/sev_ws/install/detect_interfaces/lib/python3.10/site-packages/detect_interfaces/_detect_interfaces_s.ep.rosidl_typesupport_introspection_c.c
[3.565s] -- Installing: /home/wyp/test/robot_learning/week2/sev_ws/install/detect_interfaces/lib/python3.10/site-packages/detect_interfaces/detect_interfaces_s__rosidl_typesupport_c.cpython-310-x86_64-linux-gnu.so
[3.565s] -- Installing: /home/wyp/test/robot_learning/week2/sev_ws/install/detect_interfaces/lib/python3.10/site-packages/detect_interfaces/_detect_interfaces_s.ep.rosidl_typesupport_c.c
[3.566s] -- Installing: /home/wyp/test/robot_learning/week2/sev_ws/install/detect_interfaces/lib/python3.10/site-packages/detect_interfaces/_detect_interfaces_s.ep.rosidl_typesupport_fastrtps_c.c
[3.566s] -- Installing: /home/wyp/test/robot_learning/week2/sev_ws/install/detect_interfaces/lib/python3.10/site-packages/detect_interfaces/__init__.py
[3.595s] Listing '/home/wyp/test/robot_learning/week2/sev_ws/install/detect_interfaces/lib/python3.10/site-packages/detect_interfaces'...
[3.595s] Compiling '/home/wyp/test/robot_learning/week2/sev_ws/install/detect_interfaces/lib/python3.10/site-packages/detect_interfaces/__init__.py'...
[3.595s] Listing '/home/wyp/test/robot_learning/week2/sev_ws/install/detect_interfaces/lib/python3.10/site-packages/detect_interfaces/srv'...
[3.595s] Compiling '/home/wyp/test/robot_learning/week2/sev_ws/install/detect_interfaces/lib/python3.10/site-packages/detect_interfaces/srv/__init__.py'...
[3.595s] Compiling '/home/wyp/test/robot_learning/week2/sev_ws/install/detect_interfaces/lib/python3.10/site-packages/detect_interfaces/srv/_face_detector.py'...
[3.598s] -- Installing: /home/wyp/test/robot_learning/week2/sev_ws/install/detect_interfaces/lib/python3.10/site-packages/detect_interfaces/detect_interfaces_s__rosidl_typesupport_fastrtps_c.cpython-310-x86_64-linux-gnu.so
[3.598s] -- Set runtime path of "/home/wyp/test/robot_learning/week2/sev_ws/install/detect_interfaces/lib/python3.10/site-packages/detect_interfaces/detect_interfaces_s__rosidl_typesupport_fastrtps_c.cpython-310-x86_64-linux-gnu.so" to ""
[3.599s] -- Installing: /home/wyp/test/robot_learning/week2/sev_ws/install/detect_interfaces/lib/python3.10/site-packages/detect_interfaces/detect_interfaces_s__rosidl_typesupport_introspection_c.cpython-310-x86_64-linux-gnu.so
[3.599s] -- Set runtime path of "/home/wyp/test/robot_learning/week2/sev_ws/install/detect_interfaces/lib/python3.10/site-packages/detect_interfaces/detect_interfaces_s__rosidl_typesupport_introspection_c.cpython-310-x86_64-linux-gnu.so" to ""
[3.599s] -- Installing: /home/wyp/test/robot_learning/week2/sev_ws/install/detect_interfaces/lib/python3.10/site-packages/detect_interfaces/detect_interfaces_s__rosidl_typesupport_c.cpython-310-x86_64-linux-gnu.so
[3.599s] -- Set runtime path of "/home/wyp/test/robot_learning/week2/sev_ws/install/detect_interfaces/lib/python3.10/site-packages/detect_interfaces/detect_interfaces_s__rosidl_typesupport_c.cpython-310-x86_64-linux-gnu.so" to ""
[3.599s] -- Installing: /home/wyp/test/robot_learning/week2/sev_ws/install/detect_interfaces/lib/libdetect_interfaces__rosidl_generator_py.so
[3.600s] -- Set runtime path of "/home/wyp/test/robot_learning/week2/sev_ws/install/detect_interfaces/lib/libdetect_interfaces__rosidl_generator_py.so" to ""
[3.600s] -- Installing: /home/wyp/test/robot_learning/week2/sev_ws/install/detect_interfaces/share/ament_index/resource_index/rust_packages/detect_interfaces
[3.600s] -- Installing: /home/wyp/test/robot_learning/week2/sev_ws/install/detect_interfaces/share/detect_interfaces/rust
[3.600s] -- Installing: /home/wyp/test/robot_learning/week2/sev_ws/install/detect_interfaces/share/detect_interfaces/rust/Cargo.toml
[3.600s] -- Installing: /home/wyp/test/robot_learning/week2/sev_ws/install/detect_interfaces/share/detect_interfaces/rust/src
[3.600s] -- Installing: /home/wyp/test/robot_learning/week2/sev_ws/install/detect_interfaces/share/detect_interfaces/rust/src/srv
[3.600s] -- Installing: /home/wyp/test/robot_learning/week2/sev_ws/install/detect_interfaces/share/detect_interfaces/rust/src/srv/rmw.rs
[3.601s] -- Installing: /home/wyp/test/robot_learning/week2/sev_ws/install/detect_interfaces/share/detect_interfaces/rust/src/srv.rs
[3.601s] -- Installing: /home/wyp/test/robot_learning/week2/sev_ws/install/detect_interfaces/share/detect_interfaces/rust/src/lib.rs
[3.601s] -- Installing: /home/wyp/test/robot_learning/week2/sev_ws/install/detect_interfaces/share/detect_interfaces/rust/build.rs
[3.601s] -- Installing: /home/wyp/test/robot_learning/week2/sev_ws/install/detect_interfaces/share/detect_interfaces/srv/FaceDetector.idl
[3.601s] -- Installing: /home/wyp/test/robot_learning/week2/sev_ws/install/detect_interfaces/share/detect_interfaces/srv/FaceDetector.srv
[3.601s] -- Installing: /home/wyp/test/robot_learning/week2/sev_ws/install/detect_interfaces/share/detect_interfaces/srv/FaceDetector_Request.msg
[3.602s] -- Installing: /home/wyp/test/robot_learning/week2/sev_ws/install/detect_interfaces/share/detect_interfaces/srv/FaceDetector_Response.msg
[3.602s] -- Installing: /home/wyp/test/robot_learning/week2/sev_ws/install/detect_interfaces/share/ament_index/resource_index/package_run_dependencies/detect_interfaces
[3.602s] -- Installing: /home/wyp/test/robot_learning/week2/sev_ws/install/detect_interfaces/share/ament_index/resource_index/parent_prefix_path/detect_interfaces
[3.602s] -- Installing: /home/wyp/test/robot_learning/week2/sev_ws/install/detect_interfaces/share/detect_interfaces/environment/ament_prefix_path.sh
[3.602s] -- Installing: /home/wyp/test/robot_learning/week2/sev_ws/install/detect_interfaces/share/detect_interfaces/environment/ament_prefix_path.dsv
[3.602s] -- Installing: /home/wyp/test/robot_learning/week2/sev_ws/install/detect_interfaces/share/detect_interfaces/environment/path.sh
[3.603s] -- Installing: /home/wyp/test/robot_learning/week2/sev_ws/install/detect_interfaces/share/detect_interfaces/environment/path.dsv
[3.603s] -- Installing: /home/wyp/test/robot_learning/week2/sev_ws/install/detect_interfaces/share/detect_interfaces/local_setup.bash
[3.603s] -- Installing: /home/wyp/test/robot_learning/week2/sev_ws/install/detect_interfaces/share/detect_interfaces/local_setup.sh
[3.603s] -- Installing: /home/wyp/test/robot_learning/week2/sev_ws/install/detect_interfaces/share/detect_interfaces/local_setup.zsh
[3.603s] -- Installing: /home/wyp/test/robot_learning/week2/sev_ws/install/detect_interfaces/share/detect_interfaces/local_setup.dsv
[3.603s] -- Installing: /home/wyp/test/robot_learning/week2/sev_ws/install/detect_interfaces/share/detect_interfaces/package.dsv
[3.604s] -- Installing: /home/wyp/test/robot_learning/week2/sev_ws/install/detect_interfaces/share/ament_index/resource_index/packages/detect_interfaces
[3.604s] -- Installing: /home/wyp/test/robot_learning/week2/sev_ws/install/detect_interfaces/share/detect_interfaces/cmake/export_detect_interfaces__rosidl_generator_cExport.cmake
[3.604s] -- Installing: /home/wyp/test/robot_learning/week2/sev_ws/install/detect_interfaces/share/detect_interfaces/cmake/export_detect_interfaces__rosidl_generator_cExport-noconfig.cmake
[3.604s] -- Installing: /home/wyp/test/robot_learning/week2/sev_ws/install/detect_interfaces/share/detect_interfaces/cmake/export_detect_interfaces__rosidl_typesupport_fastrtps_cExport.cmake
[3.604s] -- Installing: /home/wyp/test/robot_learning/week2/sev_ws/install/detect_interfaces/share/detect_interfaces/cmake/export_detect_interfaces__rosidl_typesupport_fastrtps_cExport-noconfig.cmake
[3.605s] -- Installing: /home/wyp/test/robot_learning/week2/sev_ws/install/detect_interfaces/share/detect_interfaces/cmake/detect_interfaces__rosidl_typesupport_introspection_cExport.cmake
[3.605s] -- Installing: /home/wyp/test/robot_learning/week2/sev_ws/install/detect_interfaces/share/detect_interfaces/cmake/detect_interfaces__rosidl_typesupport_introspection_cExport-noconfig.cmake
[3.605s] -- Installing: /home/wyp/test/robot_learning/week2/sev_ws/install/detect_interfaces/share/detect_interfaces/cmake/detect_interfaces__rosidl_typesupport_cExport.cmake
[3.605s] -- Installing: /home/wyp/test/robot_learning/week2/sev_ws/install/detect_interfaces/share/detect_interfaces/cmake/detect_interfaces__rosidl_typesupport_cExport-noconfig.cmake
[3.605s] -- Installing: /home/wyp/test/robot_learning/week2/sev_ws/install/detect_interfaces/share/detect_interfaces/cmake/export_detect_interfaces__rosidl_generator_cppExport.cmake
[3.605s] -- Installing: /home/wyp/test/robot_learning/week2/sev_ws/install/detect_interfaces/share/detect_interfaces/cmake/export_detect_interfaces__rosidl_typesupport_fastrtps_cppExport.cmake
[3.606s] -- Installing: /home/wyp/test/robot_learning/week2/sev_ws/install/detect_interfaces/share/detect_interfaces/cmake/export_detect_interfaces__rosidl_typesupport_fastrtps_cppExport-noconfig.cmake
[3.606s] -- Installing: /home/wyp/test/robot_learning/week2/sev_ws/install/detect_interfaces/share/detect_interfaces/cmake/detect_interfaces__rosidl_typesupport_introspection_cppExport.cmake
[3.606s] -- Installing: /home/wyp/test/robot_learning/week2/sev_ws/install/detect_interfaces/share/detect_interfaces/cmake/detect_interfaces__rosidl_typesupport_introspection_cppExport-noconfig.cmake
[3.606s] -- Installing: /home/wyp/test/robot_learning/week2/sev_ws/install/detect_interfaces/share/detect_interfaces/cmake/detect_interfaces__rosidl_typesupport_cppExport.cmake
[3.606s] -- Installing: /home/wyp/test/robot_learning/week2/sev_ws/install/detect_interfaces/share/detect_interfaces/cmake/detect_interfaces__rosidl_typesupport_cppExport-noconfig.cmake
[3.606s] -- Installing: /home/wyp/test/robot_learning/week2/sev_ws/install/detect_interfaces/share/detect_interfaces/cmake/export_detect_interfaces__rosidl_generator_pyExport.cmake
[3.607s] -- Installing: /home/wyp/test/robot_learning/week2/sev_ws/install/detect_interfaces/share/detect_interfaces/cmake/export_detect_interfaces__rosidl_generator_pyExport-noconfig.cmake
[3.607s] -- Installing: /home/wyp/test/robot_learning/week2/sev_ws/install/detect_interfaces/share/detect_interfaces/cmake/rosidl_cmake-extras.cmake
[3.607s] -- Installing: /home/wyp/test/robot_learning/week2/sev_ws/install/detect_interfaces/share/detect_interfaces/cmake/ament_cmake_export_dependencies-extras.cmake
[3.607s] -- Installing: /home/wyp/test/robot_learning/week2/sev_ws/install/detect_interfaces/share/detect_interfaces/cmake/ament_cmake_export_include_directories-extras.cmake
[3.607s] -- Installing: /home/wyp/test/robot_learning/week2/sev_ws/install/detect_interfaces/share/detect_interfaces/cmake/ament_cmake_export_libraries-extras.cmake
[3.607s] -- Installing: /home/wyp/test/robot_learning/week2/sev_ws/install/detect_interfaces/share/detect_interfaces/cmake/ament_cmake_export_targets-extras.cmake
[3.608s] -- Installing: /home/wyp/test/robot_learning/week2/sev_ws/install/detect_interfaces/share/detect_interfaces/cmake/rosidl_cmake_export_typesupport_targets-extras.cmake
[3.608s] -- Installing: /home/wyp/test/robot_learning/week2/sev_ws/install/detect_interfaces/share/detect_interfaces/cmake/rosidl_cmake_export_typesupport_libraries-extras.cmake
[3.608s] -- Installing: /home/wyp/test/robot_learning/week2/sev_ws/install/detect_interfaces/share/detect_interfaces/cmake/detect_interfacesConfig.cmake
[3.608s] -- Installing: /home/wyp/test/robot_learning/week2/sev_ws/install/detect_interfaces/share/detect_interfaces/cmake/detect_interfacesConfig-version.cmake
[3.608s] -- Installing: /home/wyp/test/robot_learning/week2/sev_ws/install/detect_interfaces/share/detect_interfaces/package.xml
[3.611s] Invoked command in '/home/wyp/test/robot_learning/week2/sev_ws/build/detect_interfaces' returned '0': CMAKE_PREFIX_PATH=${CMAKE_PREFIX_PATH}:/home/wyp/test/robot_learning/week2/sev_ws/install/py_service:/opt/ros/humble CONDA_PROMPT_MODIFIER=(robopy) /usr/bin/cmake --install /home/wyp/test/robot_learning/week2/sev_ws/build/detect_interfaces
