/home/wyp/test/robot_learning/week2/sev_ws/install/py_service/lib/python3.10/site-packages/py_service/learn_to_detect.py
/home/wyp/test/robot_learning/week2/sev_ws/install/py_service/lib/python3.10/site-packages/py_service/face_detect.py
/home/wyp/test/robot_learning/week2/sev_ws/install/py_service/lib/python3.10/site-packages/py_service/detect_client.py
/home/wyp/test/robot_learning/week2/sev_ws/install/py_service/lib/python3.10/site-packages/py_service/__init__.py
/home/wyp/test/robot_learning/week2/sev_ws/install/py_service/lib/python3.10/site-packages/py_service/__pycache__/learn_to_detect.cpython-310.pyc
/home/wyp/test/robot_learning/week2/sev_ws/install/py_service/lib/python3.10/site-packages/py_service/__pycache__/face_detect.cpython-310.pyc
/home/wyp/test/robot_learning/week2/sev_ws/install/py_service/lib/python3.10/site-packages/py_service/__pycache__/detect_client.cpython-310.pyc
/home/wyp/test/robot_learning/week2/sev_ws/install/py_service/lib/python3.10/site-packages/py_service/__pycache__/__init__.cpython-310.pyc
/home/wyp/test/robot_learning/week2/sev_ws/install/py_service/share/ament_index/resource_index/packages/py_service
/home/wyp/test/robot_learning/week2/sev_ws/install/py_service/share/py_service/package.xml
/home/wyp/test/robot_learning/week2/sev_ws/install/py_service/share/py_service/resource/default.png
/home/wyp/test/robot_learning/week2/sev_ws/install/py_service/share/py_service/resource/test1.png
/home/wyp/test/robot_learning/week2/sev_ws/install/py_service/share/py_service/resource/test2.png
/home/wyp/test/robot_learning/week2/sev_ws/install/py_service/share/py_service/resource/test3.png
/home/wyp/test/robot_learning/week2/sev_ws/install/py_service/share/py_service/launch/test.launch.py
/home/wyp/test/robot_learning/week2/sev_ws/install/py_service/lib/python3.10/site-packages/py_service-0.0.0-py3.10.egg-info/zip-safe
/home/wyp/test/robot_learning/week2/sev_ws/install/py_service/lib/python3.10/site-packages/py_service-0.0.0-py3.10.egg-info/top_level.txt
/home/wyp/test/robot_learning/week2/sev_ws/install/py_service/lib/python3.10/site-packages/py_service-0.0.0-py3.10.egg-info/PKG-INFO
/home/wyp/test/robot_learning/week2/sev_ws/install/py_service/lib/python3.10/site-packages/py_service-0.0.0-py3.10.egg-info/dependency_links.txt
/home/wyp/test/robot_learning/week2/sev_ws/install/py_service/lib/python3.10/site-packages/py_service-0.0.0-py3.10.egg-info/requires.txt
/home/wyp/test/robot_learning/week2/sev_ws/install/py_service/lib/python3.10/site-packages/py_service-0.0.0-py3.10.egg-info/SOURCES.txt
/home/wyp/test/robot_learning/week2/sev_ws/install/py_service/lib/python3.10/site-packages/py_service-0.0.0-py3.10.egg-info/entry_points.txt
/home/wyp/test/robot_learning/week2/sev_ws/install/py_service/lib/py_service/detect_client
/home/wyp/test/robot_learning/week2/sev_ws/install/py_service/lib/py_service/face_detect
/home/wyp/test/robot_learning/week2/sev_ws/install/py_service/lib/py_service/learn_to_detect
