[0.138s] DEBUG:colcon:Command line arguments: ['/home/wyp/miniconda3/envs/robopy/lib/python3.10/site-packages/colcon/__main__.py', 'build']
[0.138s] DEBUG:colcon:Parsed command line arguments: Namespace(log_base=None, log_level=None, verb_name='build', build_base='build', install_base='install', merge_install=False, symlink_install=False, test_result_base=None, continue_on_error=False, executor='parallel', parallel_workers=12, event_handlers=None, ignore_user_meta=False, metas=['./colcon.meta'], base_paths=['.'], packages_ignore=None, packages_ignore_regex=None, paths=None, packages_up_to=None, packages_up_to_regex=None, packages_above=None, packages_above_and_dependencies=None, packages_above_depth=None, packages_select_by_dep=None, packages_skip_by_dep=None, packages_skip_up_to=None, packages_select_build_failed=False, packages_skip_build_finished=False, packages_select_test_failures=False, packages_skip_test_passed=False, packages_select=None, packages_skip=None, packages_select_regex=None, packages_skip_regex=None, packages_start=None, packages_end=None, cmake_args=None, cmake_target=None, cmake_target_skip_unavailable=False, cmake_clean_cache=False, cmake_clean_first=False, cmake_force_configure=False, ament_cmake_args=None, catkin_cmake_args=None, catkin_skip_building_tests=False, verb_parser=<colcon_defaults.argument_parser.defaults.DefaultArgumentsDecorator object at 0x7420bd3e22f0>, verb_extension=<colcon_core.verb.build.BuildVerb object at 0x7420bd3e1d50>, main=<bound method BuildVerb.main of <colcon_core.verb.build.BuildVerb object at 0x7420bd3e1d50>>)
[0.189s] Level 1:colcon.colcon_core.package_discovery:discover_packages(colcon_meta) check parameters
[0.190s] Level 1:colcon.colcon_core.package_discovery:discover_packages(recursive) check parameters
[0.190s] Level 1:colcon.colcon_core.package_discovery:discover_packages(ignore) check parameters
[0.190s] Level 1:colcon.colcon_core.package_discovery:discover_packages(path) check parameters
[0.190s] Level 1:colcon.colcon_core.package_discovery:discover_packages(colcon_meta) discover
[0.190s] Level 1:colcon.colcon_core.package_discovery:discover_packages(recursive) discover
[0.190s] INFO:colcon.colcon_core.package_discovery:Crawling recursively for packages in '/home/wyp/test/robot_learning/week2/sev_ws'
[0.190s] Level 1:colcon.colcon_core.package_identification:_identify(.) by extensions ['ignore', 'ignore_ament_install']
[0.190s] Level 1:colcon.colcon_core.package_identification:_identify(.) by extension 'ignore'
[0.190s] Level 1:colcon.colcon_core.package_identification:_identify(.) by extension 'ignore_ament_install'
[0.190s] Level 1:colcon.colcon_core.package_identification:_identify(.) by extensions ['colcon_pkg']
[0.190s] Level 1:colcon.colcon_core.package_identification:_identify(.) by extension 'colcon_pkg'
[0.190s] Level 1:colcon.colcon_core.package_identification:_identify(.) by extensions ['colcon_meta']
[0.190s] Level 1:colcon.colcon_core.package_identification:_identify(.) by extension 'colcon_meta'
[0.190s] Level 1:colcon.colcon_core.package_identification:_identify(.) by extensions ['ros']
[0.190s] Level 1:colcon.colcon_core.package_identification:_identify(.) by extension 'ros'
[0.226s] Level 1:colcon.colcon_core.package_identification:_identify(.) by extensions ['cmake', 'python']
[0.226s] Level 1:colcon.colcon_core.package_identification:_identify(.) by extension 'cmake'
[0.226s] Level 1:colcon.colcon_core.package_identification:_identify(.) by extension 'python'
[0.226s] Level 1:colcon.colcon_core.package_identification:_identify(.) by extensions ['python_setup_py']
[0.226s] Level 1:colcon.colcon_core.package_identification:_identify(.) by extension 'python_setup_py'
[0.226s] Level 1:colcon.colcon_core.package_identification:_identify(build) by extensions ['ignore', 'ignore_ament_install']
[0.226s] Level 1:colcon.colcon_core.package_identification:_identify(build) by extension 'ignore'
[0.227s] Level 1:colcon.colcon_core.package_identification:_identify(build) ignored
[0.227s] Level 1:colcon.colcon_core.package_identification:_identify(install) by extensions ['ignore', 'ignore_ament_install']
[0.227s] Level 1:colcon.colcon_core.package_identification:_identify(install) by extension 'ignore'
[0.227s] Level 1:colcon.colcon_core.package_identification:_identify(install) ignored
[0.227s] Level 1:colcon.colcon_core.package_identification:_identify(log) by extensions ['ignore', 'ignore_ament_install']
[0.227s] Level 1:colcon.colcon_core.package_identification:_identify(log) by extension 'ignore'
[0.227s] Level 1:colcon.colcon_core.package_identification:_identify(log) ignored
[0.227s] Level 1:colcon.colcon_core.package_identification:_identify(src) by extensions ['ignore', 'ignore_ament_install']
[0.227s] Level 1:colcon.colcon_core.package_identification:_identify(src) by extension 'ignore'
[0.227s] Level 1:colcon.colcon_core.package_identification:_identify(src) by extension 'ignore_ament_install'
[0.227s] Level 1:colcon.colcon_core.package_identification:_identify(src) by extensions ['colcon_pkg']
[0.227s] Level 1:colcon.colcon_core.package_identification:_identify(src) by extension 'colcon_pkg'
[0.227s] Level 1:colcon.colcon_core.package_identification:_identify(src) by extensions ['colcon_meta']
[0.227s] Level 1:colcon.colcon_core.package_identification:_identify(src) by extension 'colcon_meta'
[0.228s] Level 1:colcon.colcon_core.package_identification:_identify(src) by extensions ['ros']
[0.228s] Level 1:colcon.colcon_core.package_identification:_identify(src) by extension 'ros'
[0.228s] Level 1:colcon.colcon_core.package_identification:_identify(src) by extensions ['cmake', 'python']
[0.228s] Level 1:colcon.colcon_core.package_identification:_identify(src) by extension 'cmake'
[0.228s] Level 1:colcon.colcon_core.package_identification:_identify(src) by extension 'python'
[0.228s] Level 1:colcon.colcon_core.package_identification:_identify(src) by extensions ['python_setup_py']
[0.228s] Level 1:colcon.colcon_core.package_identification:_identify(src) by extension 'python_setup_py'
[0.228s] Level 1:colcon.colcon_core.package_identification:_identify(src/detect_interfaces) by extensions ['ignore', 'ignore_ament_install']
[0.228s] Level 1:colcon.colcon_core.package_identification:_identify(src/detect_interfaces) by extension 'ignore'
[0.228s] Level 1:colcon.colcon_core.package_identification:_identify(src/detect_interfaces) by extension 'ignore_ament_install'
[0.228s] Level 1:colcon.colcon_core.package_identification:_identify(src/detect_interfaces) by extensions ['colcon_pkg']
[0.228s] Level 1:colcon.colcon_core.package_identification:_identify(src/detect_interfaces) by extension 'colcon_pkg'
[0.228s] Level 1:colcon.colcon_core.package_identification:_identify(src/detect_interfaces) by extensions ['colcon_meta']
[0.228s] Level 1:colcon.colcon_core.package_identification:_identify(src/detect_interfaces) by extension 'colcon_meta'
[0.228s] Level 1:colcon.colcon_core.package_identification:_identify(src/detect_interfaces) by extensions ['ros']
[0.228s] Level 1:colcon.colcon_core.package_identification:_identify(src/detect_interfaces) by extension 'ros'
[0.232s] DEBUG:colcon.colcon_core.package_identification:Package 'src/detect_interfaces' with type 'ros.ament_cmake' and name 'detect_interfaces'
[0.232s] Level 1:colcon.colcon_core.package_identification:_identify(src/py_service) by extensions ['ignore', 'ignore_ament_install']
[0.232s] Level 1:colcon.colcon_core.package_identification:_identify(src/py_service) by extension 'ignore'
[0.232s] Level 1:colcon.colcon_core.package_identification:_identify(src/py_service) by extension 'ignore_ament_install'
[0.232s] Level 1:colcon.colcon_core.package_identification:_identify(src/py_service) by extensions ['colcon_pkg']
[0.232s] Level 1:colcon.colcon_core.package_identification:_identify(src/py_service) by extension 'colcon_pkg'
[0.232s] Level 1:colcon.colcon_core.package_identification:_identify(src/py_service) by extensions ['colcon_meta']
[0.232s] Level 1:colcon.colcon_core.package_identification:_identify(src/py_service) by extension 'colcon_meta'
[0.232s] Level 1:colcon.colcon_core.package_identification:_identify(src/py_service) by extensions ['ros']
[0.232s] Level 1:colcon.colcon_core.package_identification:_identify(src/py_service) by extension 'ros'
[0.233s] DEBUG:colcon.colcon_core.package_identification:Package 'src/py_service' with type 'ros.ament_python' and name 'py_service'
[0.233s] Level 1:colcon.colcon_core.package_discovery:discover_packages(recursive) using defaults
[0.233s] Level 1:colcon.colcon_core.package_discovery:discover_packages(ignore) discover
[0.233s] Level 1:colcon.colcon_core.package_discovery:discover_packages(ignore) using defaults
[0.233s] Level 1:colcon.colcon_core.package_discovery:discover_packages(path) discover
[0.233s] Level 1:colcon.colcon_core.package_discovery:discover_packages(path) using defaults
[0.261s] Level 5:colcon.colcon_core.verb:set package 'detect_interfaces' build argument 'cmake_args' from command line to 'None'
[0.262s] Level 5:colcon.colcon_core.verb:set package 'detect_interfaces' build argument 'cmake_target' from command line to 'None'
[0.262s] Level 5:colcon.colcon_core.verb:set package 'detect_interfaces' build argument 'cmake_target_skip_unavailable' from command line to 'False'
[0.262s] Level 5:colcon.colcon_core.verb:set package 'detect_interfaces' build argument 'cmake_clean_cache' from command line to 'False'
[0.262s] Level 5:colcon.colcon_core.verb:set package 'detect_interfaces' build argument 'cmake_clean_first' from command line to 'False'
[0.262s] Level 5:colcon.colcon_core.verb:set package 'detect_interfaces' build argument 'cmake_force_configure' from command line to 'False'
[0.262s] Level 5:colcon.colcon_core.verb:set package 'detect_interfaces' build argument 'ament_cmake_args' from command line to 'None'
[0.262s] Level 5:colcon.colcon_core.verb:set package 'detect_interfaces' build argument 'catkin_cmake_args' from command line to 'None'
[0.262s] Level 5:colcon.colcon_core.verb:set package 'detect_interfaces' build argument 'catkin_skip_building_tests' from command line to 'False'
[0.262s] DEBUG:colcon.colcon_core.verb:Building package 'detect_interfaces' with the following arguments: {'ament_cmake_args': None, 'build_base': '/home/wyp/test/robot_learning/week2/sev_ws/build/detect_interfaces', 'catkin_cmake_args': None, 'catkin_skip_building_tests': False, 'cmake_args': None, 'cmake_clean_cache': False, 'cmake_clean_first': False, 'cmake_force_configure': False, 'cmake_target': None, 'cmake_target_skip_unavailable': False, 'install_base': '/home/wyp/test/robot_learning/week2/sev_ws/install/detect_interfaces', 'merge_install': False, 'path': '/home/wyp/test/robot_learning/week2/sev_ws/src/detect_interfaces', 'symlink_install': False, 'test_result_base': None}
[0.262s] Level 5:colcon.colcon_core.verb:set package 'py_service' build argument 'cmake_args' from command line to 'None'
[0.262s] Level 5:colcon.colcon_core.verb:set package 'py_service' build argument 'cmake_target' from command line to 'None'
[0.262s] Level 5:colcon.colcon_core.verb:set package 'py_service' build argument 'cmake_target_skip_unavailable' from command line to 'False'
[0.262s] Level 5:colcon.colcon_core.verb:set package 'py_service' build argument 'cmake_clean_cache' from command line to 'False'
[0.262s] Level 5:colcon.colcon_core.verb:set package 'py_service' build argument 'cmake_clean_first' from command line to 'False'
[0.262s] Level 5:colcon.colcon_core.verb:set package 'py_service' build argument 'cmake_force_configure' from command line to 'False'
[0.262s] Level 5:colcon.colcon_core.verb:set package 'py_service' build argument 'ament_cmake_args' from command line to 'None'
[0.262s] Level 5:colcon.colcon_core.verb:set package 'py_service' build argument 'catkin_cmake_args' from command line to 'None'
[0.262s] Level 5:colcon.colcon_core.verb:set package 'py_service' build argument 'catkin_skip_building_tests' from command line to 'False'
[0.262s] DEBUG:colcon.colcon_core.verb:Building package 'py_service' with the following arguments: {'ament_cmake_args': None, 'build_base': '/home/wyp/test/robot_learning/week2/sev_ws/build/py_service', 'catkin_cmake_args': None, 'catkin_skip_building_tests': False, 'cmake_args': None, 'cmake_clean_cache': False, 'cmake_clean_first': False, 'cmake_force_configure': False, 'cmake_target': None, 'cmake_target_skip_unavailable': False, 'install_base': '/home/wyp/test/robot_learning/week2/sev_ws/install/py_service', 'merge_install': False, 'path': '/home/wyp/test/robot_learning/week2/sev_ws/src/py_service', 'symlink_install': False, 'test_result_base': None}
[0.262s] INFO:colcon.colcon_core.executor:Executing jobs using 'parallel' executor
[0.264s] DEBUG:colcon.colcon_parallel_executor.executor.parallel:run_until_complete
[0.264s] INFO:colcon.colcon_ros.task.ament_cmake.build:Building ROS package in '/home/wyp/test/robot_learning/week2/sev_ws/src/detect_interfaces' with build type 'ament_cmake'
[0.264s] INFO:colcon.colcon_cmake.task.cmake.build:Building CMake package in '/home/wyp/test/robot_learning/week2/sev_ws/src/detect_interfaces'
[0.268s] INFO:colcon.colcon_core.plugin_system:Skipping extension 'colcon_core.shell.bat': Not used on non-Windows systems
[0.268s] INFO:colcon.colcon_core.shell:Skip shell extension 'powershell' for command environment: Not usable outside of PowerShell
[0.268s] DEBUG:colcon.colcon_core.shell:Skip shell extension 'dsv' for command environment
[0.269s] WARNING:colcon.colcon_ros.prefix_path.ament:The path '/home/wyp/test/robot_learning/week2/sev_ws/install/py_service' in the environment variable AMENT_PREFIX_PATH doesn't exist
[0.270s] WARNING:colcon.colcon_ros.prefix_path.ament:The path '/home/wyp/test/robot_learning/week2/sev_ws/install/detect_interfaces' in the environment variable AMENT_PREFIX_PATH doesn't exist
[0.270s] WARNING:colcon.colcon_ros.prefix_path.catkin:The path '/home/wyp/test/robot_learning/week2/sev_ws/install/detect_interfaces' in the environment variable CMAKE_PREFIX_PATH doesn't exist
[0.280s] DEBUG:colcon.colcon_core.event_handler.log_command:Invoking command in '/home/wyp/test/robot_learning/week2/sev_ws/build/detect_interfaces': CMAKE_PREFIX_PATH=${CMAKE_PREFIX_PATH}:/home/wyp/test/robot_learning/week2/sev_ws/install/py_service:/opt/ros/humble CONDA_PROMPT_MODIFIER=(robopy) /usr/bin/cmake /home/wyp/test/robot_learning/week2/sev_ws/src/detect_interfaces -DCMAKE_INSTALL_PREFIX=/home/wyp/test/robot_learning/week2/sev_ws/install/detect_interfaces
[2.239s] DEBUG:colcon.colcon_core.event_handler.log_command:Invoked command in '/home/wyp/test/robot_learning/week2/sev_ws/build/detect_interfaces' returned '0': CMAKE_PREFIX_PATH=${CMAKE_PREFIX_PATH}:/home/wyp/test/robot_learning/week2/sev_ws/install/py_service:/opt/ros/humble CONDA_PROMPT_MODIFIER=(robopy) /usr/bin/cmake /home/wyp/test/robot_learning/week2/sev_ws/src/detect_interfaces -DCMAKE_INSTALL_PREFIX=/home/wyp/test/robot_learning/week2/sev_ws/install/detect_interfaces
[2.241s] DEBUG:colcon.colcon_core.event_handler.log_command:Invoking command in '/home/wyp/test/robot_learning/week2/sev_ws/build/detect_interfaces': CMAKE_PREFIX_PATH=${CMAKE_PREFIX_PATH}:/home/wyp/test/robot_learning/week2/sev_ws/install/py_service:/opt/ros/humble CONDA_PROMPT_MODIFIER=(robopy) /usr/bin/cmake --build /home/wyp/test/robot_learning/week2/sev_ws/build/detect_interfaces -- -j12 -l12
[3.990s] DEBUG:colcon.colcon_core.event_handler.log_command:Invoked command in '/home/wyp/test/robot_learning/week2/sev_ws/build/detect_interfaces' returned '0': CMAKE_PREFIX_PATH=${CMAKE_PREFIX_PATH}:/home/wyp/test/robot_learning/week2/sev_ws/install/py_service:/opt/ros/humble CONDA_PROMPT_MODIFIER=(robopy) /usr/bin/cmake --build /home/wyp/test/robot_learning/week2/sev_ws/build/detect_interfaces -- -j12 -l12
[3.999s] DEBUG:colcon.colcon_core.event_handler.log_command:Invoking command in '/home/wyp/test/robot_learning/week2/sev_ws/build/detect_interfaces': CMAKE_PREFIX_PATH=${CMAKE_PREFIX_PATH}:/home/wyp/test/robot_learning/week2/sev_ws/install/py_service:/opt/ros/humble CONDA_PROMPT_MODIFIER=(robopy) /usr/bin/cmake --install /home/wyp/test/robot_learning/week2/sev_ws/build/detect_interfaces
[4.064s] Level 1:colcon.colcon_core.environment:create_environment_scripts_only(detect_interfaces)
[4.064s] DEBUG:colcon.colcon_core.event_handler.log_command:Invoked command in '/home/wyp/test/robot_learning/week2/sev_ws/build/detect_interfaces' returned '0': CMAKE_PREFIX_PATH=${CMAKE_PREFIX_PATH}:/home/wyp/test/robot_learning/week2/sev_ws/install/py_service:/opt/ros/humble CONDA_PROMPT_MODIFIER=(robopy) /usr/bin/cmake --install /home/wyp/test/robot_learning/week2/sev_ws/build/detect_interfaces
[4.067s] Level 1:colcon.colcon_core.environment:checking '/home/wyp/test/robot_learning/week2/sev_ws/install/detect_interfaces' for CMake module files
[4.068s] Level 1:colcon.colcon_core.environment:checking '/home/wyp/test/robot_learning/week2/sev_ws/install/detect_interfaces' for CMake config files
[4.069s] Level 1:colcon.colcon_core.shell:create_environment_hook('detect_interfaces', 'cmake_prefix_path')
[4.069s] INFO:colcon.colcon_core.shell:Creating environment hook '/home/wyp/test/robot_learning/week2/sev_ws/install/detect_interfaces/share/detect_interfaces/hook/cmake_prefix_path.ps1'
[4.069s] INFO:colcon.colcon_core.shell:Creating environment descriptor '/home/wyp/test/robot_learning/week2/sev_ws/install/detect_interfaces/share/detect_interfaces/hook/cmake_prefix_path.dsv'
[4.070s] INFO:colcon.colcon_core.shell:Creating environment hook '/home/wyp/test/robot_learning/week2/sev_ws/install/detect_interfaces/share/detect_interfaces/hook/cmake_prefix_path.sh'
[4.071s] Level 1:colcon.colcon_core.environment:checking '/home/wyp/test/robot_learning/week2/sev_ws/install/detect_interfaces/lib'
[4.071s] Level 1:colcon.colcon_core.shell:create_environment_hook('detect_interfaces', 'ld_library_path_lib')
[4.071s] INFO:colcon.colcon_core.shell:Creating environment hook '/home/wyp/test/robot_learning/week2/sev_ws/install/detect_interfaces/share/detect_interfaces/hook/ld_library_path_lib.ps1'
[4.071s] INFO:colcon.colcon_core.shell:Creating environment descriptor '/home/wyp/test/robot_learning/week2/sev_ws/install/detect_interfaces/share/detect_interfaces/hook/ld_library_path_lib.dsv'
[4.071s] INFO:colcon.colcon_core.shell:Creating environment hook '/home/wyp/test/robot_learning/week2/sev_ws/install/detect_interfaces/share/detect_interfaces/hook/ld_library_path_lib.sh'
[4.072s] Level 1:colcon.colcon_core.environment:checking '/home/wyp/test/robot_learning/week2/sev_ws/install/detect_interfaces/bin'
[4.072s] Level 1:colcon.colcon_core.environment:checking '/home/wyp/test/robot_learning/week2/sev_ws/install/detect_interfaces/lib/pkgconfig/detect_interfaces.pc'
[4.072s] Level 1:colcon.colcon_core.environment:checking '/home/wyp/test/robot_learning/week2/sev_ws/install/detect_interfaces/lib/python3.10/site-packages'
[4.073s] Level 1:colcon.colcon_core.shell:create_environment_hook('detect_interfaces', 'pythonpath')
[4.073s] INFO:colcon.colcon_core.shell:Creating environment hook '/home/wyp/test/robot_learning/week2/sev_ws/install/detect_interfaces/share/detect_interfaces/hook/pythonpath.ps1'
[4.073s] INFO:colcon.colcon_core.shell:Creating environment descriptor '/home/wyp/test/robot_learning/week2/sev_ws/install/detect_interfaces/share/detect_interfaces/hook/pythonpath.dsv'
[4.073s] INFO:colcon.colcon_core.shell:Creating environment hook '/home/wyp/test/robot_learning/week2/sev_ws/install/detect_interfaces/share/detect_interfaces/hook/pythonpath.sh'
[4.074s] Level 1:colcon.colcon_core.environment:checking '/home/wyp/test/robot_learning/week2/sev_ws/install/detect_interfaces/bin'
[4.074s] INFO:colcon.colcon_core.shell:Creating package script '/home/wyp/test/robot_learning/week2/sev_ws/install/detect_interfaces/share/detect_interfaces/package.ps1'
[4.075s] INFO:colcon.colcon_core.shell:Creating package descriptor '/home/wyp/test/robot_learning/week2/sev_ws/install/detect_interfaces/share/detect_interfaces/package.dsv'
[4.075s] INFO:colcon.colcon_core.shell:Creating package script '/home/wyp/test/robot_learning/week2/sev_ws/install/detect_interfaces/share/detect_interfaces/package.sh'
[4.076s] INFO:colcon.colcon_core.shell:Creating package script '/home/wyp/test/robot_learning/week2/sev_ws/install/detect_interfaces/share/detect_interfaces/package.bash'
[4.077s] INFO:colcon.colcon_core.shell:Creating package script '/home/wyp/test/robot_learning/week2/sev_ws/install/detect_interfaces/share/detect_interfaces/package.zsh'
[4.078s] Level 1:colcon.colcon_core.environment:create_file_with_runtime_dependencies(/home/wyp/test/robot_learning/week2/sev_ws/install/detect_interfaces/share/colcon-core/packages/detect_interfaces)
[4.078s] Level 1:colcon.colcon_core.environment:create_environment_scripts_only(detect_interfaces)
[4.078s] Level 1:colcon.colcon_core.environment:checking '/home/wyp/test/robot_learning/week2/sev_ws/install/detect_interfaces' for CMake module files
[4.079s] Level 1:colcon.colcon_core.environment:checking '/home/wyp/test/robot_learning/week2/sev_ws/install/detect_interfaces' for CMake config files
[4.079s] Level 1:colcon.colcon_core.shell:create_environment_hook('detect_interfaces', 'cmake_prefix_path')
[4.080s] INFO:colcon.colcon_core.shell:Creating environment hook '/home/wyp/test/robot_learning/week2/sev_ws/install/detect_interfaces/share/detect_interfaces/hook/cmake_prefix_path.ps1'
[4.080s] INFO:colcon.colcon_core.shell:Creating environment descriptor '/home/wyp/test/robot_learning/week2/sev_ws/install/detect_interfaces/share/detect_interfaces/hook/cmake_prefix_path.dsv'
[4.080s] INFO:colcon.colcon_core.shell:Creating environment hook '/home/wyp/test/robot_learning/week2/sev_ws/install/detect_interfaces/share/detect_interfaces/hook/cmake_prefix_path.sh'
[4.081s] Level 1:colcon.colcon_core.environment:checking '/home/wyp/test/robot_learning/week2/sev_ws/install/detect_interfaces/lib'
[4.081s] Level 1:colcon.colcon_core.shell:create_environment_hook('detect_interfaces', 'ld_library_path_lib')
[4.081s] INFO:colcon.colcon_core.shell:Creating environment hook '/home/wyp/test/robot_learning/week2/sev_ws/install/detect_interfaces/share/detect_interfaces/hook/ld_library_path_lib.ps1'
[4.081s] INFO:colcon.colcon_core.shell:Creating environment descriptor '/home/wyp/test/robot_learning/week2/sev_ws/install/detect_interfaces/share/detect_interfaces/hook/ld_library_path_lib.dsv'
[4.081s] INFO:colcon.colcon_core.shell:Creating environment hook '/home/wyp/test/robot_learning/week2/sev_ws/install/detect_interfaces/share/detect_interfaces/hook/ld_library_path_lib.sh'
[4.082s] Level 1:colcon.colcon_core.environment:checking '/home/wyp/test/robot_learning/week2/sev_ws/install/detect_interfaces/bin'
[4.082s] Level 1:colcon.colcon_core.environment:checking '/home/wyp/test/robot_learning/week2/sev_ws/install/detect_interfaces/lib/pkgconfig/detect_interfaces.pc'
[4.082s] Level 1:colcon.colcon_core.environment:checking '/home/wyp/test/robot_learning/week2/sev_ws/install/detect_interfaces/lib/python3.10/site-packages'
[4.082s] Level 1:colcon.colcon_core.shell:create_environment_hook('detect_interfaces', 'pythonpath')
[4.082s] INFO:colcon.colcon_core.shell:Creating environment hook '/home/wyp/test/robot_learning/week2/sev_ws/install/detect_interfaces/share/detect_interfaces/hook/pythonpath.ps1'
[4.082s] INFO:colcon.colcon_core.shell:Creating environment descriptor '/home/wyp/test/robot_learning/week2/sev_ws/install/detect_interfaces/share/detect_interfaces/hook/pythonpath.dsv'
[4.082s] INFO:colcon.colcon_core.shell:Creating environment hook '/home/wyp/test/robot_learning/week2/sev_ws/install/detect_interfaces/share/detect_interfaces/hook/pythonpath.sh'
[4.083s] Level 1:colcon.colcon_core.environment:checking '/home/wyp/test/robot_learning/week2/sev_ws/install/detect_interfaces/bin'
[4.083s] INFO:colcon.colcon_core.shell:Creating package script '/home/wyp/test/robot_learning/week2/sev_ws/install/detect_interfaces/share/detect_interfaces/package.ps1'
[4.084s] INFO:colcon.colcon_core.shell:Creating package descriptor '/home/wyp/test/robot_learning/week2/sev_ws/install/detect_interfaces/share/detect_interfaces/package.dsv'
[4.084s] INFO:colcon.colcon_core.shell:Creating package script '/home/wyp/test/robot_learning/week2/sev_ws/install/detect_interfaces/share/detect_interfaces/package.sh'
[4.084s] INFO:colcon.colcon_core.shell:Creating package script '/home/wyp/test/robot_learning/week2/sev_ws/install/detect_interfaces/share/detect_interfaces/package.bash'
[4.085s] INFO:colcon.colcon_core.shell:Creating package script '/home/wyp/test/robot_learning/week2/sev_ws/install/detect_interfaces/share/detect_interfaces/package.zsh'
[4.085s] Level 1:colcon.colcon_core.environment:create_file_with_runtime_dependencies(/home/wyp/test/robot_learning/week2/sev_ws/install/detect_interfaces/share/colcon-core/packages/detect_interfaces)
[4.085s] INFO:colcon.colcon_ros.task.ament_python.build:Building ROS package in '/home/wyp/test/robot_learning/week2/sev_ws/src/py_service' with build type 'ament_python'
[4.085s] Level 1:colcon.colcon_core.shell:create_environment_hook('py_service', 'ament_prefix_path')
[4.085s] INFO:colcon.colcon_core.shell:Creating environment hook '/home/wyp/test/robot_learning/week2/sev_ws/install/py_service/share/py_service/hook/ament_prefix_path.ps1'
[4.086s] INFO:colcon.colcon_core.shell:Creating environment descriptor '/home/wyp/test/robot_learning/week2/sev_ws/install/py_service/share/py_service/hook/ament_prefix_path.dsv'
[4.086s] INFO:colcon.colcon_core.shell:Creating environment hook '/home/wyp/test/robot_learning/week2/sev_ws/install/py_service/share/py_service/hook/ament_prefix_path.sh'
[4.087s] INFO:colcon.colcon_core.shell:Skip shell extension 'powershell' for command environment: Not usable outside of PowerShell
[4.087s] DEBUG:colcon.colcon_core.shell:Skip shell extension 'dsv' for command environment
[4.255s] INFO:colcon.colcon_core.task.python.build:Building Python package in '/home/wyp/test/robot_learning/week2/sev_ws/src/py_service'
[4.255s] INFO:colcon.colcon_core.shell:Skip shell extension 'powershell' for command environment: Not usable outside of PowerShell
[4.255s] DEBUG:colcon.colcon_core.shell:Skip shell extension 'dsv' for command environment
[4.665s] DEBUG:colcon.colcon_core.task.python.build:Available setuptools commands: build_clib, bdist_rpm, install_scripts, alias, update_catalog, sdist, extract_messages, symlink_data, clean, build_scripts, compile_catalog, build_ext, bdist_dumb, init_catalog, install, bdist_wheel, saveopts, develop, rotate, install_data, bdist_egg, dist_info, install_headers, bdist, check, editable_wheel, egg_info, install_lib, setopt, install_egg_info, build_py, easy_install, build
[4.668s] DEBUG:colcon.colcon_core.event_handler.log_command:Invoking command in '/home/wyp/test/robot_learning/week2/sev_ws/src/py_service': CONDA_PROMPT_MODIFIER=(robopy) PYTHONPATH=/home/wyp/test/robot_learning/week2/sev_ws/build/py_service/prefix_override:/home/wyp/miniconda3/envs/robopy/lib/python3.10/site-packages/colcon_core/task/python/colcon_distutils_commands:/home/wyp/test/robot_learning/week2/sev_ws/install/py_service/lib/python3.10/site-packages:/home/wyp/test/robot_learning/week2/sev_ws/install/detect_interfaces/lib/python3.10/site-packages:/home/wyp/test/robot_learning/week2/sev_ws/install/py_service/lib/python3.10/site-packages:/opt/ros/humble/lib/python3.10/site-packages:/opt/ros/humble/local/lib/python3.10/dist-packages /home/wyp/miniconda3/envs/robopy/bin/python -W ignore:setup.py install is deprecated -W ignore:easy_install command is deprecated setup.py egg_info --egg-base ../../build/py_service build --build-base /home/wyp/test/robot_learning/week2/sev_ws/build/py_service/build install --record /home/wyp/test/robot_learning/week2/sev_ws/build/py_service/install.log --install-scripts $base/lib/py_service --single-version-externally-managed install_data
[5.076s] Level 1:colcon.colcon_core.environment:checking '/home/wyp/test/robot_learning/week2/sev_ws/install/py_service' for CMake module files
[5.077s] DEBUG:colcon.colcon_core.event_handler.log_command:Invoked command in '/home/wyp/test/robot_learning/week2/sev_ws/src/py_service' returned '0': CONDA_PROMPT_MODIFIER=(robopy) PYTHONPATH=/home/wyp/test/robot_learning/week2/sev_ws/build/py_service/prefix_override:/home/wyp/miniconda3/envs/robopy/lib/python3.10/site-packages/colcon_core/task/python/colcon_distutils_commands:/home/wyp/test/robot_learning/week2/sev_ws/install/py_service/lib/python3.10/site-packages:/home/wyp/test/robot_learning/week2/sev_ws/install/detect_interfaces/lib/python3.10/site-packages:/home/wyp/test/robot_learning/week2/sev_ws/install/py_service/lib/python3.10/site-packages:/opt/ros/humble/lib/python3.10/site-packages:/opt/ros/humble/local/lib/python3.10/dist-packages /home/wyp/miniconda3/envs/robopy/bin/python -W ignore:setup.py install is deprecated -W ignore:easy_install command is deprecated setup.py egg_info --egg-base ../../build/py_service build --build-base /home/wyp/test/robot_learning/week2/sev_ws/build/py_service/build install --record /home/wyp/test/robot_learning/week2/sev_ws/build/py_service/install.log --install-scripts $base/lib/py_service --single-version-externally-managed install_data
[5.077s] Level 1:colcon.colcon_core.environment:checking '/home/wyp/test/robot_learning/week2/sev_ws/install/py_service' for CMake config files
[5.078s] Level 1:colcon.colcon_core.environment:checking '/home/wyp/test/robot_learning/week2/sev_ws/install/py_service/lib'
[5.078s] Level 1:colcon.colcon_core.environment:checking '/home/wyp/test/robot_learning/week2/sev_ws/install/py_service/bin'
[5.078s] Level 1:colcon.colcon_core.environment:checking '/home/wyp/test/robot_learning/week2/sev_ws/install/py_service/lib/pkgconfig/py_service.pc'
[5.078s] Level 1:colcon.colcon_core.environment:checking '/home/wyp/test/robot_learning/week2/sev_ws/install/py_service/lib/python3.10/site-packages'
[5.078s] Level 1:colcon.colcon_core.shell:create_environment_hook('py_service', 'pythonpath')
[5.078s] INFO:colcon.colcon_core.shell:Creating environment hook '/home/wyp/test/robot_learning/week2/sev_ws/install/py_service/share/py_service/hook/pythonpath.ps1'
[5.079s] INFO:colcon.colcon_core.shell:Creating environment descriptor '/home/wyp/test/robot_learning/week2/sev_ws/install/py_service/share/py_service/hook/pythonpath.dsv'
[5.079s] INFO:colcon.colcon_core.shell:Creating environment hook '/home/wyp/test/robot_learning/week2/sev_ws/install/py_service/share/py_service/hook/pythonpath.sh'
[5.079s] Level 1:colcon.colcon_core.environment:checking '/home/wyp/test/robot_learning/week2/sev_ws/install/py_service/bin'
[5.079s] Level 1:colcon.colcon_core.environment:create_environment_scripts_only(py_service)
[5.080s] INFO:colcon.colcon_core.shell:Creating package script '/home/wyp/test/robot_learning/week2/sev_ws/install/py_service/share/py_service/package.ps1'
[5.080s] INFO:colcon.colcon_core.shell:Creating package descriptor '/home/wyp/test/robot_learning/week2/sev_ws/install/py_service/share/py_service/package.dsv'
[5.080s] INFO:colcon.colcon_core.shell:Creating package script '/home/wyp/test/robot_learning/week2/sev_ws/install/py_service/share/py_service/package.sh'
[5.081s] INFO:colcon.colcon_core.shell:Creating package script '/home/wyp/test/robot_learning/week2/sev_ws/install/py_service/share/py_service/package.bash'
[5.081s] INFO:colcon.colcon_core.shell:Creating package script '/home/wyp/test/robot_learning/week2/sev_ws/install/py_service/share/py_service/package.zsh'
[5.081s] Level 1:colcon.colcon_core.environment:create_file_with_runtime_dependencies(/home/wyp/test/robot_learning/week2/sev_ws/install/py_service/share/colcon-core/packages/py_service)
[5.081s] DEBUG:colcon.colcon_parallel_executor.executor.parallel:closing loop
[5.082s] DEBUG:colcon.colcon_parallel_executor.executor.parallel:loop closed
[5.082s] DEBUG:colcon.colcon_parallel_executor.executor.parallel:run_until_complete finished with '0'
[5.082s] DEBUG:colcon.colcon_core.event_reactor:joining thread
[5.090s] INFO:colcon.colcon_core.plugin_system:Skipping extension 'colcon_notification.desktop_notification.notify2': 'notify2' not found
[5.090s] INFO:colcon.colcon_core.plugin_system:Skipping extension 'colcon_notification.desktop_notification.terminal_notifier': Not used on non-Darwin systems
[5.090s] INFO:colcon.colcon_core.plugin_system:Skipping extension 'colcon_notification.desktop_notification.win32': Not used on non-Windows systems
[5.090s] INFO:colcon.colcon_notification.desktop_notification:Sending desktop notification using 'notify_send'
[5.115s] DEBUG:colcon.colcon_core.event_reactor:joined thread
[5.115s] INFO:colcon.colcon_core.shell:Creating prefix script '/home/wyp/test/robot_learning/week2/sev_ws/install/local_setup.ps1'
[5.116s] INFO:colcon.colcon_core.shell:Creating prefix util module '/home/wyp/test/robot_learning/week2/sev_ws/install/_local_setup_util_ps1.py'
[5.117s] INFO:colcon.colcon_core.shell:Creating prefix chain script '/home/wyp/test/robot_learning/week2/sev_ws/install/setup.ps1'
[5.118s] INFO:colcon.colcon_core.shell:Creating prefix script '/home/wyp/test/robot_learning/week2/sev_ws/install/local_setup.sh'
[5.119s] INFO:colcon.colcon_core.shell:Creating prefix util module '/home/wyp/test/robot_learning/week2/sev_ws/install/_local_setup_util_sh.py'
[5.119s] INFO:colcon.colcon_core.shell:Creating prefix chain script '/home/wyp/test/robot_learning/week2/sev_ws/install/setup.sh'
[5.120s] INFO:colcon.colcon_core.shell:Creating prefix script '/home/wyp/test/robot_learning/week2/sev_ws/install/local_setup.bash'
[5.120s] INFO:colcon.colcon_core.shell:Creating prefix chain script '/home/wyp/test/robot_learning/week2/sev_ws/install/setup.bash'
[5.121s] INFO:colcon.colcon_core.shell:Creating prefix script '/home/wyp/test/robot_learning/week2/sev_ws/install/local_setup.zsh'
[5.122s] INFO:colcon.colcon_core.shell:Creating prefix chain script '/home/wyp/test/robot_learning/week2/sev_ws/install/setup.zsh'
