/home/wyp/test/robot_learning/week2/week2_ws/install/demo_python_pkg/lib/python3.10/site-packages/demo_python_pkg/book_thread.py
/home/wyp/test/robot_learning/week2/week2_ws/install/demo_python_pkg/lib/python3.10/site-packages/demo_python_pkg/person.py
/home/wyp/test/robot_learning/week2/week2_ws/install/demo_python_pkg/lib/python3.10/site-packages/demo_python_pkg/writer.py
/home/wyp/test/robot_learning/week2/week2_ws/install/demo_python_pkg/lib/python3.10/site-packages/demo_python_pkg/node_py.py
/home/wyp/test/robot_learning/week2/week2_ws/install/demo_python_pkg/lib/python3.10/site-packages/demo_python_pkg/__init__.py
/home/wyp/test/robot_learning/week2/week2_ws/install/demo_python_pkg/lib/python3.10/site-packages/demo_python_pkg/__pycache__/book_thread.cpython-310.pyc
/home/wyp/test/robot_learning/week2/week2_ws/install/demo_python_pkg/lib/python3.10/site-packages/demo_python_pkg/__pycache__/person.cpython-310.pyc
/home/wyp/test/robot_learning/week2/week2_ws/install/demo_python_pkg/lib/python3.10/site-packages/demo_python_pkg/__pycache__/writer.cpython-310.pyc
/home/wyp/test/robot_learning/week2/week2_ws/install/demo_python_pkg/lib/python3.10/site-packages/demo_python_pkg/__pycache__/node_py.cpython-310.pyc
/home/wyp/test/robot_learning/week2/week2_ws/install/demo_python_pkg/lib/python3.10/site-packages/demo_python_pkg/__pycache__/__init__.cpython-310.pyc
/home/wyp/test/robot_learning/week2/week2_ws/install/demo_python_pkg/share/ament_index/resource_index/packages/demo_python_pkg
/home/wyp/test/robot_learning/week2/week2_ws/install/demo_python_pkg/share/demo_python_pkg/package.xml
/home/wyp/test/robot_learning/week2/week2_ws/install/demo_python_pkg/lib/python3.10/site-packages/demo_python_pkg-0.0.0-py3.10.egg-info/zip-safe
/home/wyp/test/robot_learning/week2/week2_ws/install/demo_python_pkg/lib/python3.10/site-packages/demo_python_pkg-0.0.0-py3.10.egg-info/top_level.txt
/home/wyp/test/robot_learning/week2/week2_ws/install/demo_python_pkg/lib/python3.10/site-packages/demo_python_pkg-0.0.0-py3.10.egg-info/PKG-INFO
/home/wyp/test/robot_learning/week2/week2_ws/install/demo_python_pkg/lib/python3.10/site-packages/demo_python_pkg-0.0.0-py3.10.egg-info/dependency_links.txt
/home/wyp/test/robot_learning/week2/week2_ws/install/demo_python_pkg/lib/python3.10/site-packages/demo_python_pkg-0.0.0-py3.10.egg-info/requires.txt
/home/wyp/test/robot_learning/week2/week2_ws/install/demo_python_pkg/lib/python3.10/site-packages/demo_python_pkg-0.0.0-py3.10.egg-info/SOURCES.txt
/home/wyp/test/robot_learning/week2/week2_ws/install/demo_python_pkg/lib/python3.10/site-packages/demo_python_pkg-0.0.0-py3.10.egg-info/entry_points.txt
/home/wyp/test/robot_learning/week2/week2_ws/install/demo_python_pkg/lib/demo_python_pkg/book_thread
/home/wyp/test/robot_learning/week2/week2_ws/install/demo_python_pkg/lib/demo_python_pkg/hero_node
/home/wyp/test/robot_learning/week2/week2_ws/install/demo_python_pkg/lib/demo_python_pkg/node_py
/home/wyp/test/robot_learning/week2/week2_ws/install/demo_python_pkg/lib/demo_python_pkg/writer_node
