[0.117s] DEBUG:colcon:Command line arguments: ['/home/wyp/miniconda3/envs/robopy/lib/python3.10/site-packages/colcon/__main__.py', 'build']
[0.117s] DEBUG:colcon:Parsed command line arguments: Namespace(log_base=None, log_level=None, verb_name='build', build_base='build', install_base='install', merge_install=False, symlink_install=False, test_result_base=None, continue_on_error=False, executor='parallel', parallel_workers=12, event_handlers=None, ignore_user_meta=False, metas=['./colcon.meta'], base_paths=['.'], packages_ignore=None, packages_ignore_regex=None, paths=None, packages_up_to=None, packages_up_to_regex=None, packages_above=None, packages_above_and_dependencies=None, packages_above_depth=None, packages_select_by_dep=None, packages_skip_by_dep=None, packages_skip_up_to=None, packages_select_build_failed=False, packages_skip_build_finished=False, packages_select_test_failures=False, packages_skip_test_passed=False, packages_select=None, packages_skip=None, packages_select_regex=None, packages_skip_regex=None, packages_start=None, packages_end=None, cmake_args=None, cmake_target=None, cmake_target_skip_unavailable=False, cmake_clean_cache=False, cmake_clean_first=False, cmake_force_configure=False, ament_cmake_args=None, catkin_cmake_args=None, catkin_skip_building_tests=False, verb_parser=<colcon_defaults.argument_parser.defaults.DefaultArgumentsDecorator object at 0x7e4e06bde260>, verb_extension=<colcon_core.verb.build.BuildVerb object at 0x7e4e06bddcc0>, main=<bound method BuildVerb.main of <colcon_core.verb.build.BuildVerb object at 0x7e4e06bddcc0>>)
[0.154s] Level 1:colcon.colcon_core.package_discovery:discover_packages(colcon_meta) check parameters
[0.154s] Level 1:colcon.colcon_core.package_discovery:discover_packages(recursive) check parameters
[0.154s] Level 1:colcon.colcon_core.package_discovery:discover_packages(ignore) check parameters
[0.154s] Level 1:colcon.colcon_core.package_discovery:discover_packages(path) check parameters
[0.154s] Level 1:colcon.colcon_core.package_discovery:discover_packages(colcon_meta) discover
[0.154s] Level 1:colcon.colcon_core.package_discovery:discover_packages(recursive) discover
[0.154s] INFO:colcon.colcon_core.package_discovery:Crawling recursively for packages in '/home/wyp/test/robot_learning/week2/robot_ws'
[0.154s] Level 1:colcon.colcon_core.package_identification:_identify(.) by extensions ['ignore', 'ignore_ament_install']
[0.154s] Level 1:colcon.colcon_core.package_identification:_identify(.) by extension 'ignore'
[0.155s] Level 1:colcon.colcon_core.package_identification:_identify(.) by extension 'ignore_ament_install'
[0.155s] Level 1:colcon.colcon_core.package_identification:_identify(.) by extensions ['colcon_pkg']
[0.155s] Level 1:colcon.colcon_core.package_identification:_identify(.) by extension 'colcon_pkg'
[0.155s] Level 1:colcon.colcon_core.package_identification:_identify(.) by extensions ['colcon_meta']
[0.155s] Level 1:colcon.colcon_core.package_identification:_identify(.) by extension 'colcon_meta'
[0.155s] Level 1:colcon.colcon_core.package_identification:_identify(.) by extensions ['ros']
[0.155s] Level 1:colcon.colcon_core.package_identification:_identify(.) by extension 'ros'
[0.180s] Level 1:colcon.colcon_core.package_identification:_identify(.) by extensions ['cmake', 'python']
[0.180s] Level 1:colcon.colcon_core.package_identification:_identify(.) by extension 'cmake'
[0.180s] Level 1:colcon.colcon_core.package_identification:_identify(.) by extension 'python'
[0.180s] Level 1:colcon.colcon_core.package_identification:_identify(.) by extensions ['python_setup_py']
[0.180s] Level 1:colcon.colcon_core.package_identification:_identify(.) by extension 'python_setup_py'
[0.180s] Level 1:colcon.colcon_core.package_identification:_identify(build) by extensions ['ignore', 'ignore_ament_install']
[0.181s] Level 1:colcon.colcon_core.package_identification:_identify(build) by extension 'ignore'
[0.181s] Level 1:colcon.colcon_core.package_identification:_identify(build) ignored
[0.181s] Level 1:colcon.colcon_core.package_identification:_identify(install) by extensions ['ignore', 'ignore_ament_install']
[0.181s] Level 1:colcon.colcon_core.package_identification:_identify(install) by extension 'ignore'
[0.181s] Level 1:colcon.colcon_core.package_identification:_identify(install) ignored
[0.181s] Level 1:colcon.colcon_core.package_identification:_identify(log) by extensions ['ignore', 'ignore_ament_install']
[0.181s] Level 1:colcon.colcon_core.package_identification:_identify(log) by extension 'ignore'
[0.181s] Level 1:colcon.colcon_core.package_identification:_identify(log) ignored
[0.181s] Level 1:colcon.colcon_core.package_identification:_identify(src) by extensions ['ignore', 'ignore_ament_install']
[0.181s] Level 1:colcon.colcon_core.package_identification:_identify(src) by extension 'ignore'
[0.181s] Level 1:colcon.colcon_core.package_identification:_identify(src) by extension 'ignore_ament_install'
[0.181s] Level 1:colcon.colcon_core.package_identification:_identify(src) by extensions ['colcon_pkg']
[0.181s] Level 1:colcon.colcon_core.package_identification:_identify(src) by extension 'colcon_pkg'
[0.181s] Level 1:colcon.colcon_core.package_identification:_identify(src) by extensions ['colcon_meta']
[0.181s] Level 1:colcon.colcon_core.package_identification:_identify(src) by extension 'colcon_meta'
[0.181s] Level 1:colcon.colcon_core.package_identification:_identify(src) by extensions ['ros']
[0.181s] Level 1:colcon.colcon_core.package_identification:_identify(src) by extension 'ros'
[0.181s] Level 1:colcon.colcon_core.package_identification:_identify(src) by extensions ['cmake', 'python']
[0.181s] Level 1:colcon.colcon_core.package_identification:_identify(src) by extension 'cmake'
[0.181s] Level 1:colcon.colcon_core.package_identification:_identify(src) by extension 'python'
[0.181s] Level 1:colcon.colcon_core.package_identification:_identify(src) by extensions ['python_setup_py']
[0.182s] Level 1:colcon.colcon_core.package_identification:_identify(src) by extension 'python_setup_py'
[0.182s] Level 1:colcon.colcon_core.package_identification:_identify(src/mujoco_pub) by extensions ['ignore', 'ignore_ament_install']
[0.182s] Level 1:colcon.colcon_core.package_identification:_identify(src/mujoco_pub) by extension 'ignore'
[0.182s] Level 1:colcon.colcon_core.package_identification:_identify(src/mujoco_pub) by extension 'ignore_ament_install'
[0.182s] Level 1:colcon.colcon_core.package_identification:_identify(src/mujoco_pub) by extensions ['colcon_pkg']
[0.182s] Level 1:colcon.colcon_core.package_identification:_identify(src/mujoco_pub) by extension 'colcon_pkg'
[0.182s] Level 1:colcon.colcon_core.package_identification:_identify(src/mujoco_pub) by extensions ['colcon_meta']
[0.182s] Level 1:colcon.colcon_core.package_identification:_identify(src/mujoco_pub) by extension 'colcon_meta'
[0.182s] Level 1:colcon.colcon_core.package_identification:_identify(src/mujoco_pub) by extensions ['ros']
[0.182s] Level 1:colcon.colcon_core.package_identification:_identify(src/mujoco_pub) by extension 'ros'
[0.184s] DEBUG:colcon.colcon_core.package_identification:Package 'src/mujoco_pub' with type 'ros.ament_python' and name 'mujoco_pub'
[0.184s] Level 1:colcon.colcon_core.package_identification:_identify(src/robot_interfaces) by extensions ['ignore', 'ignore_ament_install']
[0.184s] Level 1:colcon.colcon_core.package_identification:_identify(src/robot_interfaces) by extension 'ignore'
[0.184s] Level 1:colcon.colcon_core.package_identification:_identify(src/robot_interfaces) by extension 'ignore_ament_install'
[0.184s] Level 1:colcon.colcon_core.package_identification:_identify(src/robot_interfaces) by extensions ['colcon_pkg']
[0.184s] Level 1:colcon.colcon_core.package_identification:_identify(src/robot_interfaces) by extension 'colcon_pkg'
[0.184s] Level 1:colcon.colcon_core.package_identification:_identify(src/robot_interfaces) by extensions ['colcon_meta']
[0.184s] Level 1:colcon.colcon_core.package_identification:_identify(src/robot_interfaces) by extension 'colcon_meta'
[0.184s] Level 1:colcon.colcon_core.package_identification:_identify(src/robot_interfaces) by extensions ['ros']
[0.184s] Level 1:colcon.colcon_core.package_identification:_identify(src/robot_interfaces) by extension 'ros'
[0.185s] DEBUG:colcon.colcon_core.package_identification:Package 'src/robot_interfaces' with type 'ros.ament_cmake' and name 'robot_interfaces'
[0.185s] Level 1:colcon.colcon_core.package_discovery:discover_packages(recursive) using defaults
[0.185s] Level 1:colcon.colcon_core.package_discovery:discover_packages(ignore) discover
[0.185s] Level 1:colcon.colcon_core.package_discovery:discover_packages(ignore) using defaults
[0.185s] Level 1:colcon.colcon_core.package_discovery:discover_packages(path) discover
[0.185s] Level 1:colcon.colcon_core.package_discovery:discover_packages(path) using defaults
[0.208s] Level 5:colcon.colcon_core.verb:set package 'robot_interfaces' build argument 'cmake_args' from command line to 'None'
[0.208s] Level 5:colcon.colcon_core.verb:set package 'robot_interfaces' build argument 'cmake_target' from command line to 'None'
[0.208s] Level 5:colcon.colcon_core.verb:set package 'robot_interfaces' build argument 'cmake_target_skip_unavailable' from command line to 'False'
[0.208s] Level 5:colcon.colcon_core.verb:set package 'robot_interfaces' build argument 'cmake_clean_cache' from command line to 'False'
[0.208s] Level 5:colcon.colcon_core.verb:set package 'robot_interfaces' build argument 'cmake_clean_first' from command line to 'False'
[0.208s] Level 5:colcon.colcon_core.verb:set package 'robot_interfaces' build argument 'cmake_force_configure' from command line to 'False'
[0.208s] Level 5:colcon.colcon_core.verb:set package 'robot_interfaces' build argument 'ament_cmake_args' from command line to 'None'
[0.208s] Level 5:colcon.colcon_core.verb:set package 'robot_interfaces' build argument 'catkin_cmake_args' from command line to 'None'
[0.208s] Level 5:colcon.colcon_core.verb:set package 'robot_interfaces' build argument 'catkin_skip_building_tests' from command line to 'False'
[0.208s] DEBUG:colcon.colcon_core.verb:Building package 'robot_interfaces' with the following arguments: {'ament_cmake_args': None, 'build_base': '/home/wyp/test/robot_learning/week2/robot_ws/build/robot_interfaces', 'catkin_cmake_args': None, 'catkin_skip_building_tests': False, 'cmake_args': None, 'cmake_clean_cache': False, 'cmake_clean_first': False, 'cmake_force_configure': False, 'cmake_target': None, 'cmake_target_skip_unavailable': False, 'install_base': '/home/wyp/test/robot_learning/week2/robot_ws/install/robot_interfaces', 'merge_install': False, 'path': '/home/wyp/test/robot_learning/week2/robot_ws/src/robot_interfaces', 'symlink_install': False, 'test_result_base': None}
[0.208s] Level 5:colcon.colcon_core.verb:set package 'mujoco_pub' build argument 'cmake_args' from command line to 'None'
[0.208s] Level 5:colcon.colcon_core.verb:set package 'mujoco_pub' build argument 'cmake_target' from command line to 'None'
[0.208s] Level 5:colcon.colcon_core.verb:set package 'mujoco_pub' build argument 'cmake_target_skip_unavailable' from command line to 'False'
[0.208s] Level 5:colcon.colcon_core.verb:set package 'mujoco_pub' build argument 'cmake_clean_cache' from command line to 'False'
[0.208s] Level 5:colcon.colcon_core.verb:set package 'mujoco_pub' build argument 'cmake_clean_first' from command line to 'False'
[0.208s] Level 5:colcon.colcon_core.verb:set package 'mujoco_pub' build argument 'cmake_force_configure' from command line to 'False'
[0.208s] Level 5:colcon.colcon_core.verb:set package 'mujoco_pub' build argument 'ament_cmake_args' from command line to 'None'
[0.208s] Level 5:colcon.colcon_core.verb:set package 'mujoco_pub' build argument 'catkin_cmake_args' from command line to 'None'
[0.208s] Level 5:colcon.colcon_core.verb:set package 'mujoco_pub' build argument 'catkin_skip_building_tests' from command line to 'False'
[0.208s] DEBUG:colcon.colcon_core.verb:Building package 'mujoco_pub' with the following arguments: {'ament_cmake_args': None, 'build_base': '/home/wyp/test/robot_learning/week2/robot_ws/build/mujoco_pub', 'catkin_cmake_args': None, 'catkin_skip_building_tests': False, 'cmake_args': None, 'cmake_clean_cache': False, 'cmake_clean_first': False, 'cmake_force_configure': False, 'cmake_target': None, 'cmake_target_skip_unavailable': False, 'install_base': '/home/wyp/test/robot_learning/week2/robot_ws/install/mujoco_pub', 'merge_install': False, 'path': '/home/wyp/test/robot_learning/week2/robot_ws/src/mujoco_pub', 'symlink_install': False, 'test_result_base': None}
[0.208s] INFO:colcon.colcon_core.executor:Executing jobs using 'parallel' executor
[0.209s] DEBUG:colcon.colcon_parallel_executor.executor.parallel:run_until_complete
[0.209s] INFO:colcon.colcon_ros.task.ament_cmake.build:Building ROS package in '/home/wyp/test/robot_learning/week2/robot_ws/src/robot_interfaces' with build type 'ament_cmake'
[0.209s] INFO:colcon.colcon_cmake.task.cmake.build:Building CMake package in '/home/wyp/test/robot_learning/week2/robot_ws/src/robot_interfaces'
[0.211s] INFO:colcon.colcon_core.plugin_system:Skipping extension 'colcon_core.shell.bat': Not used on non-Windows systems
[0.211s] INFO:colcon.colcon_core.shell:Skip shell extension 'powershell' for command environment: Not usable outside of PowerShell
[0.211s] DEBUG:colcon.colcon_core.shell:Skip shell extension 'dsv' for command environment
[0.212s] WARNING:colcon.colcon_ros.prefix_path.ament:The path '/home/wyp/test/robot_learning/week2/robot_ws/install/mujoco_pub' in the environment variable AMENT_PREFIX_PATH doesn't exist
[0.212s] WARNING:colcon.colcon_ros.prefix_path.ament:The path '/home/wyp/test/robot_learning/week2/robot_ws/install/robot_interfaces' in the environment variable AMENT_PREFIX_PATH doesn't exist
[0.212s] WARNING:colcon.colcon_ros.prefix_path.catkin:The path '/home/wyp/test/robot_learning/week2/robot_ws/install/robot_interfaces' in the environment variable CMAKE_PREFIX_PATH doesn't exist
[0.221s] DEBUG:colcon.colcon_core.event_handler.log_command:Invoking command in '/home/wyp/test/robot_learning/week2/robot_ws/build/robot_interfaces': CMAKE_PREFIX_PATH=${CMAKE_PREFIX_PATH}:/home/wyp/test/robot_learning/week2/robot_ws/install/mujoco_pub:/opt/ros/humble CONDA_PROMPT_MODIFIER=(robopy) /usr/bin/cmake /home/wyp/test/robot_learning/week2/robot_ws/src/robot_interfaces -DCMAKE_INSTALL_PREFIX=/home/wyp/test/robot_learning/week2/robot_ws/install/robot_interfaces
[1.823s] DEBUG:colcon.colcon_core.event_handler.log_command:Invoked command in '/home/wyp/test/robot_learning/week2/robot_ws/build/robot_interfaces' returned '0': CMAKE_PREFIX_PATH=${CMAKE_PREFIX_PATH}:/home/wyp/test/robot_learning/week2/robot_ws/install/mujoco_pub:/opt/ros/humble CONDA_PROMPT_MODIFIER=(robopy) /usr/bin/cmake /home/wyp/test/robot_learning/week2/robot_ws/src/robot_interfaces -DCMAKE_INSTALL_PREFIX=/home/wyp/test/robot_learning/week2/robot_ws/install/robot_interfaces
[1.824s] DEBUG:colcon.colcon_core.event_handler.log_command:Invoking command in '/home/wyp/test/robot_learning/week2/robot_ws/build/robot_interfaces': CMAKE_PREFIX_PATH=${CMAKE_PREFIX_PATH}:/home/wyp/test/robot_learning/week2/robot_ws/install/mujoco_pub:/opt/ros/humble CONDA_PROMPT_MODIFIER=(robopy) /usr/bin/cmake --build /home/wyp/test/robot_learning/week2/robot_ws/build/robot_interfaces -- -j12 -l12
[3.539s] DEBUG:colcon.colcon_core.event_handler.log_command:Invoked command in '/home/wyp/test/robot_learning/week2/robot_ws/build/robot_interfaces' returned '0': CMAKE_PREFIX_PATH=${CMAKE_PREFIX_PATH}:/home/wyp/test/robot_learning/week2/robot_ws/install/mujoco_pub:/opt/ros/humble CONDA_PROMPT_MODIFIER=(robopy) /usr/bin/cmake --build /home/wyp/test/robot_learning/week2/robot_ws/build/robot_interfaces -- -j12 -l12
[3.548s] DEBUG:colcon.colcon_core.event_handler.log_command:Invoking command in '/home/wyp/test/robot_learning/week2/robot_ws/build/robot_interfaces': CMAKE_PREFIX_PATH=${CMAKE_PREFIX_PATH}:/home/wyp/test/robot_learning/week2/robot_ws/install/mujoco_pub:/opt/ros/humble CONDA_PROMPT_MODIFIER=(robopy) /usr/bin/cmake --install /home/wyp/test/robot_learning/week2/robot_ws/build/robot_interfaces
[3.609s] Level 1:colcon.colcon_core.environment:create_environment_scripts_only(robot_interfaces)
[3.609s] DEBUG:colcon.colcon_core.event_handler.log_command:Invoked command in '/home/wyp/test/robot_learning/week2/robot_ws/build/robot_interfaces' returned '0': CMAKE_PREFIX_PATH=${CMAKE_PREFIX_PATH}:/home/wyp/test/robot_learning/week2/robot_ws/install/mujoco_pub:/opt/ros/humble CONDA_PROMPT_MODIFIER=(robopy) /usr/bin/cmake --install /home/wyp/test/robot_learning/week2/robot_ws/build/robot_interfaces
[3.611s] Level 1:colcon.colcon_core.environment:checking '/home/wyp/test/robot_learning/week2/robot_ws/install/robot_interfaces' for CMake module files
[3.612s] Level 1:colcon.colcon_core.environment:checking '/home/wyp/test/robot_learning/week2/robot_ws/install/robot_interfaces' for CMake config files
[3.612s] Level 1:colcon.colcon_core.shell:create_environment_hook('robot_interfaces', 'cmake_prefix_path')
[3.612s] INFO:colcon.colcon_core.shell:Creating environment hook '/home/wyp/test/robot_learning/week2/robot_ws/install/robot_interfaces/share/robot_interfaces/hook/cmake_prefix_path.ps1'
[3.613s] INFO:colcon.colcon_core.shell:Creating environment descriptor '/home/wyp/test/robot_learning/week2/robot_ws/install/robot_interfaces/share/robot_interfaces/hook/cmake_prefix_path.dsv'
[3.613s] INFO:colcon.colcon_core.shell:Creating environment hook '/home/wyp/test/robot_learning/week2/robot_ws/install/robot_interfaces/share/robot_interfaces/hook/cmake_prefix_path.sh'
[3.614s] Level 1:colcon.colcon_core.environment:checking '/home/wyp/test/robot_learning/week2/robot_ws/install/robot_interfaces/lib'
[3.614s] Level 1:colcon.colcon_core.shell:create_environment_hook('robot_interfaces', 'ld_library_path_lib')
[3.614s] INFO:colcon.colcon_core.shell:Creating environment hook '/home/wyp/test/robot_learning/week2/robot_ws/install/robot_interfaces/share/robot_interfaces/hook/ld_library_path_lib.ps1'
[3.615s] INFO:colcon.colcon_core.shell:Creating environment descriptor '/home/wyp/test/robot_learning/week2/robot_ws/install/robot_interfaces/share/robot_interfaces/hook/ld_library_path_lib.dsv'
[3.615s] INFO:colcon.colcon_core.shell:Creating environment hook '/home/wyp/test/robot_learning/week2/robot_ws/install/robot_interfaces/share/robot_interfaces/hook/ld_library_path_lib.sh'
[3.615s] Level 1:colcon.colcon_core.environment:checking '/home/wyp/test/robot_learning/week2/robot_ws/install/robot_interfaces/bin'
[3.615s] Level 1:colcon.colcon_core.environment:checking '/home/wyp/test/robot_learning/week2/robot_ws/install/robot_interfaces/lib/pkgconfig/robot_interfaces.pc'
[3.616s] Level 1:colcon.colcon_core.environment:checking '/home/wyp/test/robot_learning/week2/robot_ws/install/robot_interfaces/lib/python3.10/site-packages'
[3.616s] Level 1:colcon.colcon_core.shell:create_environment_hook('robot_interfaces', 'pythonpath')
[3.616s] INFO:colcon.colcon_core.shell:Creating environment hook '/home/wyp/test/robot_learning/week2/robot_ws/install/robot_interfaces/share/robot_interfaces/hook/pythonpath.ps1'
[3.616s] INFO:colcon.colcon_core.shell:Creating environment descriptor '/home/wyp/test/robot_learning/week2/robot_ws/install/robot_interfaces/share/robot_interfaces/hook/pythonpath.dsv'
[3.617s] INFO:colcon.colcon_core.shell:Creating environment hook '/home/wyp/test/robot_learning/week2/robot_ws/install/robot_interfaces/share/robot_interfaces/hook/pythonpath.sh'
[3.617s] Level 1:colcon.colcon_core.environment:checking '/home/wyp/test/robot_learning/week2/robot_ws/install/robot_interfaces/bin'
[3.617s] INFO:colcon.colcon_core.shell:Creating package script '/home/wyp/test/robot_learning/week2/robot_ws/install/robot_interfaces/share/robot_interfaces/package.ps1'
[3.618s] INFO:colcon.colcon_core.shell:Creating package descriptor '/home/wyp/test/robot_learning/week2/robot_ws/install/robot_interfaces/share/robot_interfaces/package.dsv'
[3.619s] INFO:colcon.colcon_core.shell:Creating package script '/home/wyp/test/robot_learning/week2/robot_ws/install/robot_interfaces/share/robot_interfaces/package.sh'
[3.619s] INFO:colcon.colcon_core.shell:Creating package script '/home/wyp/test/robot_learning/week2/robot_ws/install/robot_interfaces/share/robot_interfaces/package.bash'
[3.620s] INFO:colcon.colcon_core.shell:Creating package script '/home/wyp/test/robot_learning/week2/robot_ws/install/robot_interfaces/share/robot_interfaces/package.zsh'
[3.620s] Level 1:colcon.colcon_core.environment:create_file_with_runtime_dependencies(/home/wyp/test/robot_learning/week2/robot_ws/install/robot_interfaces/share/colcon-core/packages/robot_interfaces)
[3.621s] Level 1:colcon.colcon_core.environment:create_environment_scripts_only(robot_interfaces)
[3.621s] Level 1:colcon.colcon_core.environment:checking '/home/wyp/test/robot_learning/week2/robot_ws/install/robot_interfaces' for CMake module files
[3.621s] Level 1:colcon.colcon_core.environment:checking '/home/wyp/test/robot_learning/week2/robot_ws/install/robot_interfaces' for CMake config files
[3.622s] Level 1:colcon.colcon_core.shell:create_environment_hook('robot_interfaces', 'cmake_prefix_path')
[3.622s] INFO:colcon.colcon_core.shell:Creating environment hook '/home/wyp/test/robot_learning/week2/robot_ws/install/robot_interfaces/share/robot_interfaces/hook/cmake_prefix_path.ps1'
[3.622s] INFO:colcon.colcon_core.shell:Creating environment descriptor '/home/wyp/test/robot_learning/week2/robot_ws/install/robot_interfaces/share/robot_interfaces/hook/cmake_prefix_path.dsv'
[3.623s] INFO:colcon.colcon_core.shell:Creating environment hook '/home/wyp/test/robot_learning/week2/robot_ws/install/robot_interfaces/share/robot_interfaces/hook/cmake_prefix_path.sh'
[3.623s] Level 1:colcon.colcon_core.environment:checking '/home/wyp/test/robot_learning/week2/robot_ws/install/robot_interfaces/lib'
[3.623s] Level 1:colcon.colcon_core.shell:create_environment_hook('robot_interfaces', 'ld_library_path_lib')
[3.623s] INFO:colcon.colcon_core.shell:Creating environment hook '/home/wyp/test/robot_learning/week2/robot_ws/install/robot_interfaces/share/robot_interfaces/hook/ld_library_path_lib.ps1'
[3.624s] INFO:colcon.colcon_core.shell:Creating environment descriptor '/home/wyp/test/robot_learning/week2/robot_ws/install/robot_interfaces/share/robot_interfaces/hook/ld_library_path_lib.dsv'
[3.624s] INFO:colcon.colcon_core.shell:Creating environment hook '/home/wyp/test/robot_learning/week2/robot_ws/install/robot_interfaces/share/robot_interfaces/hook/ld_library_path_lib.sh'
[3.624s] Level 1:colcon.colcon_core.environment:checking '/home/wyp/test/robot_learning/week2/robot_ws/install/robot_interfaces/bin'
[3.624s] Level 1:colcon.colcon_core.environment:checking '/home/wyp/test/robot_learning/week2/robot_ws/install/robot_interfaces/lib/pkgconfig/robot_interfaces.pc'
[3.624s] Level 1:colcon.colcon_core.environment:checking '/home/wyp/test/robot_learning/week2/robot_ws/install/robot_interfaces/lib/python3.10/site-packages'
[3.624s] Level 1:colcon.colcon_core.shell:create_environment_hook('robot_interfaces', 'pythonpath')
[3.625s] INFO:colcon.colcon_core.shell:Creating environment hook '/home/wyp/test/robot_learning/week2/robot_ws/install/robot_interfaces/share/robot_interfaces/hook/pythonpath.ps1'
[3.625s] INFO:colcon.colcon_core.shell:Creating environment descriptor '/home/wyp/test/robot_learning/week2/robot_ws/install/robot_interfaces/share/robot_interfaces/hook/pythonpath.dsv'
[3.625s] INFO:colcon.colcon_core.shell:Creating environment hook '/home/wyp/test/robot_learning/week2/robot_ws/install/robot_interfaces/share/robot_interfaces/hook/pythonpath.sh'
[3.626s] Level 1:colcon.colcon_core.environment:checking '/home/wyp/test/robot_learning/week2/robot_ws/install/robot_interfaces/bin'
[3.626s] INFO:colcon.colcon_core.shell:Creating package script '/home/wyp/test/robot_learning/week2/robot_ws/install/robot_interfaces/share/robot_interfaces/package.ps1'
[3.626s] INFO:colcon.colcon_core.shell:Creating package descriptor '/home/wyp/test/robot_learning/week2/robot_ws/install/robot_interfaces/share/robot_interfaces/package.dsv'
[3.627s] INFO:colcon.colcon_core.shell:Creating package script '/home/wyp/test/robot_learning/week2/robot_ws/install/robot_interfaces/share/robot_interfaces/package.sh'
[3.627s] INFO:colcon.colcon_core.shell:Creating package script '/home/wyp/test/robot_learning/week2/robot_ws/install/robot_interfaces/share/robot_interfaces/package.bash'
[3.627s] INFO:colcon.colcon_core.shell:Creating package script '/home/wyp/test/robot_learning/week2/robot_ws/install/robot_interfaces/share/robot_interfaces/package.zsh'
[3.628s] Level 1:colcon.colcon_core.environment:create_file_with_runtime_dependencies(/home/wyp/test/robot_learning/week2/robot_ws/install/robot_interfaces/share/colcon-core/packages/robot_interfaces)
[3.628s] INFO:colcon.colcon_ros.task.ament_python.build:Building ROS package in '/home/wyp/test/robot_learning/week2/robot_ws/src/mujoco_pub' with build type 'ament_python'
[3.628s] Level 1:colcon.colcon_core.shell:create_environment_hook('mujoco_pub', 'ament_prefix_path')
[3.628s] INFO:colcon.colcon_core.shell:Creating environment hook '/home/wyp/test/robot_learning/week2/robot_ws/install/mujoco_pub/share/mujoco_pub/hook/ament_prefix_path.ps1'
[3.629s] INFO:colcon.colcon_core.shell:Creating environment descriptor '/home/wyp/test/robot_learning/week2/robot_ws/install/mujoco_pub/share/mujoco_pub/hook/ament_prefix_path.dsv'
[3.629s] INFO:colcon.colcon_core.shell:Creating environment hook '/home/wyp/test/robot_learning/week2/robot_ws/install/mujoco_pub/share/mujoco_pub/hook/ament_prefix_path.sh'
[3.630s] INFO:colcon.colcon_core.shell:Skip shell extension 'powershell' for command environment: Not usable outside of PowerShell
[3.630s] DEBUG:colcon.colcon_core.shell:Skip shell extension 'dsv' for command environment
[3.790s] INFO:colcon.colcon_core.task.python.build:Building Python package in '/home/wyp/test/robot_learning/week2/robot_ws/src/mujoco_pub'
[3.791s] INFO:colcon.colcon_core.shell:Skip shell extension 'powershell' for command environment: Not usable outside of PowerShell
[3.791s] DEBUG:colcon.colcon_core.shell:Skip shell extension 'dsv' for command environment
[4.160s] DEBUG:colcon.colcon_core.task.python.build:Available setuptools commands: easy_install, extract_messages, alias, install_data, rotate, build_py, install_lib, symlink_data, bdist, init_catalog, saveopts, clean, build, bdist_wheel, update_catalog, develop, bdist_dumb, sdist, build_ext, install_egg_info, install_headers, build_clib, setopt, bdist_egg, install_scripts, egg_info, install, bdist_rpm, editable_wheel, dist_info, compile_catalog, build_scripts, check
[4.162s] DEBUG:colcon.colcon_core.event_handler.log_command:Invoking command in '/home/wyp/test/robot_learning/week2/robot_ws/src/mujoco_pub': CONDA_PROMPT_MODIFIER=(robopy) PYTHONPATH=/home/wyp/test/robot_learning/week2/robot_ws/build/mujoco_pub/prefix_override:/home/wyp/miniconda3/envs/robopy/lib/python3.10/site-packages/colcon_core/task/python/colcon_distutils_commands:/home/wyp/test/robot_learning/week2/robot_ws/install/mujoco_pub/lib/python3.10/site-packages:/home/wyp/test/robot_learning/week2/robot_ws/install/robot_interfaces/lib/python3.10/site-packages:/home/wyp/test/robot_learning/week2/robot_ws/install/mujoco_pub/lib/python3.10/site-packages:/opt/ros/humble/lib/python3.10/site-packages:/opt/ros/humble/local/lib/python3.10/dist-packages /home/wyp/miniconda3/envs/robopy/bin/python3 -W ignore:setup.py install is deprecated -W ignore:easy_install command is deprecated setup.py egg_info --egg-base ../../build/mujoco_pub build --build-base /home/wyp/test/robot_learning/week2/robot_ws/build/mujoco_pub/build install --record /home/wyp/test/robot_learning/week2/robot_ws/build/mujoco_pub/install.log --install-scripts $base/lib/mujoco_pub --single-version-externally-managed install_data
[4.546s] Level 1:colcon.colcon_core.environment:checking '/home/wyp/test/robot_learning/week2/robot_ws/install/mujoco_pub' for CMake module files
[4.547s] DEBUG:colcon.colcon_core.event_handler.log_command:Invoked command in '/home/wyp/test/robot_learning/week2/robot_ws/src/mujoco_pub' returned '0': CONDA_PROMPT_MODIFIER=(robopy) PYTHONPATH=/home/wyp/test/robot_learning/week2/robot_ws/build/mujoco_pub/prefix_override:/home/wyp/miniconda3/envs/robopy/lib/python3.10/site-packages/colcon_core/task/python/colcon_distutils_commands:/home/wyp/test/robot_learning/week2/robot_ws/install/mujoco_pub/lib/python3.10/site-packages:/home/wyp/test/robot_learning/week2/robot_ws/install/robot_interfaces/lib/python3.10/site-packages:/home/wyp/test/robot_learning/week2/robot_ws/install/mujoco_pub/lib/python3.10/site-packages:/opt/ros/humble/lib/python3.10/site-packages:/opt/ros/humble/local/lib/python3.10/dist-packages /home/wyp/miniconda3/envs/robopy/bin/python3 -W ignore:setup.py install is deprecated -W ignore:easy_install command is deprecated setup.py egg_info --egg-base ../../build/mujoco_pub build --build-base /home/wyp/test/robot_learning/week2/robot_ws/build/mujoco_pub/build install --record /home/wyp/test/robot_learning/week2/robot_ws/build/mujoco_pub/install.log --install-scripts $base/lib/mujoco_pub --single-version-externally-managed install_data
[4.547s] Level 1:colcon.colcon_core.environment:checking '/home/wyp/test/robot_learning/week2/robot_ws/install/mujoco_pub' for CMake config files
[4.547s] Level 1:colcon.colcon_core.environment:checking '/home/wyp/test/robot_learning/week2/robot_ws/install/mujoco_pub/lib'
[4.548s] Level 1:colcon.colcon_core.environment:checking '/home/wyp/test/robot_learning/week2/robot_ws/install/mujoco_pub/bin'
[4.548s] Level 1:colcon.colcon_core.environment:checking '/home/wyp/test/robot_learning/week2/robot_ws/install/mujoco_pub/lib/pkgconfig/mujoco_pub.pc'
[4.548s] Level 1:colcon.colcon_core.environment:checking '/home/wyp/test/robot_learning/week2/robot_ws/install/mujoco_pub/lib/python3.10/site-packages'
[4.548s] Level 1:colcon.colcon_core.shell:create_environment_hook('mujoco_pub', 'pythonpath')
[4.548s] INFO:colcon.colcon_core.shell:Creating environment hook '/home/wyp/test/robot_learning/week2/robot_ws/install/mujoco_pub/share/mujoco_pub/hook/pythonpath.ps1'
[4.548s] INFO:colcon.colcon_core.shell:Creating environment descriptor '/home/wyp/test/robot_learning/week2/robot_ws/install/mujoco_pub/share/mujoco_pub/hook/pythonpath.dsv'
[4.549s] INFO:colcon.colcon_core.shell:Creating environment hook '/home/wyp/test/robot_learning/week2/robot_ws/install/mujoco_pub/share/mujoco_pub/hook/pythonpath.sh'
[4.549s] Level 1:colcon.colcon_core.environment:checking '/home/wyp/test/robot_learning/week2/robot_ws/install/mujoco_pub/bin'
[4.549s] Level 1:colcon.colcon_core.environment:create_environment_scripts_only(mujoco_pub)
[4.549s] INFO:colcon.colcon_core.shell:Creating package script '/home/wyp/test/robot_learning/week2/robot_ws/install/mujoco_pub/share/mujoco_pub/package.ps1'
[4.550s] INFO:colcon.colcon_core.shell:Creating package descriptor '/home/wyp/test/robot_learning/week2/robot_ws/install/mujoco_pub/share/mujoco_pub/package.dsv'
[4.550s] INFO:colcon.colcon_core.shell:Creating package script '/home/wyp/test/robot_learning/week2/robot_ws/install/mujoco_pub/share/mujoco_pub/package.sh'
[4.550s] INFO:colcon.colcon_core.shell:Creating package script '/home/wyp/test/robot_learning/week2/robot_ws/install/mujoco_pub/share/mujoco_pub/package.bash'
[4.551s] INFO:colcon.colcon_core.shell:Creating package script '/home/wyp/test/robot_learning/week2/robot_ws/install/mujoco_pub/share/mujoco_pub/package.zsh'
[4.551s] Level 1:colcon.colcon_core.environment:create_file_with_runtime_dependencies(/home/wyp/test/robot_learning/week2/robot_ws/install/mujoco_pub/share/colcon-core/packages/mujoco_pub)
[4.551s] DEBUG:colcon.colcon_parallel_executor.executor.parallel:closing loop
[4.552s] DEBUG:colcon.colcon_parallel_executor.executor.parallel:loop closed
[4.552s] DEBUG:colcon.colcon_parallel_executor.executor.parallel:run_until_complete finished with '0'
[4.552s] DEBUG:colcon.colcon_core.event_reactor:joining thread
[4.553s] INFO:colcon.colcon_core.plugin_system:Skipping extension 'colcon_notification.desktop_notification.notify2': 'notify2' not found
[4.553s] INFO:colcon.colcon_core.plugin_system:Skipping extension 'colcon_notification.desktop_notification.terminal_notifier': Not used on non-Darwin systems
[4.553s] INFO:colcon.colcon_core.plugin_system:Skipping extension 'colcon_notification.desktop_notification.win32': Not used on non-Windows systems
[4.553s] INFO:colcon.colcon_notification.desktop_notification:Sending desktop notification using 'notify_send'
[4.569s] DEBUG:colcon.colcon_core.event_reactor:joined thread
[4.570s] INFO:colcon.colcon_core.shell:Creating prefix script '/home/wyp/test/robot_learning/week2/robot_ws/install/local_setup.ps1'
[4.571s] INFO:colcon.colcon_core.shell:Creating prefix util module '/home/wyp/test/robot_learning/week2/robot_ws/install/_local_setup_util_ps1.py'
[4.572s] INFO:colcon.colcon_core.shell:Creating prefix chain script '/home/wyp/test/robot_learning/week2/robot_ws/install/setup.ps1'
[4.573s] INFO:colcon.colcon_core.shell:Creating prefix script '/home/wyp/test/robot_learning/week2/robot_ws/install/local_setup.sh'
[4.573s] INFO:colcon.colcon_core.shell:Creating prefix util module '/home/wyp/test/robot_learning/week2/robot_ws/install/_local_setup_util_sh.py'
[4.573s] INFO:colcon.colcon_core.shell:Creating prefix chain script '/home/wyp/test/robot_learning/week2/robot_ws/install/setup.sh'
[4.574s] INFO:colcon.colcon_core.shell:Creating prefix script '/home/wyp/test/robot_learning/week2/robot_ws/install/local_setup.bash'
[4.574s] INFO:colcon.colcon_core.shell:Creating prefix chain script '/home/wyp/test/robot_learning/week2/robot_ws/install/setup.bash'
[4.575s] INFO:colcon.colcon_core.shell:Creating prefix script '/home/wyp/test/robot_learning/week2/robot_ws/install/local_setup.zsh'
[4.576s] INFO:colcon.colcon_core.shell:Creating prefix chain script '/home/wyp/test/robot_learning/week2/robot_ws/install/setup.zsh'
