[0.078s] DEBUG:colcon:Command line arguments: ['/usr/bin/colcon', 'build', '--packages-select', 'demo_python_pkg']
[0.078s] DEBUG:colcon:Parsed command line arguments: Namespace(log_base=None, log_level=None, verb_name='build', build_base='build', install_base='install', merge_install=False, symlink_install=False, test_result_base=None, continue_on_error=False, executor='parallel', parallel_workers=12, event_handlers=None, ignore_user_meta=False, metas=['./colcon.meta'], base_paths=['.'], packages_ignore=None, packages_ignore_regex=None, paths=None, packages_up_to=None, packages_up_to_regex=None, packages_above=None, packages_above_and_dependencies=None, packages_above_depth=None, packages_select_by_dep=None, packages_skip_by_dep=None, packages_skip_up_to=None, packages_select_build_failed=False, packages_skip_build_finished=False, packages_select_test_failures=False, packages_skip_test_passed=False, packages_select=['demo_python_pkg'], packages_skip=None, packages_select_regex=None, packages_skip_regex=None, packages_start=None, packages_end=None, allow_overriding=[], cmake_args=None, cmake_target=None, cmake_target_skip_unavailable=False, cmake_clean_cache=False, cmake_clean_first=False, cmake_force_configure=False, ament_cmake_args=None, catkin_cmake_args=None, catkin_skip_building_tests=False, verb_parser=<colcon_defaults.argument_parser.defaults.DefaultArgumentsDecorator object at 0x7f9d5df17e50>, verb_extension=<colcon_core.verb.build.BuildVerb object at 0x7f9d5e080a90>, main=<bound method BuildVerb.main of <colcon_core.verb.build.BuildVerb object at 0x7f9d5e080a90>>)
[0.200s] Level 1:colcon.colcon_core.package_discovery:discover_packages(colcon_meta) check parameters
[0.200s] Level 1:colcon.colcon_core.package_discovery:discover_packages(recursive) check parameters
[0.200s] Level 1:colcon.colcon_core.package_discovery:discover_packages(ignore) check parameters
[0.200s] Level 1:colcon.colcon_core.package_discovery:discover_packages(path) check parameters
[0.200s] Level 1:colcon.colcon_core.package_discovery:discover_packages(colcon_meta) discover
[0.200s] Level 1:colcon.colcon_core.package_discovery:discover_packages(recursive) discover
[0.200s] INFO:colcon.colcon_core.package_discovery:Crawling recursively for packages in '/home/wyp/test/robot_learning/week2/week2_ws'
[0.200s] Level 1:colcon.colcon_core.package_identification:_identify(.) by extensions ['ignore', 'ignore_ament_install']
[0.200s] Level 1:colcon.colcon_core.package_identification:_identify(.) by extension 'ignore'
[0.201s] Level 1:colcon.colcon_core.package_identification:_identify(.) by extension 'ignore_ament_install'
[0.201s] Level 1:colcon.colcon_core.package_identification:_identify(.) by extensions ['colcon_pkg']
[0.201s] Level 1:colcon.colcon_core.package_identification:_identify(.) by extension 'colcon_pkg'
[0.201s] Level 1:colcon.colcon_core.package_identification:_identify(.) by extensions ['colcon_meta']
[0.201s] Level 1:colcon.colcon_core.package_identification:_identify(.) by extension 'colcon_meta'
[0.201s] Level 1:colcon.colcon_core.package_identification:_identify(.) by extensions ['ros']
[0.201s] Level 1:colcon.colcon_core.package_identification:_identify(.) by extension 'ros'
[0.209s] Level 1:colcon.colcon_core.package_identification:_identify(.) by extensions ['cmake', 'python']
[0.209s] Level 1:colcon.colcon_core.package_identification:_identify(.) by extension 'cmake'
[0.209s] Level 1:colcon.colcon_core.package_identification:_identify(.) by extension 'python'
[0.209s] Level 1:colcon.colcon_core.package_identification:_identify(.) by extensions ['python_setup_py']
[0.209s] Level 1:colcon.colcon_core.package_identification:_identify(.) by extension 'python_setup_py'
[0.209s] Level 1:colcon.colcon_core.package_identification:_identify(build) by extensions ['ignore', 'ignore_ament_install']
[0.209s] Level 1:colcon.colcon_core.package_identification:_identify(build) by extension 'ignore'
[0.209s] Level 1:colcon.colcon_core.package_identification:_identify(build) ignored
[0.210s] Level 1:colcon.colcon_core.package_identification:_identify(install) by extensions ['ignore', 'ignore_ament_install']
[0.210s] Level 1:colcon.colcon_core.package_identification:_identify(install) by extension 'ignore'
[0.210s] Level 1:colcon.colcon_core.package_identification:_identify(install) ignored
[0.210s] Level 1:colcon.colcon_core.package_identification:_identify(log) by extensions ['ignore', 'ignore_ament_install']
[0.210s] Level 1:colcon.colcon_core.package_identification:_identify(log) by extension 'ignore'
[0.210s] Level 1:colcon.colcon_core.package_identification:_identify(log) ignored
[0.210s] Level 1:colcon.colcon_core.package_identification:_identify(src) by extensions ['ignore', 'ignore_ament_install']
[0.210s] Level 1:colcon.colcon_core.package_identification:_identify(src) by extension 'ignore'
[0.210s] Level 1:colcon.colcon_core.package_identification:_identify(src) by extension 'ignore_ament_install'
[0.210s] Level 1:colcon.colcon_core.package_identification:_identify(src) by extensions ['colcon_pkg']
[0.210s] Level 1:colcon.colcon_core.package_identification:_identify(src) by extension 'colcon_pkg'
[0.210s] Level 1:colcon.colcon_core.package_identification:_identify(src) by extensions ['colcon_meta']
[0.210s] Level 1:colcon.colcon_core.package_identification:_identify(src) by extension 'colcon_meta'
[0.210s] Level 1:colcon.colcon_core.package_identification:_identify(src) by extensions ['ros']
[0.210s] Level 1:colcon.colcon_core.package_identification:_identify(src) by extension 'ros'
[0.210s] Level 1:colcon.colcon_core.package_identification:_identify(src) by extensions ['cmake', 'python']
[0.210s] Level 1:colcon.colcon_core.package_identification:_identify(src) by extension 'cmake'
[0.210s] Level 1:colcon.colcon_core.package_identification:_identify(src) by extension 'python'
[0.210s] Level 1:colcon.colcon_core.package_identification:_identify(src) by extensions ['python_setup_py']
[0.210s] Level 1:colcon.colcon_core.package_identification:_identify(src) by extension 'python_setup_py'
[0.211s] Level 1:colcon.colcon_core.package_identification:_identify(src/demo2) by extensions ['ignore', 'ignore_ament_install']
[0.211s] Level 1:colcon.colcon_core.package_identification:_identify(src/demo2) by extension 'ignore'
[0.211s] Level 1:colcon.colcon_core.package_identification:_identify(src/demo2) by extension 'ignore_ament_install'
[0.211s] Level 1:colcon.colcon_core.package_identification:_identify(src/demo2) by extensions ['colcon_pkg']
[0.211s] Level 1:colcon.colcon_core.package_identification:_identify(src/demo2) by extension 'colcon_pkg'
[0.211s] Level 1:colcon.colcon_core.package_identification:_identify(src/demo2) by extensions ['colcon_meta']
[0.211s] Level 1:colcon.colcon_core.package_identification:_identify(src/demo2) by extension 'colcon_meta'
[0.211s] Level 1:colcon.colcon_core.package_identification:_identify(src/demo2) by extensions ['ros']
[0.211s] Level 1:colcon.colcon_core.package_identification:_identify(src/demo2) by extension 'ros'
[0.213s] DEBUG:colcon.colcon_core.package_identification:Package 'src/demo2' with type 'ros.ament_python' and name 'demo2'
[0.213s] Level 1:colcon.colcon_core.package_identification:_identify(src/demo_python_pkg) by extensions ['ignore', 'ignore_ament_install']
[0.213s] Level 1:colcon.colcon_core.package_identification:_identify(src/demo_python_pkg) by extension 'ignore'
[0.213s] Level 1:colcon.colcon_core.package_identification:_identify(src/demo_python_pkg) by extension 'ignore_ament_install'
[0.213s] Level 1:colcon.colcon_core.package_identification:_identify(src/demo_python_pkg) by extensions ['colcon_pkg']
[0.213s] Level 1:colcon.colcon_core.package_identification:_identify(src/demo_python_pkg) by extension 'colcon_pkg'
[0.213s] Level 1:colcon.colcon_core.package_identification:_identify(src/demo_python_pkg) by extensions ['colcon_meta']
[0.213s] Level 1:colcon.colcon_core.package_identification:_identify(src/demo_python_pkg) by extension 'colcon_meta'
[0.213s] Level 1:colcon.colcon_core.package_identification:_identify(src/demo_python_pkg) by extensions ['ros']
[0.213s] Level 1:colcon.colcon_core.package_identification:_identify(src/demo_python_pkg) by extension 'ros'
[0.214s] DEBUG:colcon.colcon_core.package_identification:Package 'src/demo_python_pkg' with type 'ros.ament_python' and name 'demo_python_pkg'
[0.214s] Level 1:colcon.colcon_core.package_discovery:discover_packages(recursive) using defaults
[0.214s] Level 1:colcon.colcon_core.package_discovery:discover_packages(ignore) discover
[0.214s] Level 1:colcon.colcon_core.package_discovery:discover_packages(ignore) using defaults
[0.214s] Level 1:colcon.colcon_core.package_discovery:discover_packages(path) discover
[0.214s] Level 1:colcon.colcon_core.package_discovery:discover_packages(path) using defaults
[0.230s] INFO:colcon.colcon_core.package_selection:Skipping not selected package 'demo2' in 'src/demo2'
[0.230s] Level 1:colcon.colcon_core.package_discovery:discover_packages(prefix_path) check parameters
[0.230s] Level 1:colcon.colcon_core.package_discovery:discover_packages(prefix_path) discover
[0.231s] DEBUG:colcon.colcon_installed_package_information.package_discovery:Found 1 installed packages in /home/wyp/test/robot_learning/week2/week2_ws/install
[0.233s] DEBUG:colcon.colcon_installed_package_information.package_discovery:Found 273 installed packages in /opt/ros/humble
[0.248s] Level 1:colcon.colcon_core.package_discovery:discover_packages(prefix_path) using defaults
[0.279s] Level 5:colcon.colcon_core.verb:set package 'demo_python_pkg' build argument 'cmake_args' from command line to 'None'
[0.279s] Level 5:colcon.colcon_core.verb:set package 'demo_python_pkg' build argument 'cmake_target' from command line to 'None'
[0.279s] Level 5:colcon.colcon_core.verb:set package 'demo_python_pkg' build argument 'cmake_target_skip_unavailable' from command line to 'False'
[0.279s] Level 5:colcon.colcon_core.verb:set package 'demo_python_pkg' build argument 'cmake_clean_cache' from command line to 'False'
[0.279s] Level 5:colcon.colcon_core.verb:set package 'demo_python_pkg' build argument 'cmake_clean_first' from command line to 'False'
[0.279s] Level 5:colcon.colcon_core.verb:set package 'demo_python_pkg' build argument 'cmake_force_configure' from command line to 'False'
[0.279s] Level 5:colcon.colcon_core.verb:set package 'demo_python_pkg' build argument 'ament_cmake_args' from command line to 'None'
[0.279s] Level 5:colcon.colcon_core.verb:set package 'demo_python_pkg' build argument 'catkin_cmake_args' from command line to 'None'
[0.279s] Level 5:colcon.colcon_core.verb:set package 'demo_python_pkg' build argument 'catkin_skip_building_tests' from command line to 'False'
[0.279s] DEBUG:colcon.colcon_core.verb:Building package 'demo_python_pkg' with the following arguments: {'ament_cmake_args': None, 'build_base': '/home/wyp/test/robot_learning/week2/week2_ws/build/demo_python_pkg', 'catkin_cmake_args': None, 'catkin_skip_building_tests': False, 'cmake_args': None, 'cmake_clean_cache': False, 'cmake_clean_first': False, 'cmake_force_configure': False, 'cmake_target': None, 'cmake_target_skip_unavailable': False, 'install_base': '/home/wyp/test/robot_learning/week2/week2_ws/install/demo_python_pkg', 'merge_install': False, 'path': '/home/wyp/test/robot_learning/week2/week2_ws/src/demo_python_pkg', 'symlink_install': False, 'test_result_base': None}
[0.279s] INFO:colcon.colcon_core.executor:Executing jobs using 'parallel' executor
[0.280s] DEBUG:colcon.colcon_parallel_executor.executor.parallel:run_until_complete
[0.280s] INFO:colcon.colcon_ros.task.ament_python.build:Building ROS package in '/home/wyp/test/robot_learning/week2/week2_ws/src/demo_python_pkg' with build type 'ament_python'
[0.280s] Level 1:colcon.colcon_core.shell:create_environment_hook('demo_python_pkg', 'ament_prefix_path')
[0.282s] INFO:colcon.colcon_core.plugin_system:Skipping extension 'colcon_core.shell.bat': Not used on non-Windows systems
[0.282s] INFO:colcon.colcon_core.shell:Creating environment hook '/home/wyp/test/robot_learning/week2/week2_ws/install/demo_python_pkg/share/demo_python_pkg/hook/ament_prefix_path.ps1'
[0.282s] INFO:colcon.colcon_core.shell:Creating environment descriptor '/home/wyp/test/robot_learning/week2/week2_ws/install/demo_python_pkg/share/demo_python_pkg/hook/ament_prefix_path.dsv'
[0.283s] INFO:colcon.colcon_core.shell:Creating environment hook '/home/wyp/test/robot_learning/week2/week2_ws/install/demo_python_pkg/share/demo_python_pkg/hook/ament_prefix_path.sh'
[0.283s] INFO:colcon.colcon_core.shell:Skip shell extension 'powershell' for command environment: Not usable outside of PowerShell
[0.283s] DEBUG:colcon.colcon_core.shell:Skip shell extension 'dsv' for command environment
[0.467s] INFO:colcon.colcon_core.task.python.build:Building Python package in '/home/wyp/test/robot_learning/week2/week2_ws/src/demo_python_pkg'
[0.467s] INFO:colcon.colcon_core.shell:Skip shell extension 'powershell' for command environment: Not usable outside of PowerShell
[0.467s] DEBUG:colcon.colcon_core.shell:Skip shell extension 'dsv' for command environment
[0.709s] DEBUG:colcon.colcon_core.task.python.build:Available setuptools commands: easy_install, saveopts, egg_info, build_scripts, alias, install, upload, install_data, register, develop, bdist_wheel, build_clib, install_headers, bdist, rotate, bdist_dumb, install_lib, build, build_ext, bdist_egg, install_scripts, build_py, install_egg_info, setopt, sdist, symlink_data, test, dist_info, check, bdist_rpm, upload_docs, clean
[0.712s] DEBUG:colcon.colcon_core.event_handler.log_command:Invoking command in '/home/wyp/test/robot_learning/week2/week2_ws/src/demo_python_pkg': CONDA_PROMPT_MODIFIER=(robopy) PYTHONPATH=/home/wyp/test/robot_learning/week2/week2_ws/build/demo_python_pkg/prefix_override:/usr/lib/python3/dist-packages/colcon_core/task/python/colcon_distutils_commands:/home/wyp/test/robot_learning/week2/week2_ws/install/demo_python_pkg/lib/python3.10/site-packages:${PYTHONPATH} /usr/bin/python3 -W ignore:setup.py install is deprecated -W ignore:easy_install command is deprecated setup.py egg_info --egg-base ../../build/demo_python_pkg build --build-base /home/wyp/test/robot_learning/week2/week2_ws/build/demo_python_pkg/build install --record /home/wyp/test/robot_learning/week2/week2_ws/build/demo_python_pkg/install.log --install-scripts $base/lib/demo_python_pkg --single-version-externally-managed install_data
[0.925s] DEBUG:colcon.colcon_core.event_handler.log_command:Invoked command in '/home/wyp/test/robot_learning/week2/week2_ws/src/demo_python_pkg' returned '0': CONDA_PROMPT_MODIFIER=(robopy) PYTHONPATH=/home/wyp/test/robot_learning/week2/week2_ws/build/demo_python_pkg/prefix_override:/usr/lib/python3/dist-packages/colcon_core/task/python/colcon_distutils_commands:/home/wyp/test/robot_learning/week2/week2_ws/install/demo_python_pkg/lib/python3.10/site-packages:${PYTHONPATH} /usr/bin/python3 -W ignore:setup.py install is deprecated -W ignore:easy_install command is deprecated setup.py egg_info --egg-base ../../build/demo_python_pkg build --build-base /home/wyp/test/robot_learning/week2/week2_ws/build/demo_python_pkg/build install --record /home/wyp/test/robot_learning/week2/week2_ws/build/demo_python_pkg/install.log --install-scripts $base/lib/demo_python_pkg --single-version-externally-managed install_data
[0.926s] Level 1:colcon.colcon_core.environment:checking '/home/wyp/test/robot_learning/week2/week2_ws/install/demo_python_pkg' for CMake module files
[0.927s] Level 1:colcon.colcon_core.environment:checking '/home/wyp/test/robot_learning/week2/week2_ws/install/demo_python_pkg' for CMake config files
[0.927s] Level 1:colcon.colcon_core.environment:checking '/home/wyp/test/robot_learning/week2/week2_ws/install/demo_python_pkg/lib'
[0.928s] Level 1:colcon.colcon_core.environment:checking '/home/wyp/test/robot_learning/week2/week2_ws/install/demo_python_pkg/bin'
[0.928s] Level 1:colcon.colcon_core.environment:checking '/home/wyp/test/robot_learning/week2/week2_ws/install/demo_python_pkg/lib/pkgconfig/demo_python_pkg.pc'
[0.928s] Level 1:colcon.colcon_core.environment:checking '/home/wyp/test/robot_learning/week2/week2_ws/install/demo_python_pkg/lib/python3.10/site-packages'
[0.928s] Level 1:colcon.colcon_core.shell:create_environment_hook('demo_python_pkg', 'pythonpath')
[0.928s] INFO:colcon.colcon_core.shell:Creating environment hook '/home/wyp/test/robot_learning/week2/week2_ws/install/demo_python_pkg/share/demo_python_pkg/hook/pythonpath.ps1'
[0.928s] INFO:colcon.colcon_core.shell:Creating environment descriptor '/home/wyp/test/robot_learning/week2/week2_ws/install/demo_python_pkg/share/demo_python_pkg/hook/pythonpath.dsv'
[0.929s] INFO:colcon.colcon_core.shell:Creating environment hook '/home/wyp/test/robot_learning/week2/week2_ws/install/demo_python_pkg/share/demo_python_pkg/hook/pythonpath.sh'
[0.929s] Level 1:colcon.colcon_core.environment:checking '/home/wyp/test/robot_learning/week2/week2_ws/install/demo_python_pkg/bin'
[0.929s] Level 1:colcon.colcon_core.environment:create_environment_scripts_only(demo_python_pkg)
[0.929s] INFO:colcon.colcon_core.shell:Creating package script '/home/wyp/test/robot_learning/week2/week2_ws/install/demo_python_pkg/share/demo_python_pkg/package.ps1'
[0.930s] INFO:colcon.colcon_core.shell:Creating package descriptor '/home/wyp/test/robot_learning/week2/week2_ws/install/demo_python_pkg/share/demo_python_pkg/package.dsv'
[0.931s] INFO:colcon.colcon_core.shell:Creating package script '/home/wyp/test/robot_learning/week2/week2_ws/install/demo_python_pkg/share/demo_python_pkg/package.sh'
[0.931s] INFO:colcon.colcon_core.shell:Creating package script '/home/wyp/test/robot_learning/week2/week2_ws/install/demo_python_pkg/share/demo_python_pkg/package.bash'
[0.931s] INFO:colcon.colcon_core.shell:Creating package script '/home/wyp/test/robot_learning/week2/week2_ws/install/demo_python_pkg/share/demo_python_pkg/package.zsh'
[0.932s] Level 1:colcon.colcon_core.environment:create_file_with_runtime_dependencies(/home/wyp/test/robot_learning/week2/week2_ws/install/demo_python_pkg/share/colcon-core/packages/demo_python_pkg)
[0.932s] DEBUG:colcon.colcon_parallel_executor.executor.parallel:closing loop
[0.932s] DEBUG:colcon.colcon_parallel_executor.executor.parallel:loop closed
[0.932s] DEBUG:colcon.colcon_parallel_executor.executor.parallel:run_until_complete finished with '0'
[0.932s] DEBUG:colcon.colcon_core.event_reactor:joining thread
[0.936s] INFO:colcon.colcon_core.plugin_system:Skipping extension 'colcon_notification.desktop_notification.terminal_notifier': Not used on non-Darwin systems
[0.936s] INFO:colcon.colcon_core.plugin_system:Skipping extension 'colcon_notification.desktop_notification.win32': Not used on non-Windows systems
[0.936s] INFO:colcon.colcon_notification.desktop_notification:Sending desktop notification using 'notify2'
[0.945s] DEBUG:colcon.colcon_core.event_reactor:joined thread
[0.946s] INFO:colcon.colcon_core.shell:Creating prefix script '/home/wyp/test/robot_learning/week2/week2_ws/install/local_setup.ps1'
[0.947s] INFO:colcon.colcon_core.shell:Creating prefix util module '/home/wyp/test/robot_learning/week2/week2_ws/install/_local_setup_util_ps1.py'
[0.948s] INFO:colcon.colcon_core.shell:Creating prefix chain script '/home/wyp/test/robot_learning/week2/week2_ws/install/setup.ps1'
[0.948s] INFO:colcon.colcon_core.shell:Creating prefix script '/home/wyp/test/robot_learning/week2/week2_ws/install/local_setup.sh'
[0.949s] INFO:colcon.colcon_core.shell:Creating prefix util module '/home/wyp/test/robot_learning/week2/week2_ws/install/_local_setup_util_sh.py'
[0.949s] INFO:colcon.colcon_core.shell:Creating prefix chain script '/home/wyp/test/robot_learning/week2/week2_ws/install/setup.sh'
[0.950s] INFO:colcon.colcon_core.shell:Creating prefix script '/home/wyp/test/robot_learning/week2/week2_ws/install/local_setup.bash'
[0.950s] INFO:colcon.colcon_core.shell:Creating prefix chain script '/home/wyp/test/robot_learning/week2/week2_ws/install/setup.bash'
[0.951s] INFO:colcon.colcon_core.shell:Creating prefix script '/home/wyp/test/robot_learning/week2/week2_ws/install/local_setup.zsh'
[0.951s] INFO:colcon.colcon_core.shell:Creating prefix chain script '/home/wyp/test/robot_learning/week2/week2_ws/install/setup.zsh'
