-- The C compiler identification is GNU 11.4.0
-- The CXX compiler identification is GNU 11.4.0
-- Detecting C compiler ABI info
-- Detecting C compiler ABI info - done
-- Check for working C compiler: /usr/bin/cc - skipped
-- Detecting C compile features
-- Detecting C compile features - done
-- Detecting CXX compiler ABI info
-- Detecting CXX compiler ABI info - done
-- Check for working CXX compiler: /usr/bin/c++ - skipped
-- Detecting CXX compile features
-- Detecting CXX compile features - done
-- Found ament_cmake: 1.3.14 (/opt/ros/humble/share/ament_cmake/cmake)
-- Found Python3: /home/wyp/miniconda3/envs/robopy/bin/python3 (found version "3.10.20") found components: Interpreter 
-- Found rosidl_default_generators: 1.2.1 (/opt/ros/humble/share/rosidl_default_generators/cmake)
-- Using all available rosidl_typesupport_c: rosidl_typesupport_fastrtps_c;rosidl_typesupport_introspection_c
-- Found rosidl_adapter: 3.1.8 (/opt/ros/humble/share/rosidl_adapter/cmake)
-- Using all available rosidl_typesupport_cpp: rosidl_typesupport_fastrtps_cpp;rosidl_typesupport_introspection_cpp
-- Found std_msgs: 4.9.1 (/opt/ros/humble/share/std_msgs/cmake)
-- Found geometry_msgs: 4.9.1 (/opt/ros/humble/share/geometry_msgs/cmake)
-- Found ament_cmake_ros: 0.10.0 (/opt/ros/humble/share/ament_cmake_ros/cmake)
-- Using all available rosidl_typesupport_c: rosidl_typesupport_fastrtps_c;rosidl_typesupport_introspection_c
-- Using all available rosidl_typesupport_cpp: rosidl_typesupport_fastrtps_cpp;rosidl_typesupport_introspection_cpp
-- Found PythonInterp: /home/wyp/miniconda3/envs/robopy/bin/python3 (found suitable version "3.10.20", minimum required is "3.6") 
-- Found python_cmake_module: 0.10.0 (/opt/ros/humble/share/python_cmake_module/cmake)
-- Found PythonLibs: /home/wyp/miniconda3/envs/robopy/lib/libpython3.10.so (found suitable version "3.10.20", minimum required is "3.5") 
-- Using PYTHON_EXECUTABLE: /home/wyp/miniconda3/envs/robopy/bin/python3
-- Using PYTHON_INCLUDE_DIRS: /home/wyp/miniconda3/envs/robopy/include/python3.10
-- Using PYTHON_LIBRARIES: /home/wyp/miniconda3/envs/robopy/lib/libpython3.10.so
-- Found PythonExtra: .so  
-- Using numpy include directory: /home/wyp/miniconda3/envs/robopy/lib/python3.10/site-packages/numpy/_core/include
-- Found ament_lint_auto: 0.12.15 (/opt/ros/humble/share/ament_lint_auto/cmake)
-- Added test 'lint_cmake' to check CMake code style
-- Added test 'xmllint' to check XML markup files
-- Configuring done
-- Generating done
-- Build files have been written to: /home/wyp/test/robot_learning/week2/robot_ws/build/robot_interfaces
[  3%] [34m[1mGenerating C code for ROS interfaces[0m
[  9%] [34m[1mGenerating C++ code for ROS interfaces[0m
[  9%] [34m[1mGenerating Rust code for ROS interfaces[0m
[  9%] Built target ament_cmake_python_copy_robot_interfaces
running egg_info
creating robot_interfaces.egg-info
writing robot_interfaces.egg-info/PKG-INFO
writing dependency_links to robot_interfaces.egg-info/dependency_links.txt
writing top-level names to robot_interfaces.egg-info/top_level.txt
writing manifest file 'robot_interfaces.egg-info/SOURCES.txt'
reading manifest file 'robot_interfaces.egg-info/SOURCES.txt'
writing manifest file 'robot_interfaces.egg-info/SOURCES.txt'
[  9%] Built target robot_interfaces__cpp
[  9%] Built target robot_interfaces__rs
[ 18%] [34m[1mGenerating C++ type support dispatch for ROS interfaces[0m
[ 18%] [34m[1mGenerating C++ type support for eProsima Fast-RTPS[0m
[ 18%] [34m[1mGenerating C++ introspection for ROS interfaces[0m
[ 21%] [32mBuilding C object CMakeFiles/robot_interfaces__rosidl_generator_c.dir/rosidl_generator_c/robot_interfaces/msg/detail/robot_status__functions.c.o[0m
[ 21%] Built target ament_cmake_python_build_robot_interfaces_egg
[ 25%] [32m[1mLinking C shared library librobot_interfaces__rosidl_generator_c.so[0m
[ 25%] Built target robot_interfaces__rosidl_generator_c
[ 34%] [34m[1mGenerating C introspection for ROS interfaces[0m
[ 34%] [34m[1mGenerating C type support dispatch for ROS interfaces[0m
[ 34%] [34m[1mGenerating C type support for eProsima Fast-RTPS[0m
[ 37%] [32mBuilding CXX object CMakeFiles/robot_interfaces__rosidl_typesupport_cpp.dir/rosidl_typesupport_cpp/robot_interfaces/msg/robot_status__type_support.cpp.o[0m
[ 40%] [32mBuilding CXX object CMakeFiles/robot_interfaces__rosidl_typesupport_fastrtps_cpp.dir/rosidl_typesupport_fastrtps_cpp/robot_interfaces/msg/detail/dds_fastrtps/robot_status__type_support.cpp.o[0m
[ 43%] [32mBuilding CXX object CMakeFiles/robot_interfaces__rosidl_typesupport_introspection_cpp.dir/rosidl_typesupport_introspection_cpp/robot_interfaces/msg/detail/robot_status__type_support.cpp.o[0m
[ 46%] [32mBuilding CXX object CMakeFiles/robot_interfaces__rosidl_typesupport_c.dir/rosidl_typesupport_c/robot_interfaces/msg/robot_status__type_support.cpp.o[0m
[ 50%] [32mBuilding CXX object CMakeFiles/robot_interfaces__rosidl_typesupport_fastrtps_c.dir/rosidl_typesupport_fastrtps_c/robot_interfaces/msg/detail/robot_status__type_support_c.cpp.o[0m
[ 53%] [32m[1mLinking CXX shared library librobot_interfaces__rosidl_typesupport_c.so[0m
[ 56%] [32mBuilding C object CMakeFiles/robot_interfaces__rosidl_typesupport_introspection_c.dir/rosidl_typesupport_introspection_c/robot_interfaces/msg/detail/robot_status__type_support.c.o[0m
[ 56%] Built target robot_interfaces__rosidl_typesupport_c
[ 59%] [32m[1mLinking C shared library librobot_interfaces__rosidl_typesupport_introspection_c.so[0m
[ 59%] Built target robot_interfaces__rosidl_typesupport_introspection_c
[ 62%] [32m[1mLinking CXX shared library librobot_interfaces__rosidl_typesupport_cpp.so[0m
[ 62%] Built target robot_interfaces__rosidl_typesupport_cpp
[ 65%] [32m[1mLinking CXX shared library librobot_interfaces__rosidl_typesupport_fastrtps_cpp.so[0m
[ 68%] [32m[1mLinking CXX shared library librobot_interfaces__rosidl_typesupport_introspection_cpp.so[0m
[ 71%] [32m[1mLinking CXX shared library librobot_interfaces__rosidl_typesupport_fastrtps_c.so[0m
[ 71%] Built target robot_interfaces__rosidl_typesupport_fastrtps_cpp
[ 71%] Built target robot_interfaces__rosidl_typesupport_introspection_cpp
[ 71%] Built target robot_interfaces__rosidl_typesupport_fastrtps_c
[ 71%] Built target robot_interfaces
[ 75%] [34m[1mGenerating Python code for ROS interfaces[0m
[ 75%] Built target robot_interfaces__py
[ 78%] [32mBuilding C object CMakeFiles/robot_interfaces__rosidl_generator_py.dir/rosidl_generator_py/robot_interfaces/msg/_robot_status_s.c.o[0m
[ 81%] [32m[1mLinking C shared library rosidl_generator_py/robot_interfaces/librobot_interfaces__rosidl_generator_py.so[0m
[ 81%] Built target robot_interfaces__rosidl_generator_py
[ 90%] [32mBuilding C object CMakeFiles/robot_interfaces__rosidl_typesupport_c__pyext.dir/rosidl_generator_py/robot_interfaces/_robot_interfaces_s.ep.rosidl_typesupport_c.c.o[0m
[ 90%] [32mBuilding C object CMakeFiles/robot_interfaces__rosidl_typesupport_fastrtps_c__pyext.dir/rosidl_generator_py/robot_interfaces/_robot_interfaces_s.ep.rosidl_typesupport_fastrtps_c.c.o[0m
[ 90%] [32mBuilding C object CMakeFiles/robot_interfaces__rosidl_typesupport_introspection_c__pyext.dir/rosidl_generator_py/robot_interfaces/_robot_interfaces_s.ep.rosidl_typesupport_introspection_c.c.o[0m
[100%] [32m[1mLinking C shared library rosidl_generator_py/robot_interfaces/robot_interfaces_s__rosidl_typesupport_fastrtps_c.cpython-310-x86_64-linux-gnu.so[0m
[100%] [32m[1mLinking C shared library rosidl_generator_py/robot_interfaces/robot_interfaces_s__rosidl_typesupport_introspection_c.cpython-310-x86_64-linux-gnu.so[0m
[100%] [32m[1mLinking C shared library rosidl_generator_py/robot_interfaces/robot_interfaces_s__rosidl_typesupport_c.cpython-310-x86_64-linux-gnu.so[0m
[100%] Built target robot_interfaces__rosidl_typesupport_introspection_c__pyext
[100%] Built target robot_interfaces__rosidl_typesupport_fastrtps_c__pyext
[100%] Built target robot_interfaces__rosidl_typesupport_c__pyext
-- Install configuration: ""
-- Installing: /home/wyp/test/robot_learning/week2/robot_ws/install/robot_interfaces/share/ament_index/resource_index/rosidl_interfaces/robot_interfaces
-- Installing: /home/wyp/test/robot_learning/week2/robot_ws/install/robot_interfaces/include/robot_interfaces/robot_interfaces
-- Installing: /home/wyp/test/robot_learning/week2/robot_ws/install/robot_interfaces/include/robot_interfaces/robot_interfaces/msg
-- Installing: /home/wyp/test/robot_learning/week2/robot_ws/install/robot_interfaces/include/robot_interfaces/robot_interfaces/msg/rosidl_generator_c__visibility_control.h
-- Installing: /home/wyp/test/robot_learning/week2/robot_ws/install/robot_interfaces/include/robot_interfaces/robot_interfaces/msg/robot_status.h
-- Installing: /home/wyp/test/robot_learning/week2/robot_ws/install/robot_interfaces/include/robot_interfaces/robot_interfaces/msg/detail
-- Installing: /home/wyp/test/robot_learning/week2/robot_ws/install/robot_interfaces/include/robot_interfaces/robot_interfaces/msg/detail/robot_status__struct.h
-- Installing: /home/wyp/test/robot_learning/week2/robot_ws/install/robot_interfaces/include/robot_interfaces/robot_interfaces/msg/detail/robot_status__functions.c
-- Installing: /home/wyp/test/robot_learning/week2/robot_ws/install/robot_interfaces/include/robot_interfaces/robot_interfaces/msg/detail/robot_status__functions.h
-- Installing: /home/wyp/test/robot_learning/week2/robot_ws/install/robot_interfaces/include/robot_interfaces/robot_interfaces/msg/detail/robot_status__type_support.h
-- Installing: /home/wyp/test/robot_learning/week2/robot_ws/install/robot_interfaces/share/robot_interfaces/environment/library_path.sh
-- Installing: /home/wyp/test/robot_learning/week2/robot_ws/install/robot_interfaces/share/robot_interfaces/environment/library_path.dsv
-- Installing: /home/wyp/test/robot_learning/week2/robot_ws/install/robot_interfaces/lib/librobot_interfaces__rosidl_generator_c.so
-- Set runtime path of "/home/wyp/test/robot_learning/week2/robot_ws/install/robot_interfaces/lib/librobot_interfaces__rosidl_generator_c.so" to ""
-- Up-to-date: /home/wyp/test/robot_learning/week2/robot_ws/install/robot_interfaces/include/robot_interfaces/robot_interfaces
-- Up-to-date: /home/wyp/test/robot_learning/week2/robot_ws/install/robot_interfaces/include/robot_interfaces/robot_interfaces/msg
-- Up-to-date: /home/wyp/test/robot_learning/week2/robot_ws/install/robot_interfaces/include/robot_interfaces/robot_interfaces/msg/detail
-- Installing: /home/wyp/test/robot_learning/week2/robot_ws/install/robot_interfaces/include/robot_interfaces/robot_interfaces/msg/detail/robot_status__rosidl_typesupport_fastrtps_c.h
-- Installing: /home/wyp/test/robot_learning/week2/robot_ws/install/robot_interfaces/include/robot_interfaces/robot_interfaces/msg/rosidl_typesupport_fastrtps_c__visibility_control.h
-- Installing: /home/wyp/test/robot_learning/week2/robot_ws/install/robot_interfaces/lib/librobot_interfaces__rosidl_typesupport_fastrtps_c.so
-- Set runtime path of "/home/wyp/test/robot_learning/week2/robot_ws/install/robot_interfaces/lib/librobot_interfaces__rosidl_typesupport_fastrtps_c.so" to ""
-- Up-to-date: /home/wyp/test/robot_learning/week2/robot_ws/install/robot_interfaces/include/robot_interfaces/robot_interfaces
-- Up-to-date: /home/wyp/test/robot_learning/week2/robot_ws/install/robot_interfaces/include/robot_interfaces/robot_interfaces/msg
-- Up-to-date: /home/wyp/test/robot_learning/week2/robot_ws/install/robot_interfaces/include/robot_interfaces/robot_interfaces/msg/detail
-- Installing: /home/wyp/test/robot_learning/week2/robot_ws/install/robot_interfaces/include/robot_interfaces/robot_interfaces/msg/detail/robot_status__type_support.c
-- Installing: /home/wyp/test/robot_learning/week2/robot_ws/install/robot_interfaces/include/robot_interfaces/robot_interfaces/msg/detail/robot_status__rosidl_typesupport_introspection_c.h
-- Installing: /home/wyp/test/robot_learning/week2/robot_ws/install/robot_interfaces/include/robot_interfaces/robot_interfaces/msg/rosidl_typesupport_introspection_c__visibility_control.h
-- Installing: /home/wyp/test/robot_learning/week2/robot_ws/install/robot_interfaces/lib/librobot_interfaces__rosidl_typesupport_introspection_c.so
-- Set runtime path of "/home/wyp/test/robot_learning/week2/robot_ws/install/robot_interfaces/lib/librobot_interfaces__rosidl_typesupport_introspection_c.so" to ""
-- Installing: /home/wyp/test/robot_learning/week2/robot_ws/install/robot_interfaces/lib/librobot_interfaces__rosidl_typesupport_c.so
-- Set runtime path of "/home/wyp/test/robot_learning/week2/robot_ws/install/robot_interfaces/lib/librobot_interfaces__rosidl_typesupport_c.so" to ""
-- Up-to-date: /home/wyp/test/robot_learning/week2/robot_ws/install/robot_interfaces/include/robot_interfaces/robot_interfaces
-- Up-to-date: /home/wyp/test/robot_learning/week2/robot_ws/install/robot_interfaces/include/robot_interfaces/robot_interfaces/msg
-- Installing: /home/wyp/test/robot_learning/week2/robot_ws/install/robot_interfaces/include/robot_interfaces/robot_interfaces/msg/robot_status.hpp
-- Up-to-date: /home/wyp/test/robot_learning/week2/robot_ws/install/robot_interfaces/include/robot_interfaces/robot_interfaces/msg/detail
-- Installing: /home/wyp/test/robot_learning/week2/robot_ws/install/robot_interfaces/include/robot_interfaces/robot_interfaces/msg/detail/robot_status__builder.hpp
-- Installing: /home/wyp/test/robot_learning/week2/robot_ws/install/robot_interfaces/include/robot_interfaces/robot_interfaces/msg/detail/robot_status__traits.hpp
-- Installing: /home/wyp/test/robot_learning/week2/robot_ws/install/robot_interfaces/include/robot_interfaces/robot_interfaces/msg/detail/robot_status__struct.hpp
-- Installing: /home/wyp/test/robot_learning/week2/robot_ws/install/robot_interfaces/include/robot_interfaces/robot_interfaces/msg/detail/robot_status__type_support.hpp
-- Installing: /home/wyp/test/robot_learning/week2/robot_ws/install/robot_interfaces/include/robot_interfaces/robot_interfaces/msg/rosidl_generator_cpp__visibility_control.hpp
-- Up-to-date: /home/wyp/test/robot_learning/week2/robot_ws/install/robot_interfaces/include/robot_interfaces/robot_interfaces
-- Up-to-date: /home/wyp/test/robot_learning/week2/robot_ws/install/robot_interfaces/include/robot_interfaces/robot_interfaces/msg
-- Installing: /home/wyp/test/robot_learning/week2/robot_ws/install/robot_interfaces/include/robot_interfaces/robot_interfaces/msg/rosidl_typesupport_fastrtps_cpp__visibility_control.h
-- Up-to-date: /home/wyp/test/robot_learning/week2/robot_ws/install/robot_interfaces/include/robot_interfaces/robot_interfaces/msg/detail
-- Installing: /home/wyp/test/robot_learning/week2/robot_ws/install/robot_interfaces/include/robot_interfaces/robot_interfaces/msg/detail/robot_status__rosidl_typesupport_fastrtps_cpp.hpp
-- Installing: /home/wyp/test/robot_learning/week2/robot_ws/install/robot_interfaces/include/robot_interfaces/robot_interfaces/msg/detail/dds_fastrtps
-- Installing: /home/wyp/test/robot_learning/week2/robot_ws/install/robot_interfaces/lib/librobot_interfaces__rosidl_typesupport_fastrtps_cpp.so
-- Set runtime path of "/home/wyp/test/robot_learning/week2/robot_ws/install/robot_interfaces/lib/librobot_interfaces__rosidl_typesupport_fastrtps_cpp.so" to ""
-- Up-to-date: /home/wyp/test/robot_learning/week2/robot_ws/install/robot_interfaces/include/robot_interfaces/robot_interfaces
-- Up-to-date: /home/wyp/test/robot_learning/week2/robot_ws/install/robot_interfaces/include/robot_interfaces/robot_interfaces/msg
-- Up-to-date: /home/wyp/test/robot_learning/week2/robot_ws/install/robot_interfaces/include/robot_interfaces/robot_interfaces/msg/detail
-- Installing: /home/wyp/test/robot_learning/week2/robot_ws/install/robot_interfaces/include/robot_interfaces/robot_interfaces/msg/detail/robot_status__rosidl_typesupport_introspection_cpp.hpp
-- Installing: /home/wyp/test/robot_learning/week2/robot_ws/install/robot_interfaces/include/robot_interfaces/robot_interfaces/msg/detail/robot_status__type_support.cpp
-- Installing: /home/wyp/test/robot_learning/week2/robot_ws/install/robot_interfaces/lib/librobot_interfaces__rosidl_typesupport_introspection_cpp.so
-- Set runtime path of "/home/wyp/test/robot_learning/week2/robot_ws/install/robot_interfaces/lib/librobot_interfaces__rosidl_typesupport_introspection_cpp.so" to ""
-- Installing: /home/wyp/test/robot_learning/week2/robot_ws/install/robot_interfaces/lib/librobot_interfaces__rosidl_typesupport_cpp.so
-- Set runtime path of "/home/wyp/test/robot_learning/week2/robot_ws/install/robot_interfaces/lib/librobot_interfaces__rosidl_typesupport_cpp.so" to ""
-- Installing: /home/wyp/test/robot_learning/week2/robot_ws/install/robot_interfaces/share/robot_interfaces/environment/pythonpath.sh
-- Installing: /home/wyp/test/robot_learning/week2/robot_ws/install/robot_interfaces/share/robot_interfaces/environment/pythonpath.dsv
-- Installing: /home/wyp/test/robot_learning/week2/robot_ws/install/robot_interfaces/lib/python3.10/site-packages/robot_interfaces-0.0.0-py3.10.egg-info
-- Installing: /home/wyp/test/robot_learning/week2/robot_ws/install/robot_interfaces/lib/python3.10/site-packages/robot_interfaces-0.0.0-py3.10.egg-info/top_level.txt
-- Installing: /home/wyp/test/robot_learning/week2/robot_ws/install/robot_interfaces/lib/python3.10/site-packages/robot_interfaces-0.0.0-py3.10.egg-info/PKG-INFO
-- Installing: /home/wyp/test/robot_learning/week2/robot_ws/install/robot_interfaces/lib/python3.10/site-packages/robot_interfaces-0.0.0-py3.10.egg-info/dependency_links.txt
-- Installing: /home/wyp/test/robot_learning/week2/robot_ws/install/robot_interfaces/lib/python3.10/site-packages/robot_interfaces-0.0.0-py3.10.egg-info/SOURCES.txt
-- Installing: /home/wyp/test/robot_learning/week2/robot_ws/install/robot_interfaces/lib/python3.10/site-packages/robot_interfaces
-- Installing: /home/wyp/test/robot_learning/week2/robot_ws/install/robot_interfaces/lib/python3.10/site-packages/robot_interfaces/librobot_interfaces__rosidl_generator_py.so
-- Installing: /home/wyp/test/robot_learning/week2/robot_ws/install/robot_interfaces/lib/python3.10/site-packages/robot_interfaces/_robot_interfaces_s.ep.rosidl_typesupport_fastrtps_c.c
-- Installing: /home/wyp/test/robot_learning/week2/robot_ws/install/robot_interfaces/lib/python3.10/site-packages/robot_interfaces/robot_interfaces_s__rosidl_typesupport_introspection_c.cpython-310-x86_64-linux-gnu.so
-- Installing: /home/wyp/test/robot_learning/week2/robot_ws/install/robot_interfaces/lib/python3.10/site-packages/robot_interfaces/robot_interfaces_s__rosidl_typesupport_fastrtps_c.cpython-310-x86_64-linux-gnu.so
-- Installing: /home/wyp/test/robot_learning/week2/robot_ws/install/robot_interfaces/lib/python3.10/site-packages/robot_interfaces/_robot_interfaces_s.ep.rosidl_typesupport_c.c
-- Installing: /home/wyp/test/robot_learning/week2/robot_ws/install/robot_interfaces/lib/python3.10/site-packages/robot_interfaces/_robot_interfaces_s.ep.rosidl_typesupport_introspection_c.c
-- Installing: /home/wyp/test/robot_learning/week2/robot_ws/install/robot_interfaces/lib/python3.10/site-packages/robot_interfaces/robot_interfaces_s__rosidl_typesupport_c.cpython-310-x86_64-linux-gnu.so
-- Installing: /home/wyp/test/robot_learning/week2/robot_ws/install/robot_interfaces/lib/python3.10/site-packages/robot_interfaces/msg
-- Installing: /home/wyp/test/robot_learning/week2/robot_ws/install/robot_interfaces/lib/python3.10/site-packages/robot_interfaces/msg/_robot_status_s.c
-- Installing: /home/wyp/test/robot_learning/week2/robot_ws/install/robot_interfaces/lib/python3.10/site-packages/robot_interfaces/msg/_robot_status.py
-- Installing: /home/wyp/test/robot_learning/week2/robot_ws/install/robot_interfaces/lib/python3.10/site-packages/robot_interfaces/msg/__init__.py
-- Installing: /home/wyp/test/robot_learning/week2/robot_ws/install/robot_interfaces/lib/python3.10/site-packages/robot_interfaces/__init__.py
Listing '/home/wyp/test/robot_learning/week2/robot_ws/install/robot_interfaces/lib/python3.10/site-packages/robot_interfaces'...
Compiling '/home/wyp/test/robot_learning/week2/robot_ws/install/robot_interfaces/lib/python3.10/site-packages/robot_interfaces/__init__.py'...
Listing '/home/wyp/test/robot_learning/week2/robot_ws/install/robot_interfaces/lib/python3.10/site-packages/robot_interfaces/msg'...
Compiling '/home/wyp/test/robot_learning/week2/robot_ws/install/robot_interfaces/lib/python3.10/site-packages/robot_interfaces/msg/__init__.py'...
Compiling '/home/wyp/test/robot_learning/week2/robot_ws/install/robot_interfaces/lib/python3.10/site-packages/robot_interfaces/msg/_robot_status.py'...
-- Installing: /home/wyp/test/robot_learning/week2/robot_ws/install/robot_interfaces/lib/python3.10/site-packages/robot_interfaces/robot_interfaces_s__rosidl_typesupport_fastrtps_c.cpython-310-x86_64-linux-gnu.so
-- Set runtime path of "/home/wyp/test/robot_learning/week2/robot_ws/install/robot_interfaces/lib/python3.10/site-packages/robot_interfaces/robot_interfaces_s__rosidl_typesupport_fastrtps_c.cpython-310-x86_64-linux-gnu.so" to ""
-- Installing: /home/wyp/test/robot_learning/week2/robot_ws/install/robot_interfaces/lib/python3.10/site-packages/robot_interfaces/robot_interfaces_s__rosidl_typesupport_introspection_c.cpython-310-x86_64-linux-gnu.so
-- Set runtime path of "/home/wyp/test/robot_learning/week2/robot_ws/install/robot_interfaces/lib/python3.10/site-packages/robot_interfaces/robot_interfaces_s__rosidl_typesupport_introspection_c.cpython-310-x86_64-linux-gnu.so" to ""
-- Installing: /home/wyp/test/robot_learning/week2/robot_ws/install/robot_interfaces/lib/python3.10/site-packages/robot_interfaces/robot_interfaces_s__rosidl_typesupport_c.cpython-310-x86_64-linux-gnu.so
-- Set runtime path of "/home/wyp/test/robot_learning/week2/robot_ws/install/robot_interfaces/lib/python3.10/site-packages/robot_interfaces/robot_interfaces_s__rosidl_typesupport_c.cpython-310-x86_64-linux-gnu.so" to ""
-- Installing: /home/wyp/test/robot_learning/week2/robot_ws/install/robot_interfaces/lib/librobot_interfaces__rosidl_generator_py.so
-- Set runtime path of "/home/wyp/test/robot_learning/week2/robot_ws/install/robot_interfaces/lib/librobot_interfaces__rosidl_generator_py.so" to ""
-- Installing: /home/wyp/test/robot_learning/week2/robot_ws/install/robot_interfaces/share/ament_index/resource_index/rust_packages/robot_interfaces
-- Installing: /home/wyp/test/robot_learning/week2/robot_ws/install/robot_interfaces/share/robot_interfaces/rust
-- Installing: /home/wyp/test/robot_learning/week2/robot_ws/install/robot_interfaces/share/robot_interfaces/rust/Cargo.toml
-- Installing: /home/wyp/test/robot_learning/week2/robot_ws/install/robot_interfaces/share/robot_interfaces/rust/src
-- Installing: /home/wyp/test/robot_learning/week2/robot_ws/install/robot_interfaces/share/robot_interfaces/rust/src/msg.rs
-- Installing: /home/wyp/test/robot_learning/week2/robot_ws/install/robot_interfaces/share/robot_interfaces/rust/src/lib.rs
-- Installing: /home/wyp/test/robot_learning/week2/robot_ws/install/robot_interfaces/share/robot_interfaces/rust/src/msg
-- Installing: /home/wyp/test/robot_learning/week2/robot_ws/install/robot_interfaces/share/robot_interfaces/rust/src/msg/rmw.rs
-- Installing: /home/wyp/test/robot_learning/week2/robot_ws/install/robot_interfaces/share/robot_interfaces/rust/build.rs
-- Installing: /home/wyp/test/robot_learning/week2/robot_ws/install/robot_interfaces/share/robot_interfaces/msg/RobotStatus.idl
-- Installing: /home/wyp/test/robot_learning/week2/robot_ws/install/robot_interfaces/share/robot_interfaces/msg/RobotStatus.msg
-- Installing: /home/wyp/test/robot_learning/week2/robot_ws/install/robot_interfaces/share/ament_index/resource_index/package_run_dependencies/robot_interfaces
-- Installing: /home/wyp/test/robot_learning/week2/robot_ws/install/robot_interfaces/share/ament_index/resource_index/parent_prefix_path/robot_interfaces
-- Installing: /home/wyp/test/robot_learning/week2/robot_ws/install/robot_interfaces/share/robot_interfaces/environment/ament_prefix_path.sh
-- Installing: /home/wyp/test/robot_learning/week2/robot_ws/install/robot_interfaces/share/robot_interfaces/environment/ament_prefix_path.dsv
-- Installing: /home/wyp/test/robot_learning/week2/robot_ws/install/robot_interfaces/share/robot_interfaces/environment/path.sh
-- Installing: /home/wyp/test/robot_learning/week2/robot_ws/install/robot_interfaces/share/robot_interfaces/environment/path.dsv
-- Installing: /home/wyp/test/robot_learning/week2/robot_ws/install/robot_interfaces/share/robot_interfaces/local_setup.bash
-- Installing: /home/wyp/test/robot_learning/week2/robot_ws/install/robot_interfaces/share/robot_interfaces/local_setup.sh
-- Installing: /home/wyp/test/robot_learning/week2/robot_ws/install/robot_interfaces/share/robot_interfaces/local_setup.zsh
-- Installing: /home/wyp/test/robot_learning/week2/robot_ws/install/robot_interfaces/share/robot_interfaces/local_setup.dsv
-- Installing: /home/wyp/test/robot_learning/week2/robot_ws/install/robot_interfaces/share/robot_interfaces/package.dsv
-- Installing: /home/wyp/test/robot_learning/week2/robot_ws/install/robot_interfaces/share/ament_index/resource_index/packages/robot_interfaces
-- Installing: /home/wyp/test/robot_learning/week2/robot_ws/install/robot_interfaces/share/robot_interfaces/cmake/export_robot_interfaces__rosidl_generator_cExport.cmake
-- Installing: /home/wyp/test/robot_learning/week2/robot_ws/install/robot_interfaces/share/robot_interfaces/cmake/export_robot_interfaces__rosidl_generator_cExport-noconfig.cmake
-- Installing: /home/wyp/test/robot_learning/week2/robot_ws/install/robot_interfaces/share/robot_interfaces/cmake/export_robot_interfaces__rosidl_typesupport_fastrtps_cExport.cmake
-- Installing: /home/wyp/test/robot_learning/week2/robot_ws/install/robot_interfaces/share/robot_interfaces/cmake/export_robot_interfaces__rosidl_typesupport_fastrtps_cExport-noconfig.cmake
-- Installing: /home/wyp/test/robot_learning/week2/robot_ws/install/robot_interfaces/share/robot_interfaces/cmake/robot_interfaces__rosidl_typesupport_introspection_cExport.cmake
-- Installing: /home/wyp/test/robot_learning/week2/robot_ws/install/robot_interfaces/share/robot_interfaces/cmake/robot_interfaces__rosidl_typesupport_introspection_cExport-noconfig.cmake
-- Installing: /home/wyp/test/robot_learning/week2/robot_ws/install/robot_interfaces/share/robot_interfaces/cmake/robot_interfaces__rosidl_typesupport_cExport.cmake
-- Installing: /home/wyp/test/robot_learning/week2/robot_ws/install/robot_interfaces/share/robot_interfaces/cmake/robot_interfaces__rosidl_typesupport_cExport-noconfig.cmake
-- Installing: /home/wyp/test/robot_learning/week2/robot_ws/install/robot_interfaces/share/robot_interfaces/cmake/export_robot_interfaces__rosidl_generator_cppExport.cmake
-- Installing: /home/wyp/test/robot_learning/week2/robot_ws/install/robot_interfaces/share/robot_interfaces/cmake/export_robot_interfaces__rosidl_typesupport_fastrtps_cppExport.cmake
-- Installing: /home/wyp/test/robot_learning/week2/robot_ws/install/robot_interfaces/share/robot_interfaces/cmake/export_robot_interfaces__rosidl_typesupport_fastrtps_cppExport-noconfig.cmake
-- Installing: /home/wyp/test/robot_learning/week2/robot_ws/install/robot_interfaces/share/robot_interfaces/cmake/robot_interfaces__rosidl_typesupport_introspection_cppExport.cmake
-- Installing: /home/wyp/test/robot_learning/week2/robot_ws/install/robot_interfaces/share/robot_interfaces/cmake/robot_interfaces__rosidl_typesupport_introspection_cppExport-noconfig.cmake
-- Installing: /home/wyp/test/robot_learning/week2/robot_ws/install/robot_interfaces/share/robot_interfaces/cmake/robot_interfaces__rosidl_typesupport_cppExport.cmake
-- Installing: /home/wyp/test/robot_learning/week2/robot_ws/install/robot_interfaces/share/robot_interfaces/cmake/robot_interfaces__rosidl_typesupport_cppExport-noconfig.cmake
-- Installing: /home/wyp/test/robot_learning/week2/robot_ws/install/robot_interfaces/share/robot_interfaces/cmake/export_robot_interfaces__rosidl_generator_pyExport.cmake
-- Installing: /home/wyp/test/robot_learning/week2/robot_ws/install/robot_interfaces/share/robot_interfaces/cmake/export_robot_interfaces__rosidl_generator_pyExport-noconfig.cmake
-- Installing: /home/wyp/test/robot_learning/week2/robot_ws/install/robot_interfaces/share/robot_interfaces/cmake/rosidl_cmake-extras.cmake
-- Installing: /home/wyp/test/robot_learning/week2/robot_ws/install/robot_interfaces/share/robot_interfaces/cmake/ament_cmake_export_dependencies-extras.cmake
-- Installing: /home/wyp/test/robot_learning/week2/robot_ws/install/robot_interfaces/share/robot_interfaces/cmake/ament_cmake_export_include_directories-extras.cmake
-- Installing: /home/wyp/test/robot_learning/week2/robot_ws/install/robot_interfaces/share/robot_interfaces/cmake/ament_cmake_export_libraries-extras.cmake
-- Installing: /home/wyp/test/robot_learning/week2/robot_ws/install/robot_interfaces/share/robot_interfaces/cmake/ament_cmake_export_targets-extras.cmake
-- Installing: /home/wyp/test/robot_learning/week2/robot_ws/install/robot_interfaces/share/robot_interfaces/cmake/rosidl_cmake_export_typesupport_targets-extras.cmake
-- Installing: /home/wyp/test/robot_learning/week2/robot_ws/install/robot_interfaces/share/robot_interfaces/cmake/rosidl_cmake_export_typesupport_libraries-extras.cmake
-- Installing: /home/wyp/test/robot_learning/week2/robot_ws/install/robot_interfaces/share/robot_interfaces/cmake/robot_interfacesConfig.cmake
-- Installing: /home/wyp/test/robot_learning/week2/robot_ws/install/robot_interfaces/share/robot_interfaces/cmake/robot_interfacesConfig-version.cmake
-- Installing: /home/wyp/test/robot_learning/week2/robot_ws/install/robot_interfaces/share/robot_interfaces/package.xml
