[0.011s] Invoking command in '/home/wyp/test/robot_learning/week2/robot_ws/build/robot_interfaces': CMAKE_PREFIX_PATH=${CMAKE_PREFIX_PATH}:/home/wyp/test/robot_learning/week2/robot_ws/install/mujoco_pub:/opt/ros/humble CONDA_PROMPT_MODIFIER=(robopy) /usr/bin/cmake /home/wyp/test/robot_learning/week2/robot_ws/src/robot_interfaces -DCMAKE_INSTALL_PREFIX=/home/wyp/test/robot_learning/week2/robot_ws/install/robot_interfaces
[0.056s] -- The C compiler identification is GNU 11.4.0
[0.101s] -- The CXX compiler identification is GNU 11.4.0
[0.107s] -- Detecting C compiler ABI info
[0.166s] -- Detecting C compiler ABI info - done
[0.171s] -- Check for working C compiler: /usr/bin/cc - skipped
[0.171s] -- Detecting C compile features
[0.171s] -- Detecting C compile features - done
[0.174s] -- Detecting CXX compiler ABI info
[0.241s] -- Detecting CXX compiler ABI info - done
[0.246s] -- Check for working CXX compiler: /usr/bin/c++ - skipped
[0.246s] -- Detecting CXX compile features
[0.246s] -- Detecting CXX compile features - done
[0.248s] -- Found ament_cmake: 1.3.14 (/opt/ros/humble/share/ament_cmake/cmake)
[0.513s] -- Found Python3: /home/wyp/miniconda3/envs/robopy/bin/python3 (found version "3.10.20") found components: Interpreter 
[0.579s] -- Found rosidl_default_generators: 1.2.1 (/opt/ros/humble/share/rosidl_default_generators/cmake)
[0.581s] -- Using all available rosidl_typesupport_c: rosidl_typesupport_fastrtps_c;rosidl_typesupport_introspection_c
[0.586s] -- Found rosidl_adapter: 3.1.8 (/opt/ros/humble/share/rosidl_adapter/cmake)
[0.616s] -- Using all available rosidl_typesupport_cpp: rosidl_typesupport_fastrtps_cpp;rosidl_typesupport_introspection_cpp
[0.642s] -- Found std_msgs: 4.9.1 (/opt/ros/humble/share/std_msgs/cmake)
[0.661s] -- Found geometry_msgs: 4.9.1 (/opt/ros/humble/share/geometry_msgs/cmake)
[0.897s] -- Found ament_cmake_ros: 0.10.0 (/opt/ros/humble/share/ament_cmake_ros/cmake)
[1.081s] -- Using all available rosidl_typesupport_c: rosidl_typesupport_fastrtps_c;rosidl_typesupport_introspection_c
[1.319s] -- Using all available rosidl_typesupport_cpp: rosidl_typesupport_fastrtps_cpp;rosidl_typesupport_introspection_cpp
[1.333s] -- Found PythonInterp: /home/wyp/miniconda3/envs/robopy/bin/python3 (found suitable version "3.10.20", minimum required is "3.6") 
[1.334s] -- Found python_cmake_module: 0.10.0 (/opt/ros/humble/share/python_cmake_module/cmake)
[1.348s] -- Found PythonLibs: /home/wyp/miniconda3/envs/robopy/lib/libpython3.10.so (found suitable version "3.10.20", minimum required is "3.5") 
[1.348s] -- Using PYTHON_EXECUTABLE: /home/wyp/miniconda3/envs/robopy/bin/python3
[1.348s] -- Using PYTHON_INCLUDE_DIRS: /home/wyp/miniconda3/envs/robopy/include/python3.10
[1.348s] -- Using PYTHON_LIBRARIES: /home/wyp/miniconda3/envs/robopy/lib/libpython3.10.so
[1.361s] -- Found PythonExtra: .so  
[1.471s] -- Using numpy include directory: /home/wyp/miniconda3/envs/robopy/lib/python3.10/site-packages/numpy/_core/include
[1.541s] -- Found ament_lint_auto: 0.12.15 (/opt/ros/humble/share/ament_lint_auto/cmake)
[1.555s] -- Added test 'lint_cmake' to check CMake code style
[1.557s] -- Added test 'xmllint' to check XML markup files
[1.559s] -- Configuring done
[1.582s] [33mCMake Warning at /opt/ros/humble/share/rosidl_generator_py/cmake/rosidl_generator_py_generate_interfaces.cmake:166 (add_library):
[1.582s]   Cannot generate a safe runtime search path for target
[1.582s]   robot_interfaces__rosidl_generator_py because files in some directories may
[1.582s]   conflict with libraries in implicit directories:
[1.582s] 
[1.582s]     runtime library [libpython3.10.so.1.0] in /usr/lib/x86_64-linux-gnu may be hidden by files in:
[1.582s]       /home/wyp/miniconda3/envs/robopy/lib
[1.582s] 
[1.582s]   Some of these libraries may not be found correctly.
[1.582s] Call Stack (most recent call first):
[1.582s]   /opt/ros/humble/share/ament_cmake_core/cmake/core/ament_execute_extensions.cmake:48 (include)
[1.582s]   /opt/ros/humble/share/rosidl_cmake/cmake/rosidl_generate_interfaces.cmake:286 (ament_execute_extensions)
[1.582s]   CMakeLists.txt:13 (rosidl_generate_interfaces)
[1.582s] 
[1.582s] [0m
[1.584s] [33mCMake Warning at /opt/ros/humble/share/rosidl_generator_py/cmake/rosidl_generator_py_generate_interfaces.cmake:226 (add_library):
[1.584s]   Cannot generate a safe runtime search path for target
[1.584s]   robot_interfaces__rosidl_typesupport_fastrtps_c__pyext because files in
[1.584s]   some directories may conflict with libraries in implicit directories:
[1.584s] 
[1.584s]     runtime library [libpython3.10.so.1.0] in /usr/lib/x86_64-linux-gnu may be hidden by files in:
[1.584s]       /home/wyp/miniconda3/envs/robopy/lib
[1.584s] 
[1.585s]   Some of these libraries may not be found correctly.
[1.585s] Call Stack (most recent call first):
[1.585s]   /opt/ros/humble/share/ament_cmake_core/cmake/core/ament_execute_extensions.cmake:48 (include)
[1.585s]   /opt/ros/humble/share/rosidl_cmake/cmake/rosidl_generate_interfaces.cmake:286 (ament_execute_extensions)
[1.585s]   CMakeLists.txt:13 (rosidl_generate_interfaces)
[1.585s] 
[1.585s] [0m
[1.586s] [33mCMake Warning at /opt/ros/humble/share/rosidl_generator_py/cmake/rosidl_generator_py_generate_interfaces.cmake:226 (add_library):
[1.586s]   Cannot generate a safe runtime search path for target
[1.586s]   robot_interfaces__rosidl_typesupport_introspection_c__pyext because files
[1.587s]   in some directories may conflict with libraries in implicit directories:
[1.587s] 
[1.587s]     runtime library [libpython3.10.so.1.0] in /usr/lib/x86_64-linux-gnu may be hidden by files in:
[1.587s]       /home/wyp/miniconda3/envs/robopy/lib
[1.587s] 
[1.587s]   Some of these libraries may not be found correctly.
[1.587s] Call Stack (most recent call first):
[1.587s]   /opt/ros/humble/share/ament_cmake_core/cmake/core/ament_execute_extensions.cmake:48 (include)
[1.587s]   /opt/ros/humble/share/rosidl_cmake/cmake/rosidl_generate_interfaces.cmake:286 (ament_execute_extensions)
[1.587s]   CMakeLists.txt:13 (rosidl_generate_interfaces)
[1.587s] 
[1.587s] [0m
[1.589s] [33mCMake Warning at /opt/ros/humble/share/rosidl_generator_py/cmake/rosidl_generator_py_generate_interfaces.cmake:226 (add_library):
[1.589s]   Cannot generate a safe runtime search path for target
[1.589s]   robot_interfaces__rosidl_typesupport_c__pyext because files in some
[1.589s]   directories may conflict with libraries in implicit directories:
[1.589s] 
[1.589s]     runtime library [libpython3.10.so.1.0] in /usr/lib/x86_64-linux-gnu may be hidden by files in:
[1.589s]       /home/wyp/miniconda3/envs/robopy/lib
[1.589s] 
[1.589s]   Some of these libraries may not be found correctly.
[1.589s] Call Stack (most recent call first):
[1.589s]   /opt/ros/humble/share/ament_cmake_core/cmake/core/ament_execute_extensions.cmake:48 (include)
[1.589s]   /opt/ros/humble/share/rosidl_cmake/cmake/rosidl_generate_interfaces.cmake:286 (ament_execute_extensions)
[1.589s]   CMakeLists.txt:13 (rosidl_generate_interfaces)
[1.589s] 
[1.589s] [0m
[1.594s] -- Generating done
[1.604s] -- Build files have been written to: /home/wyp/test/robot_learning/week2/robot_ws/build/robot_interfaces
[1.613s] Invoked command in '/home/wyp/test/robot_learning/week2/robot_ws/build/robot_interfaces' returned '0': CMAKE_PREFIX_PATH=${CMAKE_PREFIX_PATH}:/home/wyp/test/robot_learning/week2/robot_ws/install/mujoco_pub:/opt/ros/humble CONDA_PROMPT_MODIFIER=(robopy) /usr/bin/cmake /home/wyp/test/robot_learning/week2/robot_ws/src/robot_interfaces -DCMAKE_INSTALL_PREFIX=/home/wyp/test/robot_learning/week2/robot_ws/install/robot_interfaces
[1.614s] Invoking command in '/home/wyp/test/robot_learning/week2/robot_ws/build/robot_interfaces': CMAKE_PREFIX_PATH=${CMAKE_PREFIX_PATH}:/home/wyp/test/robot_learning/week2/robot_ws/install/mujoco_pub:/opt/ros/humble CONDA_PROMPT_MODIFIER=(robopy) /usr/bin/cmake --build /home/wyp/test/robot_learning/week2/robot_ws/build/robot_interfaces -- -j12 -l12
[1.652s] [  3%] [34m[1mGenerating C code for ROS interfaces[0m
[1.661s] [  9%] [34m[1mGenerating C++ code for ROS interfaces[0m
[1.661s] [  9%] [34m[1mGenerating Rust code for ROS interfaces[0m
[1.669s] [  9%] Built target ament_cmake_python_copy_robot_interfaces
[1.846s] running egg_info
[1.858s] creating robot_interfaces.egg-info
[1.858s] writing robot_interfaces.egg-info/PKG-INFO
[1.858s] writing dependency_links to robot_interfaces.egg-info/dependency_links.txt
[1.859s] writing top-level names to robot_interfaces.egg-info/top_level.txt
[1.859s] writing manifest file 'robot_interfaces.egg-info/SOURCES.txt'
[1.903s] reading manifest file 'robot_interfaces.egg-info/SOURCES.txt'
[1.904s] writing manifest file 'robot_interfaces.egg-info/SOURCES.txt'
[1.908s] [  9%] Built target robot_interfaces__cpp
[1.910s] [  9%] Built target robot_interfaces__rs
[1.919s] [ 18%] [34m[1mGenerating C++ type support dispatch for ROS interfaces[0m
[1.919s] [ 18%] [34m[1mGenerating C++ type support for eProsima Fast-RTPS[0m
[1.919s] [ 18%] [34m[1mGenerating C++ introspection for ROS interfaces[0m
[1.929s] [ 21%] [32mBuilding C object CMakeFiles/robot_interfaces__rosidl_generator_c.dir/rosidl_generator_c/robot_interfaces/msg/detail/robot_status__functions.c.o[0m
[1.947s] [ 21%] Built target ament_cmake_python_build_robot_interfaces_egg
[1.973s] [ 25%] [32m[1mLinking C shared library librobot_interfaces__rosidl_generator_c.so[0m
[2.005s] [ 25%] Built target robot_interfaces__rosidl_generator_c
[2.015s] [ 34%] [34m[1mGenerating C introspection for ROS interfaces[0m
[2.015s] [ 34%] [34m[1mGenerating C type support dispatch for ROS interfaces[0m
[2.015s] [ 34%] [34m[1mGenerating C type support for eProsima Fast-RTPS[0m
[2.163s] [ 37%] [32mBuilding CXX object CMakeFiles/robot_interfaces__rosidl_typesupport_cpp.dir/rosidl_typesupport_cpp/robot_interfaces/msg/robot_status__type_support.cpp.o[0m
[2.173s] [ 40%] [32mBuilding CXX object CMakeFiles/robot_interfaces__rosidl_typesupport_fastrtps_cpp.dir/rosidl_typesupport_fastrtps_cpp/robot_interfaces/msg/detail/dds_fastrtps/robot_status__type_support.cpp.o[0m
[2.229s] [ 43%] [32mBuilding CXX object CMakeFiles/robot_interfaces__rosidl_typesupport_introspection_cpp.dir/rosidl_typesupport_introspection_cpp/robot_interfaces/msg/detail/robot_status__type_support.cpp.o[0m
[2.259s] [ 46%] [32mBuilding CXX object CMakeFiles/robot_interfaces__rosidl_typesupport_c.dir/rosidl_typesupport_c/robot_interfaces/msg/robot_status__type_support.cpp.o[0m
[2.280s] [ 50%] [32mBuilding CXX object CMakeFiles/robot_interfaces__rosidl_typesupport_fastrtps_c.dir/rosidl_typesupport_fastrtps_c/robot_interfaces/msg/detail/robot_status__type_support_c.cpp.o[0m
[2.299s] [ 53%] [32m[1mLinking CXX shared library librobot_interfaces__rosidl_typesupport_c.so[0m
[2.319s] [ 56%] [32mBuilding C object CMakeFiles/robot_interfaces__rosidl_typesupport_introspection_c.dir/rosidl_typesupport_introspection_c/robot_interfaces/msg/detail/robot_status__type_support.c.o[0m
[2.339s] [ 56%] Built target robot_interfaces__rosidl_typesupport_c
[2.360s] [ 59%] [32m[1mLinking C shared library librobot_interfaces__rosidl_typesupport_introspection_c.so[0m
[2.394s] [ 59%] Built target robot_interfaces__rosidl_typesupport_introspection_c
[2.420s] [ 62%] [32m[1mLinking CXX shared library librobot_interfaces__rosidl_typesupport_cpp.so[0m
[2.465s] [ 62%] Built target robot_interfaces__rosidl_typesupport_cpp
[2.512s] [ 65%] [32m[1mLinking CXX shared library librobot_interfaces__rosidl_typesupport_fastrtps_cpp.so[0m
[2.577s] [ 68%] [32m[1mLinking CXX shared library librobot_interfaces__rosidl_typesupport_introspection_cpp.so[0m
[2.591s] [ 71%] [32m[1mLinking CXX shared library librobot_interfaces__rosidl_typesupport_fastrtps_c.so[0m
[2.611s] [ 71%] Built target robot_interfaces__rosidl_typesupport_fastrtps_cpp
[2.659s] [ 71%] Built target robot_interfaces__rosidl_typesupport_introspection_cpp
[2.680s] [ 71%] Built target robot_interfaces__rosidl_typesupport_fastrtps_c
[2.701s] [ 71%] Built target robot_interfaces
[2.722s] [ 75%] [34m[1mGenerating Python code for ROS interfaces[0m
[3.047s] [ 75%] Built target robot_interfaces__py
[3.065s] [ 78%] [32mBuilding C object CMakeFiles/robot_interfaces__rosidl_generator_py.dir/rosidl_generator_py/robot_interfaces/msg/_robot_status_s.c.o[0m
[3.147s] [ 81%] [32m[1mLinking C shared library rosidl_generator_py/robot_interfaces/librobot_interfaces__rosidl_generator_py.so[0m
[3.183s] [ 81%] Built target robot_interfaces__rosidl_generator_py
[3.201s] [ 90%] [32mBuilding C object CMakeFiles/robot_interfaces__rosidl_typesupport_c__pyext.dir/rosidl_generator_py/robot_interfaces/_robot_interfaces_s.ep.rosidl_typesupport_c.c.o[0m
[3.201s] [ 90%] [32mBuilding C object CMakeFiles/robot_interfaces__rosidl_typesupport_fastrtps_c__pyext.dir/rosidl_generator_py/robot_interfaces/_robot_interfaces_s.ep.rosidl_typesupport_fastrtps_c.c.o[0m
[3.201s] [ 90%] [32mBuilding C object CMakeFiles/robot_interfaces__rosidl_typesupport_introspection_c__pyext.dir/rosidl_generator_py/robot_interfaces/_robot_interfaces_s.ep.rosidl_typesupport_introspection_c.c.o[0m
[3.281s] [100%] [32m[1mLinking C shared library rosidl_generator_py/robot_interfaces/robot_interfaces_s__rosidl_typesupport_fastrtps_c.cpython-310-x86_64-linux-gnu.so[0m
[3.281s] [100%] [32m[1mLinking C shared library rosidl_generator_py/robot_interfaces/robot_interfaces_s__rosidl_typesupport_introspection_c.cpython-310-x86_64-linux-gnu.so[0m
[3.282s] [100%] [32m[1mLinking C shared library rosidl_generator_py/robot_interfaces/robot_interfaces_s__rosidl_typesupport_c.cpython-310-x86_64-linux-gnu.so[0m
[3.317s] [100%] Built target robot_interfaces__rosidl_typesupport_introspection_c__pyext
[3.317s] [100%] Built target robot_interfaces__rosidl_typesupport_fastrtps_c__pyext
[3.317s] [100%] Built target robot_interfaces__rosidl_typesupport_c__pyext
[3.329s] Invoked command in '/home/wyp/test/robot_learning/week2/robot_ws/build/robot_interfaces' returned '0': CMAKE_PREFIX_PATH=${CMAKE_PREFIX_PATH}:/home/wyp/test/robot_learning/week2/robot_ws/install/mujoco_pub:/opt/ros/humble CONDA_PROMPT_MODIFIER=(robopy) /usr/bin/cmake --build /home/wyp/test/robot_learning/week2/robot_ws/build/robot_interfaces -- -j12 -l12
[3.338s] Invoking command in '/home/wyp/test/robot_learning/week2/robot_ws/build/robot_interfaces': CMAKE_PREFIX_PATH=${CMAKE_PREFIX_PATH}:/home/wyp/test/robot_learning/week2/robot_ws/install/mujoco_pub:/opt/ros/humble CONDA_PROMPT_MODIFIER=(robopy) /usr/bin/cmake --install /home/wyp/test/robot_learning/week2/robot_ws/build/robot_interfaces
[3.344s] -- Install configuration: ""
[3.344s] -- Installing: /home/wyp/test/robot_learning/week2/robot_ws/install/robot_interfaces/share/ament_index/resource_index/rosidl_interfaces/robot_interfaces
[3.345s] -- Installing: /home/wyp/test/robot_learning/week2/robot_ws/install/robot_interfaces/include/robot_interfaces/robot_interfaces
[3.345s] -- Installing: /home/wyp/test/robot_learning/week2/robot_ws/install/robot_interfaces/include/robot_interfaces/robot_interfaces/msg
[3.345s] -- Installing: /home/wyp/test/robot_learning/week2/robot_ws/install/robot_interfaces/include/robot_interfaces/robot_interfaces/msg/rosidl_generator_c__visibility_control.h
[3.345s] -- Installing: /home/wyp/test/robot_learning/week2/robot_ws/install/robot_interfaces/include/robot_interfaces/robot_interfaces/msg/robot_status.h
[3.345s] -- Installing: /home/wyp/test/robot_learning/week2/robot_ws/install/robot_interfaces/include/robot_interfaces/robot_interfaces/msg/detail
[3.345s] -- Installing: /home/wyp/test/robot_learning/week2/robot_ws/install/robot_interfaces/include/robot_interfaces/robot_interfaces/msg/detail/robot_status__struct.h
[3.345s] -- Installing: /home/wyp/test/robot_learning/week2/robot_ws/install/robot_interfaces/include/robot_interfaces/robot_interfaces/msg/detail/robot_status__functions.c
[3.345s] -- Installing: /home/wyp/test/robot_learning/week2/robot_ws/install/robot_interfaces/include/robot_interfaces/robot_interfaces/msg/detail/robot_status__functions.h
[3.346s] -- Installing: /home/wyp/test/robot_learning/week2/robot_ws/install/robot_interfaces/include/robot_interfaces/robot_interfaces/msg/detail/robot_status__type_support.h
[3.346s] -- Installing: /home/wyp/test/robot_learning/week2/robot_ws/install/robot_interfaces/share/robot_interfaces/environment/library_path.sh
[3.346s] -- Installing: /home/wyp/test/robot_learning/week2/robot_ws/install/robot_interfaces/share/robot_interfaces/environment/library_path.dsv
[3.346s] -- Installing: /home/wyp/test/robot_learning/week2/robot_ws/install/robot_interfaces/lib/librobot_interfaces__rosidl_generator_c.so
[3.347s] -- Set runtime path of "/home/wyp/test/robot_learning/week2/robot_ws/install/robot_interfaces/lib/librobot_interfaces__rosidl_generator_c.so" to ""
[3.347s] -- Up-to-date: /home/wyp/test/robot_learning/week2/robot_ws/install/robot_interfaces/include/robot_interfaces/robot_interfaces
[3.347s] -- Up-to-date: /home/wyp/test/robot_learning/week2/robot_ws/install/robot_interfaces/include/robot_interfaces/robot_interfaces/msg
[3.347s] -- Up-to-date: /home/wyp/test/robot_learning/week2/robot_ws/install/robot_interfaces/include/robot_interfaces/robot_interfaces/msg/detail
[3.347s] -- Installing: /home/wyp/test/robot_learning/week2/robot_ws/install/robot_interfaces/include/robot_interfaces/robot_interfaces/msg/detail/robot_status__rosidl_typesupport_fastrtps_c.h
[3.347s] -- Installing: /home/wyp/test/robot_learning/week2/robot_ws/install/robot_interfaces/include/robot_interfaces/robot_interfaces/msg/rosidl_typesupport_fastrtps_c__visibility_control.h
[3.347s] -- Installing: /home/wyp/test/robot_learning/week2/robot_ws/install/robot_interfaces/lib/librobot_interfaces__rosidl_typesupport_fastrtps_c.so
[3.347s] -- Set runtime path of "/home/wyp/test/robot_learning/week2/robot_ws/install/robot_interfaces/lib/librobot_interfaces__rosidl_typesupport_fastrtps_c.so" to ""
[3.348s] -- Up-to-date: /home/wyp/test/robot_learning/week2/robot_ws/install/robot_interfaces/include/robot_interfaces/robot_interfaces
[3.348s] -- Up-to-date: /home/wyp/test/robot_learning/week2/robot_ws/install/robot_interfaces/include/robot_interfaces/robot_interfaces/msg
[3.348s] -- Up-to-date: /home/wyp/test/robot_learning/week2/robot_ws/install/robot_interfaces/include/robot_interfaces/robot_interfaces/msg/detail
[3.348s] -- Installing: /home/wyp/test/robot_learning/week2/robot_ws/install/robot_interfaces/include/robot_interfaces/robot_interfaces/msg/detail/robot_status__type_support.c
[3.348s] -- Installing: /home/wyp/test/robot_learning/week2/robot_ws/install/robot_interfaces/include/robot_interfaces/robot_interfaces/msg/detail/robot_status__rosidl_typesupport_introspection_c.h
[3.348s] -- Installing: /home/wyp/test/robot_learning/week2/robot_ws/install/robot_interfaces/include/robot_interfaces/robot_interfaces/msg/rosidl_typesupport_introspection_c__visibility_control.h
[3.348s] -- Installing: /home/wyp/test/robot_learning/week2/robot_ws/install/robot_interfaces/lib/librobot_interfaces__rosidl_typesupport_introspection_c.so
[3.348s] -- Set runtime path of "/home/wyp/test/robot_learning/week2/robot_ws/install/robot_interfaces/lib/librobot_interfaces__rosidl_typesupport_introspection_c.so" to ""
[3.349s] -- Installing: /home/wyp/test/robot_learning/week2/robot_ws/install/robot_interfaces/lib/librobot_interfaces__rosidl_typesupport_c.so
[3.349s] -- Set runtime path of "/home/wyp/test/robot_learning/week2/robot_ws/install/robot_interfaces/lib/librobot_interfaces__rosidl_typesupport_c.so" to ""
[3.349s] -- Up-to-date: /home/wyp/test/robot_learning/week2/robot_ws/install/robot_interfaces/include/robot_interfaces/robot_interfaces
[3.349s] -- Up-to-date: /home/wyp/test/robot_learning/week2/robot_ws/install/robot_interfaces/include/robot_interfaces/robot_interfaces/msg
[3.349s] -- Installing: /home/wyp/test/robot_learning/week2/robot_ws/install/robot_interfaces/include/robot_interfaces/robot_interfaces/msg/robot_status.hpp
[3.349s] -- Up-to-date: /home/wyp/test/robot_learning/week2/robot_ws/install/robot_interfaces/include/robot_interfaces/robot_interfaces/msg/detail
[3.349s] -- Installing: /home/wyp/test/robot_learning/week2/robot_ws/install/robot_interfaces/include/robot_interfaces/robot_interfaces/msg/detail/robot_status__builder.hpp
[3.350s] -- Installing: /home/wyp/test/robot_learning/week2/robot_ws/install/robot_interfaces/include/robot_interfaces/robot_interfaces/msg/detail/robot_status__traits.hpp
[3.350s] -- Installing: /home/wyp/test/robot_learning/week2/robot_ws/install/robot_interfaces/include/robot_interfaces/robot_interfaces/msg/detail/robot_status__struct.hpp
[3.350s] -- Installing: /home/wyp/test/robot_learning/week2/robot_ws/install/robot_interfaces/include/robot_interfaces/robot_interfaces/msg/detail/robot_status__type_support.hpp
[3.350s] -- Installing: /home/wyp/test/robot_learning/week2/robot_ws/install/robot_interfaces/include/robot_interfaces/robot_interfaces/msg/rosidl_generator_cpp__visibility_control.hpp
[3.350s] -- Up-to-date: /home/wyp/test/robot_learning/week2/robot_ws/install/robot_interfaces/include/robot_interfaces/robot_interfaces
[3.350s] -- Up-to-date: /home/wyp/test/robot_learning/week2/robot_ws/install/robot_interfaces/include/robot_interfaces/robot_interfaces/msg
[3.350s] -- Installing: /home/wyp/test/robot_learning/week2/robot_ws/install/robot_interfaces/include/robot_interfaces/robot_interfaces/msg/rosidl_typesupport_fastrtps_cpp__visibility_control.h
[3.350s] -- Up-to-date: /home/wyp/test/robot_learning/week2/robot_ws/install/robot_interfaces/include/robot_interfaces/robot_interfaces/msg/detail
[3.351s] -- Installing: /home/wyp/test/robot_learning/week2/robot_ws/install/robot_interfaces/include/robot_interfaces/robot_interfaces/msg/detail/robot_status__rosidl_typesupport_fastrtps_cpp.hpp
[3.351s] -- Installing: /home/wyp/test/robot_learning/week2/robot_ws/install/robot_interfaces/include/robot_interfaces/robot_interfaces/msg/detail/dds_fastrtps
[3.351s] -- Installing: /home/wyp/test/robot_learning/week2/robot_ws/install/robot_interfaces/lib/librobot_interfaces__rosidl_typesupport_fastrtps_cpp.so
[3.351s] -- Set runtime path of "/home/wyp/test/robot_learning/week2/robot_ws/install/robot_interfaces/lib/librobot_interfaces__rosidl_typesupport_fastrtps_cpp.so" to ""
[3.351s] -- Up-to-date: /home/wyp/test/robot_learning/week2/robot_ws/install/robot_interfaces/include/robot_interfaces/robot_interfaces
[3.351s] -- Up-to-date: /home/wyp/test/robot_learning/week2/robot_ws/install/robot_interfaces/include/robot_interfaces/robot_interfaces/msg
[3.351s] -- Up-to-date: /home/wyp/test/robot_learning/week2/robot_ws/install/robot_interfaces/include/robot_interfaces/robot_interfaces/msg/detail
[3.351s] -- Installing: /home/wyp/test/robot_learning/week2/robot_ws/install/robot_interfaces/include/robot_interfaces/robot_interfaces/msg/detail/robot_status__rosidl_typesupport_introspection_cpp.hpp
[3.352s] -- Installing: /home/wyp/test/robot_learning/week2/robot_ws/install/robot_interfaces/include/robot_interfaces/robot_interfaces/msg/detail/robot_status__type_support.cpp
[3.352s] -- Installing: /home/wyp/test/robot_learning/week2/robot_ws/install/robot_interfaces/lib/librobot_interfaces__rosidl_typesupport_introspection_cpp.so
[3.352s] -- Set runtime path of "/home/wyp/test/robot_learning/week2/robot_ws/install/robot_interfaces/lib/librobot_interfaces__rosidl_typesupport_introspection_cpp.so" to ""
[3.352s] -- Installing: /home/wyp/test/robot_learning/week2/robot_ws/install/robot_interfaces/lib/librobot_interfaces__rosidl_typesupport_cpp.so
[3.353s] -- Set runtime path of "/home/wyp/test/robot_learning/week2/robot_ws/install/robot_interfaces/lib/librobot_interfaces__rosidl_typesupport_cpp.so" to ""
[3.353s] -- Installing: /home/wyp/test/robot_learning/week2/robot_ws/install/robot_interfaces/share/robot_interfaces/environment/pythonpath.sh
[3.353s] -- Installing: /home/wyp/test/robot_learning/week2/robot_ws/install/robot_interfaces/share/robot_interfaces/environment/pythonpath.dsv
[3.353s] -- Installing: /home/wyp/test/robot_learning/week2/robot_ws/install/robot_interfaces/lib/python3.10/site-packages/robot_interfaces-0.0.0-py3.10.egg-info
[3.353s] -- Installing: /home/wyp/test/robot_learning/week2/robot_ws/install/robot_interfaces/lib/python3.10/site-packages/robot_interfaces-0.0.0-py3.10.egg-info/top_level.txt
[3.353s] -- Installing: /home/wyp/test/robot_learning/week2/robot_ws/install/robot_interfaces/lib/python3.10/site-packages/robot_interfaces-0.0.0-py3.10.egg-info/PKG-INFO
[3.354s] -- Installing: /home/wyp/test/robot_learning/week2/robot_ws/install/robot_interfaces/lib/python3.10/site-packages/robot_interfaces-0.0.0-py3.10.egg-info/dependency_links.txt
[3.354s] -- Installing: /home/wyp/test/robot_learning/week2/robot_ws/install/robot_interfaces/lib/python3.10/site-packages/robot_interfaces-0.0.0-py3.10.egg-info/SOURCES.txt
[3.354s] -- Installing: /home/wyp/test/robot_learning/week2/robot_ws/install/robot_interfaces/lib/python3.10/site-packages/robot_interfaces
[3.354s] -- Installing: /home/wyp/test/robot_learning/week2/robot_ws/install/robot_interfaces/lib/python3.10/site-packages/robot_interfaces/librobot_interfaces__rosidl_generator_py.so
[3.354s] -- Installing: /home/wyp/test/robot_learning/week2/robot_ws/install/robot_interfaces/lib/python3.10/site-packages/robot_interfaces/_robot_interfaces_s.ep.rosidl_typesupport_fastrtps_c.c
[3.354s] -- Installing: /home/wyp/test/robot_learning/week2/robot_ws/install/robot_interfaces/lib/python3.10/site-packages/robot_interfaces/robot_interfaces_s__rosidl_typesupport_introspection_c.cpython-310-x86_64-linux-gnu.so
[3.355s] -- Installing: /home/wyp/test/robot_learning/week2/robot_ws/install/robot_interfaces/lib/python3.10/site-packages/robot_interfaces/robot_interfaces_s__rosidl_typesupport_fastrtps_c.cpython-310-x86_64-linux-gnu.so
[3.355s] -- Installing: /home/wyp/test/robot_learning/week2/robot_ws/install/robot_interfaces/lib/python3.10/site-packages/robot_interfaces/_robot_interfaces_s.ep.rosidl_typesupport_c.c
[3.355s] -- Installing: /home/wyp/test/robot_learning/week2/robot_ws/install/robot_interfaces/lib/python3.10/site-packages/robot_interfaces/_robot_interfaces_s.ep.rosidl_typesupport_introspection_c.c
[3.355s] -- Installing: /home/wyp/test/robot_learning/week2/robot_ws/install/robot_interfaces/lib/python3.10/site-packages/robot_interfaces/robot_interfaces_s__rosidl_typesupport_c.cpython-310-x86_64-linux-gnu.so
[3.355s] -- Installing: /home/wyp/test/robot_learning/week2/robot_ws/install/robot_interfaces/lib/python3.10/site-packages/robot_interfaces/msg
[3.355s] -- Installing: /home/wyp/test/robot_learning/week2/robot_ws/install/robot_interfaces/lib/python3.10/site-packages/robot_interfaces/msg/_robot_status_s.c
[3.355s] -- Installing: /home/wyp/test/robot_learning/week2/robot_ws/install/robot_interfaces/lib/python3.10/site-packages/robot_interfaces/msg/_robot_status.py
[3.356s] -- Installing: /home/wyp/test/robot_learning/week2/robot_ws/install/robot_interfaces/lib/python3.10/site-packages/robot_interfaces/msg/__init__.py
[3.356s] -- Installing: /home/wyp/test/robot_learning/week2/robot_ws/install/robot_interfaces/lib/python3.10/site-packages/robot_interfaces/__init__.py
[3.383s] Listing '/home/wyp/test/robot_learning/week2/robot_ws/install/robot_interfaces/lib/python3.10/site-packages/robot_interfaces'...
[3.383s] Compiling '/home/wyp/test/robot_learning/week2/robot_ws/install/robot_interfaces/lib/python3.10/site-packages/robot_interfaces/__init__.py'...
[3.383s] Listing '/home/wyp/test/robot_learning/week2/robot_ws/install/robot_interfaces/lib/python3.10/site-packages/robot_interfaces/msg'...
[3.383s] Compiling '/home/wyp/test/robot_learning/week2/robot_ws/install/robot_interfaces/lib/python3.10/site-packages/robot_interfaces/msg/__init__.py'...
[3.383s] Compiling '/home/wyp/test/robot_learning/week2/robot_ws/install/robot_interfaces/lib/python3.10/site-packages/robot_interfaces/msg/_robot_status.py'...
[3.386s] -- Installing: /home/wyp/test/robot_learning/week2/robot_ws/install/robot_interfaces/lib/python3.10/site-packages/robot_interfaces/robot_interfaces_s__rosidl_typesupport_fastrtps_c.cpython-310-x86_64-linux-gnu.so
[3.387s] -- Set runtime path of "/home/wyp/test/robot_learning/week2/robot_ws/install/robot_interfaces/lib/python3.10/site-packages/robot_interfaces/robot_interfaces_s__rosidl_typesupport_fastrtps_c.cpython-310-x86_64-linux-gnu.so" to ""
[3.387s] -- Installing: /home/wyp/test/robot_learning/week2/robot_ws/install/robot_interfaces/lib/python3.10/site-packages/robot_interfaces/robot_interfaces_s__rosidl_typesupport_introspection_c.cpython-310-x86_64-linux-gnu.so
[3.387s] -- Set runtime path of "/home/wyp/test/robot_learning/week2/robot_ws/install/robot_interfaces/lib/python3.10/site-packages/robot_interfaces/robot_interfaces_s__rosidl_typesupport_introspection_c.cpython-310-x86_64-linux-gnu.so" to ""
[3.387s] -- Installing: /home/wyp/test/robot_learning/week2/robot_ws/install/robot_interfaces/lib/python3.10/site-packages/robot_interfaces/robot_interfaces_s__rosidl_typesupport_c.cpython-310-x86_64-linux-gnu.so
[3.388s] -- Set runtime path of "/home/wyp/test/robot_learning/week2/robot_ws/install/robot_interfaces/lib/python3.10/site-packages/robot_interfaces/robot_interfaces_s__rosidl_typesupport_c.cpython-310-x86_64-linux-gnu.so" to ""
[3.388s] -- Installing: /home/wyp/test/robot_learning/week2/robot_ws/install/robot_interfaces/lib/librobot_interfaces__rosidl_generator_py.so
[3.388s] -- Set runtime path of "/home/wyp/test/robot_learning/week2/robot_ws/install/robot_interfaces/lib/librobot_interfaces__rosidl_generator_py.so" to ""
[3.388s] -- Installing: /home/wyp/test/robot_learning/week2/robot_ws/install/robot_interfaces/share/ament_index/resource_index/rust_packages/robot_interfaces
[3.388s] -- Installing: /home/wyp/test/robot_learning/week2/robot_ws/install/robot_interfaces/share/robot_interfaces/rust
[3.389s] -- Installing: /home/wyp/test/robot_learning/week2/robot_ws/install/robot_interfaces/share/robot_interfaces/rust/Cargo.toml
[3.389s] -- Installing: /home/wyp/test/robot_learning/week2/robot_ws/install/robot_interfaces/share/robot_interfaces/rust/src
[3.389s] -- Installing: /home/wyp/test/robot_learning/week2/robot_ws/install/robot_interfaces/share/robot_interfaces/rust/src/msg.rs
[3.389s] -- Installing: /home/wyp/test/robot_learning/week2/robot_ws/install/robot_interfaces/share/robot_interfaces/rust/src/lib.rs
[3.389s] -- Installing: /home/wyp/test/robot_learning/week2/robot_ws/install/robot_interfaces/share/robot_interfaces/rust/src/msg
[3.389s] -- Installing: /home/wyp/test/robot_learning/week2/robot_ws/install/robot_interfaces/share/robot_interfaces/rust/src/msg/rmw.rs
[3.389s] -- Installing: /home/wyp/test/robot_learning/week2/robot_ws/install/robot_interfaces/share/robot_interfaces/rust/build.rs
[3.390s] -- Installing: /home/wyp/test/robot_learning/week2/robot_ws/install/robot_interfaces/share/robot_interfaces/msg/RobotStatus.idl
[3.390s] -- Installing: /home/wyp/test/robot_learning/week2/robot_ws/install/robot_interfaces/share/robot_interfaces/msg/RobotStatus.msg
[3.390s] -- Installing: /home/wyp/test/robot_learning/week2/robot_ws/install/robot_interfaces/share/ament_index/resource_index/package_run_dependencies/robot_interfaces
[3.390s] -- Installing: /home/wyp/test/robot_learning/week2/robot_ws/install/robot_interfaces/share/ament_index/resource_index/parent_prefix_path/robot_interfaces
[3.390s] -- Installing: /home/wyp/test/robot_learning/week2/robot_ws/install/robot_interfaces/share/robot_interfaces/environment/ament_prefix_path.sh
[3.391s] -- Installing: /home/wyp/test/robot_learning/week2/robot_ws/install/robot_interfaces/share/robot_interfaces/environment/ament_prefix_path.dsv
[3.391s] -- Installing: /home/wyp/test/robot_learning/week2/robot_ws/install/robot_interfaces/share/robot_interfaces/environment/path.sh
[3.391s] -- Installing: /home/wyp/test/robot_learning/week2/robot_ws/install/robot_interfaces/share/robot_interfaces/environment/path.dsv
[3.391s] -- Installing: /home/wyp/test/robot_learning/week2/robot_ws/install/robot_interfaces/share/robot_interfaces/local_setup.bash
[3.391s] -- Installing: /home/wyp/test/robot_learning/week2/robot_ws/install/robot_interfaces/share/robot_interfaces/local_setup.sh
[3.391s] -- Installing: /home/wyp/test/robot_learning/week2/robot_ws/install/robot_interfaces/share/robot_interfaces/local_setup.zsh
[3.392s] -- Installing: /home/wyp/test/robot_learning/week2/robot_ws/install/robot_interfaces/share/robot_interfaces/local_setup.dsv
[3.392s] -- Installing: /home/wyp/test/robot_learning/week2/robot_ws/install/robot_interfaces/share/robot_interfaces/package.dsv
[3.392s] -- Installing: /home/wyp/test/robot_learning/week2/robot_ws/install/robot_interfaces/share/ament_index/resource_index/packages/robot_interfaces
[3.392s] -- Installing: /home/wyp/test/robot_learning/week2/robot_ws/install/robot_interfaces/share/robot_interfaces/cmake/export_robot_interfaces__rosidl_generator_cExport.cmake
[3.392s] -- Installing: /home/wyp/test/robot_learning/week2/robot_ws/install/robot_interfaces/share/robot_interfaces/cmake/export_robot_interfaces__rosidl_generator_cExport-noconfig.cmake
[3.393s] -- Installing: /home/wyp/test/robot_learning/week2/robot_ws/install/robot_interfaces/share/robot_interfaces/cmake/export_robot_interfaces__rosidl_typesupport_fastrtps_cExport.cmake
[3.393s] -- Installing: /home/wyp/test/robot_learning/week2/robot_ws/install/robot_interfaces/share/robot_interfaces/cmake/export_robot_interfaces__rosidl_typesupport_fastrtps_cExport-noconfig.cmake
[3.393s] -- Installing: /home/wyp/test/robot_learning/week2/robot_ws/install/robot_interfaces/share/robot_interfaces/cmake/robot_interfaces__rosidl_typesupport_introspection_cExport.cmake
[3.393s] -- Installing: /home/wyp/test/robot_learning/week2/robot_ws/install/robot_interfaces/share/robot_interfaces/cmake/robot_interfaces__rosidl_typesupport_introspection_cExport-noconfig.cmake
[3.393s] -- Installing: /home/wyp/test/robot_learning/week2/robot_ws/install/robot_interfaces/share/robot_interfaces/cmake/robot_interfaces__rosidl_typesupport_cExport.cmake
[3.393s] -- Installing: /home/wyp/test/robot_learning/week2/robot_ws/install/robot_interfaces/share/robot_interfaces/cmake/robot_interfaces__rosidl_typesupport_cExport-noconfig.cmake
[3.394s] -- Installing: /home/wyp/test/robot_learning/week2/robot_ws/install/robot_interfaces/share/robot_interfaces/cmake/export_robot_interfaces__rosidl_generator_cppExport.cmake
[3.394s] -- Installing: /home/wyp/test/robot_learning/week2/robot_ws/install/robot_interfaces/share/robot_interfaces/cmake/export_robot_interfaces__rosidl_typesupport_fastrtps_cppExport.cmake
[3.394s] -- Installing: /home/wyp/test/robot_learning/week2/robot_ws/install/robot_interfaces/share/robot_interfaces/cmake/export_robot_interfaces__rosidl_typesupport_fastrtps_cppExport-noconfig.cmake
[3.394s] -- Installing: /home/wyp/test/robot_learning/week2/robot_ws/install/robot_interfaces/share/robot_interfaces/cmake/robot_interfaces__rosidl_typesupport_introspection_cppExport.cmake
[3.394s] -- Installing: /home/wyp/test/robot_learning/week2/robot_ws/install/robot_interfaces/share/robot_interfaces/cmake/robot_interfaces__rosidl_typesupport_introspection_cppExport-noconfig.cmake
[3.395s] -- Installing: /home/wyp/test/robot_learning/week2/robot_ws/install/robot_interfaces/share/robot_interfaces/cmake/robot_interfaces__rosidl_typesupport_cppExport.cmake
[3.395s] -- Installing: /home/wyp/test/robot_learning/week2/robot_ws/install/robot_interfaces/share/robot_interfaces/cmake/robot_interfaces__rosidl_typesupport_cppExport-noconfig.cmake
[3.395s] -- Installing: /home/wyp/test/robot_learning/week2/robot_ws/install/robot_interfaces/share/robot_interfaces/cmake/export_robot_interfaces__rosidl_generator_pyExport.cmake
[3.395s] -- Installing: /home/wyp/test/robot_learning/week2/robot_ws/install/robot_interfaces/share/robot_interfaces/cmake/export_robot_interfaces__rosidl_generator_pyExport-noconfig.cmake
[3.395s] -- Installing: /home/wyp/test/robot_learning/week2/robot_ws/install/robot_interfaces/share/robot_interfaces/cmake/rosidl_cmake-extras.cmake
[3.396s] -- Installing: /home/wyp/test/robot_learning/week2/robot_ws/install/robot_interfaces/share/robot_interfaces/cmake/ament_cmake_export_dependencies-extras.cmake
[3.396s] -- Installing: /home/wyp/test/robot_learning/week2/robot_ws/install/robot_interfaces/share/robot_interfaces/cmake/ament_cmake_export_include_directories-extras.cmake
[3.396s] -- Installing: /home/wyp/test/robot_learning/week2/robot_ws/install/robot_interfaces/share/robot_interfaces/cmake/ament_cmake_export_libraries-extras.cmake
[3.396s] -- Installing: /home/wyp/test/robot_learning/week2/robot_ws/install/robot_interfaces/share/robot_interfaces/cmake/ament_cmake_export_targets-extras.cmake
[3.396s] -- Installing: /home/wyp/test/robot_learning/week2/robot_ws/install/robot_interfaces/share/robot_interfaces/cmake/rosidl_cmake_export_typesupport_targets-extras.cmake
[3.396s] -- Installing: /home/wyp/test/robot_learning/week2/robot_ws/install/robot_interfaces/share/robot_interfaces/cmake/rosidl_cmake_export_typesupport_libraries-extras.cmake
[3.397s] -- Installing: /home/wyp/test/robot_learning/week2/robot_ws/install/robot_interfaces/share/robot_interfaces/cmake/robot_interfacesConfig.cmake
[3.397s] -- Installing: /home/wyp/test/robot_learning/week2/robot_ws/install/robot_interfaces/share/robot_interfaces/cmake/robot_interfacesConfig-version.cmake
[3.397s] -- Installing: /home/wyp/test/robot_learning/week2/robot_ws/install/robot_interfaces/share/robot_interfaces/package.xml
[3.400s] Invoked command in '/home/wyp/test/robot_learning/week2/robot_ws/build/robot_interfaces' returned '0': CMAKE_PREFIX_PATH=${CMAKE_PREFIX_PATH}:/home/wyp/test/robot_learning/week2/robot_ws/install/mujoco_pub:/opt/ros/humble CONDA_PROMPT_MODIFIER=(robopy) /usr/bin/cmake --install /home/wyp/test/robot_learning/week2/robot_ws/build/robot_interfaces
