[0.459s] Invoking command in '/home/wyp/test/robot_learning/week2/week2_ws/src/demo_python_pkg': CONDA_PROMPT_MODIFIER=(robopy) PYTHONPATH=/home/wyp/test/robot_learning/week2/week2_ws/build/demo_python_pkg/prefix_override:/usr/lib/python3/dist-packages/colcon_core/task/python/colcon_distutils_commands:/home/wyp/test/robot_learning/week2/week2_ws/install/demo_python_pkg/lib/python3.10/site-packages:${PYTHONPATH} /usr/bin/python3 -W ignore:setup.py install is deprecated -W ignore:easy_install command is deprecated setup.py egg_info --egg-base ../../build/demo_python_pkg build --build-base /home/wyp/test/robot_learning/week2/week2_ws/build/demo_python_pkg/build install --record /home/wyp/test/robot_learning/week2/week2_ws/build/demo_python_pkg/install.log --install-scripts $base/lib/demo_python_pkg --single-version-externally-managed install_data
[0.631s] running egg_info
[0.631s] writing ../../build/demo_python_pkg/demo_python_pkg.egg-info/PKG-INFO
[0.631s] writing dependency_links to ../../build/demo_python_pkg/demo_python_pkg.egg-info/dependency_links.txt
[0.632s] writing entry points to ../../build/demo_python_pkg/demo_python_pkg.egg-info/entry_points.txt
[0.632s] writing requirements to ../../build/demo_python_pkg/demo_python_pkg.egg-info/requires.txt
[0.632s] writing top-level names to ../../build/demo_python_pkg/demo_python_pkg.egg-info/top_level.txt
[0.633s] reading manifest file '../../build/demo_python_pkg/demo_python_pkg.egg-info/SOURCES.txt'
[0.637s] adding license file 'LICENSE'
[0.638s] writing manifest file '../../build/demo_python_pkg/demo_python_pkg.egg-info/SOURCES.txt'
[0.638s] running build
[0.638s] running build_py
[0.638s] copying demo_python_pkg/book_thread.py -> /home/wyp/test/robot_learning/week2/week2_ws/build/demo_python_pkg/build/lib/demo_python_pkg
[0.638s] running install
[0.639s] running install_lib
[0.639s] copying /home/wyp/test/robot_learning/week2/week2_ws/build/demo_python_pkg/build/lib/demo_python_pkg/book_thread.py -> /home/wyp/test/robot_learning/week2/week2_ws/install/demo_python_pkg/lib/python3.10/site-packages/demo_python_pkg
[0.640s] byte-compiling /home/wyp/test/robot_learning/week2/week2_ws/install/demo_python_pkg/lib/python3.10/site-packages/demo_python_pkg/book_thread.py to book_thread.cpython-310.pyc
[0.640s] running install_data
[0.640s] running install_egg_info
[0.642s] removing '/home/wyp/test/robot_learning/week2/week2_ws/install/demo_python_pkg/lib/python3.10/site-packages/demo_python_pkg-0.0.0-py3.10.egg-info' (and everything under it)
[0.642s] Copying ../../build/demo_python_pkg/demo_python_pkg.egg-info to /home/wyp/test/robot_learning/week2/week2_ws/install/demo_python_pkg/lib/python3.10/site-packages/demo_python_pkg-0.0.0-py3.10.egg-info
[0.643s] running install_scripts
[0.658s] Installing book_thread script to /home/wyp/test/robot_learning/week2/week2_ws/install/demo_python_pkg/lib/demo_python_pkg
[0.658s] Installing hero_node script to /home/wyp/test/robot_learning/week2/week2_ws/install/demo_python_pkg/lib/demo_python_pkg
[0.658s] Installing node_py script to /home/wyp/test/robot_learning/week2/week2_ws/install/demo_python_pkg/lib/demo_python_pkg
[0.658s] Installing writer_node script to /home/wyp/test/robot_learning/week2/week2_ws/install/demo_python_pkg/lib/demo_python_pkg
[0.659s] writing list of installed files to '/home/wyp/test/robot_learning/week2/week2_ws/build/demo_python_pkg/install.log'
[0.675s] Invoked command in '/home/wyp/test/robot_learning/week2/week2_ws/src/demo_python_pkg' returned '0': CONDA_PROMPT_MODIFIER=(robopy) PYTHONPATH=/home/wyp/test/robot_learning/week2/week2_ws/build/demo_python_pkg/prefix_override:/usr/lib/python3/dist-packages/colcon_core/task/python/colcon_distutils_commands:/home/wyp/test/robot_learning/week2/week2_ws/install/demo_python_pkg/lib/python3.10/site-packages:${PYTHONPATH} /usr/bin/python3 -W ignore:setup.py install is deprecated -W ignore:easy_install command is deprecated setup.py egg_info --egg-base ../../build/demo_python_pkg build --build-base /home/wyp/test/robot_learning/week2/week2_ws/build/demo_python_pkg/build install --record /home/wyp/test/robot_learning/week2/week2_ws/build/demo_python_pkg/install.log --install-scripts $base/lib/demo_python_pkg --single-version-externally-managed install_data
