[0.085s] DEBUG:colcon:Command line arguments: ['/usr/bin/colcon', 'build']
[0.085s] DEBUG:colcon:Parsed command line arguments: Namespace(log_base=None, log_level=None, verb_name='build', build_base='build', install_base='install', merge_install=False, symlink_install=False, test_result_base=None, continue_on_error=False, executor='parallel', parallel_workers=12, event_handlers=None, ignore_user_meta=False, metas=['./colcon.meta'], base_paths=['.'], packages_ignore=None, packages_ignore_regex=None, paths=None, packages_up_to=None, packages_up_to_regex=None, packages_above=None, packages_above_and_dependencies=None, packages_above_depth=None, packages_select_by_dep=None, packages_skip_by_dep=None, packages_skip_up_to=None, packages_select_build_failed=False, packages_skip_build_finished=False, packages_select_test_failures=False, packages_skip_test_passed=False, packages_select=None, packages_skip=None, packages_select_regex=None, packages_skip_regex=None, packages_start=None, packages_end=None, allow_overriding=[], cmake_args=None, cmake_target=None, cmake_target_skip_unavailable=False, cmake_clean_cache=False, cmake_clean_first=False, cmake_force_configure=False, ament_cmake_args=None, catkin_cmake_args=None, catkin_skip_building_tests=False, verb_parser=<colcon_defaults.argument_parser.defaults.DefaultArgumentsDecorator object at 0x75e94e258820>, verb_extension=<colcon_core.verb.build.BuildVerb object at 0x75e94e355e70>, main=<bound method BuildVerb.main of <colcon_core.verb.build.BuildVerb object at 0x75e94e355e70>>)
[0.227s] Level 1:colcon.colcon_core.package_discovery:discover_packages(colcon_meta) check parameters
[0.227s] Level 1:colcon.colcon_core.package_discovery:discover_packages(recursive) check parameters
[0.227s] Level 1:colcon.colcon_core.package_discovery:discover_packages(ignore) check parameters
[0.227s] Level 1:colcon.colcon_core.package_discovery:discover_packages(path) check parameters
[0.227s] Level 1:colcon.colcon_core.package_discovery:discover_packages(colcon_meta) discover
[0.227s] Level 1:colcon.colcon_core.package_discovery:discover_packages(recursive) discover
[0.227s] INFO:colcon.colcon_core.package_discovery:Crawling recursively for packages in '/home/wyp/test/robot_learning/week2/practice_ws'
[0.227s] Level 1:colcon.colcon_core.package_identification:_identify(.) by extensions ['ignore', 'ignore_ament_install']
[0.228s] Level 1:colcon.colcon_core.package_identification:_identify(.) by extension 'ignore'
[0.228s] Level 1:colcon.colcon_core.package_identification:_identify(.) by extension 'ignore_ament_install'
[0.228s] Level 1:colcon.colcon_core.package_identification:_identify(.) by extensions ['colcon_pkg']
[0.228s] Level 1:colcon.colcon_core.package_identification:_identify(.) by extension 'colcon_pkg'
[0.228s] Level 1:colcon.colcon_core.package_identification:_identify(.) by extensions ['colcon_meta']
[0.228s] Level 1:colcon.colcon_core.package_identification:_identify(.) by extension 'colcon_meta'
[0.228s] Level 1:colcon.colcon_core.package_identification:_identify(.) by extensions ['ros']
[0.228s] Level 1:colcon.colcon_core.package_identification:_identify(.) by extension 'ros'
[0.236s] Level 1:colcon.colcon_core.package_identification:_identify(.) by extensions ['cmake', 'python']
[0.237s] Level 1:colcon.colcon_core.package_identification:_identify(.) by extension 'cmake'
[0.237s] Level 1:colcon.colcon_core.package_identification:_identify(.) by extension 'python'
[0.237s] Level 1:colcon.colcon_core.package_identification:_identify(.) by extensions ['python_setup_py']
[0.237s] Level 1:colcon.colcon_core.package_identification:_identify(.) by extension 'python_setup_py'
[0.237s] Level 1:colcon.colcon_core.package_identification:_identify(build) by extensions ['ignore', 'ignore_ament_install']
[0.237s] Level 1:colcon.colcon_core.package_identification:_identify(build) by extension 'ignore'
[0.237s] Level 1:colcon.colcon_core.package_identification:_identify(build) ignored
[0.237s] Level 1:colcon.colcon_core.package_identification:_identify(install) by extensions ['ignore', 'ignore_ament_install']
[0.237s] Level 1:colcon.colcon_core.package_identification:_identify(install) by extension 'ignore'
[0.237s] Level 1:colcon.colcon_core.package_identification:_identify(install) ignored
[0.237s] Level 1:colcon.colcon_core.package_identification:_identify(log) by extensions ['ignore', 'ignore_ament_install']
[0.237s] Level 1:colcon.colcon_core.package_identification:_identify(log) by extension 'ignore'
[0.237s] Level 1:colcon.colcon_core.package_identification:_identify(log) ignored
[0.237s] Level 1:colcon.colcon_core.package_identification:_identify(src) by extensions ['ignore', 'ignore_ament_install']
[0.237s] Level 1:colcon.colcon_core.package_identification:_identify(src) by extension 'ignore'
[0.237s] Level 1:colcon.colcon_core.package_identification:_identify(src) by extension 'ignore_ament_install'
[0.237s] Level 1:colcon.colcon_core.package_identification:_identify(src) by extensions ['colcon_pkg']
[0.237s] Level 1:colcon.colcon_core.package_identification:_identify(src) by extension 'colcon_pkg'
[0.237s] Level 1:colcon.colcon_core.package_identification:_identify(src) by extensions ['colcon_meta']
[0.237s] Level 1:colcon.colcon_core.package_identification:_identify(src) by extension 'colcon_meta'
[0.237s] Level 1:colcon.colcon_core.package_identification:_identify(src) by extensions ['ros']
[0.237s] Level 1:colcon.colcon_core.package_identification:_identify(src) by extension 'ros'
[0.238s] Level 1:colcon.colcon_core.package_identification:_identify(src) by extensions ['cmake', 'python']
[0.238s] Level 1:colcon.colcon_core.package_identification:_identify(src) by extension 'cmake'
[0.238s] Level 1:colcon.colcon_core.package_identification:_identify(src) by extension 'python'
[0.238s] Level 1:colcon.colcon_core.package_identification:_identify(src) by extensions ['python_setup_py']
[0.238s] Level 1:colcon.colcon_core.package_identification:_identify(src) by extension 'python_setup_py'
[0.238s] Level 1:colcon.colcon_core.package_identification:_identify(src/status_interfaces) by extensions ['ignore', 'ignore_ament_install']
[0.238s] Level 1:colcon.colcon_core.package_identification:_identify(src/status_interfaces) by extension 'ignore'
[0.238s] Level 1:colcon.colcon_core.package_identification:_identify(src/status_interfaces) by extension 'ignore_ament_install'
[0.238s] Level 1:colcon.colcon_core.package_identification:_identify(src/status_interfaces) by extensions ['colcon_pkg']
[0.238s] Level 1:colcon.colcon_core.package_identification:_identify(src/status_interfaces) by extension 'colcon_pkg'
[0.238s] Level 1:colcon.colcon_core.package_identification:_identify(src/status_interfaces) by extensions ['colcon_meta']
[0.238s] Level 1:colcon.colcon_core.package_identification:_identify(src/status_interfaces) by extension 'colcon_meta'
[0.238s] Level 1:colcon.colcon_core.package_identification:_identify(src/status_interfaces) by extensions ['ros']
[0.238s] Level 1:colcon.colcon_core.package_identification:_identify(src/status_interfaces) by extension 'ros'
[0.240s] DEBUG:colcon.colcon_core.package_identification:Package 'src/status_interfaces' with type 'ros.ament_cmake' and name 'status_interfaces'
[0.240s] Level 1:colcon.colcon_core.package_identification:_identify(src/status_pub) by extensions ['ignore', 'ignore_ament_install']
[0.240s] Level 1:colcon.colcon_core.package_identification:_identify(src/status_pub) by extension 'ignore'
[0.240s] Level 1:colcon.colcon_core.package_identification:_identify(src/status_pub) by extension 'ignore_ament_install'
[0.240s] Level 1:colcon.colcon_core.package_identification:_identify(src/status_pub) by extensions ['colcon_pkg']
[0.240s] Level 1:colcon.colcon_core.package_identification:_identify(src/status_pub) by extension 'colcon_pkg'
[0.240s] Level 1:colcon.colcon_core.package_identification:_identify(src/status_pub) by extensions ['colcon_meta']
[0.240s] Level 1:colcon.colcon_core.package_identification:_identify(src/status_pub) by extension 'colcon_meta'
[0.240s] Level 1:colcon.colcon_core.package_identification:_identify(src/status_pub) by extensions ['ros']
[0.240s] Level 1:colcon.colcon_core.package_identification:_identify(src/status_pub) by extension 'ros'
[0.241s] DEBUG:colcon.colcon_core.package_identification:Package 'src/status_pub' with type 'ros.ament_python' and name 'status_pub'
[0.241s] Level 1:colcon.colcon_core.package_discovery:discover_packages(recursive) using defaults
[0.241s] Level 1:colcon.colcon_core.package_discovery:discover_packages(ignore) discover
[0.241s] Level 1:colcon.colcon_core.package_discovery:discover_packages(ignore) using defaults
[0.241s] Level 1:colcon.colcon_core.package_discovery:discover_packages(path) discover
[0.241s] Level 1:colcon.colcon_core.package_discovery:discover_packages(path) using defaults
[0.255s] Level 1:colcon.colcon_core.package_discovery:discover_packages(prefix_path) check parameters
[0.255s] Level 1:colcon.colcon_core.package_discovery:discover_packages(prefix_path) discover
[0.256s] WARNING:colcon.colcon_ros.prefix_path.ament:The path '/home/wyp/test/robot_learning/week2/practice_ws/install/status_pub' in the environment variable AMENT_PREFIX_PATH doesn't exist
[0.256s] WARNING:colcon.colcon_ros.prefix_path.ament:The path '/home/wyp/test/robot_learning/week2/practice_ws/install/status_interfaces' in the environment variable AMENT_PREFIX_PATH doesn't exist
[0.256s] WARNING:colcon.colcon_ros.prefix_path.catkin:The path '/home/wyp/test/robot_learning/week2/practice_ws/install/status_interfaces' in the environment variable CMAKE_PREFIX_PATH doesn't exist
[0.257s] DEBUG:colcon.colcon_installed_package_information.package_discovery:Found 0 installed packages in /home/wyp/test/robot_learning/week2/practice_ws/install
[0.257s] DEBUG:colcon.colcon_installed_package_information.package_discovery:Found 1 installed packages in /home/wyp/test/robot_learning/week2/topic_ws/install
[0.257s] DEBUG:colcon.colcon_installed_package_information.package_discovery:Found 1 installed packages in /home/wyp/test/robot_learning/week2/week2_ws/install
[0.259s] DEBUG:colcon.colcon_installed_package_information.package_discovery:Found 273 installed packages in /opt/ros/humble
[0.269s] Level 1:colcon.colcon_core.package_discovery:discover_packages(prefix_path) using defaults
[0.299s] Level 5:colcon.colcon_core.verb:set package 'status_interfaces' build argument 'cmake_args' from command line to 'None'
[0.299s] Level 5:colcon.colcon_core.verb:set package 'status_interfaces' build argument 'cmake_target' from command line to 'None'
[0.299s] Level 5:colcon.colcon_core.verb:set package 'status_interfaces' build argument 'cmake_target_skip_unavailable' from command line to 'False'
[0.299s] Level 5:colcon.colcon_core.verb:set package 'status_interfaces' build argument 'cmake_clean_cache' from command line to 'False'
[0.299s] Level 5:colcon.colcon_core.verb:set package 'status_interfaces' build argument 'cmake_clean_first' from command line to 'False'
[0.299s] Level 5:colcon.colcon_core.verb:set package 'status_interfaces' build argument 'cmake_force_configure' from command line to 'False'
[0.300s] Level 5:colcon.colcon_core.verb:set package 'status_interfaces' build argument 'ament_cmake_args' from command line to 'None'
[0.300s] Level 5:colcon.colcon_core.verb:set package 'status_interfaces' build argument 'catkin_cmake_args' from command line to 'None'
[0.300s] Level 5:colcon.colcon_core.verb:set package 'status_interfaces' build argument 'catkin_skip_building_tests' from command line to 'False'
[0.300s] DEBUG:colcon.colcon_core.verb:Building package 'status_interfaces' with the following arguments: {'ament_cmake_args': None, 'build_base': '/home/wyp/test/robot_learning/week2/practice_ws/build/status_interfaces', 'catkin_cmake_args': None, 'catkin_skip_building_tests': False, 'cmake_args': None, 'cmake_clean_cache': False, 'cmake_clean_first': False, 'cmake_force_configure': False, 'cmake_target': None, 'cmake_target_skip_unavailable': False, 'install_base': '/home/wyp/test/robot_learning/week2/practice_ws/install/status_interfaces', 'merge_install': False, 'path': '/home/wyp/test/robot_learning/week2/practice_ws/src/status_interfaces', 'symlink_install': False, 'test_result_base': None}
[0.300s] Level 5:colcon.colcon_core.verb:set package 'status_pub' build argument 'cmake_args' from command line to 'None'
[0.300s] Level 5:colcon.colcon_core.verb:set package 'status_pub' build argument 'cmake_target' from command line to 'None'
[0.300s] Level 5:colcon.colcon_core.verb:set package 'status_pub' build argument 'cmake_target_skip_unavailable' from command line to 'False'
[0.300s] Level 5:colcon.colcon_core.verb:set package 'status_pub' build argument 'cmake_clean_cache' from command line to 'False'
[0.300s] Level 5:colcon.colcon_core.verb:set package 'status_pub' build argument 'cmake_clean_first' from command line to 'False'
[0.300s] Level 5:colcon.colcon_core.verb:set package 'status_pub' build argument 'cmake_force_configure' from command line to 'False'
[0.300s] Level 5:colcon.colcon_core.verb:set package 'status_pub' build argument 'ament_cmake_args' from command line to 'None'
[0.300s] Level 5:colcon.colcon_core.verb:set package 'status_pub' build argument 'catkin_cmake_args' from command line to 'None'
[0.300s] Level 5:colcon.colcon_core.verb:set package 'status_pub' build argument 'catkin_skip_building_tests' from command line to 'False'
[0.300s] DEBUG:colcon.colcon_core.verb:Building package 'status_pub' with the following arguments: {'ament_cmake_args': None, 'build_base': '/home/wyp/test/robot_learning/week2/practice_ws/build/status_pub', 'catkin_cmake_args': None, 'catkin_skip_building_tests': False, 'cmake_args': None, 'cmake_clean_cache': False, 'cmake_clean_first': False, 'cmake_force_configure': False, 'cmake_target': None, 'cmake_target_skip_unavailable': False, 'install_base': '/home/wyp/test/robot_learning/week2/practice_ws/install/status_pub', 'merge_install': False, 'path': '/home/wyp/test/robot_learning/week2/practice_ws/src/status_pub', 'symlink_install': False, 'test_result_base': None}
[0.300s] INFO:colcon.colcon_core.executor:Executing jobs using 'parallel' executor
[0.301s] DEBUG:colcon.colcon_parallel_executor.executor.parallel:run_until_complete
[0.301s] INFO:colcon.colcon_ros.task.ament_cmake.build:Building ROS package in '/home/wyp/test/robot_learning/week2/practice_ws/src/status_interfaces' with build type 'ament_cmake'
[0.301s] INFO:colcon.colcon_cmake.task.cmake.build:Building CMake package in '/home/wyp/test/robot_learning/week2/practice_ws/src/status_interfaces'
[0.303s] INFO:colcon.colcon_core.plugin_system:Skipping extension 'colcon_core.shell.bat': Not used on non-Windows systems
[0.303s] INFO:colcon.colcon_core.shell:Skip shell extension 'powershell' for command environment: Not usable outside of PowerShell
[0.303s] DEBUG:colcon.colcon_core.shell:Skip shell extension 'dsv' for command environment
[0.311s] DEBUG:colcon.colcon_core.event_handler.log_command:Invoking command in '/home/wyp/test/robot_learning/week2/practice_ws/build/status_interfaces': CMAKE_PREFIX_PATH=${CMAKE_PREFIX_PATH}:/home/wyp/test/robot_learning/week2/practice_ws/install/status_pub:/home/wyp/test/robot_learning/week2/topic_ws/install/topic_python:/home/wyp/test/robot_learning/week2/week2_ws/install/demo_python_pkg:/opt/ros/humble CONDA_PROMPT_MODIFIER=(robopy) /usr/bin/cmake /home/wyp/test/robot_learning/week2/practice_ws/src/status_interfaces -DCMAKE_INSTALL_PREFIX=/home/wyp/test/robot_learning/week2/practice_ws/install/status_interfaces
[1.755s] DEBUG:colcon.colcon_core.event_handler.log_command:Invoked command in '/home/wyp/test/robot_learning/week2/practice_ws/build/status_interfaces' returned '0': CMAKE_PREFIX_PATH=${CMAKE_PREFIX_PATH}:/home/wyp/test/robot_learning/week2/practice_ws/install/status_pub:/home/wyp/test/robot_learning/week2/topic_ws/install/topic_python:/home/wyp/test/robot_learning/week2/week2_ws/install/demo_python_pkg:/opt/ros/humble CONDA_PROMPT_MODIFIER=(robopy) /usr/bin/cmake /home/wyp/test/robot_learning/week2/practice_ws/src/status_interfaces -DCMAKE_INSTALL_PREFIX=/home/wyp/test/robot_learning/week2/practice_ws/install/status_interfaces
[1.756s] DEBUG:colcon.colcon_core.event_handler.log_command:Invoking command in '/home/wyp/test/robot_learning/week2/practice_ws/build/status_interfaces': CMAKE_PREFIX_PATH=${CMAKE_PREFIX_PATH}:/home/wyp/test/robot_learning/week2/practice_ws/install/status_pub:/home/wyp/test/robot_learning/week2/topic_ws/install/topic_python:/home/wyp/test/robot_learning/week2/week2_ws/install/demo_python_pkg:/opt/ros/humble CONDA_PROMPT_MODIFIER=(robopy) /usr/bin/cmake --build /home/wyp/test/robot_learning/week2/practice_ws/build/status_interfaces -- -j12 -l12
[3.565s] DEBUG:colcon.colcon_core.event_handler.log_command:Invoked command in '/home/wyp/test/robot_learning/week2/practice_ws/build/status_interfaces' returned '0': CMAKE_PREFIX_PATH=${CMAKE_PREFIX_PATH}:/home/wyp/test/robot_learning/week2/practice_ws/install/status_pub:/home/wyp/test/robot_learning/week2/topic_ws/install/topic_python:/home/wyp/test/robot_learning/week2/week2_ws/install/demo_python_pkg:/opt/ros/humble CONDA_PROMPT_MODIFIER=(robopy) /usr/bin/cmake --build /home/wyp/test/robot_learning/week2/practice_ws/build/status_interfaces -- -j12 -l12
[3.575s] DEBUG:colcon.colcon_core.event_handler.log_command:Invoking command in '/home/wyp/test/robot_learning/week2/practice_ws/build/status_interfaces': CMAKE_PREFIX_PATH=${CMAKE_PREFIX_PATH}:/home/wyp/test/robot_learning/week2/practice_ws/install/status_pub:/home/wyp/test/robot_learning/week2/topic_ws/install/topic_python:/home/wyp/test/robot_learning/week2/week2_ws/install/demo_python_pkg:/opt/ros/humble CONDA_PROMPT_MODIFIER=(robopy) /usr/bin/cmake --install /home/wyp/test/robot_learning/week2/practice_ws/build/status_interfaces
[3.639s] Level 1:colcon.colcon_core.environment:create_environment_scripts_only(status_interfaces)
[3.640s] DEBUG:colcon.colcon_core.event_handler.log_command:Invoked command in '/home/wyp/test/robot_learning/week2/practice_ws/build/status_interfaces' returned '0': CMAKE_PREFIX_PATH=${CMAKE_PREFIX_PATH}:/home/wyp/test/robot_learning/week2/practice_ws/install/status_pub:/home/wyp/test/robot_learning/week2/topic_ws/install/topic_python:/home/wyp/test/robot_learning/week2/week2_ws/install/demo_python_pkg:/opt/ros/humble CONDA_PROMPT_MODIFIER=(robopy) /usr/bin/cmake --install /home/wyp/test/robot_learning/week2/practice_ws/build/status_interfaces
[3.641s] Level 1:colcon.colcon_core.environment:checking '/home/wyp/test/robot_learning/week2/practice_ws/install/status_interfaces' for CMake module files
[3.642s] Level 1:colcon.colcon_core.environment:checking '/home/wyp/test/robot_learning/week2/practice_ws/install/status_interfaces' for CMake config files
[3.642s] Level 1:colcon.colcon_core.shell:create_environment_hook('status_interfaces', 'cmake_prefix_path')
[3.643s] INFO:colcon.colcon_core.shell:Creating environment hook '/home/wyp/test/robot_learning/week2/practice_ws/install/status_interfaces/share/status_interfaces/hook/cmake_prefix_path.ps1'
[3.643s] INFO:colcon.colcon_core.shell:Creating environment descriptor '/home/wyp/test/robot_learning/week2/practice_ws/install/status_interfaces/share/status_interfaces/hook/cmake_prefix_path.dsv'
[3.643s] INFO:colcon.colcon_core.shell:Creating environment hook '/home/wyp/test/robot_learning/week2/practice_ws/install/status_interfaces/share/status_interfaces/hook/cmake_prefix_path.sh'
[3.644s] Level 1:colcon.colcon_core.environment:checking '/home/wyp/test/robot_learning/week2/practice_ws/install/status_interfaces/lib'
[3.644s] Level 1:colcon.colcon_core.shell:create_environment_hook('status_interfaces', 'ld_library_path_lib')
[3.644s] INFO:colcon.colcon_core.shell:Creating environment hook '/home/wyp/test/robot_learning/week2/practice_ws/install/status_interfaces/share/status_interfaces/hook/ld_library_path_lib.ps1'
[3.644s] INFO:colcon.colcon_core.shell:Creating environment descriptor '/home/wyp/test/robot_learning/week2/practice_ws/install/status_interfaces/share/status_interfaces/hook/ld_library_path_lib.dsv'
[3.645s] INFO:colcon.colcon_core.shell:Creating environment hook '/home/wyp/test/robot_learning/week2/practice_ws/install/status_interfaces/share/status_interfaces/hook/ld_library_path_lib.sh'
[3.645s] Level 1:colcon.colcon_core.environment:checking '/home/wyp/test/robot_learning/week2/practice_ws/install/status_interfaces/bin'
[3.645s] Level 1:colcon.colcon_core.environment:checking '/home/wyp/test/robot_learning/week2/practice_ws/install/status_interfaces/lib/pkgconfig/status_interfaces.pc'
[3.645s] Level 1:colcon.colcon_core.environment:checking '/home/wyp/test/robot_learning/week2/practice_ws/install/status_interfaces/lib/python3.10/site-packages'
[3.645s] Level 1:colcon.colcon_core.shell:create_environment_hook('status_interfaces', 'pythonpath')
[3.645s] INFO:colcon.colcon_core.shell:Creating environment hook '/home/wyp/test/robot_learning/week2/practice_ws/install/status_interfaces/share/status_interfaces/hook/pythonpath.ps1'
[3.646s] INFO:colcon.colcon_core.shell:Creating environment descriptor '/home/wyp/test/robot_learning/week2/practice_ws/install/status_interfaces/share/status_interfaces/hook/pythonpath.dsv'
[3.646s] INFO:colcon.colcon_core.shell:Creating environment hook '/home/wyp/test/robot_learning/week2/practice_ws/install/status_interfaces/share/status_interfaces/hook/pythonpath.sh'
[3.646s] Level 1:colcon.colcon_core.environment:checking '/home/wyp/test/robot_learning/week2/practice_ws/install/status_interfaces/bin'
[3.646s] INFO:colcon.colcon_core.shell:Creating package script '/home/wyp/test/robot_learning/week2/practice_ws/install/status_interfaces/share/status_interfaces/package.ps1'
[3.647s] INFO:colcon.colcon_core.shell:Creating package descriptor '/home/wyp/test/robot_learning/week2/practice_ws/install/status_interfaces/share/status_interfaces/package.dsv'
[3.648s] INFO:colcon.colcon_core.shell:Creating package script '/home/wyp/test/robot_learning/week2/practice_ws/install/status_interfaces/share/status_interfaces/package.sh'
[3.648s] INFO:colcon.colcon_core.shell:Creating package script '/home/wyp/test/robot_learning/week2/practice_ws/install/status_interfaces/share/status_interfaces/package.bash'
[3.649s] INFO:colcon.colcon_core.shell:Creating package script '/home/wyp/test/robot_learning/week2/practice_ws/install/status_interfaces/share/status_interfaces/package.zsh'
[3.649s] Level 1:colcon.colcon_core.environment:create_file_with_runtime_dependencies(/home/wyp/test/robot_learning/week2/practice_ws/install/status_interfaces/share/colcon-core/packages/status_interfaces)
[3.650s] Level 1:colcon.colcon_core.environment:create_environment_scripts_only(status_interfaces)
[3.650s] Level 1:colcon.colcon_core.environment:checking '/home/wyp/test/robot_learning/week2/practice_ws/install/status_interfaces' for CMake module files
[3.650s] Level 1:colcon.colcon_core.environment:checking '/home/wyp/test/robot_learning/week2/practice_ws/install/status_interfaces' for CMake config files
[3.651s] Level 1:colcon.colcon_core.shell:create_environment_hook('status_interfaces', 'cmake_prefix_path')
[3.651s] INFO:colcon.colcon_core.shell:Creating environment hook '/home/wyp/test/robot_learning/week2/practice_ws/install/status_interfaces/share/status_interfaces/hook/cmake_prefix_path.ps1'
[3.651s] INFO:colcon.colcon_core.shell:Creating environment descriptor '/home/wyp/test/robot_learning/week2/practice_ws/install/status_interfaces/share/status_interfaces/hook/cmake_prefix_path.dsv'
[3.652s] INFO:colcon.colcon_core.shell:Creating environment hook '/home/wyp/test/robot_learning/week2/practice_ws/install/status_interfaces/share/status_interfaces/hook/cmake_prefix_path.sh'
[3.652s] Level 1:colcon.colcon_core.environment:checking '/home/wyp/test/robot_learning/week2/practice_ws/install/status_interfaces/lib'
[3.652s] Level 1:colcon.colcon_core.shell:create_environment_hook('status_interfaces', 'ld_library_path_lib')
[3.652s] INFO:colcon.colcon_core.shell:Creating environment hook '/home/wyp/test/robot_learning/week2/practice_ws/install/status_interfaces/share/status_interfaces/hook/ld_library_path_lib.ps1'
[3.652s] INFO:colcon.colcon_core.shell:Creating environment descriptor '/home/wyp/test/robot_learning/week2/practice_ws/install/status_interfaces/share/status_interfaces/hook/ld_library_path_lib.dsv'
[3.653s] INFO:colcon.colcon_core.shell:Creating environment hook '/home/wyp/test/robot_learning/week2/practice_ws/install/status_interfaces/share/status_interfaces/hook/ld_library_path_lib.sh'
[3.653s] Level 1:colcon.colcon_core.environment:checking '/home/wyp/test/robot_learning/week2/practice_ws/install/status_interfaces/bin'
[3.653s] Level 1:colcon.colcon_core.environment:checking '/home/wyp/test/robot_learning/week2/practice_ws/install/status_interfaces/lib/pkgconfig/status_interfaces.pc'
[3.653s] Level 1:colcon.colcon_core.environment:checking '/home/wyp/test/robot_learning/week2/practice_ws/install/status_interfaces/lib/python3.10/site-packages'
[3.653s] Level 1:colcon.colcon_core.shell:create_environment_hook('status_interfaces', 'pythonpath')
[3.653s] INFO:colcon.colcon_core.shell:Creating environment hook '/home/wyp/test/robot_learning/week2/practice_ws/install/status_interfaces/share/status_interfaces/hook/pythonpath.ps1'
[3.654s] INFO:colcon.colcon_core.shell:Creating environment descriptor '/home/wyp/test/robot_learning/week2/practice_ws/install/status_interfaces/share/status_interfaces/hook/pythonpath.dsv'
[3.654s] INFO:colcon.colcon_core.shell:Creating environment hook '/home/wyp/test/robot_learning/week2/practice_ws/install/status_interfaces/share/status_interfaces/hook/pythonpath.sh'
[3.654s] Level 1:colcon.colcon_core.environment:checking '/home/wyp/test/robot_learning/week2/practice_ws/install/status_interfaces/bin'
[3.655s] INFO:colcon.colcon_core.shell:Creating package script '/home/wyp/test/robot_learning/week2/practice_ws/install/status_interfaces/share/status_interfaces/package.ps1'
[3.655s] INFO:colcon.colcon_core.shell:Creating package descriptor '/home/wyp/test/robot_learning/week2/practice_ws/install/status_interfaces/share/status_interfaces/package.dsv'
[3.655s] INFO:colcon.colcon_core.shell:Creating package script '/home/wyp/test/robot_learning/week2/practice_ws/install/status_interfaces/share/status_interfaces/package.sh'
[3.656s] INFO:colcon.colcon_core.shell:Creating package script '/home/wyp/test/robot_learning/week2/practice_ws/install/status_interfaces/share/status_interfaces/package.bash'
[3.656s] INFO:colcon.colcon_core.shell:Creating package script '/home/wyp/test/robot_learning/week2/practice_ws/install/status_interfaces/share/status_interfaces/package.zsh'
[3.656s] Level 1:colcon.colcon_core.environment:create_file_with_runtime_dependencies(/home/wyp/test/robot_learning/week2/practice_ws/install/status_interfaces/share/colcon-core/packages/status_interfaces)
[3.657s] INFO:colcon.colcon_ros.task.ament_python.build:Building ROS package in '/home/wyp/test/robot_learning/week2/practice_ws/src/status_pub' with build type 'ament_python'
[3.657s] Level 1:colcon.colcon_core.shell:create_environment_hook('status_pub', 'ament_prefix_path')
[3.657s] INFO:colcon.colcon_core.shell:Creating environment hook '/home/wyp/test/robot_learning/week2/practice_ws/install/status_pub/share/status_pub/hook/ament_prefix_path.ps1'
[3.658s] INFO:colcon.colcon_core.shell:Creating environment descriptor '/home/wyp/test/robot_learning/week2/practice_ws/install/status_pub/share/status_pub/hook/ament_prefix_path.dsv'
[3.658s] INFO:colcon.colcon_core.shell:Creating environment hook '/home/wyp/test/robot_learning/week2/practice_ws/install/status_pub/share/status_pub/hook/ament_prefix_path.sh'
[3.658s] INFO:colcon.colcon_core.shell:Skip shell extension 'powershell' for command environment: Not usable outside of PowerShell
[3.658s] DEBUG:colcon.colcon_core.shell:Skip shell extension 'dsv' for command environment
[3.857s] INFO:colcon.colcon_core.task.python.build:Building Python package in '/home/wyp/test/robot_learning/week2/practice_ws/src/status_pub'
[3.858s] INFO:colcon.colcon_core.shell:Skip shell extension 'powershell' for command environment: Not usable outside of PowerShell
[3.858s] DEBUG:colcon.colcon_core.shell:Skip shell extension 'dsv' for command environment
[4.104s] DEBUG:colcon.colcon_core.task.python.build:Available setuptools commands: check, install_egg_info, bdist, develop, bdist_wheel, dist_info, upload, egg_info, upload_docs, easy_install, sdist, saveopts, install_data, setopt, clean, bdist_rpm, build_py, build, install_scripts, install_lib, install, register, build_clib, build_ext, install_headers, alias, rotate, test, bdist_dumb, build_scripts, symlink_data, bdist_egg
[4.106s] DEBUG:colcon.colcon_core.event_handler.log_command:Invoking command in '/home/wyp/test/robot_learning/week2/practice_ws/src/status_pub': CONDA_PROMPT_MODIFIER=(robopy) PYTHONPATH=/home/wyp/test/robot_learning/week2/practice_ws/build/status_pub/prefix_override:/usr/lib/python3/dist-packages/colcon_core/task/python/colcon_distutils_commands:/home/wyp/test/robot_learning/week2/practice_ws/install/status_pub/lib/python3.10/site-packages:/home/wyp/test/robot_learning/week2/practice_ws/install/status_interfaces/lib/python3.10/site-packages:/home/wyp/test/robot_learning/week2/practice_ws/install/status_pub/lib/python3.10/site-packages:/home/wyp/test/robot_learning/week2/topic_ws/install/topic_python/lib/python3.10/site-packages:/home/wyp/test/robot_learning/week2/week2_ws/install/demo_python_pkg/lib/python3.10/site-packages:/opt/ros/humble/lib/python3.10/site-packages:/opt/ros/humble/local/lib/python3.10/dist-packages /usr/bin/python3 -W ignore:setup.py install is deprecated -W ignore:easy_install command is deprecated setup.py egg_info --egg-base ../../build/status_pub build --build-base /home/wyp/test/robot_learning/week2/practice_ws/build/status_pub/build install --record /home/wyp/test/robot_learning/week2/practice_ws/build/status_pub/install.log --install-scripts $base/lib/status_pub --single-version-externally-managed install_data
[4.339s] Level 1:colcon.colcon_core.environment:checking '/home/wyp/test/robot_learning/week2/practice_ws/install/status_pub' for CMake module files
[4.340s] DEBUG:colcon.colcon_core.event_handler.log_command:Invoked command in '/home/wyp/test/robot_learning/week2/practice_ws/src/status_pub' returned '0': CONDA_PROMPT_MODIFIER=(robopy) PYTHONPATH=/home/wyp/test/robot_learning/week2/practice_ws/build/status_pub/prefix_override:/usr/lib/python3/dist-packages/colcon_core/task/python/colcon_distutils_commands:/home/wyp/test/robot_learning/week2/practice_ws/install/status_pub/lib/python3.10/site-packages:/home/wyp/test/robot_learning/week2/practice_ws/install/status_interfaces/lib/python3.10/site-packages:/home/wyp/test/robot_learning/week2/practice_ws/install/status_pub/lib/python3.10/site-packages:/home/wyp/test/robot_learning/week2/topic_ws/install/topic_python/lib/python3.10/site-packages:/home/wyp/test/robot_learning/week2/week2_ws/install/demo_python_pkg/lib/python3.10/site-packages:/opt/ros/humble/lib/python3.10/site-packages:/opt/ros/humble/local/lib/python3.10/dist-packages /usr/bin/python3 -W ignore:setup.py install is deprecated -W ignore:easy_install command is deprecated setup.py egg_info --egg-base ../../build/status_pub build --build-base /home/wyp/test/robot_learning/week2/practice_ws/build/status_pub/build install --record /home/wyp/test/robot_learning/week2/practice_ws/build/status_pub/install.log --install-scripts $base/lib/status_pub --single-version-externally-managed install_data
[4.340s] Level 1:colcon.colcon_core.environment:checking '/home/wyp/test/robot_learning/week2/practice_ws/install/status_pub' for CMake config files
[4.341s] Level 1:colcon.colcon_core.environment:checking '/home/wyp/test/robot_learning/week2/practice_ws/install/status_pub/lib'
[4.341s] Level 1:colcon.colcon_core.environment:checking '/home/wyp/test/robot_learning/week2/practice_ws/install/status_pub/bin'
[4.341s] Level 1:colcon.colcon_core.environment:checking '/home/wyp/test/robot_learning/week2/practice_ws/install/status_pub/lib/pkgconfig/status_pub.pc'
[4.341s] Level 1:colcon.colcon_core.environment:checking '/home/wyp/test/robot_learning/week2/practice_ws/install/status_pub/lib/python3.10/site-packages'
[4.341s] Level 1:colcon.colcon_core.shell:create_environment_hook('status_pub', 'pythonpath')
[4.341s] INFO:colcon.colcon_core.shell:Creating environment hook '/home/wyp/test/robot_learning/week2/practice_ws/install/status_pub/share/status_pub/hook/pythonpath.ps1'
[4.342s] INFO:colcon.colcon_core.shell:Creating environment descriptor '/home/wyp/test/robot_learning/week2/practice_ws/install/status_pub/share/status_pub/hook/pythonpath.dsv'
[4.342s] INFO:colcon.colcon_core.shell:Creating environment hook '/home/wyp/test/robot_learning/week2/practice_ws/install/status_pub/share/status_pub/hook/pythonpath.sh'
[4.343s] Level 1:colcon.colcon_core.environment:checking '/home/wyp/test/robot_learning/week2/practice_ws/install/status_pub/bin'
[4.343s] Level 1:colcon.colcon_core.environment:create_environment_scripts_only(status_pub)
[4.343s] INFO:colcon.colcon_core.shell:Creating package script '/home/wyp/test/robot_learning/week2/practice_ws/install/status_pub/share/status_pub/package.ps1'
[4.344s] INFO:colcon.colcon_core.shell:Creating package descriptor '/home/wyp/test/robot_learning/week2/practice_ws/install/status_pub/share/status_pub/package.dsv'
[4.344s] INFO:colcon.colcon_core.shell:Creating package script '/home/wyp/test/robot_learning/week2/practice_ws/install/status_pub/share/status_pub/package.sh'
[4.345s] INFO:colcon.colcon_core.shell:Creating package script '/home/wyp/test/robot_learning/week2/practice_ws/install/status_pub/share/status_pub/package.bash'
[4.345s] INFO:colcon.colcon_core.shell:Creating package script '/home/wyp/test/robot_learning/week2/practice_ws/install/status_pub/share/status_pub/package.zsh'
[4.345s] Level 1:colcon.colcon_core.environment:create_file_with_runtime_dependencies(/home/wyp/test/robot_learning/week2/practice_ws/install/status_pub/share/colcon-core/packages/status_pub)
[4.345s] DEBUG:colcon.colcon_parallel_executor.executor.parallel:closing loop
[4.346s] DEBUG:colcon.colcon_parallel_executor.executor.parallel:loop closed
[4.346s] DEBUG:colcon.colcon_parallel_executor.executor.parallel:run_until_complete finished with '0'
[4.346s] DEBUG:colcon.colcon_core.event_reactor:joining thread
[4.350s] INFO:colcon.colcon_core.plugin_system:Skipping extension 'colcon_notification.desktop_notification.terminal_notifier': Not used on non-Darwin systems
[4.350s] INFO:colcon.colcon_core.plugin_system:Skipping extension 'colcon_notification.desktop_notification.win32': Not used on non-Windows systems
[4.350s] INFO:colcon.colcon_notification.desktop_notification:Sending desktop notification using 'notify2'
[4.359s] DEBUG:colcon.colcon_core.event_reactor:joined thread
[4.359s] INFO:colcon.colcon_core.shell:Creating prefix script '/home/wyp/test/robot_learning/week2/practice_ws/install/local_setup.ps1'
[4.360s] INFO:colcon.colcon_core.shell:Creating prefix util module '/home/wyp/test/robot_learning/week2/practice_ws/install/_local_setup_util_ps1.py'
[4.361s] INFO:colcon.colcon_core.shell:Creating prefix chain script '/home/wyp/test/robot_learning/week2/practice_ws/install/setup.ps1'
[4.362s] INFO:colcon.colcon_core.shell:Creating prefix script '/home/wyp/test/robot_learning/week2/practice_ws/install/local_setup.sh'
[4.363s] INFO:colcon.colcon_core.shell:Creating prefix util module '/home/wyp/test/robot_learning/week2/practice_ws/install/_local_setup_util_sh.py'
[4.363s] INFO:colcon.colcon_core.shell:Creating prefix chain script '/home/wyp/test/robot_learning/week2/practice_ws/install/setup.sh'
[4.364s] INFO:colcon.colcon_core.shell:Creating prefix script '/home/wyp/test/robot_learning/week2/practice_ws/install/local_setup.bash'
[4.364s] INFO:colcon.colcon_core.shell:Creating prefix chain script '/home/wyp/test/robot_learning/week2/practice_ws/install/setup.bash'
[4.365s] INFO:colcon.colcon_core.shell:Creating prefix script '/home/wyp/test/robot_learning/week2/practice_ws/install/local_setup.zsh'
[4.365s] INFO:colcon.colcon_core.shell:Creating prefix chain script '/home/wyp/test/robot_learning/week2/practice_ws/install/setup.zsh'
